[ 2015-12-24T08:46:56+08:00 ] 127.0.0.1 /Ethan-wechat/Public/img/1@2x.jpg
INFO: [ app_init ] --START--
INFO: Run Behavior\BuildLiteBehavior [ RunTime:0.000028s ]
INFO: [ app_init ] --END-- [ RunTime:0.000395s ]

[ 2015-12-24T08:46:56+08:00 ] 127.0.0.1 /Ethan-wechat/Public/img/1@2x.jpg
INFO: [ app_init ] --START--
INFO: Run Behavior\BuildLiteBehavior [ RunTime:0.000063s ]
INFO: [ app_init ] --END-- [ RunTime:0.000960s ]

[ 2015-12-24T08:46:56+08:00 ] 127.0.0.1 /Ethan-wechat/Public/img/1@2x.jpg
INFO: [ app_init ] --START--
INFO: Run Behavior\BuildLiteBehavior [ RunTime:0.000054s ]
INFO: [ app_init ] --END-- [ RunTime:0.000810s ]

[ 2015-12-24T08:46:56+08:00 ] 127.0.0.1 /Ethan-wechat/Public/img/1@2x.jpg
INFO: [ app_init ] --START--
INFO: Run Behavior\BuildLiteBehavior [ RunTime:0.000029s ]
INFO: [ app_init ] --END-- [ RunTime:0.000431s ]

[ 2015-12-24T08:46:56+08:00 ] 127.0.0.1 /Ethan-wechat/Public/img/1@2x.jpg
INFO: [ app_init ] --START--
INFO: Run Behavior\BuildLiteBehavior [ RunTime:0.000037s ]
INFO: [ app_init ] --END-- [ RunTime:0.000650s ]

[ 2015-12-24T08:46:56+08:00 ] 127.0.0.1 /Ethan-wechat/Public/Admin/img/favicon.ico
INFO: [ app_init ] --START--
INFO: Run Behavior\BuildLiteBehavior [ RunTime:0.000032s ]
INFO: [ app_init ] --END-- [ RunTime:0.000579s ]

[ 2015-12-24T08:46:57+08:00 ] 127.0.0.1 /Ethan-wechat/Public/Admin/img/favicon.ico
INFO: [ app_init ] --START--
INFO: Run Behavior\BuildLiteBehavior [ RunTime:0.000021s ]
INFO: [ app_init ] --END-- [ RunTime:0.000317s ]

[ 2015-12-24T08:59:33+08:00 ] 127.0.0.1 /ethan-wechat/Public/Admin/img/favicon.ico
INFO: [ app_init ] --START--
INFO: Run Behavior\BuildLiteBehavior [ RunTime:0.000037s ]
INFO: [ app_init ] --END-- [ RunTime:0.000521s ]

[ 2015-12-24T09:00:39+08:00 ] 127.0.0.1 /Ethan-Wechat/Public/Uploads/image/20151222/5678b64446f51.png
INFO: [ app_init ] --START--
INFO: Run Behavior\BuildLiteBehavior [ RunTime:0.000027s ]
INFO: [ app_init ] --END-- [ RunTime:0.000409s ]

[ 2015-12-24T09:00:39+08:00 ] 127.0.0.1 /Ethan-Wechat/Public/Uploads/image/20151222/5678b64446f51@2x.png
INFO: [ app_init ] --START--
INFO: Run Behavior\BuildLiteBehavior [ RunTime:0.000024s ]
INFO: [ app_init ] --END-- [ RunTime:0.000401s ]

[ 2015-12-24T09:00:41+08:00 ] 127.0.0.1 /Ethan-Wechat/Public/Uploads/image/20151222/5678ef0ae21d8.png
INFO: [ app_init ] --START--
INFO: Run Behavior\BuildLiteBehavior [ RunTime:0.000026s ]
INFO: [ app_init ] --END-- [ RunTime:0.000412s ]

[ 2015-12-24T09:00:41+08:00 ] 127.0.0.1 /Ethan-Wechat/Public/Uploads/image/20151222/5678ef0ae21d8@2x.png
INFO: [ app_init ] --START--
INFO: Run Behavior\BuildLiteBehavior [ RunTime:0.000032s ]
INFO: [ app_init ] --END-- [ RunTime:0.000473s ]

[ 2015-12-24T09:01:27+08:00 ] 127.0.0.1 /Ethan-Wechat/Public/Uploads/image/20151222/5678ef0ae21d8.png
INFO: [ app_init ] --START--
INFO: Run Behavior\BuildLiteBehavior [ RunTime:0.000065s ]
INFO: [ app_init ] --END-- [ RunTime:0.000407s ]

[ 2015-12-24T09:01:27+08:00 ] 127.0.0.1 /Ethan-Wechat/Public/Uploads/image/20151222/5678ef0ae21d8@2x.png
INFO: [ app_init ] --START--
INFO: Run Behavior\BuildLiteBehavior [ RunTime:0.000034s ]
INFO: [ app_init ] --END-- [ RunTime:0.000777s ]

[ 2015-12-24T09:03:08+08:00 ] 127.0.0.1 /Ethan-Wechat/Public/Uploads/image/20151222/56790c227059e.png
INFO: [ app_init ] --START--
INFO: Run Behavior\BuildLiteBehavior [ RunTime:0.000028s ]
INFO: [ app_init ] --END-- [ RunTime:0.000388s ]

[ 2015-12-24T09:03:08+08:00 ] 127.0.0.1 /Ethan-Wechat/Public/Uploads/image/20151222/56790c227059e@2x.png
INFO: [ app_init ] --START--
INFO: Run Behavior\BuildLiteBehavior [ RunTime:0.000036s ]
INFO: [ app_init ] --END-- [ RunTime:0.001466s ]

[ 2015-12-24T09:03:10+08:00 ] 127.0.0.1 /Ethan-Wechat/Public/Uploads/image/20151222/5678b3a6c2887.png
INFO: [ app_init ] --START--
INFO: Run Behavior\BuildLiteBehavior [ RunTime:0.000028s ]
INFO: [ app_init ] --END-- [ RunTime:0.000605s ]

[ 2015-12-24T09:03:10+08:00 ] 127.0.0.1 /Ethan-Wechat/Public/Uploads/image/20151222/5678b5da0c9e0.png
INFO: [ app_init ] --START--
INFO: Run Behavior\BuildLiteBehavior [ RunTime:0.000029s ]
INFO: [ app_init ] --END-- [ RunTime:0.000423s ]

[ 2015-12-24T09:03:10+08:00 ] 127.0.0.1 /Ethan-Wechat/Public/Uploads/image/20151222/5678b5da0c9e0@2x.png
INFO: [ app_init ] --START--
INFO: Run Behavior\BuildLiteBehavior [ RunTime:0.000033s ]
INFO: [ app_init ] --END-- [ RunTime:0.000439s ]

[ 2015-12-24T09:03:10+08:00 ] 127.0.0.1 /Ethan-Wechat/Public/Uploads/image/20151222/5678b3a6c2887@2x.png
INFO: [ app_init ] --START--
INFO: Run Behavior\BuildLiteBehavior [ RunTime:0.000016s ]
INFO: [ app_init ] --END-- [ RunTime:0.000245s ]

[ 2015-12-24T09:03:13+08:00 ] 127.0.0.1 /Ethan-Wechat/Public/Uploads/image/20151222/5678ef0ae21d8.png
INFO: [ app_init ] --START--
INFO: Run Behavior\BuildLiteBehavior [ RunTime:0.000026s ]
INFO: [ app_init ] --END-- [ RunTime:0.000394s ]

[ 2015-12-24T09:03:13+08:00 ] 127.0.0.1 /Ethan-Wechat/Public/Uploads/image/20151222/5678ef0ae21d8@2x.png
INFO: [ app_init ] --START--
INFO: Run Behavior\BuildLiteBehavior [ RunTime:0.000029s ]
INFO: [ app_init ] --END-- [ RunTime:0.000438s ]

[ 2015-12-24T09:03:49+08:00 ] 127.0.0.1 /Ethan-Wechat/Public/Uploads/image/20151222/5678b5da0c9e0.png
INFO: [ app_init ] --START--
INFO: Run Behavior\BuildLiteBehavior [ RunTime:0.000030s ]
INFO: [ app_init ] --END-- [ RunTime:0.000404s ]

[ 2015-12-24T09:03:49+08:00 ] 127.0.0.1 /Ethan-Wechat/Public/Uploads/image/20151222/5678b3a6c2887.png
INFO: [ app_init ] --START--
INFO: Run Behavior\BuildLiteBehavior [ RunTime:0.000033s ]
INFO: [ app_init ] --END-- [ RunTime:0.000512s ]

[ 2015-12-24T09:03:50+08:00 ] 127.0.0.1 /Ethan-Wechat/Public/Uploads/image/20151222/5678b5da0c9e0@2x.png
INFO: [ app_init ] --START--
INFO: Run Behavior\BuildLiteBehavior [ RunTime:0.000027s ]
INFO: [ app_init ] --END-- [ RunTime:0.000431s ]

[ 2015-12-24T09:03:50+08:00 ] 127.0.0.1 /Ethan-Wechat/Public/Uploads/image/20151222/5678b3a6c2887@2x.png
INFO: [ app_init ] --START--
INFO: Run Behavior\BuildLiteBehavior [ RunTime:0.000053s ]
INFO: [ app_init ] --END-- [ RunTime:0.000528s ]

[ 2015-12-24T09:03:52+08:00 ] 127.0.0.1 /Ethan-Wechat/Public/Uploads/image/20151222/5678ef0ae21d8.png
INFO: [ app_init ] --START--
INFO: Run Behavior\BuildLiteBehavior [ RunTime:0.000028s ]
INFO: [ app_init ] --END-- [ RunTime:0.000405s ]

[ 2015-12-24T09:03:52+08:00 ] 127.0.0.1 /Ethan-Wechat/Public/Uploads/image/20151222/5678ef0ae21d8@2x.png
INFO: [ app_init ] --START--
INFO: Run Behavior\BuildLiteBehavior [ RunTime:0.000030s ]
INFO: [ app_init ] --END-- [ RunTime:0.000472s ]

[ 2015-12-24T09:04:40+08:00 ] 127.0.0.1 /Ethan-Wechat/Public/Uploads/image/20151222/56790c227059e.png
INFO: [ app_init ] --START--
INFO: Run Behavior\BuildLiteBehavior [ RunTime:0.000026s ]
INFO: [ app_init ] --END-- [ RunTime:0.000385s ]

[ 2015-12-24T09:04:40+08:00 ] 127.0.0.1 /Ethan-Wechat/Public/Uploads/image/20151222/56790c227059e@2x.png
INFO: [ app_init ] --START--
INFO: Run Behavior\BuildLiteBehavior [ RunTime:0.000017s ]
INFO: [ app_init ] --END-- [ RunTime:0.000242s ]

[ 2015-12-24T09:04:43+08:00 ] 127.0.0.1 /Ethan-Wechat/Public/Uploads/image/20151222/5678b64446f51.png
INFO: [ app_init ] --START--
INFO: Run Behavior\BuildLiteBehavior [ RunTime:0.000025s ]
INFO: [ app_init ] --END-- [ RunTime:0.000415s ]

[ 2015-12-24T09:04:43+08:00 ] 127.0.0.1 /Ethan-Wechat/Public/Uploads/image/20151222/5678b64446f51@2x.png
INFO: [ app_init ] --START--
INFO: Run Behavior\BuildLiteBehavior [ RunTime:0.000016s ]
INFO: [ app_init ] --END-- [ RunTime:0.000246s ]

[ 2015-12-24T09:05:12+08:00 ] 127.0.0.1 /Ethan-Wechat/Public/Uploads/image/20151222/5678b64446f51.png
INFO: [ app_init ] --START--
INFO: Run Behavior\BuildLiteBehavior [ RunTime:0.000026s ]
INFO: [ app_init ] --END-- [ RunTime:0.000396s ]

[ 2015-12-24T09:05:12+08:00 ] 127.0.0.1 /Ethan-Wechat/Public/Uploads/image/20151222/5678b64446f51@2x.png
INFO: [ app_init ] --START--
INFO: Run Behavior\BuildLiteBehavior [ RunTime:0.000032s ]
INFO: [ app_init ] --END-- [ RunTime:0.000729s ]

[ 2015-12-24T09:05:28+08:00 ] 127.0.0.1 /Ethan-Wechat/Public/Uploads/image/20151222/5678b5da0c9e0.png
INFO: [ app_init ] --START--
INFO: Run Behavior\BuildLiteBehavior [ RunTime:0.000029s ]
INFO: [ app_init ] --END-- [ RunTime:0.000425s ]

[ 2015-12-24T09:05:28+08:00 ] 127.0.0.1 /Ethan-Wechat/Public/Uploads/image/20151222/5678b3a6c2887.png
INFO: [ app_init ] --START--
INFO: Run Behavior\BuildLiteBehavior [ RunTime:0.000032s ]
INFO: [ app_init ] --END-- [ RunTime:0.000478s ]

[ 2015-12-24T09:05:28+08:00 ] 127.0.0.1 /Ethan-Wechat/Public/Uploads/image/20151222/5678b5da0c9e0@2x.png
INFO: [ app_init ] --START--
INFO: Run Behavior\BuildLiteBehavior [ RunTime:0.000032s ]
INFO: [ app_init ] --END-- [ RunTime:0.000449s ]

[ 2015-12-24T09:05:28+08:00 ] 127.0.0.1 /Ethan-Wechat/Public/Uploads/image/20151222/5678b3a6c2887@2x.png
INFO: [ app_init ] --START--
INFO: Run Behavior\BuildLiteBehavior [ RunTime:0.000027s ]
INFO: [ app_init ] --END-- [ RunTime:0.000383s ]

[ 2015-12-24T09:05:32+08:00 ] 127.0.0.1 /Ethan-Wechat/Public/Uploads/image/20151222/5678b5da0c9e0.png
INFO: [ app_init ] --START--
INFO: Run Behavior\BuildLiteBehavior [ RunTime:0.000034s ]
INFO: [ app_init ] --END-- [ RunTime:0.000516s ]

[ 2015-12-24T09:05:32+08:00 ] 127.0.0.1 /Ethan-Wechat/Public/Uploads/image/20151222/5678b5da0c9e0@2x.png
INFO: [ app_init ] --START--
INFO: Run Behavior\BuildLiteBehavior [ RunTime:0.000026s ]
INFO: [ app_init ] --END-- [ RunTime:0.000383s ]

[ 2015-12-24T09:05:48+08:00 ] 127.0.0.1 /Ethan-Wechat/Public/Uploads/image/20151222/5678b3a6c2887.png
INFO: [ app_init ] --START--
INFO: Run Behavior\BuildLiteBehavior [ RunTime:0.000028s ]
INFO: [ app_init ] --END-- [ RunTime:0.000392s ]

[ 2015-12-24T09:05:49+08:00 ] 127.0.0.1 /Ethan-Wechat/Public/Uploads/image/20151222/5678b3a6c2887@2x.png
INFO: [ app_init ] --START--
INFO: Run Behavior\BuildLiteBehavior [ RunTime:0.000018s ]
INFO: [ app_init ] --END-- [ RunTime:0.000252s ]

[ 2015-12-24T09:06:04+08:00 ] 127.0.0.1 /Ethan-Wechat/Public/Uploads/image/20151222/5678ef0ae21d8.png
INFO: [ app_init ] --START--
INFO: Run Behavior\BuildLiteBehavior [ RunTime:0.000023s ]
INFO: [ app_init ] --END-- [ RunTime:0.000342s ]

[ 2015-12-24T09:06:04+08:00 ] 127.0.0.1 /Ethan-Wechat/Public/Uploads/image/20151222/5678ef0ae21d8@2x.png
INFO: [ app_init ] --START--
INFO: Run Behavior\BuildLiteBehavior [ RunTime:0.000036s ]
INFO: [ app_init ] --END-- [ RunTime:0.000495s ]

[ 2015-12-24T09:06:29+08:00 ] 127.0.0.1 /Ethan-Wechat/Public/Uploads/image/20151222/5678b3a6c2887.png
INFO: [ app_init ] --START--
INFO: Run Behavior\BuildLiteBehavior [ RunTime:0.000030s ]
INFO: [ app_init ] --END-- [ RunTime:0.000410s ]

[ 2015-12-24T09:06:30+08:00 ] 127.0.0.1 /Ethan-Wechat/Public/Uploads/image/20151222/5678b3a6c2887@2x.png
INFO: [ app_init ] --START--
INFO: Run Behavior\BuildLiteBehavior [ RunTime:0.000017s ]
INFO: [ app_init ] --END-- [ RunTime:0.000247s ]

[ 2015-12-24T09:06:34+08:00 ] 127.0.0.1 /Ethan-Wechat/Public/Uploads/image/20151222/5678ef0ae21d8.png
INFO: [ app_init ] --START--
INFO: Run Behavior\BuildLiteBehavior [ RunTime:0.000031s ]
INFO: [ app_init ] --END-- [ RunTime:0.000446s ]

[ 2015-12-24T09:06:34+08:00 ] 127.0.0.1 /Ethan-Wechat/Public/Uploads/image/20151222/5678ef0ae21d8@2x.png
INFO: [ app_init ] --START--
INFO: Run Behavior\BuildLiteBehavior [ RunTime:0.000028s ]
INFO: [ app_init ] --END-- [ RunTime:0.000535s ]

[ 2015-12-24T09:07:21+08:00 ] 127.0.0.1 /Ethan-Wechat/Public/Uploads/image/20151222/5678ef0ae21d8.png
INFO: [ app_init ] --START--
INFO: Run Behavior\BuildLiteBehavior [ RunTime:0.000029s ]
INFO: [ app_init ] --END-- [ RunTime:0.000432s ]

[ 2015-12-24T09:07:21+08:00 ] 127.0.0.1 /Ethan-Wechat/Public/Uploads/image/20151222/5678ef0ae21d8@2x.png
INFO: [ app_init ] --START--
INFO: Run Behavior\BuildLiteBehavior [ RunTime:0.000051s ]
INFO: [ app_init ] --END-- [ RunTime:0.000826s ]

[ 2015-12-24T09:07:27+08:00 ] 127.0.0.1 /Ethan-Wechat/Public/Uploads/image/20151222/5678ef0ae21d8.png
INFO: [ app_init ] --START--
INFO: Run Behavior\BuildLiteBehavior [ RunTime:0.000030s ]
INFO: [ app_init ] --END-- [ RunTime:0.000833s ]

[ 2015-12-24T09:07:28+08:00 ] 127.0.0.1 /Ethan-Wechat/Public/Uploads/image/20151222/5678ef0ae21d8@2x.png
INFO: [ app_init ] --START--
INFO: Run Behavior\BuildLiteBehavior [ RunTime:0.000041s ]
INFO: [ app_init ] --END-- [ RunTime:0.000685s ]

[ 2015-12-24T09:07:30+08:00 ] 127.0.0.1 /Ethan-Wechat/Public/Uploads/image/20151222/5678ef0ae21d8.png
INFO: [ app_init ] --START--
INFO: Run Behavior\BuildLiteBehavior [ RunTime:0.000033s ]
INFO: [ app_init ] --END-- [ RunTime:0.000526s ]

[ 2015-12-24T09:07:30+08:00 ] 127.0.0.1 /Ethan-Wechat/Public/Uploads/image/20151222/5678ef0ae21d8@2x.png
INFO: [ app_init ] --START--
INFO: Run Behavior\BuildLiteBehavior [ RunTime:0.000030s ]
INFO: [ app_init ] --END-- [ RunTime:0.000507s ]

[ 2015-12-24T09:09:12+08:00 ] 127.0.0.1 /Ethan-Wechat/Public/Uploads/image/20151222/5678b3a6c2887.png
INFO: [ app_init ] --START--
INFO: Run Behavior\BuildLiteBehavior [ RunTime:0.000029s ]
INFO: [ app_init ] --END-- [ RunTime:0.000434s ]

[ 2015-12-24T09:09:12+08:00 ] 127.0.0.1 /Ethan-Wechat/Public/Uploads/image/20151222/5678b3a6c2887@2x.png
INFO: [ app_init ] --START--
INFO: Run Behavior\BuildLiteBehavior [ RunTime:0.000024s ]
INFO: [ app_init ] --END-- [ RunTime:0.000387s ]

[ 2015-12-24T09:38:53+08:00 ] 127.0.0.1 /Ethan-Wechat/Public/Uploads/image/20151222/5678ef0ae21d8.png
INFO: [ app_init ] --START--
INFO: Run Behavior\BuildLiteBehavior [ RunTime:0.000032s ]
INFO: [ app_init ] --END-- [ RunTime:0.000447s ]

[ 2015-12-24T09:38:57+08:00 ] 127.0.0.1 /Ethan-Wechat/Public/Uploads/image/20151222/5678ef0ae21d8.png
INFO: [ app_init ] --START--
INFO: Run Behavior\BuildLiteBehavior [ RunTime:0.000018s ]
INFO: [ app_init ] --END-- [ RunTime:0.000270s ]

[ 2015-12-24T09:39:02+08:00 ] 127.0.0.1 /Ethan-Wechat/Public/Uploads/image/20151222/5678ef0ae21d8.png
INFO: [ app_init ] --START--
INFO: Run Behavior\BuildLiteBehavior [ RunTime:0.000209s ]
INFO: [ app_init ] --END-- [ RunTime:0.000625s ]

[ 2015-12-24T09:42:38+08:00 ] 127.0.0.1 /Ethan-Wechat/Public/Uploads/image/20151222/5678ef0ae21d8.png
INFO: [ app_init ] --START--
INFO: Run Behavior\BuildLiteBehavior [ RunTime:0.000018s ]
INFO: [ app_init ] --END-- [ RunTime:0.000286s ]

[ 2015-12-24T09:42:44+08:00 ] 127.0.0.1 /Ethan-Wechat/Public/Uploads/image/20151222/5678ef0ae21d8.png
INFO: [ app_init ] --START--
INFO: Run Behavior\BuildLiteBehavior [ RunTime:0.000032s ]
INFO: [ app_init ] --END-- [ RunTime:0.000434s ]

[ 2015-12-24T09:42:47+08:00 ] 127.0.0.1 /Ethan-Wechat/Public/Uploads/image/20151222/5678ef0ae21d8.png
INFO: [ app_init ] --START--
INFO: Run Behavior\BuildLiteBehavior [ RunTime:0.000029s ]
INFO: [ app_init ] --END-- [ RunTime:0.000448s ]

[ 2015-12-24T09:42:49+08:00 ] 127.0.0.1 /Ethan-Wechat/Public/Uploads/image/20151222/5678ef0ae21d8.png
INFO: [ app_init ] --START--
INFO: Run Behavior\BuildLiteBehavior [ RunTime:0.000017s ]
INFO: [ app_init ] --END-- [ RunTime:0.000272s ]

[ 2015-12-24T09:43:01+08:00 ] 127.0.0.1 /Ethan-Wechat/Public/Uploads/image/20151222/5678ef0ae21d8.png
INFO: [ app_init ] --START--
INFO: Run Behavior\BuildLiteBehavior [ RunTime:0.000032s ]
INFO: [ app_init ] --END-- [ RunTime:0.000467s ]

[ 2015-12-24T09:43:04+08:00 ] 127.0.0.1 /Ethan-Wechat/Public/Uploads/image/20151222/5678ef0ae21d8.png
INFO: [ app_init ] --START--
INFO: Run Behavior\BuildLiteBehavior [ RunTime:0.000026s ]
INFO: [ app_init ] --END-- [ RunTime:0.000421s ]

[ 2015-12-24T09:43:07+08:00 ] 127.0.0.1 /Ethan-Wechat/Public/Uploads/image/20151222/5678ef0ae21d8.png
INFO: [ app_init ] --START--
INFO: Run Behavior\BuildLiteBehavior [ RunTime:0.000029s ]
INFO: [ app_init ] --END-- [ RunTime:0.000466s ]

[ 2015-12-24T09:57:42+08:00 ] 127.0.0.1 /Ethan-Wechat/Public/Uploads/image/20151222/5678ef0ae21d8.png
INFO: [ app_init ] --START--
INFO: Run Behavior\BuildLiteBehavior [ RunTime:0.000018s ]
INFO: [ app_init ] --END-- [ RunTime:0.000282s ]

[ 2015-12-24T09:57:45+08:00 ] 127.0.0.1 /Ethan-Wechat/Public/Uploads/image/20151222/5678ef0ae21d8.png
INFO: [ app_init ] --START--
INFO: Run Behavior\BuildLiteBehavior [ RunTime:0.000027s ]
INFO: [ app_init ] --END-- [ RunTime:0.000410s ]

[ 2015-12-24T09:57:50+08:00 ] 127.0.0.1 /Ethan-Wechat/Public/Uploads/image/20151222/5678ef0ae21d8.png
INFO: [ app_init ] --START--
INFO: Run Behavior\BuildLiteBehavior [ RunTime:0.000026s ]
INFO: [ app_init ] --END-- [ RunTime:0.000402s ]

[ 2015-12-24T10:29:57+08:00 ] 127.0.0.1 /Ethan-Wechat/Public/Uploads/image/20151222/5678ef0ae21d8.png
INFO: [ app_init ] --START--
INFO: Run Behavior\BuildLiteBehavior [ RunTime:0.000018s ]
INFO: [ app_init ] --END-- [ RunTime:0.000268s ]

[ 2015-12-24T10:30:02+08:00 ] 127.0.0.1 /Ethan-Wechat/Public/Uploads/image/20151222/5678ef0ae21d8.png
INFO: [ app_init ] --START--
INFO: Run Behavior\BuildLiteBehavior [ RunTime:0.000030s ]
INFO: [ app_init ] --END-- [ RunTime:0.000450s ]

[ 2015-12-24T10:32:21+08:00 ] 127.0.0.1 /Ethan-Wechat/Public/Uploads/image/20151222/5678ef0ae21d8.png
INFO: [ app_init ] --START--
INFO: Run Behavior\BuildLiteBehavior [ RunTime:0.000066s ]
INFO: [ app_init ] --END-- [ RunTime:0.000332s ]

[ 2015-12-24T10:32:31+08:00 ] 127.0.0.1 /Ethan-Wechat/Public/Uploads/image/20151222/5678ef0ae21d8.png
INFO: [ app_init ] --START--
INFO: Run Behavior\BuildLiteBehavior [ RunTime:0.000029s ]
INFO: [ app_init ] --END-- [ RunTime:0.000438s ]

[ 2015-12-24T10:32:36+08:00 ] 127.0.0.1 /Ethan-Wechat/Public/Uploads/image/20151222/5678ef0ae21d8.png
INFO: [ app_init ] --START--
INFO: Run Behavior\BuildLiteBehavior [ RunTime:0.000018s ]
INFO: [ app_init ] --END-- [ RunTime:0.000262s ]

[ 2015-12-24T10:34:57+08:00 ] 127.0.0.1 /Ethan-Wechat/Public/Uploads/image/20151222/5678ef0ae21d8.png
INFO: [ app_init ] --START--
INFO: Run Behavior\BuildLiteBehavior [ RunTime:0.000028s ]
INFO: [ app_init ] --END-- [ RunTime:0.000426s ]

[ 2015-12-24T10:35:42+08:00 ] 127.0.0.1 /ethan-wechat/Public/
INFO: [ app_init ] --START--
INFO: Run Behavior\BuildLiteBehavior [ RunTime:0.000018s ]
INFO: [ app_init ] --END-- [ RunTime:0.000283s ]
INFO: [ app_begin ] --START--
INFO: Run Behavior\ReadHtmlCacheBehavior [ RunTime:0.000293s ]
INFO: [ app_begin ] --END-- [ RunTime:0.000359s ]
INFO: [ view_parse ] --START--
NOTIC: [2] file_get_contents(./../Application/Home/View/Index/indexFullTime.tpl): failed to open stream: No such file or directory /Applications/XAMPP/xamppfiles/htdocs/Ethan-Wechat/ThinkPHP/Library/Think/Template.class.php 第 696 行.
NOTIC: [2] file_get_contents(./../Application/Home/View/Index/indexPayError.tpl): failed to open stream: No such file or directory /Applications/XAMPP/xamppfiles/htdocs/Ethan-Wechat/ThinkPHP/Library/Think/Template.class.php 第 696 行.
INFO: [ template_filter ] --START--
INFO: Run Behavior\ContentReplaceBehavior [ RunTime:0.000107s ]
INFO: [ template_filter ] --END-- [ RunTime:0.000200s ]
INFO: Run Behavior\ParseTemplateBehavior [ RunTime:0.085864s ]
INFO: [ view_parse ] --END-- [ RunTime:0.085981s ]
INFO: [ view_filter ] --START--
INFO: Run Behavior\WriteHtmlCacheBehavior [ RunTime:0.000147s ]
INFO: [ view_filter ] --END-- [ RunTime:0.000205s ]
INFO: [ app_end ] --START--
INFO: Run Behavior\ShowPageTraceBehavior [ RunTime:0.000338s ]
INFO: [ app_end ] --END-- [ RunTime:0.000413s ]

[ 2015-12-24T10:35:42+08:00 ] 127.0.0.1 /ethan-wechat/Public/index.php/Index/indexApp.js.html
INFO: [ app_init ] --START--
INFO: Run Behavior\BuildLiteBehavior [ RunTime:0.000042s ]
INFO: [ app_init ] --END-- [ RunTime:0.001118s ]
INFO: [ app_begin ] --START--
INFO: Run Behavior\ReadHtmlCacheBehavior [ RunTime:0.000735s ]
INFO: [ app_begin ] --END-- [ RunTime:0.000889s ]
INFO: [ view_parse ] --START--
INFO: [ template_filter ] --START--
INFO: Run Behavior\ContentReplaceBehavior [ RunTime:0.000074s ]
INFO: [ template_filter ] --END-- [ RunTime:0.000151s ]
INFO: Run Behavior\ParseTemplateBehavior [ RunTime:0.007604s ]
INFO: [ view_parse ] --END-- [ RunTime:0.007699s ]
INFO: [ view_filter ] --START--
INFO: Run Behavior\WriteHtmlCacheBehavior [ RunTime:0.000156s ]
INFO: [ view_filter ] --END-- [ RunTime:0.000217s ]
INFO: [ app_end ] --START--
INFO: Run Behavior\ShowPageTraceBehavior [ RunTime:0.000316s ]
INFO: [ app_end ] --END-- [ RunTime:0.000383s ]

[ 2015-12-24T10:35:44+08:00 ] 127.0.0.1 /ethan-wechat/Public/templates/indexPayError.html
INFO: [ app_init ] --START--
INFO: Run Behavior\BuildLiteBehavior [ RunTime:0.000028s ]
INFO: [ app_init ] --END-- [ RunTime:0.000387s ]
INFO: [ app_begin ] --START--
INFO: Run Behavior\ReadHtmlCacheBehavior [ RunTime:0.000596s ]
INFO: [ app_begin ] --END-- [ RunTime:0.000696s ]
ERR: 无法加载控制器:Templates

[ 2015-12-24T14:58:24+08:00 ] 127.0.0.1 /ethan-wechat/Public/
INFO: [ app_init ] --START--
INFO: Run Behavior\BuildLiteBehavior [ RunTime:0.000028s ]
INFO: [ app_init ] --END-- [ RunTime:0.000488s ]
INFO: [ app_begin ] --START--
INFO: Run Behavior\ReadHtmlCacheBehavior [ RunTime:0.000376s ]
INFO: [ app_begin ] --END-- [ RunTime:0.000462s ]
INFO: [ view_parse ] --START--
NOTIC: [2] file_get_contents(./../Application/Home/View/Index/indexFullTime.tpl): failed to open stream: No such file or directory /Applications/XAMPP/xamppfiles/htdocs/Ethan-Wechat/ThinkPHP/Library/Think/Template.class.php 第 696 行.
NOTIC: [2] file_get_contents(./../Application/Home/View/Index/indexPayError.tpl): failed to open stream: No such file or directory /Applications/XAMPP/xamppfiles/htdocs/Ethan-Wechat/ThinkPHP/Library/Think/Template.class.php 第 696 行.
INFO: [ template_filter ] --START--
INFO: Run Behavior\ContentReplaceBehavior [ RunTime:0.000144s ]
INFO: [ template_filter ] --END-- [ RunTime:0.000225s ]
INFO: Run Behavior\ParseTemplateBehavior [ RunTime:0.058266s ]
INFO: [ view_parse ] --END-- [ RunTime:0.058385s ]
INFO: [ view_filter ] --START--
INFO: Run Behavior\WriteHtmlCacheBehavior [ RunTime:0.000160s ]
INFO: [ view_filter ] --END-- [ RunTime:0.000254s ]
INFO: [ app_end ] --START--
INFO: Run Behavior\ShowPageTraceBehavior [ RunTime:0.000371s ]
INFO: [ app_end ] --END-- [ RunTime:0.000459s ]

[ 2015-12-24T14:58:24+08:00 ] 127.0.0.1 /ethan-wechat/Public/index.php/Index/indexApp.js.html
INFO: [ app_init ] --START--
INFO: Run Behavior\BuildLiteBehavior [ RunTime:0.000020s ]
INFO: [ app_init ] --END-- [ RunTime:0.000347s ]
INFO: [ app_begin ] --START--
INFO: Run Behavior\ReadHtmlCacheBehavior [ RunTime:0.000374s ]
INFO: [ app_begin ] --END-- [ RunTime:0.000461s ]
INFO: [ view_parse ] --START--
INFO: [ template_filter ] --START--
INFO: Run Behavior\ContentReplaceBehavior [ RunTime:0.000090s ]
INFO: [ template_filter ] --END-- [ RunTime:0.000173s ]
INFO: Run Behavior\ParseTemplateBehavior [ RunTime:0.058641s ]
INFO: [ view_parse ] --END-- [ RunTime:0.058858s ]
INFO: [ view_filter ] --START--
INFO: Run Behavior\WriteHtmlCacheBehavior [ RunTime:0.000673s ]
INFO: [ view_filter ] --END-- [ RunTime:0.001091s ]
INFO: [ app_end ] --START--
INFO: Run Behavior\ShowPageTraceBehavior [ RunTime:0.000785s ]
INFO: [ app_end ] --END-- [ RunTime:0.000949s ]

[ 2015-12-24T14:58:29+08:00 ] 127.0.0.1 /ethan-wechat/Public/templates/indexAllOrder.html
INFO: [ app_init ] --START--
INFO: Run Behavior\BuildLiteBehavior [ RunTime:0.000030s ]
INFO: [ app_init ] --END-- [ RunTime:0.000464s ]
INFO: [ app_begin ] --START--
INFO: Run Behavior\ReadHtmlCacheBehavior [ RunTime:0.000433s ]
INFO: [ app_begin ] --END-- [ RunTime:0.000548s ]
ERR: 无法加载控制器:Templates

[ 2015-12-24T14:58:29+08:00 ] 127.0.0.1 /ethan-wechat/Public/templates/indexSuccess.html
INFO: [ app_init ] --START--
INFO: Run Behavior\BuildLiteBehavior [ RunTime:0.000028s ]
INFO: [ app_init ] --END-- [ RunTime:0.000460s ]
INFO: [ app_begin ] --START--
INFO: Run Behavior\ReadHtmlCacheBehavior [ RunTime:0.000515s ]
INFO: [ app_begin ] --END-- [ RunTime:0.000644s ]
ERR: 无法加载控制器:Templates

[ 2015-12-24T14:58:29+08:00 ] 127.0.0.1 /ethan-wechat/Public/templates/indexIntegral.html
INFO: [ app_init ] --START--
INFO: Run Behavior\BuildLiteBehavior [ RunTime:0.000030s ]
INFO: [ app_init ] --END-- [ RunTime:0.000431s ]
INFO: [ app_begin ] --START--
INFO: Run Behavior\ReadHtmlCacheBehavior [ RunTime:0.000471s ]
INFO: [ app_begin ] --END-- [ RunTime:0.000583s ]
ERR: 无法加载控制器:Templates

[ 2015-12-24T14:58:29+08:00 ] 127.0.0.1 /ethan-wechat/Public/templates/indexEvaluationing.html
INFO: [ app_init ] --START--
INFO: Run Behavior\BuildLiteBehavior [ RunTime:0.000032s ]
INFO: [ app_init ] --END-- [ RunTime:0.000401s ]
INFO: [ app_begin ] --START--
INFO: Run Behavior\ReadHtmlCacheBehavior [ RunTime:0.000457s ]
INFO: [ app_begin ] --END-- [ RunTime:0.000586s ]
ERR: 无法加载控制器:Templates

[ 2015-12-24T14:58:29+08:00 ] 127.0.0.1 /ethan-wechat/Public/templates/indexTabs.html
INFO: [ app_init ] --START--
INFO: Run Behavior\BuildLiteBehavior [ RunTime:0.000030s ]
INFO: [ app_init ] --END-- [ RunTime:0.000445s ]
INFO: [ app_begin ] --START--
INFO: Run Behavior\ReadHtmlCacheBehavior [ RunTime:0.000517s ]
INFO: [ app_begin ] --END-- [ RunTime:0.000675s ]
ERR: 无法加载控制器:Templates

[ 2015-12-24T14:58:29+08:00 ] 127.0.0.1 /ethan-wechat/Public/templates/indexHome.html
INFO: [ app_init ] --START--
INFO: Run Behavior\BuildLiteBehavior [ RunTime:0.000030s ]
INFO: [ app_init ] --END-- [ RunTime:0.000464s ]
INFO: [ app_begin ] --START--
INFO: Run Behavior\ReadHtmlCacheBehavior [ RunTime:0.000545s ]
INFO: [ app_begin ] --END-- [ RunTime:0.000679s ]
ERR: 无法加载控制器:Templates

