[ 2015-12-22T10:18:23+08:00 ] 127.0.0.1 /Ethan-wechat/Public/img/1@2x.jpg
INFO: [ app_init ] --START--
INFO: Run Behavior\BuildLiteBehavior [ RunTime:0.000034s ]
INFO: [ app_init ] --END-- [ RunTime:0.000553s ]

[ 2015-12-22T10:18:23+08:00 ] 127.0.0.1 /Ethan-wechat/Public/img/1@2x.jpg
INFO: [ app_init ] --START--
INFO: Run Behavior\BuildLiteBehavior [ RunTime:0.000032s ]
INFO: [ app_init ] --END-- [ RunTime:0.000427s ]

[ 2015-12-22T10:18:23+08:00 ] 127.0.0.1 /Ethan-wechat/Public/img/1@2x.jpg
INFO: [ app_init ] --START--
INFO: Run Behavior\BuildLiteBehavior [ RunTime:0.000107s ]
INFO: [ app_init ] --END-- [ RunTime:0.001601s ]

[ 2015-12-22T10:18:23+08:00 ] 127.0.0.1 /Ethan-wechat/Public/img/1@2x.jpg
INFO: [ app_init ] --START--
INFO: Run Behavior\BuildLiteBehavior [ RunTime:0.000027s ]
INFO: [ app_init ] --END-- [ RunTime:0.000403s ]

[ 2015-12-22T10:18:23+08:00 ] 127.0.0.1 /Ethan-wechat/Public/img/1@2x.jpg
INFO: [ app_init ] --START--
INFO: Run Behavior\BuildLiteBehavior [ RunTime:0.000039s ]
INFO: [ app_init ] --END-- [ RunTime:0.000995s ]

[ 2015-12-22T10:18:23+08:00 ] 127.0.0.1 /Ethan-wechat/Public/Admin/img/favicon.ico
INFO: [ app_init ] --START--
INFO: Run Behavior\BuildLiteBehavior [ RunTime:0.000030s ]
INFO: [ app_init ] --END-- [ RunTime:0.000467s ]

[ 2015-12-22T10:18:23+08:00 ] 127.0.0.1 /Ethan-wechat/Public/Admin/img/favicon.ico
INFO: [ app_init ] --START--
INFO: Run Behavior\BuildLiteBehavior [ RunTime:0.000039s ]
INFO: [ app_init ] --END-- [ RunTime:0.000557s ]

[ 2015-12-22T10:36:57+08:00 ] 127.0.0.1 /Ethan-wechat/Public/img/1@2x.jpg
INFO: [ app_init ] --START--
INFO: Run Behavior\BuildLiteBehavior [ RunTime:0.000024s ]
INFO: [ app_init ] --END-- [ RunTime:0.000352s ]

[ 2015-12-22T10:36:57+08:00 ] 127.0.0.1 /Ethan-wechat/Public/img/1@2x.jpg
INFO: [ app_init ] --START--
INFO: Run Behavior\BuildLiteBehavior [ RunTime:0.000028s ]
INFO: [ app_init ] --END-- [ RunTime:0.000398s ]

[ 2015-12-22T10:36:57+08:00 ] 127.0.0.1 /Ethan-wechat/Public/img/1@2x.jpg
INFO: [ app_init ] --START--
INFO: Run Behavior\BuildLiteBehavior [ RunTime:0.000024s ]
INFO: [ app_init ] --END-- [ RunTime:0.000366s ]

[ 2015-12-22T10:36:57+08:00 ] 127.0.0.1 /Ethan-wechat/Public/img/1@2x.jpg
INFO: [ app_init ] --START--
INFO: Run Behavior\BuildLiteBehavior [ RunTime:0.000053s ]
INFO: [ app_init ] --END-- [ RunTime:0.000598s ]

[ 2015-12-22T10:36:57+08:00 ] 127.0.0.1 /Ethan-wechat/Public/img/1@2x.jpg
INFO: [ app_init ] --START--
INFO: Run Behavior\BuildLiteBehavior [ RunTime:0.000053s ]
INFO: [ app_init ] --END-- [ RunTime:0.001245s ]

[ 2015-12-22T10:37:06+08:00 ] 127.0.0.1 /Ethan-Wechat/Public/Uploads/image/20151222/5678b411bbd07.png
INFO: [ app_init ] --START--
INFO: Run Behavior\BuildLiteBehavior [ RunTime:0.000028s ]
INFO: [ app_init ] --END-- [ RunTime:0.000482s ]

[ 2015-12-22T10:37:06+08:00 ] 127.0.0.1 /Ethan-Wechat/Public/Uploads/image/20151222/5678b411bbd07.png
INFO: [ app_init ] --START--
INFO: Run Behavior\BuildLiteBehavior [ RunTime:0.000035s ]
INFO: [ app_init ] --END-- [ RunTime:0.000460s ]

[ 2015-12-22T10:37:06+08:00 ] 127.0.0.1 /Ethan-Wechat/Public/Uploads/image/20151222/5678b411bbd07@2x.png
INFO: [ app_init ] --START--
INFO: Run Behavior\BuildLiteBehavior [ RunTime:0.000029s ]
INFO: [ app_init ] --END-- [ RunTime:0.001992s ]

[ 2015-12-22T10:37:06+08:00 ] 127.0.0.1 /ethan-wechat/Public/Admin/img/favicon.ico
INFO: [ app_init ] --START--
INFO: Run Behavior\BuildLiteBehavior [ RunTime:0.000026s ]
INFO: [ app_init ] --END-- [ RunTime:0.000404s ]

[ 2015-12-22T10:40:18+08:00 ] 127.0.0.1 /Ethan-Wechat/Public/Uploads/image/20151222/5678b5da0c9e0.png
INFO: [ app_init ] --START--
INFO: Run Behavior\BuildLiteBehavior [ RunTime:0.000028s ]
INFO: [ app_init ] --END-- [ RunTime:0.000423s ]

[ 2015-12-22T10:40:18+08:00 ] 127.0.0.1 /Ethan-Wechat/Public/Uploads/image/20151222/5678b64446f51.png
INFO: [ app_init ] --START--
INFO: Run Behavior\BuildLiteBehavior [ RunTime:0.000029s ]
INFO: [ app_init ] --END-- [ RunTime:0.000472s ]

[ 2015-12-22T10:40:19+08:00 ] 127.0.0.1 /Ethan-Wechat/Public/Uploads/image/20151222/5678b5da0c9e0@2x.png
INFO: [ app_init ] --START--
INFO: Run Behavior\BuildLiteBehavior [ RunTime:0.000028s ]
INFO: [ app_init ] --END-- [ RunTime:0.000416s ]

[ 2015-12-22T10:40:19+08:00 ] 127.0.0.1 /Ethan-Wechat/Public/Uploads/image/20151222/5678b64446f51@2x.png
INFO: [ app_init ] --START--
INFO: Run Behavior\BuildLiteBehavior [ RunTime:0.000019s ]
INFO: [ app_init ] --END-- [ RunTime:0.000286s ]

[ 2015-12-22T10:40:23+08:00 ] 127.0.0.1 /Ethan-Wechat/Public/Uploads/image/20151222/5678b411bbd07.png
INFO: [ app_init ] --START--
INFO: Run Behavior\BuildLiteBehavior [ RunTime:0.000026s ]
INFO: [ app_init ] --END-- [ RunTime:0.000385s ]

[ 2015-12-22T10:40:24+08:00 ] 127.0.0.1 /Ethan-Wechat/Public/Uploads/image/20151222/5678b411bbd07@2x.png
INFO: [ app_init ] --START--
INFO: Run Behavior\BuildLiteBehavior [ RunTime:0.000037s ]
INFO: [ app_init ] --END-- [ RunTime:0.000785s ]

[ 2015-12-22T10:41:44+08:00 ] 127.0.0.1 /Ethan-Wechat/Public/Uploads/image/20151222/5678b411bbd07.png
INFO: [ app_init ] --START--
INFO: Run Behavior\BuildLiteBehavior [ RunTime:0.000030s ]
INFO: [ app_init ] --END-- [ RunTime:0.000417s ]

[ 2015-12-22T10:41:44+08:00 ] 127.0.0.1 /Ethan-Wechat/Public/Uploads/image/20151222/5678b411bbd07@2x.png
INFO: [ app_init ] --START--
INFO: Run Behavior\BuildLiteBehavior [ RunTime:0.000026s ]
INFO: [ app_init ] --END-- [ RunTime:0.000428s ]

[ 2015-12-22T10:41:46+08:00 ] 127.0.0.1 /Ethan-Wechat/Public/Uploads/image/20151222/5678b411bbd07.png
INFO: [ app_init ] --START--
INFO: Run Behavior\BuildLiteBehavior [ RunTime:0.000026s ]
INFO: [ app_init ] --END-- [ RunTime:0.000374s ]

[ 2015-12-22T10:41:47+08:00 ] 127.0.0.1 /Ethan-Wechat/Public/Uploads/image/20151222/5678b411bbd07@2x.png
INFO: [ app_init ] --START--
INFO: Run Behavior\BuildLiteBehavior [ RunTime:0.000031s ]
INFO: [ app_init ] --END-- [ RunTime:0.000430s ]

[ 2015-12-22T10:42:31+08:00 ] 127.0.0.1 /Ethan-Wechat/Public/Uploads/image/20151222/5678b3a6c2887.png
INFO: [ app_init ] --START--
INFO: Run Behavior\BuildLiteBehavior [ RunTime:0.000031s ]
INFO: [ app_init ] --END-- [ RunTime:0.000432s ]

[ 2015-12-22T10:42:31+08:00 ] 127.0.0.1 /Ethan-Wechat/Public/Uploads/image/20151222/5678b3e3938e2.png
INFO: [ app_init ] --START--
INFO: Run Behavior\BuildLiteBehavior [ RunTime:0.000028s ]
INFO: [ app_init ] --END-- [ RunTime:0.000427s ]

[ 2015-12-22T10:42:32+08:00 ] 127.0.0.1 /Ethan-Wechat/Public/Uploads/image/20151222/5678b3e3938e2@2x.png
INFO: [ app_init ] --START--
INFO: Run Behavior\BuildLiteBehavior [ RunTime:0.000027s ]
INFO: [ app_init ] --END-- [ RunTime:0.000418s ]

[ 2015-12-22T10:42:32+08:00 ] 127.0.0.1 /Ethan-Wechat/Public/Uploads/image/20151222/5678b3a6c2887@2x.png
INFO: [ app_init ] --START--
INFO: Run Behavior\BuildLiteBehavior [ RunTime:0.000030s ]
INFO: [ app_init ] --END-- [ RunTime:0.000471s ]

[ 2015-12-22T10:42:33+08:00 ] 127.0.0.1 /Ethan-Wechat/Public/Uploads/image/20151222/5678b64446f51.png
INFO: [ app_init ] --START--
INFO: Run Behavior\BuildLiteBehavior [ RunTime:0.000029s ]
INFO: [ app_init ] --END-- [ RunTime:0.000503s ]

[ 2015-12-22T10:42:33+08:00 ] 127.0.0.1 /Ethan-Wechat/Public/Uploads/image/20151222/5678b71126c75.png
INFO: [ app_init ] --START--
INFO: Run Behavior\BuildLiteBehavior [ RunTime:0.000031s ]
INFO: [ app_init ] --END-- [ RunTime:0.000433s ]

[ 2015-12-22T10:42:33+08:00 ] 127.0.0.1 /Ethan-Wechat/Public/Uploads/image/20151222/5678b64446f51@2x.png
INFO: [ app_init ] --START--
INFO: Run Behavior\BuildLiteBehavior [ RunTime:0.000031s ]
INFO: [ app_init ] --END-- [ RunTime:0.000517s ]

[ 2015-12-22T10:42:33+08:00 ] 127.0.0.1 /Ethan-Wechat/Public/Uploads/image/20151222/5678b71126c75@2x.png
INFO: [ app_init ] --START--
INFO: Run Behavior\BuildLiteBehavior [ RunTime:0.000018s ]
INFO: [ app_init ] --END-- [ RunTime:0.000370s ]

[ 2015-12-22T10:42:34+08:00 ] 127.0.0.1 /Ethan-Wechat/Public/Uploads/image/20151222/5678b5f87b3f4.png
INFO: [ app_init ] --START--
INFO: Run Behavior\BuildLiteBehavior [ RunTime:0.000032s ]
INFO: [ app_init ] --END-- [ RunTime:0.000490s ]

[ 2015-12-22T10:42:35+08:00 ] 127.0.0.1 /Ethan-Wechat/Public/Uploads/image/20151222/5678b64446f51.png
INFO: [ app_init ] --START--
INFO: Run Behavior\BuildLiteBehavior [ RunTime:0.000033s ]
INFO: [ app_init ] --END-- [ RunTime:0.000412s ]

[ 2015-12-22T10:42:35+08:00 ] 127.0.0.1 /Ethan-Wechat/Public/Uploads/image/20151222/5678b71126c75.png
INFO: [ app_init ] --START--
INFO: Run Behavior\BuildLiteBehavior [ RunTime:0.000029s ]
INFO: [ app_init ] --END-- [ RunTime:0.000447s ]

[ 2015-12-22T10:42:35+08:00 ] 127.0.0.1 /Ethan-Wechat/Public/Uploads/image/20151222/5678b64446f51@2x.png
INFO: [ app_init ] --START--
INFO: Run Behavior\BuildLiteBehavior [ RunTime:0.000029s ]
INFO: [ app_init ] --END-- [ RunTime:0.000398s ]

[ 2015-12-22T10:42:35+08:00 ] 127.0.0.1 /Ethan-Wechat/Public/Uploads/image/20151222/5678b71126c75@2x.png
INFO: [ app_init ] --START--
INFO: Run Behavior\BuildLiteBehavior [ RunTime:0.000020s ]
INFO: [ app_init ] --END-- [ RunTime:0.000345s ]

[ 2015-12-22T10:42:36+08:00 ] 127.0.0.1 /Ethan-Wechat/Public/Uploads/image/20151222/5678b5f87b3f4.png
INFO: [ app_init ] --START--
INFO: Run Behavior\BuildLiteBehavior [ RunTime:0.000031s ]
INFO: [ app_init ] --END-- [ RunTime:0.000418s ]

[ 2015-12-22T10:42:38+08:00 ] 127.0.0.1 /Ethan-Wechat/Public/Uploads/image/20151222/5678b64446f51.png
INFO: [ app_init ] --START--
INFO: Run Behavior\BuildLiteBehavior [ RunTime:0.000030s ]
INFO: [ app_init ] --END-- [ RunTime:0.000492s ]

[ 2015-12-22T10:42:38+08:00 ] 127.0.0.1 /Ethan-Wechat/Public/Uploads/image/20151222/5678b71126c75.png
INFO: [ app_init ] --START--
INFO: Run Behavior\BuildLiteBehavior [ RunTime:0.000026s ]
INFO: [ app_init ] --END-- [ RunTime:0.000383s ]

[ 2015-12-22T10:42:38+08:00 ] 127.0.0.1 /Ethan-Wechat/Public/Uploads/image/20151222/5678b64446f51@2x.png
INFO: [ app_init ] --START--
INFO: Run Behavior\BuildLiteBehavior [ RunTime:0.000032s ]
INFO: [ app_init ] --END-- [ RunTime:0.000478s ]

[ 2015-12-22T10:42:38+08:00 ] 127.0.0.1 /Ethan-Wechat/Public/Uploads/image/20151222/5678b71126c75@2x.png
INFO: [ app_init ] --START--
INFO: Run Behavior\BuildLiteBehavior [ RunTime:0.000016s ]
INFO: [ app_init ] --END-- [ RunTime:0.000249s ]

[ 2015-12-22T10:42:39+08:00 ] 127.0.0.1 /Ethan-Wechat/Public/Uploads/image/20151222/5678b5f87b3f4.png
INFO: [ app_init ] --START--
INFO: Run Behavior\BuildLiteBehavior [ RunTime:0.000028s ]
INFO: [ app_init ] --END-- [ RunTime:0.000406s ]

[ 2015-12-22T10:42:44+08:00 ] 127.0.0.1 /Ethan-Wechat/Public/Uploads/image/20151222/5678b3a6c2887.png
INFO: [ app_init ] --START--
INFO: Run Behavior\BuildLiteBehavior [ RunTime:0.000029s ]
INFO: [ app_init ] --END-- [ RunTime:0.000709s ]

[ 2015-12-22T10:42:44+08:00 ] 127.0.0.1 /Ethan-Wechat/Public/Uploads/image/20151222/5678b3e3938e2.png
INFO: [ app_init ] --START--
INFO: Run Behavior\BuildLiteBehavior [ RunTime:0.000027s ]
INFO: [ app_init ] --END-- [ RunTime:0.000406s ]

[ 2015-12-22T10:42:44+08:00 ] 127.0.0.1 /Ethan-Wechat/Public/Uploads/image/20151222/5678b3e3938e2@2x.png
INFO: [ app_init ] --START--
INFO: Run Behavior\BuildLiteBehavior [ RunTime:0.000025s ]
INFO: [ app_init ] --END-- [ RunTime:0.000391s ]

[ 2015-12-22T10:42:44+08:00 ] 127.0.0.1 /Ethan-Wechat/Public/Uploads/image/20151222/5678b3a6c2887@2x.png
INFO: [ app_init ] --START--
INFO: Run Behavior\BuildLiteBehavior [ RunTime:0.000055s ]
INFO: [ app_init ] --END-- [ RunTime:0.000861s ]

[ 2015-12-22T13:58:16+08:00 ] 127.0.0.1 /ethan-wechat/Public/Admin/img/favicon.ico
INFO: [ app_init ] --START--
INFO: Run Behavior\BuildLiteBehavior [ RunTime:0.000056s ]
INFO: [ app_init ] --END-- [ RunTime:0.001763s ]

[ 2015-12-22T14:37:16+08:00 ] 127.0.0.1 /Ethan-wechat/Public/img/1@2x.jpg
INFO: [ app_init ] --START--
INFO: Run Behavior\BuildLiteBehavior [ RunTime:0.000047s ]
INFO: [ app_init ] --END-- [ RunTime:0.000705s ]

[ 2015-12-22T14:37:16+08:00 ] 127.0.0.1 /Ethan-wechat/Public/img/1@2x.jpg
INFO: [ app_init ] --START--
INFO: Run Behavior\BuildLiteBehavior [ RunTime:0.000038s ]
INFO: [ app_init ] --END-- [ RunTime:0.000462s ]

[ 2015-12-22T14:37:16+08:00 ] 127.0.0.1 /Ethan-wechat/Public/img/1@2x.jpg
INFO: [ app_init ] --START--
INFO: Run Behavior\BuildLiteBehavior [ RunTime:0.000063s ]
INFO: [ app_init ] --END-- [ RunTime:0.000631s ]

[ 2015-12-22T14:37:16+08:00 ] 127.0.0.1 /Ethan-wechat/Public/img/1@2x.jpg
INFO: [ app_init ] --START--
INFO: Run Behavior\BuildLiteBehavior [ RunTime:0.000035s ]
INFO: [ app_init ] --END-- [ RunTime:0.000530s ]

[ 2015-12-22T14:37:16+08:00 ] 127.0.0.1 /Ethan-wechat/Public/img/1@2x.jpg
INFO: [ app_init ] --START--
INFO: Run Behavior\BuildLiteBehavior [ RunTime:0.000045s ]
INFO: [ app_init ] --END-- [ RunTime:0.000631s ]

[ 2015-12-22T14:37:16+08:00 ] 127.0.0.1 /Ethan-wechat/Public/Admin/img/favicon.ico
INFO: [ app_init ] --START--
INFO: Run Behavior\BuildLiteBehavior [ RunTime:0.000030s ]
INFO: [ app_init ] --END-- [ RunTime:0.000736s ]

[ 2015-12-22T14:37:16+08:00 ] 127.0.0.1 /Ethan-wechat/Public/Admin/img/favicon.ico
INFO: [ app_init ] --START--
INFO: Run Behavior\BuildLiteBehavior [ RunTime:0.000036s ]
INFO: [ app_init ] --END-- [ RunTime:0.000479s ]

[ 2015-12-22T15:10:36+08:00 ] 127.0.0.1 /Ethan-wechat/Public/Admin/js/dist/jquery-migrate.min.map
INFO: [ app_init ] --START--
INFO: Run Behavior\BuildLiteBehavior [ RunTime:0.000019s ]
INFO: [ app_init ] --END-- [ RunTime:0.000332s ]
INFO: [ app_begin ] --START--
INFO: Run Behavior\ReadHtmlCacheBehavior [ RunTime:0.000510s ]
INFO: [ app_begin ] --END-- [ RunTime:0.000599s ]
ERR: 无法加载控制器:Admin

[ 2015-12-22T15:12:49+08:00 ] 127.0.0.1 /Ethan-wechat/Public/Admin/js/dist/jquery-migrate.min.map
INFO: [ app_init ] --START--
INFO: Run Behavior\BuildLiteBehavior [ RunTime:0.000031s ]
INFO: [ app_init ] --END-- [ RunTime:0.000558s ]
INFO: [ app_begin ] --START--
INFO: Run Behavior\ReadHtmlCacheBehavior [ RunTime:0.000517s ]
INFO: [ app_begin ] --END-- [ RunTime:0.000645s ]
ERR: 无法加载控制器:Admin

[ 2015-12-22T15:13:51+08:00 ] 127.0.0.1 /Ethan-wechat/Public/Admin/js/dist/jquery-migrate.min.map
INFO: [ app_init ] --START--
INFO: Run Behavior\BuildLiteBehavior [ RunTime:0.000031s ]
INFO: [ app_init ] --END-- [ RunTime:0.000625s ]
INFO: [ app_begin ] --START--
INFO: Run Behavior\ReadHtmlCacheBehavior [ RunTime:0.001450s ]
INFO: [ app_begin ] --END-- [ RunTime:0.001547s ]
ERR: 无法加载控制器:Admin

[ 2015-12-22T15:14:17+08:00 ] 127.0.0.1 /Ethan-wechat/Public/Admin/js/dist/jquery-migrate.min.map
INFO: [ app_init ] --START--
INFO: Run Behavior\BuildLiteBehavior [ RunTime:0.000020s ]
INFO: [ app_init ] --END-- [ RunTime:0.000323s ]
INFO: [ app_begin ] --START--
INFO: Run Behavior\ReadHtmlCacheBehavior [ RunTime:0.000360s ]
INFO: [ app_begin ] --END-- [ RunTime:0.000441s ]
ERR: 无法加载控制器:Admin

[ 2015-12-22T15:14:49+08:00 ] 127.0.0.1 /Ethan-wechat/Public/Admin/js/dist/jquery-migrate.min.map
INFO: [ app_init ] --START--
INFO: Run Behavior\BuildLiteBehavior [ RunTime:0.000027s ]
INFO: [ app_init ] --END-- [ RunTime:0.000619s ]
INFO: [ app_begin ] --START--
INFO: Run Behavior\ReadHtmlCacheBehavior [ RunTime:0.000355s ]
INFO: [ app_begin ] --END-- [ RunTime:0.000438s ]
ERR: 无法加载控制器:Admin

[ 2015-12-22T15:14:52+08:00 ] 127.0.0.1 /Ethan-wechat/Public/Admin/js/dist/jquery-migrate.min.map
INFO: [ app_init ] --START--
INFO: Run Behavior\BuildLiteBehavior [ RunTime:0.000063s ]
INFO: [ app_init ] --END-- [ RunTime:0.000582s ]
INFO: [ app_begin ] --START--
INFO: Run Behavior\ReadHtmlCacheBehavior [ RunTime:0.000576s ]
INFO: [ app_begin ] --END-- [ RunTime:0.000710s ]
ERR: 无法加载控制器:Admin

