[ 2015-12-29T08:44:40+08:00 ] 127.0.0.1 /Ethan-wechat/Public/
INFO: [ app_init ] --START--
INFO: Run Behavior\BuildLiteBehavior [ RunTime:0.000027s ]
INFO: [ app_init ] --END-- [ RunTime:0.005909s ]
INFO: [ app_begin ] --START--
INFO: Run Behavior\ReadHtmlCacheBehavior [ RunTime:0.006709s ]
INFO: [ app_begin ] --END-- [ RunTime:0.006820s ]
INFO: [ view_parse ] --START--
NOTIC: [2] file_get_contents(./../Application/Home/View/Index/indexFullTime.tpl): failed to open stream: No such file or directory /Applications/XAMPP/xamppfiles/htdocs/Ethan-Wechat/ThinkPHP/Library/Think/Template.class.php 第 696 行.
NOTIC: [2] file_get_contents(./../Application/Home/View/Index/indexPayError.tpl): failed to open stream: No such file or directory /Applications/XAMPP/xamppfiles/htdocs/Ethan-Wechat/ThinkPHP/Library/Think/Template.class.php 第 696 行.
INFO: [ template_filter ] --START--
INFO: Run Behavior\ContentReplaceBehavior [ RunTime:0.000134s ]
INFO: [ template_filter ] --END-- [ RunTime:0.000219s ]
INFO: Run Behavior\ParseTemplateBehavior [ RunTime:0.085865s ]
INFO: [ view_parse ] --END-- [ RunTime:0.085950s ]
INFO: [ view_filter ] --START--
INFO: Run Behavior\WriteHtmlCacheBehavior [ RunTime:0.006656s ]
INFO: [ view_filter ] --END-- [ RunTime:0.006800s ]
INFO: [ app_end ] --START--
INFO: Run Behavior\ShowPageTraceBehavior [ RunTime:0.007419s ]
INFO: [ app_end ] --END-- [ RunTime:0.007673s ]

[ 2015-12-29T08:44:41+08:00 ] 127.0.0.1 /Ethan-wechat/Public/index.php/Index/indexApp.js.html
INFO: [ app_init ] --START--
INFO: Run Behavior\BuildLiteBehavior [ RunTime:0.000026s ]
INFO: [ app_init ] --END-- [ RunTime:0.000508s ]
INFO: [ app_begin ] --START--
INFO: Run Behavior\ReadHtmlCacheBehavior [ RunTime:0.000638s ]
INFO: [ app_begin ] --END-- [ RunTime:0.000786s ]
INFO: [ view_parse ] --START--
INFO: [ template_filter ] --START--
INFO: Run Behavior\ContentReplaceBehavior [ RunTime:0.000108s ]
INFO: [ template_filter ] --END-- [ RunTime:0.000245s ]
INFO: Run Behavior\ParseTemplateBehavior [ RunTime:0.013191s ]
INFO: [ view_parse ] --END-- [ RunTime:0.013550s ]
INFO: [ view_filter ] --START--
INFO: Run Behavior\WriteHtmlCacheBehavior [ RunTime:0.001863s ]
INFO: [ view_filter ] --END-- [ RunTime:0.002532s ]
INFO: [ app_end ] --START--
INFO: Run Behavior\ShowPageTraceBehavior [ RunTime:0.001083s ]
INFO: [ app_end ] --END-- [ RunTime:0.001290s ]

[ 2015-12-29T08:44:52+08:00 ] 127.0.0.1 /Ethan-Wechat/Public/Uploads/image/20151224/567b5bba94c0f.png
INFO: [ app_init ] --START--
INFO: Run Behavior\BuildLiteBehavior [ RunTime:0.000033s ]
INFO: [ app_init ] --END-- [ RunTime:0.000494s ]

[ 2015-12-29T08:44:52+08:00 ] 127.0.0.1 /Ethan-Wechat/Public/Uploads/image/20151228/56813403c9537.png
INFO: [ app_init ] --START--
INFO: Run Behavior\BuildLiteBehavior [ RunTime:0.000038s ]
INFO: [ app_init ] --END-- [ RunTime:0.000622s ]

[ 2015-12-29T08:44:52+08:00 ] 127.0.0.1 /Ethan-Wechat/Public/Uploads/image/20151224/567b5bba94c0f.png
INFO: [ app_init ] --START--
INFO: Run Behavior\BuildLiteBehavior [ RunTime:0.000052s ]
INFO: [ app_init ] --END-- [ RunTime:0.000681s ]

[ 2015-12-29T08:44:52+08:00 ] 127.0.0.1 /Ethan-Wechat/Public/Uploads/image/20151228/56813403c9537.png
INFO: [ app_init ] --START--
INFO: Run Behavior\BuildLiteBehavior [ RunTime:0.000021s ]
INFO: [ app_init ] --END-- [ RunTime:0.000369s ]

[ 2015-12-29T08:45:01+08:00 ] 127.0.0.1 /Ethan-Wechat/Public/Uploads/image/20151224/567b626944c7f.png
INFO: [ app_init ] --START--
INFO: Run Behavior\BuildLiteBehavior [ RunTime:0.000034s ]
INFO: [ app_init ] --END-- [ RunTime:0.000461s ]

[ 2015-12-29T08:45:01+08:00 ] 127.0.0.1 /Ethan-Wechat/Public/Uploads/image/20151222/5678ef0ae21d8.png
INFO: [ app_init ] --START--
INFO: Run Behavior\BuildLiteBehavior [ RunTime:0.000022s ]
INFO: [ app_init ] --END-- [ RunTime:0.000384s ]

[ 2015-12-29T08:47:03+08:00 ] 127.0.0.1 /Ethan-Wechat/Public/Uploads/image/20151224/567b5bba94c0f.png
INFO: [ app_init ] --START--
INFO: Run Behavior\BuildLiteBehavior [ RunTime:0.000026s ]
INFO: [ app_init ] --END-- [ RunTime:0.000418s ]

[ 2015-12-29T08:47:03+08:00 ] 127.0.0.1 /Ethan-Wechat/Public/Uploads/image/20151228/56813403c9537.png
INFO: [ app_init ] --START--
INFO: Run Behavior\BuildLiteBehavior [ RunTime:0.000037s ]
INFO: [ app_init ] --END-- [ RunTime:0.000760s ]

[ 2015-12-29T08:47:06+08:00 ] 127.0.0.1 /Ethan-Wechat/Public/Uploads/image/20151228/56813403c9537.png
INFO: [ app_init ] --START--
INFO: Run Behavior\BuildLiteBehavior [ RunTime:0.000018s ]
INFO: [ app_init ] --END-- [ RunTime:0.000314s ]

[ 2015-12-29T08:47:08+08:00 ] 127.0.0.1 /Ethan-Wechat/Public/Uploads/image/20151224/567b5bba94c0f.png
INFO: [ app_init ] --START--
INFO: Run Behavior\BuildLiteBehavior [ RunTime:0.000017s ]
INFO: [ app_init ] --END-- [ RunTime:0.000306s ]

[ 2015-12-29T08:47:08+08:00 ] 127.0.0.1 /Ethan-Wechat/Public/Uploads/image/20151228/56813403c9537.png
INFO: [ app_init ] --START--
INFO: Run Behavior\BuildLiteBehavior [ RunTime:0.000031s ]
INFO: [ app_init ] --END-- [ RunTime:0.000745s ]

[ 2015-12-29T08:47:10+08:00 ] 127.0.0.1 /Ethan-Wechat/Public/Uploads/image/20151224/567b626944c7f.png
INFO: [ app_init ] --START--
INFO: Run Behavior\BuildLiteBehavior [ RunTime:0.000025s ]
INFO: [ app_init ] --END-- [ RunTime:0.000375s ]

[ 2015-12-29T08:47:10+08:00 ] 127.0.0.1 /Ethan-Wechat/Public/Uploads/image/20151222/5678ef0ae21d8.png
INFO: [ app_init ] --START--
INFO: Run Behavior\BuildLiteBehavior [ RunTime:0.000029s ]
INFO: [ app_init ] --END-- [ RunTime:0.000462s ]

[ 2015-12-29T08:47:12+08:00 ] 127.0.0.1 /Ethan-Wechat/Public/Uploads/image/20151224/567b5bba94c0f.png
INFO: [ app_init ] --START--
INFO: Run Behavior\BuildLiteBehavior [ RunTime:0.000027s ]
INFO: [ app_init ] --END-- [ RunTime:0.000378s ]

[ 2015-12-29T08:47:12+08:00 ] 127.0.0.1 /Ethan-Wechat/Public/Uploads/image/20151228/56813403c9537.png
INFO: [ app_init ] --START--
INFO: Run Behavior\BuildLiteBehavior [ RunTime:0.000028s ]
INFO: [ app_init ] --END-- [ RunTime:0.000374s ]

[ 2015-12-29T08:47:14+08:00 ] 127.0.0.1 /Ethan-Wechat/Public/Uploads/image/20151228/56813403c9537.png
INFO: [ app_init ] --START--
INFO: Run Behavior\BuildLiteBehavior [ RunTime:0.000029s ]
INFO: [ app_init ] --END-- [ RunTime:0.000428s ]

[ 2015-12-29T08:47:18+08:00 ] 127.0.0.1 /Ethan-Wechat/Public/Uploads/image/20151228/56813403c9537.png
INFO: [ app_init ] --START--
INFO: Run Behavior\BuildLiteBehavior [ RunTime:0.000033s ]
INFO: [ app_init ] --END-- [ RunTime:0.000471s ]

[ 2015-12-29T08:47:28+08:00 ] 127.0.0.1 /Ethan-Wechat/Public/Uploads/image/20151228/56813403c9537.png
INFO: [ app_init ] --START--
INFO: Run Behavior\BuildLiteBehavior [ RunTime:0.000029s ]
INFO: [ app_init ] --END-- [ RunTime:0.000482s ]

[ 2015-12-29T08:48:26+08:00 ] 127.0.0.1 /Ethan-Wechat/Public/Uploads/image/20151224/567b5bba94c0f.png
INFO: [ app_init ] --START--
INFO: Run Behavior\BuildLiteBehavior [ RunTime:0.000029s ]
INFO: [ app_init ] --END-- [ RunTime:0.000422s ]

[ 2015-12-29T08:48:26+08:00 ] 127.0.0.1 /Ethan-Wechat/Public/Uploads/image/20151228/56813403c9537.png
INFO: [ app_init ] --START--
INFO: Run Behavior\BuildLiteBehavior [ RunTime:0.000021s ]
INFO: [ app_init ] --END-- [ RunTime:0.000390s ]

[ 2015-12-29T08:48:29+08:00 ] 127.0.0.1 /Ethan-Wechat/Public/Uploads/image/20151222/5678ef0ae21d8.png
INFO: [ app_init ] --START--
INFO: Run Behavior\BuildLiteBehavior [ RunTime:0.000030s ]
INFO: [ app_init ] --END-- [ RunTime:0.000410s ]

[ 2015-12-29T08:48:29+08:00 ] 127.0.0.1 /Ethan-Wechat/Public/Uploads/image/20151224/567b626944c7f.png
INFO: [ app_init ] --START--
INFO: Run Behavior\BuildLiteBehavior [ RunTime:0.000026s ]
INFO: [ app_init ] --END-- [ RunTime:0.000414s ]

[ 2015-12-29T08:48:32+08:00 ] 127.0.0.1 /Ethan-Wechat/Public/Uploads/image/20151224/567b5bba94c0f.png
INFO: [ app_init ] --START--
INFO: Run Behavior\BuildLiteBehavior [ RunTime:0.000035s ]
INFO: [ app_init ] --END-- [ RunTime:0.000468s ]

[ 2015-12-29T08:48:32+08:00 ] 127.0.0.1 /Ethan-Wechat/Public/Uploads/image/20151228/56813403c9537.png
INFO: [ app_init ] --START--
INFO: Run Behavior\BuildLiteBehavior [ RunTime:0.000029s ]
INFO: [ app_init ] --END-- [ RunTime:0.000435s ]

[ 2015-12-29T08:48:34+08:00 ] 127.0.0.1 /Ethan-Wechat/Public/Uploads/image/20151228/56813403c9537.png
INFO: [ app_init ] --START--
INFO: Run Behavior\BuildLiteBehavior [ RunTime:0.000018s ]
INFO: [ app_init ] --END-- [ RunTime:0.000319s ]

[ 2015-12-29T08:48:36+08:00 ] 127.0.0.1 /Ethan-Wechat/Public/Uploads/image/20151222/5678ef0ae21d8.png
INFO: [ app_init ] --START--
INFO: Run Behavior\BuildLiteBehavior [ RunTime:0.000057s ]
INFO: [ app_init ] --END-- [ RunTime:0.001185s ]

[ 2015-12-29T08:48:36+08:00 ] 127.0.0.1 /Ethan-Wechat/Public/Uploads/image/20151224/567b626944c7f.png
INFO: [ app_init ] --START--
INFO: Run Behavior\BuildLiteBehavior [ RunTime:0.000041s ]
INFO: [ app_init ] --END-- [ RunTime:0.000595s ]

[ 2015-12-29T08:48:41+08:00 ] 127.0.0.1 /Ethan-Wechat/Public/Uploads/image/20151224/567b5bba94c0f.png
INFO: [ app_init ] --START--
INFO: Run Behavior\BuildLiteBehavior [ RunTime:0.000030s ]
INFO: [ app_init ] --END-- [ RunTime:0.000456s ]

[ 2015-12-29T08:48:41+08:00 ] 127.0.0.1 /Ethan-Wechat/Public/Uploads/image/20151228/56813403c9537.png
INFO: [ app_init ] --START--
INFO: Run Behavior\BuildLiteBehavior [ RunTime:0.000026s ]
INFO: [ app_init ] --END-- [ RunTime:0.000453s ]

[ 2015-12-29T08:48:44+08:00 ] 127.0.0.1 /Ethan-Wechat/Public/Uploads/image/20151224/567b626944c7f.png
INFO: [ app_init ] --START--
INFO: Run Behavior\BuildLiteBehavior [ RunTime:0.000032s ]
INFO: [ app_init ] --END-- [ RunTime:0.000441s ]

[ 2015-12-29T08:48:44+08:00 ] 127.0.0.1 /Ethan-Wechat/Public/Uploads/image/20151222/5678ef0ae21d8.png
INFO: [ app_init ] --START--
INFO: Run Behavior\BuildLiteBehavior [ RunTime:0.000032s ]
INFO: [ app_init ] --END-- [ RunTime:0.000479s ]

