[ 2015-12-21T10:38:21+08:00 ] 127.0.0.1 /ethan-wechat/Public/
INFO: [ app_init ] --START--
INFO: Run Behavior\BuildLiteBehavior [ RunTime:0.000026s ]
INFO: [ app_init ] --END-- [ RunTime:0.002901s ]
INFO: [ app_begin ] --START--
INFO: Run Behavior\ReadHtmlCacheBehavior [ RunTime:0.002293s ]
INFO: [ app_begin ] --END-- [ RunTime:0.002443s ]
INFO: [ view_parse ] --START--
NOTIC: [2] file_get_contents(./../Application/Home/View/Index/indexFullTime.tpl): failed to open stream: No such file or directory /Applications/XAMPP/xamppfiles/htdocs/Ethan-Wechat/ThinkPHP/Library/Think/Template.class.php 第 696 行.
NOTIC: [2] file_get_contents(./../Application/Home/View/Index/indexPayError.tpl): failed to open stream: No such file or directory /Applications/XAMPP/xamppfiles/htdocs/Ethan-Wechat/ThinkPHP/Library/Think/Template.class.php 第 696 行.
INFO: [ template_filter ] --START--
INFO: Run Behavior\ContentReplaceBehavior [ RunTime:0.000523s ]
INFO: [ template_filter ] --END-- [ RunTime:0.000778s ]
INFO: Run Behavior\ParseTemplateBehavior [ RunTime:0.139180s ]
INFO: [ view_parse ] --END-- [ RunTime:0.139363s ]
INFO: [ view_filter ] --START--
INFO: Run Behavior\WriteHtmlCacheBehavior [ RunTime:0.006904s ]
INFO: [ view_filter ] --END-- [ RunTime:0.007038s ]
INFO: [ app_end ] --START--
INFO: Run Behavior\ShowPageTraceBehavior [ RunTime:0.009231s ]
INFO: [ app_end ] --END-- [ RunTime:0.009562s ]

[ 2015-12-21T10:38:21+08:00 ] 127.0.0.1 /ethan-wechat/Public/index.php/Index/indexApp.js.html
INFO: [ app_init ] --START--
INFO: Run Behavior\BuildLiteBehavior [ RunTime:0.000026s ]
INFO: [ app_init ] --END-- [ RunTime:0.000928s ]
INFO: [ app_begin ] --START--
INFO: Run Behavior\ReadHtmlCacheBehavior [ RunTime:0.000639s ]
INFO: [ app_begin ] --END-- [ RunTime:0.000976s ]
INFO: [ view_parse ] --START--
INFO: [ template_filter ] --START--
INFO: Run Behavior\ContentReplaceBehavior [ RunTime:0.000115s ]
INFO: [ template_filter ] --END-- [ RunTime:0.000271s ]
INFO: Run Behavior\ParseTemplateBehavior [ RunTime:0.040267s ]
INFO: [ view_parse ] --END-- [ RunTime:0.040384s ]
INFO: [ view_filter ] --START--
INFO: Run Behavior\WriteHtmlCacheBehavior [ RunTime:0.000148s ]
INFO: [ view_filter ] --END-- [ RunTime:0.000207s ]
INFO: [ app_end ] --START--
INFO: Run Behavior\ShowPageTraceBehavior [ RunTime:0.000342s ]
INFO: [ app_end ] --END-- [ RunTime:0.000412s ]

[ 2015-12-21T10:38:24+08:00 ] 127.0.0.1 /ethan-wechat/Public/templates/indexPayError.html
INFO: [ app_init ] --START--
INFO: Run Behavior\BuildLiteBehavior [ RunTime:0.000023s ]
INFO: [ app_init ] --END-- [ RunTime:0.000376s ]
INFO: [ app_begin ] --START--
INFO: Run Behavior\ReadHtmlCacheBehavior [ RunTime:0.000321s ]
INFO: [ app_begin ] --END-- [ RunTime:0.000393s ]
ERR: 无法加载控制器:Templates

[ 2015-12-21T10:41:16+08:00 ] 127.0.0.1 /ethan-wechat/Public/img/1@2x.jpg
INFO: [ app_init ] --START--
INFO: Run Behavior\BuildLiteBehavior [ RunTime:0.000028s ]
INFO: [ app_init ] --END-- [ RunTime:0.000434s ]

[ 2015-12-21T10:41:16+08:00 ] 127.0.0.1 /ethan-wechat/Public/img/1@2x.jpg
INFO: [ app_init ] --START--
INFO: Run Behavior\BuildLiteBehavior [ RunTime:0.000027s ]
INFO: [ app_init ] --END-- [ RunTime:0.000384s ]

[ 2015-12-21T10:41:16+08:00 ] 127.0.0.1 /ethan-wechat/Public/img/1@2x.jpg
INFO: [ app_init ] --START--
INFO: Run Behavior\BuildLiteBehavior [ RunTime:0.000030s ]
INFO: [ app_init ] --END-- [ RunTime:0.001227s ]

[ 2015-12-21T10:41:16+08:00 ] 127.0.0.1 /ethan-wechat/Public/img/1@2x.jpg
INFO: [ app_init ] --START--
INFO: Run Behavior\BuildLiteBehavior [ RunTime:0.000036s ]
INFO: [ app_init ] --END-- [ RunTime:0.000749s ]

[ 2015-12-21T10:41:16+08:00 ] 127.0.0.1 /ethan-wechat/Public/img/1@2x.jpg
INFO: [ app_init ] --START--
INFO: Run Behavior\BuildLiteBehavior [ RunTime:0.000035s ]
INFO: [ app_init ] --END-- [ RunTime:0.000559s ]

[ 2015-12-21T10:41:16+08:00 ] 127.0.0.1 /ethan-wechat/Public/img/browser-firefox-big@2x.png
INFO: [ app_init ] --START--
INFO: Run Behavior\BuildLiteBehavior [ RunTime:0.000030s ]
INFO: [ app_init ] --END-- [ RunTime:0.000527s ]

[ 2015-12-21T10:41:16+08:00 ] 127.0.0.1 /ethan-wechat/Public/img/browser-ie@2x.png
INFO: [ app_init ] --START--
INFO: Run Behavior\BuildLiteBehavior [ RunTime:0.000028s ]
INFO: [ app_init ] --END-- [ RunTime:0.000398s ]

[ 2015-12-21T10:41:16+08:00 ] 127.0.0.1 /ethan-wechat/Public/img/browser-chrome-big@2x.png
INFO: [ app_init ] --START--
INFO: Run Behavior\BuildLiteBehavior [ RunTime:0.000038s ]
INFO: [ app_init ] --END-- [ RunTime:0.000620s ]

[ 2015-12-21T10:41:16+08:00 ] 127.0.0.1 /ethan-wechat/Public/img/browser-opera@2x.png
INFO: [ app_init ] --START--
INFO: Run Behavior\BuildLiteBehavior [ RunTime:0.000042s ]
INFO: [ app_init ] --END-- [ RunTime:0.000880s ]

[ 2015-12-21T10:41:16+08:00 ] 127.0.0.1 /ethan-wechat/Public/img/avatar@2x.jpg
INFO: [ app_init ] --START--
INFO: Run Behavior\BuildLiteBehavior [ RunTime:0.000043s ]
INFO: [ app_init ] --END-- [ RunTime:0.000917s ]

[ 2015-12-21T10:41:16+08:00 ] 127.0.0.1 /ethan-wechat/Public/img/browser-safari@2x.png
INFO: [ app_init ] --START--
INFO: Run Behavior\BuildLiteBehavior [ RunTime:0.000033s ]
INFO: [ app_init ] --END-- [ RunTime:0.000749s ]

[ 2015-12-21T10:41:16+08:00 ] 127.0.0.1 /ethan-wechat/Public/img/avatar@2x.jpg
INFO: [ app_init ] --START--
INFO: Run Behavior\BuildLiteBehavior [ RunTime:0.000035s ]
INFO: [ app_init ] --END-- [ RunTime:0.003961s ]

[ 2015-12-21T10:41:16+08:00 ] 127.0.0.1 /ethan-wechat/Public/img/avatar@2x.jpg
INFO: [ app_init ] --START--
INFO: Run Behavior\BuildLiteBehavior [ RunTime:0.000030s ]
INFO: [ app_init ] --END-- [ RunTime:0.000755s ]

[ 2015-12-21T10:41:16+08:00 ] 127.0.0.1 /ethan-wechat/Public/img/avatar@2x.jpg
INFO: [ app_init ] --START--
INFO: Run Behavior\BuildLiteBehavior [ RunTime:0.000041s ]
INFO: [ app_init ] --END-- [ RunTime:0.000463s ]

[ 2015-12-21T10:41:16+08:00 ] 127.0.0.1 /ethan-wechat/Public/Admin/img/favicon.ico
INFO: [ app_init ] --START--
INFO: Run Behavior\BuildLiteBehavior [ RunTime:0.000017s ]
INFO: [ app_init ] --END-- [ RunTime:0.000264s ]

[ 2015-12-21T10:41:23+08:00 ] 127.0.0.1 /ethan-wechat/Public/form.html
INFO: [ app_init ] --START--
INFO: Run Behavior\BuildLiteBehavior [ RunTime:0.000022s ]
INFO: [ app_init ] --END-- [ RunTime:0.000365s ]
INFO: [ app_begin ] --START--
INFO: Run Behavior\ReadHtmlCacheBehavior [ RunTime:0.000316s ]
INFO: [ app_begin ] --END-- [ RunTime:0.000390s ]
ERR: 无法加载控制器:Form

[ 2015-12-21T10:41:24+08:00 ] 127.0.0.1 /ethan-wechat/Public/img/browser-chrome-big@2x.png
INFO: [ app_init ] --START--
INFO: Run Behavior\BuildLiteBehavior [ RunTime:0.000028s ]
INFO: [ app_init ] --END-- [ RunTime:0.000403s ]

[ 2015-12-21T10:41:24+08:00 ] 127.0.0.1 /ethan-wechat/Public/img/1@2x.jpg
INFO: [ app_init ] --START--
INFO: Run Behavior\BuildLiteBehavior [ RunTime:0.000030s ]
INFO: [ app_init ] --END-- [ RunTime:0.000430s ]

[ 2015-12-21T10:41:24+08:00 ] 127.0.0.1 /ethan-wechat/Public/img/browser-ie@2x.png
INFO: [ app_init ] --START--
INFO: Run Behavior\BuildLiteBehavior [ RunTime:0.000040s ]
INFO: [ app_init ] --END-- [ RunTime:0.000818s ]

[ 2015-12-21T10:41:24+08:00 ] 127.0.0.1 /ethan-wechat/Public/img/browser-firefox-big@2x.png
INFO: [ app_init ] --START--
INFO: Run Behavior\BuildLiteBehavior [ RunTime:0.000034s ]
INFO: [ app_init ] --END-- [ RunTime:0.000527s ]

[ 2015-12-21T10:41:24+08:00 ] 127.0.0.1 /ethan-wechat/Public/img/browser-safari@2x.png
INFO: [ app_init ] --START--
INFO: Run Behavior\BuildLiteBehavior [ RunTime:0.000034s ]
INFO: [ app_init ] --END-- [ RunTime:0.000541s ]

[ 2015-12-21T10:41:24+08:00 ] 127.0.0.1 /ethan-wechat/Public/img/browser-opera@2x.png
INFO: [ app_init ] --START--
INFO: Run Behavior\BuildLiteBehavior [ RunTime:0.000032s ]
INFO: [ app_init ] --END-- [ RunTime:0.000442s ]

[ 2015-12-21T10:41:24+08:00 ] 127.0.0.1 /ethan-wechat/Public/img/avatar@2x.jpg
INFO: [ app_init ] --START--
INFO: Run Behavior\BuildLiteBehavior [ RunTime:0.000029s ]
INFO: [ app_init ] --END-- [ RunTime:0.000542s ]

[ 2015-12-21T10:50:01+08:00 ] 127.0.0.1 /ethan-wechat/Public/img/avatar.jpg
INFO: [ app_init ] --START--
INFO: Run Behavior\BuildLiteBehavior [ RunTime:0.000019s ]
INFO: [ app_init ] --END-- [ RunTime:0.000369s ]

[ 2015-12-21T10:50:02+08:00 ] 127.0.0.1 /ethan-wechat/Public/img/avatar@2x.jpg
INFO: [ app_init ] --START--
INFO: Run Behavior\BuildLiteBehavior [ RunTime:0.000054s ]
INFO: [ app_init ] --END-- [ RunTime:0.000648s ]

[ 2015-12-21T10:50:02+08:00 ] 127.0.0.1 /ethan-wechat/Public/img/avatar@2x.jpg
INFO: [ app_init ] --START--
INFO: Run Behavior\BuildLiteBehavior [ RunTime:0.000042s ]
INFO: [ app_init ] --END-- [ RunTime:0.000544s ]

[ 2015-12-21T10:50:02+08:00 ] 127.0.0.1 /ethan-wechat/Public/img/avatar@2x.jpg
INFO: [ app_init ] --START--
INFO: Run Behavior\BuildLiteBehavior [ RunTime:0.000026s ]
INFO: [ app_init ] --END-- [ RunTime:0.000384s ]

[ 2015-12-21T10:50:02+08:00 ] 127.0.0.1 /ethan-wechat/Public/img/avatar@2x.jpg
INFO: [ app_init ] --START--
INFO: Run Behavior\BuildLiteBehavior [ RunTime:0.000031s ]
INFO: [ app_init ] --END-- [ RunTime:0.000457s ]

[ 2015-12-21T10:50:02+08:00 ] 127.0.0.1 /ethan-wechat/Public/img/avatar@2x.jpg
INFO: [ app_init ] --START--
INFO: Run Behavior\BuildLiteBehavior [ RunTime:0.000042s ]
INFO: [ app_init ] --END-- [ RunTime:0.001511s ]

[ 2015-12-21T10:51:19+08:00 ] 127.0.0.1 /ethan-wechat/Public/img/1@2x.jpg
INFO: [ app_init ] --START--
INFO: Run Behavior\BuildLiteBehavior [ RunTime:0.000026s ]
INFO: [ app_init ] --END-- [ RunTime:0.000376s ]

[ 2015-12-21T10:51:19+08:00 ] 127.0.0.1 /ethan-wechat/Public/img/1@2x.jpg
INFO: [ app_init ] --START--
INFO: Run Behavior\BuildLiteBehavior [ RunTime:0.000026s ]
INFO: [ app_init ] --END-- [ RunTime:0.000373s ]

[ 2015-12-21T10:51:19+08:00 ] 127.0.0.1 /ethan-wechat/Public/img/1@2x.jpg
INFO: [ app_init ] --START--
INFO: Run Behavior\BuildLiteBehavior [ RunTime:0.000033s ]
INFO: [ app_init ] --END-- [ RunTime:0.002757s ]

[ 2015-12-21T10:51:19+08:00 ] 127.0.0.1 /ethan-wechat/Public/img/1@2x.jpg
INFO: [ app_init ] --START--
INFO: Run Behavior\BuildLiteBehavior [ RunTime:0.000026s ]
INFO: [ app_init ] --END-- [ RunTime:0.000416s ]

[ 2015-12-21T10:51:19+08:00 ] 127.0.0.1 /ethan-wechat/Public/img/browser-chrome-big@2x.png
INFO: [ app_init ] --START--
INFO: Run Behavior\BuildLiteBehavior [ RunTime:0.000023s ]
INFO: [ app_init ] --END-- [ RunTime:0.000374s ]

[ 2015-12-21T10:51:19+08:00 ] 127.0.0.1 /ethan-wechat/Public/img/1@2x.jpg
INFO: [ app_init ] --START--
INFO: Run Behavior\BuildLiteBehavior [ RunTime:0.000037s ]
INFO: [ app_init ] --END-- [ RunTime:0.001051s ]

[ 2015-12-21T10:51:19+08:00 ] 127.0.0.1 /ethan-wechat/Public/img/browser-firefox-big@2x.png
INFO: [ app_init ] --START--
INFO: Run Behavior\BuildLiteBehavior [ RunTime:0.000028s ]
INFO: [ app_init ] --END-- [ RunTime:0.000443s ]

[ 2015-12-21T10:51:19+08:00 ] 127.0.0.1 /ethan-wechat/Public/img/browser-safari@2x.png
INFO: [ app_init ] --START--
INFO: Run Behavior\BuildLiteBehavior [ RunTime:0.000027s ]
INFO: [ app_init ] --END-- [ RunTime:0.000387s ]

[ 2015-12-21T10:51:19+08:00 ] 127.0.0.1 /ethan-wechat/Public/img/browser-ie@2x.png
INFO: [ app_init ] --START--
INFO: Run Behavior\BuildLiteBehavior [ RunTime:0.000027s ]
INFO: [ app_init ] --END-- [ RunTime:0.000373s ]

[ 2015-12-21T10:51:19+08:00 ] 127.0.0.1 /ethan-wechat/Public/img/browser-opera@2x.png
INFO: [ app_init ] --START--
INFO: Run Behavior\BuildLiteBehavior [ RunTime:0.000028s ]
INFO: [ app_init ] --END-- [ RunTime:0.000380s ]

[ 2015-12-21T10:51:19+08:00 ] 127.0.0.1 /ethan-wechat/Public/img/avatar@2x.jpg
INFO: [ app_init ] --START--
INFO: Run Behavior\BuildLiteBehavior [ RunTime:0.000031s ]
INFO: [ app_init ] --END-- [ RunTime:0.000423s ]

[ 2015-12-21T10:51:19+08:00 ] 127.0.0.1 /ethan-wechat/Public/img/avatar@2x.jpg
INFO: [ app_init ] --START--
INFO: Run Behavior\BuildLiteBehavior [ RunTime:0.000031s ]
INFO: [ app_init ] --END-- [ RunTime:0.004419s ]

[ 2015-12-21T10:51:19+08:00 ] 127.0.0.1 /ethan-wechat/Public/img/avatar@2x.jpg
INFO: [ app_init ] --START--
INFO: Run Behavior\BuildLiteBehavior [ RunTime:0.000047s ]
INFO: [ app_init ] --END-- [ RunTime:0.000485s ]

[ 2015-12-21T10:51:19+08:00 ] 127.0.0.1 /ethan-wechat/Public/img/avatar@2x.jpg
INFO: [ app_init ] --START--
INFO: Run Behavior\BuildLiteBehavior [ RunTime:0.000038s ]
INFO: [ app_init ] --END-- [ RunTime:0.001614s ]

[ 2015-12-21T10:51:27+08:00 ] 127.0.0.1 /ethan-wechat/Public/img/browser-chrome-big@2x.png
INFO: [ app_init ] --START--
INFO: Run Behavior\BuildLiteBehavior [ RunTime:0.000026s ]
INFO: [ app_init ] --END-- [ RunTime:0.000385s ]

[ 2015-12-21T10:51:27+08:00 ] 127.0.0.1 /ethan-wechat/Public/img/browser-firefox-big@2x.png
INFO: [ app_init ] --START--
INFO: Run Behavior\BuildLiteBehavior [ RunTime:0.000026s ]
INFO: [ app_init ] --END-- [ RunTime:0.000377s ]

[ 2015-12-21T10:51:27+08:00 ] 127.0.0.1 /ethan-wechat/Public/img/1@2x.jpg
INFO: [ app_init ] --START--
INFO: Run Behavior\BuildLiteBehavior [ RunTime:0.000025s ]
INFO: [ app_init ] --END-- [ RunTime:0.000361s ]

[ 2015-12-21T10:51:27+08:00 ] 127.0.0.1 /ethan-wechat/Public/img/browser-ie@2x.png
INFO: [ app_init ] --START--
INFO: Run Behavior\BuildLiteBehavior [ RunTime:0.000027s ]
INFO: [ app_init ] --END-- [ RunTime:0.000387s ]

[ 2015-12-21T10:51:27+08:00 ] 127.0.0.1 /ethan-wechat/Public/img/browser-opera@2x.png
INFO: [ app_init ] --START--
INFO: Run Behavior\BuildLiteBehavior [ RunTime:0.000033s ]
INFO: [ app_init ] --END-- [ RunTime:0.000439s ]

[ 2015-12-21T10:51:27+08:00 ] 127.0.0.1 /ethan-wechat/Public/img/browser-safari@2x.png
INFO: [ app_init ] --START--
INFO: Run Behavior\BuildLiteBehavior [ RunTime:0.000037s ]
INFO: [ app_init ] --END-- [ RunTime:0.000550s ]

[ 2015-12-21T10:51:27+08:00 ] 127.0.0.1 /ethan-wechat/Public/img/avatar@2x.jpg
INFO: [ app_init ] --START--
INFO: Run Behavior\BuildLiteBehavior [ RunTime:0.000026s ]
INFO: [ app_init ] --END-- [ RunTime:0.000372s ]

[ 2015-12-21T10:52:09+08:00 ] 127.0.0.1 /ethan-wechat/Public/widgets.html
INFO: [ app_init ] --START--
INFO: Run Behavior\BuildLiteBehavior [ RunTime:0.000034s ]
INFO: [ app_init ] --END-- [ RunTime:0.000651s ]
INFO: [ app_begin ] --START--
INFO: Run Behavior\ReadHtmlCacheBehavior [ RunTime:0.001764s ]
INFO: [ app_begin ] --END-- [ RunTime:0.001925s ]
ERR: 无法加载控制器:Widgets

[ 2015-12-21T10:52:11+08:00 ] 127.0.0.1 /ethan-wechat/Public/img/1@2x.jpg
INFO: [ app_init ] --START--
INFO: Run Behavior\BuildLiteBehavior [ RunTime:0.000027s ]
INFO: [ app_init ] --END-- [ RunTime:0.000372s ]

[ 2015-12-21T10:52:11+08:00 ] 127.0.0.1 /ethan-wechat/Public/img/browser-chrome-big@2x.png
INFO: [ app_init ] --START--
INFO: Run Behavior\BuildLiteBehavior [ RunTime:0.000026s ]
INFO: [ app_init ] --END-- [ RunTime:0.000378s ]

[ 2015-12-21T10:52:11+08:00 ] 127.0.0.1 /ethan-wechat/Public/img/browser-firefox-big@2x.png
INFO: [ app_init ] --START--
INFO: Run Behavior\BuildLiteBehavior [ RunTime:0.000027s ]
INFO: [ app_init ] --END-- [ RunTime:0.000376s ]

[ 2015-12-21T10:52:11+08:00 ] 127.0.0.1 /ethan-wechat/Public/img/browser-safari@2x.png
INFO: [ app_init ] --START--
INFO: Run Behavior\BuildLiteBehavior [ RunTime:0.000029s ]
INFO: [ app_init ] --END-- [ RunTime:0.000407s ]

[ 2015-12-21T10:52:11+08:00 ] 127.0.0.1 /ethan-wechat/Public/img/browser-ie@2x.png
INFO: [ app_init ] --START--
INFO: Run Behavior\BuildLiteBehavior [ RunTime:0.000027s ]
INFO: [ app_init ] --END-- [ RunTime:0.000403s ]

[ 2015-12-21T10:52:11+08:00 ] 127.0.0.1 /ethan-wechat/Public/img/browser-opera@2x.png
INFO: [ app_init ] --START--
INFO: Run Behavior\BuildLiteBehavior [ RunTime:0.000043s ]
INFO: [ app_init ] --END-- [ RunTime:0.000830s ]

[ 2015-12-21T10:52:11+08:00 ] 127.0.0.1 /ethan-wechat/Public/img/avatar@2x.jpg
INFO: [ app_init ] --START--
INFO: Run Behavior\BuildLiteBehavior [ RunTime:0.000030s ]
INFO: [ app_init ] --END-- [ RunTime:0.000473s ]

[ 2015-12-21T11:04:40+08:00 ] 127.0.0.1 /ethan-wechat/Public/widgets.html
INFO: [ app_init ] --START--
INFO: Run Behavior\BuildLiteBehavior [ RunTime:0.000049s ]
INFO: [ app_init ] --END-- [ RunTime:0.002216s ]
INFO: [ app_begin ] --START--
INFO: Run Behavior\ReadHtmlCacheBehavior [ RunTime:0.001578s ]
INFO: [ app_begin ] --END-- [ RunTime:0.001684s ]
ERR: 无法加载控制器:Widgets

[ 2015-12-21T11:04:42+08:00 ] 127.0.0.1 /ethan-wechat/Public/img/1@2x.jpg
INFO: [ app_init ] --START--
INFO: Run Behavior\BuildLiteBehavior [ RunTime:0.000027s ]
INFO: [ app_init ] --END-- [ RunTime:0.000383s ]

[ 2015-12-21T11:04:42+08:00 ] 127.0.0.1 /ethan-wechat/Public/img/browser-firefox-big@2x.png
INFO: [ app_init ] --START--
INFO: Run Behavior\BuildLiteBehavior [ RunTime:0.000035s ]
INFO: [ app_init ] --END-- [ RunTime:0.000391s ]

[ 2015-12-21T11:04:42+08:00 ] 127.0.0.1 /ethan-wechat/Public/img/browser-ie@2x.png
INFO: [ app_init ] --START--
INFO: Run Behavior\BuildLiteBehavior [ RunTime:0.000029s ]
INFO: [ app_init ] --END-- [ RunTime:0.000433s ]

[ 2015-12-21T11:04:42+08:00 ] 127.0.0.1 /ethan-wechat/Public/img/browser-safari@2x.png
INFO: [ app_init ] --START--
INFO: Run Behavior\BuildLiteBehavior [ RunTime:0.000028s ]
INFO: [ app_init ] --END-- [ RunTime:0.000409s ]

[ 2015-12-21T11:04:42+08:00 ] 127.0.0.1 /ethan-wechat/Public/img/browser-chrome-big@2x.png
INFO: [ app_init ] --START--
INFO: Run Behavior\BuildLiteBehavior [ RunTime:0.000034s ]
INFO: [ app_init ] --END-- [ RunTime:0.000505s ]

[ 2015-12-21T11:04:42+08:00 ] 127.0.0.1 /ethan-wechat/Public/img/browser-opera@2x.png
INFO: [ app_init ] --START--
INFO: Run Behavior\BuildLiteBehavior [ RunTime:0.000024s ]
INFO: [ app_init ] --END-- [ RunTime:0.000393s ]

[ 2015-12-21T11:04:42+08:00 ] 127.0.0.1 /ethan-wechat/Public/img/avatar@2x.jpg
INFO: [ app_init ] --START--
INFO: Run Behavior\BuildLiteBehavior [ RunTime:0.000029s ]
INFO: [ app_init ] --END-- [ RunTime:0.000399s ]

[ 2015-12-21T14:25:37+08:00 ] 127.0.0.1 /ethan-wechat/public/img/1@2x.jpg
INFO: [ app_init ] --START--
INFO: Run Behavior\BuildLiteBehavior [ RunTime:0.000028s ]
INFO: [ app_init ] --END-- [ RunTime:0.000392s ]

[ 2015-12-21T14:25:37+08:00 ] 127.0.0.1 /ethan-wechat/public/img/browser-chrome-big@2x.png
INFO: [ app_init ] --START--
INFO: Run Behavior\BuildLiteBehavior [ RunTime:0.000028s ]
INFO: [ app_init ] --END-- [ RunTime:0.000379s ]

[ 2015-12-21T14:25:37+08:00 ] 127.0.0.1 /ethan-wechat/public/img/1@2x.jpg
INFO: [ app_init ] --START--
INFO: Run Behavior\BuildLiteBehavior [ RunTime:0.000031s ]
INFO: [ app_init ] --END-- [ RunTime:0.000419s ]

[ 2015-12-21T14:25:37+08:00 ] 127.0.0.1 /ethan-wechat/public/img/1@2x.jpg
INFO: [ app_init ] --START--
INFO: Run Behavior\BuildLiteBehavior [ RunTime:0.000026s ]
INFO: [ app_init ] --END-- [ RunTime:0.000408s ]

[ 2015-12-21T14:25:37+08:00 ] 127.0.0.1 /ethan-wechat/public/img/1@2x.jpg
INFO: [ app_init ] --START--
INFO: Run Behavior\BuildLiteBehavior [ RunTime:0.000027s ]
INFO: [ app_init ] --END-- [ RunTime:0.000413s ]

[ 2015-12-21T14:25:37+08:00 ] 127.0.0.1 /ethan-wechat/public/img/1@2x.jpg
INFO: [ app_init ] --START--
INFO: Run Behavior\BuildLiteBehavior [ RunTime:0.000028s ]
INFO: [ app_init ] --END-- [ RunTime:0.000400s ]

[ 2015-12-21T14:25:37+08:00 ] 127.0.0.1 /ethan-wechat/public/img/browser-ie@2x.png
INFO: [ app_init ] --START--
INFO: Run Behavior\BuildLiteBehavior [ RunTime:0.000033s ]
INFO: [ app_init ] --END-- [ RunTime:0.000446s ]

[ 2015-12-21T14:25:37+08:00 ] 127.0.0.1 /ethan-wechat/public/img/browser-safari@2x.png
INFO: [ app_init ] --START--
INFO: Run Behavior\BuildLiteBehavior [ RunTime:0.000031s ]
INFO: [ app_init ] --END-- [ RunTime:0.000479s ]

[ 2015-12-21T14:25:37+08:00 ] 127.0.0.1 /ethan-wechat/public/img/browser-opera@2x.png
INFO: [ app_init ] --START--
INFO: Run Behavior\BuildLiteBehavior [ RunTime:0.000028s ]
INFO: [ app_init ] --END-- [ RunTime:0.000396s ]

[ 2015-12-21T14:25:37+08:00 ] 127.0.0.1 /ethan-wechat/public/img/browser-firefox-big@2x.png
INFO: [ app_init ] --START--
INFO: Run Behavior\BuildLiteBehavior [ RunTime:0.000025s ]
INFO: [ app_init ] --END-- [ RunTime:0.000379s ]

[ 2015-12-21T14:25:37+08:00 ] 127.0.0.1 /ethan-wechat/public/img/avatar@2x.jpg
INFO: [ app_init ] --START--
INFO: Run Behavior\BuildLiteBehavior [ RunTime:0.000026s ]
INFO: [ app_init ] --END-- [ RunTime:0.000804s ]

[ 2015-12-21T14:25:37+08:00 ] 127.0.0.1 /ethan-wechat/public/img/avatar@2x.jpg
INFO: [ app_init ] --START--
INFO: Run Behavior\BuildLiteBehavior [ RunTime:0.000053s ]
INFO: [ app_init ] --END-- [ RunTime:0.000689s ]

[ 2015-12-21T14:25:37+08:00 ] 127.0.0.1 /ethan-wechat/public/img/avatar@2x.jpg
INFO: [ app_init ] --START--
INFO: Run Behavior\BuildLiteBehavior [ RunTime:0.000022s ]
INFO: [ app_init ] --END-- [ RunTime:0.000400s ]

[ 2015-12-21T14:25:37+08:00 ] 127.0.0.1 /ethan-wechat/public/img/avatar@2x.jpg
INFO: [ app_init ] --START--
INFO: Run Behavior\BuildLiteBehavior [ RunTime:0.000024s ]
INFO: [ app_init ] --END-- [ RunTime:0.000302s ]

[ 2015-12-21T14:25:37+08:00 ] 127.0.0.1 /ethan-wechat/public/Admin/img/favicon.ico
INFO: [ app_init ] --START--
INFO: Run Behavior\BuildLiteBehavior [ RunTime:0.000032s ]
INFO: [ app_init ] --END-- [ RunTime:0.000521s ]

[ 2015-12-21T14:26:38+08:00 ] 127.0.0.1 /ethan-wechat/public/img/1@2x.jpg
INFO: [ app_init ] --START--
INFO: Run Behavior\BuildLiteBehavior [ RunTime:0.000025s ]
INFO: [ app_init ] --END-- [ RunTime:0.000378s ]

[ 2015-12-21T14:26:38+08:00 ] 127.0.0.1 /ethan-wechat/public/img/1@2x.jpg
INFO: [ app_init ] --START--
INFO: Run Behavior\BuildLiteBehavior [ RunTime:0.000025s ]
INFO: [ app_init ] --END-- [ RunTime:0.000377s ]

[ 2015-12-21T14:26:38+08:00 ] 127.0.0.1 /ethan-wechat/public/img/1@2x.jpg
INFO: [ app_init ] --START--
INFO: Run Behavior\BuildLiteBehavior [ RunTime:0.000026s ]
INFO: [ app_init ] --END-- [ RunTime:0.000386s ]

[ 2015-12-21T14:26:38+08:00 ] 127.0.0.1 /ethan-wechat/public/img/1@2x.jpg
INFO: [ app_init ] --START--
INFO: Run Behavior\BuildLiteBehavior [ RunTime:0.000029s ]
INFO: [ app_init ] --END-- [ RunTime:0.000404s ]

[ 2015-12-21T14:26:38+08:00 ] 127.0.0.1 /ethan-wechat/public/img/1@2x.jpg
INFO: [ app_init ] --START--
INFO: Run Behavior\BuildLiteBehavior [ RunTime:0.000039s ]
INFO: [ app_init ] --END-- [ RunTime:0.000618s ]

[ 2015-12-21T14:26:38+08:00 ] 127.0.0.1 /ethan-wechat/public/img/browser-chrome-big@2x.png
INFO: [ app_init ] --START--
INFO: Run Behavior\BuildLiteBehavior [ RunTime:0.000040s ]
INFO: [ app_init ] --END-- [ RunTime:0.000697s ]

[ 2015-12-21T14:26:38+08:00 ] 127.0.0.1 /ethan-wechat/public/img/browser-ie@2x.png
INFO: [ app_init ] --START--
INFO: Run Behavior\BuildLiteBehavior [ RunTime:0.000029s ]
INFO: [ app_init ] --END-- [ RunTime:0.000425s ]

[ 2015-12-21T14:26:38+08:00 ] 127.0.0.1 /ethan-wechat/public/img/browser-safari@2x.png
INFO: [ app_init ] --START--
INFO: Run Behavior\BuildLiteBehavior [ RunTime:0.000027s ]
INFO: [ app_init ] --END-- [ RunTime:0.000382s ]

[ 2015-12-21T14:26:38+08:00 ] 127.0.0.1 /ethan-wechat/public/img/browser-firefox-big@2x.png
INFO: [ app_init ] --START--
INFO: Run Behavior\BuildLiteBehavior [ RunTime:0.000029s ]
INFO: [ app_init ] --END-- [ RunTime:0.000424s ]

[ 2015-12-21T14:26:38+08:00 ] 127.0.0.1 /ethan-wechat/public/img/browser-opera@2x.png
INFO: [ app_init ] --START--
INFO: Run Behavior\BuildLiteBehavior [ RunTime:0.000027s ]
INFO: [ app_init ] --END-- [ RunTime:0.000378s ]

[ 2015-12-21T14:26:38+08:00 ] 127.0.0.1 /ethan-wechat/public/img/avatar@2x.jpg
INFO: [ app_init ] --START--
INFO: Run Behavior\BuildLiteBehavior [ RunTime:0.000031s ]
INFO: [ app_init ] --END-- [ RunTime:0.000550s ]

[ 2015-12-21T14:26:38+08:00 ] 127.0.0.1 /ethan-wechat/public/img/avatar@2x.jpg
INFO: [ app_init ] --START--
INFO: Run Behavior\BuildLiteBehavior [ RunTime:0.000029s ]
INFO: [ app_init ] --END-- [ RunTime:0.000502s ]

[ 2015-12-21T14:26:38+08:00 ] 127.0.0.1 /ethan-wechat/public/img/avatar@2x.jpg
INFO: [ app_init ] --START--
INFO: Run Behavior\BuildLiteBehavior [ RunTime:0.000030s ]
INFO: [ app_init ] --END-- [ RunTime:0.000556s ]

[ 2015-12-21T14:26:38+08:00 ] 127.0.0.1 /ethan-wechat/public/img/avatar@2x.jpg
INFO: [ app_init ] --START--
INFO: Run Behavior\BuildLiteBehavior [ RunTime:0.000033s ]
INFO: [ app_init ] --END-- [ RunTime:0.000503s ]

[ 2015-12-21T14:30:47+08:00 ] 127.0.0.1 /ethan-wechat/public/img/1@2x.jpg
INFO: [ app_init ] --START--
INFO: Run Behavior\BuildLiteBehavior [ RunTime:0.000082s ]
INFO: [ app_init ] --END-- [ RunTime:0.001926s ]

[ 2015-12-21T14:30:47+08:00 ] 127.0.0.1 /ethan-wechat/public/img/1@2x.jpg
INFO: [ app_init ] --START--
INFO: Run Behavior\BuildLiteBehavior [ RunTime:0.000031s ]
INFO: [ app_init ] --END-- [ RunTime:0.000731s ]

[ 2015-12-21T14:30:47+08:00 ] 127.0.0.1 /ethan-wechat/public/img/1@2x.jpg
INFO: [ app_init ] --START--
INFO: Run Behavior\BuildLiteBehavior [ RunTime:0.000028s ]
INFO: [ app_init ] --END-- [ RunTime:0.000421s ]

[ 2015-12-21T14:30:47+08:00 ] 127.0.0.1 /ethan-wechat/public/img/1@2x.jpg
INFO: [ app_init ] --START--
INFO: Run Behavior\BuildLiteBehavior [ RunTime:0.000029s ]
INFO: [ app_init ] --END-- [ RunTime:0.000420s ]

[ 2015-12-21T14:30:47+08:00 ] 127.0.0.1 /ethan-wechat/public/img/1@2x.jpg
INFO: [ app_init ] --START--
INFO: Run Behavior\BuildLiteBehavior [ RunTime:0.000019s ]
INFO: [ app_init ] --END-- [ RunTime:0.000425s ]

[ 2015-12-21T14:32:05+08:00 ] 127.0.0.1 /ethan-wechat/public/img/1@2x.jpg
INFO: [ app_init ] --START--
INFO: Run Behavior\BuildLiteBehavior [ RunTime:0.000030s ]
INFO: [ app_init ] --END-- [ RunTime:0.000431s ]

[ 2015-12-21T14:32:05+08:00 ] 127.0.0.1 /ethan-wechat/public/img/1@2x.jpg
INFO: [ app_init ] --START--
INFO: Run Behavior\BuildLiteBehavior [ RunTime:0.000029s ]
INFO: [ app_init ] --END-- [ RunTime:0.000467s ]

[ 2015-12-21T14:32:05+08:00 ] 127.0.0.1 /ethan-wechat/public/img/1@2x.jpg
INFO: [ app_init ] --START--
INFO: Run Behavior\BuildLiteBehavior [ RunTime:0.000028s ]
INFO: [ app_init ] --END-- [ RunTime:0.000457s ]

[ 2015-12-21T14:32:05+08:00 ] 127.0.0.1 /ethan-wechat/public/img/1@2x.jpg
INFO: [ app_init ] --START--
INFO: Run Behavior\BuildLiteBehavior [ RunTime:0.000037s ]
INFO: [ app_init ] --END-- [ RunTime:0.000726s ]

[ 2015-12-21T14:32:05+08:00 ] 127.0.0.1 /ethan-wechat/public/img/1@2x.jpg
INFO: [ app_init ] --START--
INFO: Run Behavior\BuildLiteBehavior [ RunTime:0.000038s ]
INFO: [ app_init ] --END-- [ RunTime:0.000597s ]

[ 2015-12-21T14:32:25+08:00 ] 127.0.0.1 /ethan-wechat/public/img/1@2x.jpg
INFO: [ app_init ] --START--
INFO: Run Behavior\BuildLiteBehavior [ RunTime:0.000022s ]
INFO: [ app_init ] --END-- [ RunTime:0.000418s ]

[ 2015-12-21T14:32:25+08:00 ] 127.0.0.1 /ethan-wechat/public/img/1@2x.jpg
INFO: [ app_init ] --START--
INFO: Run Behavior\BuildLiteBehavior [ RunTime:0.000028s ]
INFO: [ app_init ] --END-- [ RunTime:0.000546s ]

[ 2015-12-21T14:32:25+08:00 ] 127.0.0.1 /ethan-wechat/public/img/1@2x.jpg
INFO: [ app_init ] --START--
INFO: Run Behavior\BuildLiteBehavior [ RunTime:0.000028s ]
INFO: [ app_init ] --END-- [ RunTime:0.000410s ]

[ 2015-12-21T14:32:25+08:00 ] 127.0.0.1 /ethan-wechat/public/img/1@2x.jpg
INFO: [ app_init ] --START--
INFO: Run Behavior\BuildLiteBehavior [ RunTime:0.000026s ]
INFO: [ app_init ] --END-- [ RunTime:0.000399s ]

[ 2015-12-21T14:32:25+08:00 ] 127.0.0.1 /ethan-wechat/public/img/1@2x.jpg
INFO: [ app_init ] --START--
INFO: Run Behavior\BuildLiteBehavior [ RunTime:0.000032s ]
INFO: [ app_init ] --END-- [ RunTime:0.000512s ]

[ 2015-12-21T14:35:18+08:00 ] 127.0.0.1 /ethan-wechat/public/img/1@2x.jpg
INFO: [ app_init ] --START--
INFO: Run Behavior\BuildLiteBehavior [ RunTime:0.000027s ]
INFO: [ app_init ] --END-- [ RunTime:0.000422s ]

[ 2015-12-21T14:35:18+08:00 ] 127.0.0.1 /ethan-wechat/public/img/1@2x.jpg
INFO: [ app_init ] --START--
INFO: Run Behavior\BuildLiteBehavior [ RunTime:0.000028s ]
INFO: [ app_init ] --END-- [ RunTime:0.000390s ]

[ 2015-12-21T14:35:18+08:00 ] 127.0.0.1 /ethan-wechat/public/img/1@2x.jpg
INFO: [ app_init ] --START--
INFO: Run Behavior\BuildLiteBehavior [ RunTime:0.000027s ]
INFO: [ app_init ] --END-- [ RunTime:0.000370s ]

[ 2015-12-21T14:35:18+08:00 ] 127.0.0.1 /ethan-wechat/public/img/1@2x.jpg
INFO: [ app_init ] --START--
INFO: Run Behavior\BuildLiteBehavior [ RunTime:0.000023s ]
INFO: [ app_init ] --END-- [ RunTime:0.000477s ]

[ 2015-12-21T14:35:18+08:00 ] 127.0.0.1 /ethan-wechat/public/img/1@2x.jpg
INFO: [ app_init ] --START--
INFO: Run Behavior\BuildLiteBehavior [ RunTime:0.000023s ]
INFO: [ app_init ] --END-- [ RunTime:0.000375s ]

[ 2015-12-21T14:36:28+08:00 ] 127.0.0.1 /ethan-wechat/public/img/1@2x.jpg
INFO: [ app_init ] --START--
INFO: Run Behavior\BuildLiteBehavior [ RunTime:0.000027s ]
INFO: [ app_init ] --END-- [ RunTime:0.001761s ]

[ 2015-12-21T14:36:28+08:00 ] 127.0.0.1 /ethan-wechat/public/img/1@2x.jpg
INFO: [ app_init ] --START--
INFO: Run Behavior\BuildLiteBehavior [ RunTime:0.000025s ]
INFO: [ app_init ] --END-- [ RunTime:0.000388s ]

[ 2015-12-21T14:36:28+08:00 ] 127.0.0.1 /ethan-wechat/public/img/1@2x.jpg
INFO: [ app_init ] --START--
INFO: Run Behavior\BuildLiteBehavior [ RunTime:0.000027s ]
INFO: [ app_init ] --END-- [ RunTime:0.000393s ]

[ 2015-12-21T14:36:28+08:00 ] 127.0.0.1 /ethan-wechat/public/img/1@2x.jpg
INFO: [ app_init ] --START--
INFO: Run Behavior\BuildLiteBehavior [ RunTime:0.000039s ]
INFO: [ app_init ] --END-- [ RunTime:0.000643s ]

[ 2015-12-21T14:36:28+08:00 ] 127.0.0.1 /ethan-wechat/public/img/1@2x.jpg
INFO: [ app_init ] --START--
INFO: Run Behavior\BuildLiteBehavior [ RunTime:0.000034s ]
INFO: [ app_init ] --END-- [ RunTime:0.000628s ]

[ 2015-12-21T14:36:44+08:00 ] 127.0.0.1 /ethan-wechat/public/img/1@2x.jpg
INFO: [ app_init ] --START--
INFO: Run Behavior\BuildLiteBehavior [ RunTime:0.000029s ]
INFO: [ app_init ] --END-- [ RunTime:0.000404s ]

[ 2015-12-21T14:36:44+08:00 ] 127.0.0.1 /ethan-wechat/public/img/1@2x.jpg
INFO: [ app_init ] --START--
INFO: Run Behavior\BuildLiteBehavior [ RunTime:0.000028s ]
INFO: [ app_init ] --END-- [ RunTime:0.000388s ]

[ 2015-12-21T14:36:44+08:00 ] 127.0.0.1 /ethan-wechat/public/img/1@2x.jpg
INFO: [ app_init ] --START--
INFO: Run Behavior\BuildLiteBehavior [ RunTime:0.000028s ]
INFO: [ app_init ] --END-- [ RunTime:0.000393s ]

[ 2015-12-21T14:36:44+08:00 ] 127.0.0.1 /ethan-wechat/public/img/1@2x.jpg
INFO: [ app_init ] --START--
INFO: Run Behavior\BuildLiteBehavior [ RunTime:0.000026s ]
INFO: [ app_init ] --END-- [ RunTime:0.000404s ]

[ 2015-12-21T14:36:44+08:00 ] 127.0.0.1 /ethan-wechat/public/img/1@2x.jpg
INFO: [ app_init ] --START--
INFO: Run Behavior\BuildLiteBehavior [ RunTime:0.000035s ]
INFO: [ app_init ] --END-- [ RunTime:0.000536s ]

[ 2015-12-21T14:37:35+08:00 ] 127.0.0.1 /ethan-wechat/public/img/1@2x.jpg
INFO: [ app_init ] --START--
INFO: Run Behavior\BuildLiteBehavior [ RunTime:0.000031s ]
INFO: [ app_init ] --END-- [ RunTime:0.000415s ]

[ 2015-12-21T14:37:35+08:00 ] 127.0.0.1 /ethan-wechat/public/img/1@2x.jpg
INFO: [ app_init ] --START--
INFO: Run Behavior\BuildLiteBehavior [ RunTime:0.000028s ]
INFO: [ app_init ] --END-- [ RunTime:0.000411s ]

[ 2015-12-21T14:37:35+08:00 ] 127.0.0.1 /ethan-wechat/public/img/1@2x.jpg
INFO: [ app_init ] --START--
INFO: Run Behavior\BuildLiteBehavior [ RunTime:0.000027s ]
INFO: [ app_init ] --END-- [ RunTime:0.000380s ]

[ 2015-12-21T14:37:35+08:00 ] 127.0.0.1 /ethan-wechat/public/img/1@2x.jpg
INFO: [ app_init ] --START--
INFO: Run Behavior\BuildLiteBehavior [ RunTime:0.000031s ]
INFO: [ app_init ] --END-- [ RunTime:0.000515s ]

[ 2015-12-21T14:37:35+08:00 ] 127.0.0.1 /ethan-wechat/public/img/1@2x.jpg
INFO: [ app_init ] --START--
INFO: Run Behavior\BuildLiteBehavior [ RunTime:0.000076s ]
INFO: [ app_init ] --END-- [ RunTime:0.001776s ]

[ 2015-12-21T14:38:36+08:00 ] 127.0.0.1 /ethan-wechat/public/img/1@2x.jpg
INFO: [ app_init ] --START--
INFO: Run Behavior\BuildLiteBehavior [ RunTime:0.000030s ]
INFO: [ app_init ] --END-- [ RunTime:0.000391s ]

[ 2015-12-21T14:38:36+08:00 ] 127.0.0.1 /ethan-wechat/public/img/1@2x.jpg
INFO: [ app_init ] --START--
INFO: Run Behavior\BuildLiteBehavior [ RunTime:0.000028s ]
INFO: [ app_init ] --END-- [ RunTime:0.000394s ]

[ 2015-12-21T14:38:36+08:00 ] 127.0.0.1 /ethan-wechat/public/img/1@2x.jpg
INFO: [ app_init ] --START--
INFO: Run Behavior\BuildLiteBehavior [ RunTime:0.000026s ]
INFO: [ app_init ] --END-- [ RunTime:0.000387s ]

[ 2015-12-21T14:38:36+08:00 ] 127.0.0.1 /ethan-wechat/public/img/1@2x.jpg
INFO: [ app_init ] --START--
INFO: Run Behavior\BuildLiteBehavior [ RunTime:0.000031s ]
INFO: [ app_init ] --END-- [ RunTime:0.000501s ]

[ 2015-12-21T14:38:36+08:00 ] 127.0.0.1 /ethan-wechat/public/img/1@2x.jpg
INFO: [ app_init ] --START--
INFO: Run Behavior\BuildLiteBehavior [ RunTime:0.000042s ]
INFO: [ app_init ] --END-- [ RunTime:0.000914s ]

[ 2015-12-21T14:38:46+08:00 ] 127.0.0.1 /ethan-wechat/public/Admin/js/dist/jquery-migrate.min.map
INFO: [ app_init ] --START--
INFO: Run Behavior\BuildLiteBehavior [ RunTime:0.000033s ]
INFO: [ app_init ] --END-- [ RunTime:0.000587s ]
INFO: [ app_begin ] --START--
INFO: Run Behavior\ReadHtmlCacheBehavior [ RunTime:0.001499s ]
INFO: [ app_begin ] --END-- [ RunTime:0.001584s ]
ERR: 无法加载控制器:Admin

[ 2015-12-21T14:39:42+08:00 ] 127.0.0.1 /ethan-wechat/public/Admin/js/dist/jquery-migrate.min.map
INFO: [ app_init ] --START--
INFO: Run Behavior\BuildLiteBehavior [ RunTime:0.000029s ]
INFO: [ app_init ] --END-- [ RunTime:0.000482s ]
INFO: [ app_begin ] --START--
INFO: Run Behavior\ReadHtmlCacheBehavior [ RunTime:0.000494s ]
INFO: [ app_begin ] --END-- [ RunTime:0.000612s ]
ERR: 无法加载控制器:Admin

[ 2015-12-21T14:39:42+08:00 ] 127.0.0.1 /ethan-wechat/public/img/1@2x.jpg
INFO: [ app_init ] --START--
INFO: Run Behavior\BuildLiteBehavior [ RunTime:0.000029s ]
INFO: [ app_init ] --END-- [ RunTime:0.000408s ]

[ 2015-12-21T14:39:42+08:00 ] 127.0.0.1 /ethan-wechat/public/img/1@2x.jpg
INFO: [ app_init ] --START--
INFO: Run Behavior\BuildLiteBehavior [ RunTime:0.000026s ]
INFO: [ app_init ] --END-- [ RunTime:0.000383s ]

[ 2015-12-21T14:39:42+08:00 ] 127.0.0.1 /ethan-wechat/public/img/1@2x.jpg
INFO: [ app_init ] --START--
INFO: Run Behavior\BuildLiteBehavior [ RunTime:0.000030s ]
INFO: [ app_init ] --END-- [ RunTime:0.000404s ]

[ 2015-12-21T14:39:42+08:00 ] 127.0.0.1 /ethan-wechat/public/img/1@2x.jpg
INFO: [ app_init ] --START--
INFO: Run Behavior\BuildLiteBehavior [ RunTime:0.000028s ]
INFO: [ app_init ] --END-- [ RunTime:0.000415s ]

[ 2015-12-21T14:39:42+08:00 ] 127.0.0.1 /ethan-wechat/public/img/1@2x.jpg
INFO: [ app_init ] --START--
INFO: Run Behavior\BuildLiteBehavior [ RunTime:0.000035s ]
INFO: [ app_init ] --END-- [ RunTime:0.000606s ]

[ 2015-12-21T14:43:42+08:00 ] 127.0.0.1 /ethan-wechat/public/Admin/js/dist/jquery-migrate.min.map
INFO: [ app_init ] --START--
INFO: Run Behavior\BuildLiteBehavior [ RunTime:0.000018s ]
INFO: [ app_init ] --END-- [ RunTime:0.000286s ]
INFO: [ app_begin ] --START--
INFO: Run Behavior\ReadHtmlCacheBehavior [ RunTime:0.000628s ]
INFO: [ app_begin ] --END-- [ RunTime:0.000770s ]
ERR: 无法加载控制器:Admin

[ 2015-12-21T14:43:42+08:00 ] 127.0.0.1 /ethan-wechat/public/img/1@2x.jpg
INFO: [ app_init ] --START--
INFO: Run Behavior\BuildLiteBehavior [ RunTime:0.000033s ]
INFO: [ app_init ] --END-- [ RunTime:0.001052s ]

[ 2015-12-21T14:43:42+08:00 ] 127.0.0.1 /ethan-wechat/public/img/1@2x.jpg
INFO: [ app_init ] --START--
INFO: Run Behavior\BuildLiteBehavior [ RunTime:0.000044s ]
INFO: [ app_init ] --END-- [ RunTime:0.000647s ]

[ 2015-12-21T14:43:42+08:00 ] 127.0.0.1 /ethan-wechat/public/img/1@2x.jpg
INFO: [ app_init ] --START--
INFO: Run Behavior\BuildLiteBehavior [ RunTime:0.000035s ]
INFO: [ app_init ] --END-- [ RunTime:0.001264s ]

[ 2015-12-21T14:43:42+08:00 ] 127.0.0.1 /ethan-wechat/public/img/1@2x.jpg
INFO: [ app_init ] --START--
INFO: Run Behavior\BuildLiteBehavior [ RunTime:0.000035s ]
INFO: [ app_init ] --END-- [ RunTime:0.000575s ]

[ 2015-12-21T14:43:42+08:00 ] 127.0.0.1 /ethan-wechat/public/img/1@2x.jpg
INFO: [ app_init ] --START--
INFO: Run Behavior\BuildLiteBehavior [ RunTime:0.000039s ]
INFO: [ app_init ] --END-- [ RunTime:0.000750s ]

[ 2015-12-21T14:45:41+08:00 ] 127.0.0.1 /ethan-wechat/public/img/1@2x.jpg
INFO: [ app_init ] --START--
INFO: Run Behavior\BuildLiteBehavior [ RunTime:0.000038s ]
INFO: [ app_init ] --END-- [ RunTime:0.000393s ]

[ 2015-12-21T14:45:41+08:00 ] 127.0.0.1 /ethan-wechat/public/img/1@2x.jpg
INFO: [ app_init ] --START--
INFO: Run Behavior\BuildLiteBehavior [ RunTime:0.000029s ]
INFO: [ app_init ] --END-- [ RunTime:0.000456s ]

[ 2015-12-21T14:45:41+08:00 ] 127.0.0.1 /ethan-wechat/public/img/1@2x.jpg
INFO: [ app_init ] --START--
INFO: Run Behavior\BuildLiteBehavior [ RunTime:0.000028s ]
INFO: [ app_init ] --END-- [ RunTime:0.000424s ]

[ 2015-12-21T14:45:41+08:00 ] 127.0.0.1 /ethan-wechat/public/img/1@2x.jpg
INFO: [ app_init ] --START--
INFO: Run Behavior\BuildLiteBehavior [ RunTime:0.000032s ]
INFO: [ app_init ] --END-- [ RunTime:0.000546s ]

[ 2015-12-21T14:45:41+08:00 ] 127.0.0.1 /ethan-wechat/public/img/1@2x.jpg
INFO: [ app_init ] --START--
INFO: Run Behavior\BuildLiteBehavior [ RunTime:0.000038s ]
INFO: [ app_init ] --END-- [ RunTime:0.000638s ]

[ 2015-12-21T14:48:08+08:00 ] 127.0.0.1 /ethan-wechat/public/img/1@2x.jpg
INFO: [ app_init ] --START--
INFO: Run Behavior\BuildLiteBehavior [ RunTime:0.000028s ]
INFO: [ app_init ] --END-- [ RunTime:0.000417s ]

[ 2015-12-21T14:48:08+08:00 ] 127.0.0.1 /ethan-wechat/public/img/1@2x.jpg
INFO: [ app_init ] --START--
INFO: Run Behavior\BuildLiteBehavior [ RunTime:0.000028s ]
INFO: [ app_init ] --END-- [ RunTime:0.000433s ]

[ 2015-12-21T14:48:08+08:00 ] 127.0.0.1 /ethan-wechat/public/img/1@2x.jpg
INFO: [ app_init ] --START--
INFO: Run Behavior\BuildLiteBehavior [ RunTime:0.000028s ]
INFO: [ app_init ] --END-- [ RunTime:0.000423s ]

[ 2015-12-21T14:48:08+08:00 ] 127.0.0.1 /ethan-wechat/public/img/1@2x.jpg
INFO: [ app_init ] --START--
INFO: Run Behavior\BuildLiteBehavior [ RunTime:0.000030s ]
INFO: [ app_init ] --END-- [ RunTime:0.000414s ]

[ 2015-12-21T14:48:08+08:00 ] 127.0.0.1 /ethan-wechat/public/img/1@2x.jpg
INFO: [ app_init ] --START--
INFO: Run Behavior\BuildLiteBehavior [ RunTime:0.000041s ]
INFO: [ app_init ] --END-- [ RunTime:0.000664s ]

[ 2015-12-21T14:48:25+08:00 ] 127.0.0.1 /ethan-wechat/public/img/1@2x.jpg
INFO: [ app_init ] --START--
INFO: Run Behavior\BuildLiteBehavior [ RunTime:0.000028s ]
INFO: [ app_init ] --END-- [ RunTime:0.000422s ]

[ 2015-12-21T14:48:25+08:00 ] 127.0.0.1 /ethan-wechat/public/img/1@2x.jpg
INFO: [ app_init ] --START--
INFO: Run Behavior\BuildLiteBehavior [ RunTime:0.000029s ]
INFO: [ app_init ] --END-- [ RunTime:0.000400s ]

[ 2015-12-21T14:48:25+08:00 ] 127.0.0.1 /ethan-wechat/public/img/1@2x.jpg
INFO: [ app_init ] --START--
INFO: Run Behavior\BuildLiteBehavior [ RunTime:0.000028s ]
INFO: [ app_init ] --END-- [ RunTime:0.000392s ]

[ 2015-12-21T14:48:25+08:00 ] 127.0.0.1 /ethan-wechat/public/img/1@2x.jpg
INFO: [ app_init ] --START--
INFO: Run Behavior\BuildLiteBehavior [ RunTime:0.000027s ]
INFO: [ app_init ] --END-- [ RunTime:0.000434s ]

[ 2015-12-21T14:48:25+08:00 ] 127.0.0.1 /ethan-wechat/public/img/1@2x.jpg
INFO: [ app_init ] --START--
INFO: Run Behavior\BuildLiteBehavior [ RunTime:0.000032s ]
INFO: [ app_init ] --END-- [ RunTime:0.000528s ]

[ 2015-12-21T14:48:30+08:00 ] 127.0.0.1 /ethan-wechat/public/img/1@2x.jpg
INFO: [ app_init ] --START--
INFO: Run Behavior\BuildLiteBehavior [ RunTime:0.000049s ]
INFO: [ app_init ] --END-- [ RunTime:0.000449s ]

[ 2015-12-21T15:03:24+08:00 ] 127.0.0.1 /ethan-wechat/public/img/1@2x.jpg
INFO: [ app_init ] --START--
INFO: Run Behavior\BuildLiteBehavior [ RunTime:0.000030s ]
INFO: [ app_init ] --END-- [ RunTime:0.000517s ]

[ 2015-12-21T15:03:24+08:00 ] 127.0.0.1 /ethan-wechat/public/img/1@2x.jpg
INFO: [ app_init ] --START--
INFO: Run Behavior\BuildLiteBehavior [ RunTime:0.000029s ]
INFO: [ app_init ] --END-- [ RunTime:0.000506s ]

[ 2015-12-21T15:03:24+08:00 ] 127.0.0.1 /ethan-wechat/public/img/1@2x.jpg
INFO: [ app_init ] --START--
INFO: Run Behavior\BuildLiteBehavior [ RunTime:0.000027s ]
INFO: [ app_init ] --END-- [ RunTime:0.002722s ]

[ 2015-12-21T15:03:24+08:00 ] 127.0.0.1 /ethan-wechat/public/img/1@2x.jpg
INFO: [ app_init ] --START--
INFO: Run Behavior\BuildLiteBehavior [ RunTime:0.000087s ]
INFO: [ app_init ] --END-- [ RunTime:0.001454s ]

[ 2015-12-21T15:03:24+08:00 ] 127.0.0.1 /ethan-wechat/public/img/1@2x.jpg
INFO: [ app_init ] --START--
INFO: Run Behavior\BuildLiteBehavior [ RunTime:0.000018s ]
INFO: [ app_init ] --END-- [ RunTime:0.000267s ]

[ 2015-12-21T15:03:43+08:00 ] 127.0.0.1 /ethan-wechat/public/img/1@2x.jpg
INFO: [ app_init ] --START--
INFO: Run Behavior\BuildLiteBehavior [ RunTime:0.000027s ]
INFO: [ app_init ] --END-- [ RunTime:0.000415s ]

[ 2015-12-21T15:03:43+08:00 ] 127.0.0.1 /ethan-wechat/public/img/1@2x.jpg
INFO: [ app_init ] --START--
INFO: Run Behavior\BuildLiteBehavior [ RunTime:0.000026s ]
INFO: [ app_init ] --END-- [ RunTime:0.000370s ]

[ 2015-12-21T15:03:43+08:00 ] 127.0.0.1 /ethan-wechat/public/img/1@2x.jpg
INFO: [ app_init ] --START--
INFO: Run Behavior\BuildLiteBehavior [ RunTime:0.000025s ]
INFO: [ app_init ] --END-- [ RunTime:0.000371s ]

[ 2015-12-21T15:03:43+08:00 ] 127.0.0.1 /ethan-wechat/public/img/1@2x.jpg
INFO: [ app_init ] --START--
INFO: Run Behavior\BuildLiteBehavior [ RunTime:0.000073s ]
INFO: [ app_init ] --END-- [ RunTime:0.000753s ]

[ 2015-12-21T15:03:43+08:00 ] 127.0.0.1 /ethan-wechat/public/img/1@2x.jpg
INFO: [ app_init ] --START--
INFO: Run Behavior\BuildLiteBehavior [ RunTime:0.000019s ]
INFO: [ app_init ] --END-- [ RunTime:0.000277s ]

[ 2015-12-21T15:04:30+08:00 ] 127.0.0.1 /ethan-wechat/public/img/1@2x.jpg
INFO: [ app_init ] --START--
INFO: Run Behavior\BuildLiteBehavior [ RunTime:0.000027s ]
INFO: [ app_init ] --END-- [ RunTime:0.000396s ]

[ 2015-12-21T15:04:30+08:00 ] 127.0.0.1 /ethan-wechat/public/img/1@2x.jpg
INFO: [ app_init ] --START--
INFO: Run Behavior\BuildLiteBehavior [ RunTime:0.000029s ]
INFO: [ app_init ] --END-- [ RunTime:0.000404s ]

[ 2015-12-21T15:04:30+08:00 ] 127.0.0.1 /ethan-wechat/public/img/1@2x.jpg
INFO: [ app_init ] --START--
INFO: Run Behavior\BuildLiteBehavior [ RunTime:0.000028s ]
INFO: [ app_init ] --END-- [ RunTime:0.002120s ]

[ 2015-12-21T15:04:30+08:00 ] 127.0.0.1 /ethan-wechat/public/img/1@2x.jpg
INFO: [ app_init ] --START--
INFO: Run Behavior\BuildLiteBehavior [ RunTime:0.000032s ]
INFO: [ app_init ] --END-- [ RunTime:0.000487s ]

[ 2015-12-21T15:04:30+08:00 ] 127.0.0.1 /ethan-wechat/public/img/1@2x.jpg
INFO: [ app_init ] --START--
INFO: Run Behavior\BuildLiteBehavior [ RunTime:0.000055s ]
INFO: [ app_init ] --END-- [ RunTime:0.000905s ]

[ 2015-12-21T15:04:31+08:00 ] 127.0.0.1 /ethan-wechat/public/img/1@2x.jpg
INFO: [ app_init ] --START--
INFO: Run Behavior\BuildLiteBehavior [ RunTime:0.000027s ]
INFO: [ app_init ] --END-- [ RunTime:0.000389s ]

[ 2015-12-21T15:04:31+08:00 ] 127.0.0.1 /ethan-wechat/public/img/1@2x.jpg
INFO: [ app_init ] --START--
INFO: Run Behavior\BuildLiteBehavior [ RunTime:0.000030s ]
INFO: [ app_init ] --END-- [ RunTime:0.000410s ]

[ 2015-12-21T15:04:31+08:00 ] 127.0.0.1 /ethan-wechat/public/img/1@2x.jpg
INFO: [ app_init ] --START--
INFO: Run Behavior\BuildLiteBehavior [ RunTime:0.000028s ]
INFO: [ app_init ] --END-- [ RunTime:0.000429s ]

[ 2015-12-21T15:04:31+08:00 ] 127.0.0.1 /ethan-wechat/public/img/1@2x.jpg
INFO: [ app_init ] --START--
INFO: Run Behavior\BuildLiteBehavior [ RunTime:0.000036s ]
INFO: [ app_init ] --END-- [ RunTime:0.000614s ]

[ 2015-12-21T15:04:31+08:00 ] 127.0.0.1 /ethan-wechat/public/img/1@2x.jpg
INFO: [ app_init ] --START--
INFO: Run Behavior\BuildLiteBehavior [ RunTime:0.000028s ]
INFO: [ app_init ] --END-- [ RunTime:0.000439s ]

[ 2015-12-21T15:05:06+08:00 ] 127.0.0.1 /ethan-wechat/public/img/1@2x.jpg
INFO: [ app_init ] --START--
INFO: Run Behavior\BuildLiteBehavior [ RunTime:0.000028s ]
INFO: [ app_init ] --END-- [ RunTime:0.000402s ]

[ 2015-12-21T15:05:06+08:00 ] 127.0.0.1 /ethan-wechat/public/img/1@2x.jpg
INFO: [ app_init ] --START--
INFO: Run Behavior\BuildLiteBehavior [ RunTime:0.000026s ]
INFO: [ app_init ] --END-- [ RunTime:0.000373s ]

[ 2015-12-21T15:05:06+08:00 ] 127.0.0.1 /ethan-wechat/public/img/1@2x.jpg
INFO: [ app_init ] --START--
INFO: Run Behavior\BuildLiteBehavior [ RunTime:0.000024s ]
INFO: [ app_init ] --END-- [ RunTime:0.000373s ]

[ 2015-12-21T15:05:06+08:00 ] 127.0.0.1 /ethan-wechat/public/img/1@2x.jpg
INFO: [ app_init ] --START--
INFO: Run Behavior\BuildLiteBehavior [ RunTime:0.000031s ]
INFO: [ app_init ] --END-- [ RunTime:0.000512s ]

[ 2015-12-21T15:05:06+08:00 ] 127.0.0.1 /ethan-wechat/public/img/1@2x.jpg
INFO: [ app_init ] --START--
INFO: Run Behavior\BuildLiteBehavior [ RunTime:0.000036s ]
INFO: [ app_init ] --END-- [ RunTime:0.000575s ]

[ 2015-12-21T15:07:14+08:00 ] 127.0.0.1 /ethan-wechat/public/img/1@2x.jpg
INFO: [ app_init ] --START--
INFO: Run Behavior\BuildLiteBehavior [ RunTime:0.000030s ]
INFO: [ app_init ] --END-- [ RunTime:0.001725s ]

[ 2015-12-21T15:07:14+08:00 ] 127.0.0.1 /ethan-wechat/public/img/1@2x.jpg
INFO: [ app_init ] --START--
INFO: Run Behavior\BuildLiteBehavior [ RunTime:0.000024s ]
INFO: [ app_init ] --END-- [ RunTime:0.000389s ]

[ 2015-12-21T15:07:14+08:00 ] 127.0.0.1 /ethan-wechat/public/img/1@2x.jpg
INFO: [ app_init ] --START--
INFO: Run Behavior\BuildLiteBehavior [ RunTime:0.000029s ]
INFO: [ app_init ] --END-- [ RunTime:0.000462s ]

[ 2015-12-21T15:07:14+08:00 ] 127.0.0.1 /ethan-wechat/public/img/1@2x.jpg
INFO: [ app_init ] --START--
INFO: Run Behavior\BuildLiteBehavior [ RunTime:0.000024s ]
INFO: [ app_init ] --END-- [ RunTime:0.000390s ]

[ 2015-12-21T15:07:14+08:00 ] 127.0.0.1 /ethan-wechat/public/img/1@2x.jpg
INFO: [ app_init ] --START--
INFO: Run Behavior\BuildLiteBehavior [ RunTime:0.000030s ]
INFO: [ app_init ] --END-- [ RunTime:0.000466s ]

[ 2015-12-21T15:07:20+08:00 ] 127.0.0.1 /ethan-wechat/public/img/1@2x.jpg
INFO: [ app_init ] --START--
INFO: Run Behavior\BuildLiteBehavior [ RunTime:0.000019s ]
INFO: [ app_init ] --END-- [ RunTime:0.000284s ]

[ 2015-12-21T15:07:22+08:00 ] 127.0.0.1 /ethan-wechat/public/img/1@2x.jpg
INFO: [ app_init ] --START--
INFO: Run Behavior\BuildLiteBehavior [ RunTime:0.000030s ]
INFO: [ app_init ] --END-- [ RunTime:0.001188s ]

[ 2015-12-21T15:07:22+08:00 ] 127.0.0.1 /ethan-wechat/public/img/1@2x.jpg
INFO: [ app_init ] --START--
INFO: Run Behavior\BuildLiteBehavior [ RunTime:0.000027s ]
INFO: [ app_init ] --END-- [ RunTime:0.000441s ]

[ 2015-12-21T15:07:22+08:00 ] 127.0.0.1 /ethan-wechat/public/img/1@2x.jpg
INFO: [ app_init ] --START--
INFO: Run Behavior\BuildLiteBehavior [ RunTime:0.000027s ]
INFO: [ app_init ] --END-- [ RunTime:0.000388s ]

[ 2015-12-21T15:07:22+08:00 ] 127.0.0.1 /ethan-wechat/public/img/1@2x.jpg
INFO: [ app_init ] --START--
INFO: Run Behavior\BuildLiteBehavior [ RunTime:0.000031s ]
INFO: [ app_init ] --END-- [ RunTime:0.000486s ]

[ 2015-12-21T15:07:22+08:00 ] 127.0.0.1 /ethan-wechat/public/img/1@2x.jpg
INFO: [ app_init ] --START--
INFO: Run Behavior\BuildLiteBehavior [ RunTime:0.000021s ]
INFO: [ app_init ] --END-- [ RunTime:0.000336s ]

[ 2015-12-21T15:08:22+08:00 ] 127.0.0.1 /ethan-wechat/public/img/1@2x.jpg
INFO: [ app_init ] --START--
INFO: Run Behavior\BuildLiteBehavior [ RunTime:0.000028s ]
INFO: [ app_init ] --END-- [ RunTime:0.000396s ]

[ 2015-12-21T15:08:22+08:00 ] 127.0.0.1 /ethan-wechat/public/img/1@2x.jpg
INFO: [ app_init ] --START--
INFO: Run Behavior\BuildLiteBehavior [ RunTime:0.000023s ]
INFO: [ app_init ] --END-- [ RunTime:0.000360s ]

[ 2015-12-21T15:08:22+08:00 ] 127.0.0.1 /ethan-wechat/public/img/1@2x.jpg
INFO: [ app_init ] --START--
INFO: Run Behavior\BuildLiteBehavior [ RunTime:0.000025s ]
INFO: [ app_init ] --END-- [ RunTime:0.000372s ]

[ 2015-12-21T15:08:22+08:00 ] 127.0.0.1 /ethan-wechat/public/img/1@2x.jpg
INFO: [ app_init ] --START--
INFO: Run Behavior\BuildLiteBehavior [ RunTime:0.000026s ]
INFO: [ app_init ] --END-- [ RunTime:0.000392s ]

[ 2015-12-21T15:08:22+08:00 ] 127.0.0.1 /ethan-wechat/public/img/1@2x.jpg
INFO: [ app_init ] --START--
INFO: Run Behavior\BuildLiteBehavior [ RunTime:0.000037s ]
INFO: [ app_init ] --END-- [ RunTime:0.000563s ]

[ 2015-12-21T15:08:29+08:00 ] 127.0.0.1 /ethan-wechat/public/img/1@2x.jpg
INFO: [ app_init ] --START--
INFO: Run Behavior\BuildLiteBehavior [ RunTime:0.000018s ]
INFO: [ app_init ] --END-- [ RunTime:0.000275s ]

[ 2015-12-21T15:08:40+08:00 ] 127.0.0.1 /ethan-wechat/public/img/1@2x.jpg
INFO: [ app_init ] --START--
INFO: Run Behavior\BuildLiteBehavior [ RunTime:0.000028s ]
INFO: [ app_init ] --END-- [ RunTime:0.000405s ]

[ 2015-12-21T15:08:40+08:00 ] 127.0.0.1 /ethan-wechat/public/img/1@2x.jpg
INFO: [ app_init ] --START--
INFO: Run Behavior\BuildLiteBehavior [ RunTime:0.000025s ]
INFO: [ app_init ] --END-- [ RunTime:0.000409s ]

[ 2015-12-21T15:08:40+08:00 ] 127.0.0.1 /ethan-wechat/public/img/1@2x.jpg
INFO: [ app_init ] --START--
INFO: Run Behavior\BuildLiteBehavior [ RunTime:0.000035s ]
INFO: [ app_init ] --END-- [ RunTime:0.000412s ]

[ 2015-12-21T15:08:40+08:00 ] 127.0.0.1 /ethan-wechat/public/img/1@2x.jpg
INFO: [ app_init ] --START--
INFO: Run Behavior\BuildLiteBehavior [ RunTime:0.000028s ]
INFO: [ app_init ] --END-- [ RunTime:0.000443s ]

[ 2015-12-21T15:08:40+08:00 ] 127.0.0.1 /ethan-wechat/public/img/1@2x.jpg
INFO: [ app_init ] --START--
INFO: Run Behavior\BuildLiteBehavior [ RunTime:0.000049s ]
INFO: [ app_init ] --END-- [ RunTime:0.001545s ]

[ 2015-12-21T15:08:51+08:00 ] 127.0.0.1 /ethan-wechat/public/img/1@2x.jpg
INFO: [ app_init ] --START--
INFO: Run Behavior\BuildLiteBehavior [ RunTime:0.000027s ]
INFO: [ app_init ] --END-- [ RunTime:0.001062s ]

[ 2015-12-21T15:08:51+08:00 ] 127.0.0.1 /ethan-wechat/public/img/1@2x.jpg
INFO: [ app_init ] --START--
INFO: Run Behavior\BuildLiteBehavior [ RunTime:0.000025s ]
INFO: [ app_init ] --END-- [ RunTime:0.000374s ]

[ 2015-12-21T15:08:51+08:00 ] 127.0.0.1 /ethan-wechat/public/img/1@2x.jpg
INFO: [ app_init ] --START--
INFO: Run Behavior\BuildLiteBehavior [ RunTime:0.000026s ]
INFO: [ app_init ] --END-- [ RunTime:0.000391s ]

[ 2015-12-21T15:08:51+08:00 ] 127.0.0.1 /ethan-wechat/public/img/1@2x.jpg
INFO: [ app_init ] --START--
INFO: Run Behavior\BuildLiteBehavior [ RunTime:0.000032s ]
INFO: [ app_init ] --END-- [ RunTime:0.002250s ]

[ 2015-12-21T15:08:52+08:00 ] 127.0.0.1 /ethan-wechat/public/img/1@2x.jpg
INFO: [ app_init ] --START--
INFO: Run Behavior\BuildLiteBehavior [ RunTime:0.000111s ]
INFO: [ app_init ] --END-- [ RunTime:0.000802s ]

[ 2015-12-21T15:10:11+08:00 ] 127.0.0.1 /ethan-wechat/public/img/1@2x.jpg
INFO: [ app_init ] --START--
INFO: Run Behavior\BuildLiteBehavior [ RunTime:0.000029s ]
INFO: [ app_init ] --END-- [ RunTime:0.000456s ]

[ 2015-12-21T15:10:11+08:00 ] 127.0.0.1 /ethan-wechat/public/img/1@2x.jpg
INFO: [ app_init ] --START--
INFO: Run Behavior\BuildLiteBehavior [ RunTime:0.000024s ]
INFO: [ app_init ] --END-- [ RunTime:0.000397s ]

[ 2015-12-21T15:10:11+08:00 ] 127.0.0.1 /ethan-wechat/public/img/1@2x.jpg
INFO: [ app_init ] --START--
INFO: Run Behavior\BuildLiteBehavior [ RunTime:0.000024s ]
INFO: [ app_init ] --END-- [ RunTime:0.000363s ]

[ 2015-12-21T15:10:11+08:00 ] 127.0.0.1 /ethan-wechat/public/img/1@2x.jpg
INFO: [ app_init ] --START--
INFO: Run Behavior\BuildLiteBehavior [ RunTime:0.000196s ]
INFO: [ app_init ] --END-- [ RunTime:0.000879s ]

[ 2015-12-21T15:10:11+08:00 ] 127.0.0.1 /ethan-wechat/public/img/1@2x.jpg
INFO: [ app_init ] --START--
INFO: Run Behavior\BuildLiteBehavior [ RunTime:0.000033s ]
INFO: [ app_init ] --END-- [ RunTime:0.000480s ]

[ 2015-12-21T15:11:09+08:00 ] 127.0.0.1 /ethan-wechat/public/img/1@2x.jpg
INFO: [ app_init ] --START--
INFO: Run Behavior\BuildLiteBehavior [ RunTime:0.000031s ]
INFO: [ app_init ] --END-- [ RunTime:0.000440s ]

[ 2015-12-21T15:11:09+08:00 ] 127.0.0.1 /ethan-wechat/public/img/1@2x.jpg
INFO: [ app_init ] --START--
INFO: Run Behavior\BuildLiteBehavior [ RunTime:0.000029s ]
INFO: [ app_init ] --END-- [ RunTime:0.000402s ]

[ 2015-12-21T15:11:09+08:00 ] 127.0.0.1 /ethan-wechat/public/img/1@2x.jpg
INFO: [ app_init ] --START--
INFO: Run Behavior\BuildLiteBehavior [ RunTime:0.000028s ]
INFO: [ app_init ] --END-- [ RunTime:0.000400s ]

[ 2015-12-21T15:11:09+08:00 ] 127.0.0.1 /ethan-wechat/public/img/1@2x.jpg
INFO: [ app_init ] --START--
INFO: Run Behavior\BuildLiteBehavior [ RunTime:0.000032s ]
INFO: [ app_init ] --END-- [ RunTime:0.001168s ]

[ 2015-12-21T15:11:09+08:00 ] 127.0.0.1 /ethan-wechat/public/img/1@2x.jpg
INFO: [ app_init ] --START--
INFO: Run Behavior\BuildLiteBehavior [ RunTime:0.000029s ]
INFO: [ app_init ] --END-- [ RunTime:0.000420s ]

[ 2015-12-21T15:11:13+08:00 ] 127.0.0.1 /ethan-wechat/public/img/1@2x.jpg
INFO: [ app_init ] --START--
INFO: Run Behavior\BuildLiteBehavior [ RunTime:0.000028s ]
INFO: [ app_init ] --END-- [ RunTime:0.000388s ]

[ 2015-12-21T15:11:13+08:00 ] 127.0.0.1 /ethan-wechat/public/img/1@2x.jpg
INFO: [ app_init ] --START--
INFO: Run Behavior\BuildLiteBehavior [ RunTime:0.000026s ]
INFO: [ app_init ] --END-- [ RunTime:0.000371s ]

[ 2015-12-21T15:11:13+08:00 ] 127.0.0.1 /ethan-wechat/public/img/1@2x.jpg
INFO: [ app_init ] --START--
INFO: Run Behavior\BuildLiteBehavior [ RunTime:0.000031s ]
INFO: [ app_init ] --END-- [ RunTime:0.000465s ]

[ 2015-12-21T15:11:13+08:00 ] 127.0.0.1 /ethan-wechat/public/img/1@2x.jpg
INFO: [ app_init ] --START--
INFO: Run Behavior\BuildLiteBehavior [ RunTime:0.000027s ]
INFO: [ app_init ] --END-- [ RunTime:0.000447s ]

[ 2015-12-21T15:11:13+08:00 ] 127.0.0.1 /ethan-wechat/public/img/1@2x.jpg
INFO: [ app_init ] --START--
INFO: Run Behavior\BuildLiteBehavior [ RunTime:0.000019s ]
INFO: [ app_init ] --END-- [ RunTime:0.000284s ]

[ 2015-12-21T15:11:26+08:00 ] 127.0.0.1 /ethan-wechat/public/img/1@2x.jpg
INFO: [ app_init ] --START--
INFO: Run Behavior\BuildLiteBehavior [ RunTime:0.000018s ]
INFO: [ app_init ] --END-- [ RunTime:0.000292s ]

[ 2015-12-21T15:21:36+08:00 ] 127.0.0.1 /ethan-wechat/Public/img/1@2x.jpg
INFO: [ app_init ] --START--
INFO: Run Behavior\BuildLiteBehavior [ RunTime:0.000026s ]
INFO: [ app_init ] --END-- [ RunTime:0.000405s ]

[ 2015-12-21T15:21:36+08:00 ] 127.0.0.1 /ethan-wechat/Public/img/1@2x.jpg
INFO: [ app_init ] --START--
INFO: Run Behavior\BuildLiteBehavior [ RunTime:0.000027s ]
INFO: [ app_init ] --END-- [ RunTime:0.000395s ]

[ 2015-12-21T15:21:36+08:00 ] 127.0.0.1 /ethan-wechat/Public/img/1@2x.jpg
INFO: [ app_init ] --START--
INFO: Run Behavior\BuildLiteBehavior [ RunTime:0.000024s ]
INFO: [ app_init ] --END-- [ RunTime:0.000363s ]

[ 2015-12-21T15:21:36+08:00 ] 127.0.0.1 /ethan-wechat/Public/img/1@2x.jpg
INFO: [ app_init ] --START--
INFO: Run Behavior\BuildLiteBehavior [ RunTime:0.000030s ]
INFO: [ app_init ] --END-- [ RunTime:0.000622s ]

[ 2015-12-21T15:21:36+08:00 ] 127.0.0.1 /ethan-wechat/Public/img/1@2x.jpg
INFO: [ app_init ] --START--
INFO: Run Behavior\BuildLiteBehavior [ RunTime:0.000030s ]
INFO: [ app_init ] --END-- [ RunTime:0.000489s ]

[ 2015-12-21T15:29:27+08:00 ] 127.0.0.1 /ethan-wechat/Public/img/1@2x.jpg
INFO: [ app_init ] --START--
INFO: Run Behavior\BuildLiteBehavior [ RunTime:0.000027s ]
INFO: [ app_init ] --END-- [ RunTime:0.000407s ]

[ 2015-12-21T15:29:27+08:00 ] 127.0.0.1 /ethan-wechat/Public/img/1@2x.jpg
INFO: [ app_init ] --START--
INFO: Run Behavior\BuildLiteBehavior [ RunTime:0.000029s ]
INFO: [ app_init ] --END-- [ RunTime:0.000489s ]

[ 2015-12-21T15:29:27+08:00 ] 127.0.0.1 /ethan-wechat/Public/img/1@2x.jpg
INFO: [ app_init ] --START--
INFO: Run Behavior\BuildLiteBehavior [ RunTime:0.000023s ]
INFO: [ app_init ] --END-- [ RunTime:0.000367s ]

[ 2015-12-21T15:29:27+08:00 ] 127.0.0.1 /ethan-wechat/Public/img/1@2x.jpg
INFO: [ app_init ] --START--
INFO: Run Behavior\BuildLiteBehavior [ RunTime:0.000027s ]
INFO: [ app_init ] --END-- [ RunTime:0.000411s ]

[ 2015-12-21T15:29:27+08:00 ] 127.0.0.1 /ethan-wechat/Public/img/1@2x.jpg
INFO: [ app_init ] --START--
INFO: Run Behavior\BuildLiteBehavior [ RunTime:0.000043s ]
INFO: [ app_init ] --END-- [ RunTime:0.000796s ]

[ 2015-12-21T16:19:24+08:00 ] 127.0.0.1 /ethan-wechat/Public/img/avatar.jpg
INFO: [ app_init ] --START--
INFO: Run Behavior\BuildLiteBehavior [ RunTime:0.000035s ]
INFO: [ app_init ] --END-- [ RunTime:0.000609s ]

[ 2015-12-21T16:19:25+08:00 ] 127.0.0.1 /ethan-wechat/Public/Admin/js/jquery.min.map
INFO: [ app_init ] --START--
INFO: Run Behavior\BuildLiteBehavior [ RunTime:0.000020s ]
INFO: [ app_init ] --END-- [ RunTime:0.000414s ]
INFO: [ app_begin ] --START--
INFO: Run Behavior\ReadHtmlCacheBehavior [ RunTime:0.000577s ]
INFO: [ app_begin ] --END-- [ RunTime:0.000681s ]
ERR: 无法加载控制器:Admin

[ 2015-12-21T16:19:25+08:00 ] 127.0.0.1 /ethan-wechat/Public/img/avatar.jpg
INFO: [ app_init ] --START--
INFO: Run Behavior\BuildLiteBehavior [ RunTime:0.000018s ]
INFO: [ app_init ] --END-- [ RunTime:0.000269s ]

[ 2015-12-21T16:19:25+08:00 ] 127.0.0.1 /ethan-wechat/Public/Admin/js/dist/jquery-migrate.min.map
INFO: [ app_init ] --START--
INFO: Run Behavior\BuildLiteBehavior [ RunTime:0.000041s ]
INFO: [ app_init ] --END-- [ RunTime:0.000543s ]
INFO: [ app_begin ] --START--
INFO: Run Behavior\ReadHtmlCacheBehavior [ RunTime:0.000751s ]
INFO: [ app_begin ] --END-- [ RunTime:0.000961s ]
ERR: 无法加载控制器:Admin

[ 2015-12-21T16:19:25+08:00 ] 127.0.0.1 /ethan-wechat/Public/Admin/img/favicon.ico
INFO: [ app_init ] --START--
INFO: Run Behavior\BuildLiteBehavior [ RunTime:0.000047s ]
INFO: [ app_init ] --END-- [ RunTime:0.000517s ]

[ 2015-12-21T16:19:27+08:00 ] 127.0.0.1 /ethan-wechat/Public/img/avatar@2x.jpg
INFO: [ app_init ] --START--
INFO: Run Behavior\BuildLiteBehavior [ RunTime:0.000029s ]
INFO: [ app_init ] --END-- [ RunTime:0.000421s ]

[ 2015-12-21T16:19:27+08:00 ] 127.0.0.1 /ethan-wechat/Public/img/avatar@2x.jpg
INFO: [ app_init ] --START--
INFO: Run Behavior\BuildLiteBehavior [ RunTime:0.000030s ]
INFO: [ app_init ] --END-- [ RunTime:0.000388s ]

[ 2015-12-21T16:19:27+08:00 ] 127.0.0.1 /ethan-wechat/Public/img/avatar@2x.jpg
INFO: [ app_init ] --START--
INFO: Run Behavior\BuildLiteBehavior [ RunTime:0.000027s ]
INFO: [ app_init ] --END-- [ RunTime:0.000499s ]

[ 2015-12-21T16:19:27+08:00 ] 127.0.0.1 /ethan-wechat/Public/img/avatar@2x.jpg
INFO: [ app_init ] --START--
INFO: Run Behavior\BuildLiteBehavior [ RunTime:0.000025s ]
INFO: [ app_init ] --END-- [ RunTime:0.000442s ]

[ 2015-12-21T16:19:27+08:00 ] 127.0.0.1 /ethan-wechat/Public/img/avatar@2x.jpg
INFO: [ app_init ] --START--
INFO: Run Behavior\BuildLiteBehavior [ RunTime:0.000023s ]
INFO: [ app_init ] --END-- [ RunTime:0.000444s ]

