[ 2015-12-10T07:58:01+08:00 ] 127.0.0.1 /Ethan-wechat/Public/img/avatar.jpg
INFO: [ app_init ] --START--
INFO: Run Behavior\BuildLiteBehavior [ RunTime:0.000023s ]
INFO: [ app_init ] --END-- [ RunTime:0.000349s ]
ERR: 无法加载模块:Img

[ 2015-12-10T08:23:31+08:00 ] 127.0.0.1 /Ethan-wechat/Public/img/avatar.jpg
INFO: [ app_init ] --START--
INFO: Run Behavior\BuildLiteBehavior [ RunTime:0.000038s ]
INFO: [ app_init ] --END-- [ RunTime:0.000622s ]
ERR: 无法加载模块:Img

[ 2015-12-10T12:02:06+08:00 ] 127.0.0.1 /Ethan-wechat/Public/yunzhi.php/Ueditor/index.html?action=config&&noCache=1449720126096
INFO: [ app_init ] --START--
INFO: Run Behavior\BuildLiteBehavior [ RunTime:0.000019s ]
INFO: [ app_init ] --END-- [ RunTime:0.000289s ]
ERR: 无法加载模块:Ueditor

[ 2015-12-10T12:02:25+08:00 ] 127.0.0.1 /Ethan-wechat/Public/yunzhi.php/Ueditor/index.html?action=config&&noCache=1449720126096
INFO: [ app_init ] --START--
INFO: Run Behavior\BuildLiteBehavior [ RunTime:0.000018s ]
INFO: [ app_init ] --END-- [ RunTime:0.000261s ]
ERR: 无法加载模块:Ueditor

[ 2015-12-10T12:06:02+08:00 ] 127.0.0.1 /Ethan-wechat/Public/yunzhi.php/Ueditor/index.html?action=config&&noCache=1449720126096
INFO: [ app_init ] --START--
INFO: Run Behavior\BuildLiteBehavior [ RunTime:0.000021s ]
INFO: [ app_init ] --END-- [ RunTime:0.000351s ]
ERR: 无法加载模块:Ueditor

[ 2015-12-10T12:06:03+08:00 ] 127.0.0.1 /Ethan-wechat/Public/yunzhi.php/Ueditor/index.html?action=config&&noCache=1449720126096
INFO: [ app_init ] --START--
INFO: Run Behavior\BuildLiteBehavior [ RunTime:0.000017s ]
INFO: [ app_init ] --END-- [ RunTime:0.000249s ]
ERR: 无法加载模块:Ueditor

[ 2015-12-10T12:06:34+08:00 ] 127.0.0.1 /Ethan-wechat/Public/yunzhi.php/Ueditor/index.html?action=config&&noCache=1449720126096
INFO: [ app_init ] --START--
INFO: Run Behavior\BuildLiteBehavior [ RunTime:0.000016s ]
INFO: [ app_init ] --END-- [ RunTime:0.000255s ]
ERR: 无法加载模块:Ueditor

