[ 2015-11-20T08:28:16+08:00 ] 127.0.0.1 /ethan-wechat/Public/my-modal.html
INFO: [ app_init ] --START--
INFO: Run Behavior\BuildLiteBehavior [ RunTime:0.000023s ]
INFO: [ app_init ] --END-- [ RunTime:0.000407s ]
ERR: 无法加载模块:My-modal

[ 2015-11-20T08:30:15+08:00 ] 127.0.0.1 /ethan-wechat/Public/my-modal.html
INFO: [ app_init ] --START--
INFO: Run Behavior\BuildLiteBehavior [ RunTime:0.000022s ]
INFO: [ app_init ] --END-- [ RunTime:0.000369s ]
ERR: 无法加载模块:My-modal

[ 2015-11-20T08:49:47+08:00 ] 127.0.0.1 /ethan-wechat/Public/my-modal.html
INFO: [ app_init ] --START--
INFO: Run Behavior\BuildLiteBehavior [ RunTime:0.000030s ]
INFO: [ app_init ] --END-- [ RunTime:0.000488s ]
ERR: 无法加载模块:My-modal

[ 2015-11-20T09:18:01+08:00 ] 127.0.0.1 /ethan-wechat/Public/my-modal.html
INFO: [ app_init ] --START--
INFO: Run Behavior\BuildLiteBehavior [ RunTime:0.000021s ]
INFO: [ app_init ] --END-- [ RunTime:0.000320s ]
ERR: 无法加载模块:My-modal

