[ 2015-12-25T10:33:51+08:00 ] 127.0.0.1 /ethan-wechat/Public/admin.php
INFO: [ app_init ] --START--
INFO: Run Behavior\BuildLiteBehavior [ RunTime:0.000025s ]
INFO: [ app_init ] --END-- [ RunTime:0.000492s ]
INFO: [ app_begin ] --START--
INFO: Run Behavior\ReadHtmlCacheBehavior [ RunTime:0.000460s ]
INFO: [ app_begin ] --END-- [ RunTime:0.000548s ]
INFO: [ view_parse ] --START--
INFO: [ template_filter ] --START--
INFO: Run Behavior\ContentReplaceBehavior [ RunTime:0.000081s ]
INFO: [ template_filter ] --END-- [ RunTime:0.000179s ]
SQL: SHOW COLUMNS FROM `ethan_menu` [ RunTime:0.0269s ]
SQL: SELECT * FROM `ethan_menu` WHERE `parent_id` = 0 AND `show` = 1 ORDER BY `order` desc,`id` desc  [ RunTime:0.0238s ]
SQL: SELECT * FROM `ethan_menu` WHERE `parent_id` = 269 AND `show` = 1 ORDER BY `order` desc,`id` desc  [ RunTime:0.0258s ]
SQL: SELECT * FROM `ethan_menu` WHERE `parent_id` = 268 AND `show` = 1 ORDER BY `order` desc,`id` desc  [ RunTime:0.0462s ]
SQL: SELECT * FROM `ethan_menu` WHERE `parent_id` = 267 AND `show` = 1 ORDER BY `order` desc,`id` desc  [ RunTime:0.0255s ]
SQL: SELECT * FROM `ethan_menu` WHERE `parent_id` = 266 AND `show` = 1 ORDER BY `order` desc,`id` desc  [ RunTime:0.0264s ]
SQL: SELECT * FROM `ethan_menu` WHERE `parent_id` = 265 AND `show` = 1 ORDER BY `order` desc,`id` desc  [ RunTime:0.0240s ]
SQL: SELECT * FROM `ethan_menu` WHERE `parent_id` = 264 AND `show` = 1 ORDER BY `order` desc,`id` desc  [ RunTime:0.0231s ]
SQL: SHOW COLUMNS FROM `ethan_menu` [ RunTime:0.0208s ]
SQL: SELECT * FROM `ethan_menu` WHERE `parent_id` = 0 AND `show` = 1 ORDER BY `order` desc,`id` desc  [ RunTime:0.0207s ]
SQL: SELECT * FROM `ethan_menu` WHERE `parent_id` = 269 AND `show` = 1 ORDER BY `order` desc,`id` desc  [ RunTime:0.0169s ]
SQL: SELECT * FROM `ethan_menu` WHERE `parent_id` = 268 AND `show` = 1 ORDER BY `order` desc,`id` desc  [ RunTime:0.0150s ]
SQL: SELECT * FROM `ethan_menu` WHERE `parent_id` = 267 AND `show` = 1 ORDER BY `order` desc,`id` desc  [ RunTime:0.0195s ]
SQL: SELECT * FROM `ethan_menu` WHERE `parent_id` = 266 AND `show` = 1 ORDER BY `order` desc,`id` desc  [ RunTime:0.0195s ]
SQL: SELECT * FROM `ethan_menu` WHERE `parent_id` = 265 AND `show` = 1 ORDER BY `order` desc,`id` desc  [ RunTime:0.0181s ]
SQL: SELECT * FROM `ethan_menu` WHERE `parent_id` = 264 AND `show` = 1 ORDER BY `order` desc,`id` desc  [ RunTime:0.0161s ]
INFO: Run Behavior\ParseTemplateBehavior [ RunTime:1.983560s ]
INFO: [ view_parse ] --END-- [ RunTime:1.983669s ]
INFO: [ view_filter ] --START--
INFO: Run Behavior\WriteHtmlCacheBehavior [ RunTime:0.000292s ]
INFO: [ view_filter ] --END-- [ RunTime:0.000414s ]
INFO: [ view_parse ] --START--
NOTIC: [8] Undefined index: name /Applications/XAMPP/xamppfiles/htdocs/Ethan-Wechat/ThinkPHP/Library/Think/Template/TagLib/Html.class.php 第 41 行.
INFO: [ template_filter ] --START--
INFO: Run Behavior\ContentReplaceBehavior [ RunTime:0.000061s ]
INFO: [ template_filter ] --END-- [ RunTime:-1.979228s ]
INFO: Run Behavior\ParseTemplateBehavior [ RunTime:0.026203s ]
INFO: [ view_parse ] --END-- [ RunTime:-0.000886s ]
INFO: [ view_filter ] --START--
INFO: Run Behavior\WriteHtmlCacheBehavior [ RunTime:0.000018s ]
INFO: [ view_filter ] --END-- [ RunTime:-0.026739s ]
INFO: [ app_end ] --START--
INFO: Run Behavior\ShowPageTraceBehavior [ RunTime:0.000464s ]
INFO: [ app_end ] --END-- [ RunTime:0.000552s ]

[ 2015-12-25T10:36:38+08:00 ] 127.0.0.1 /ethan-wechat/Public/admin.php
INFO: [ app_init ] --START--
INFO: Run Behavior\BuildLiteBehavior [ RunTime:0.000023s ]
INFO: [ app_init ] --END-- [ RunTime:0.000369s ]
INFO: [ app_begin ] --START--
INFO: Run Behavior\ReadHtmlCacheBehavior [ RunTime:0.000321s ]
INFO: [ app_begin ] --END-- [ RunTime:0.000396s ]
INFO: [ view_parse ] --START--
INFO: [ template_filter ] --START--
INFO: Run Behavior\ContentReplaceBehavior [ RunTime:0.000073s ]
INFO: [ template_filter ] --END-- [ RunTime:0.000151s ]
SQL: SHOW COLUMNS FROM `ethan_menu` [ RunTime:0.0160s ]
SQL: SELECT * FROM `ethan_menu` WHERE `parent_id` = 0 AND `show` = 1 ORDER BY `order` desc,`id` desc  [ RunTime:0.0152s ]
SQL: SELECT * FROM `ethan_menu` WHERE `parent_id` = 269 AND `show` = 1 ORDER BY `order` desc,`id` desc  [ RunTime:0.0189s ]
SQL: SELECT * FROM `ethan_menu` WHERE `parent_id` = 268 AND `show` = 1 ORDER BY `order` desc,`id` desc  [ RunTime:0.0149s ]
SQL: SELECT * FROM `ethan_menu` WHERE `parent_id` = 267 AND `show` = 1 ORDER BY `order` desc,`id` desc  [ RunTime:0.0131s ]
SQL: SELECT * FROM `ethan_menu` WHERE `parent_id` = 266 AND `show` = 1 ORDER BY `order` desc,`id` desc  [ RunTime:0.0116s ]
SQL: SELECT * FROM `ethan_menu` WHERE `parent_id` = 265 AND `show` = 1 ORDER BY `order` desc,`id` desc  [ RunTime:0.0155s ]
SQL: SELECT * FROM `ethan_menu` WHERE `parent_id` = 264 AND `show` = 1 ORDER BY `order` desc,`id` desc  [ RunTime:0.0125s ]
SQL: SHOW COLUMNS FROM `ethan_menu` [ RunTime:0.0123s ]
SQL: SELECT * FROM `ethan_menu` WHERE `parent_id` = 0 AND `show` = 1 ORDER BY `order` desc,`id` desc  [ RunTime:0.0176s ]
SQL: SELECT * FROM `ethan_menu` WHERE `parent_id` = 269 AND `show` = 1 ORDER BY `order` desc,`id` desc  [ RunTime:0.0138s ]
SQL: SELECT * FROM `ethan_menu` WHERE `parent_id` = 268 AND `show` = 1 ORDER BY `order` desc,`id` desc  [ RunTime:0.0137s ]
SQL: SELECT * FROM `ethan_menu` WHERE `parent_id` = 267 AND `show` = 1 ORDER BY `order` desc,`id` desc  [ RunTime:0.0160s ]
SQL: SELECT * FROM `ethan_menu` WHERE `parent_id` = 266 AND `show` = 1 ORDER BY `order` desc,`id` desc  [ RunTime:0.0115s ]
SQL: SELECT * FROM `ethan_menu` WHERE `parent_id` = 265 AND `show` = 1 ORDER BY `order` desc,`id` desc  [ RunTime:0.0144s ]
SQL: SELECT * FROM `ethan_menu` WHERE `parent_id` = 264 AND `show` = 1 ORDER BY `order` desc,`id` desc  [ RunTime:0.0144s ]
INFO: Run Behavior\ParseTemplateBehavior [ RunTime:0.883073s ]
INFO: [ view_parse ] --END-- [ RunTime:0.883172s ]
INFO: [ view_filter ] --START--
INFO: Run Behavior\WriteHtmlCacheBehavior [ RunTime:0.000184s ]
INFO: [ view_filter ] --END-- [ RunTime:0.000260s ]
INFO: [ view_parse ] --START--
NOTIC: [8] Undefined index: name /Applications/XAMPP/xamppfiles/htdocs/Ethan-Wechat/ThinkPHP/Library/Think/Template/TagLib/Html.class.php 第 41 行.
INFO: [ template_filter ] --START--
INFO: Run Behavior\ContentReplaceBehavior [ RunTime:0.000066s ]
INFO: [ template_filter ] --END-- [ RunTime:-0.878639s ]
INFO: Run Behavior\ParseTemplateBehavior [ RunTime:0.015916s ]
INFO: [ view_parse ] --END-- [ RunTime:-0.000572s ]
INFO: [ view_filter ] --START--
INFO: Run Behavior\WriteHtmlCacheBehavior [ RunTime:0.000019s ]
INFO: [ view_filter ] --END-- [ RunTime:-0.016292s ]
INFO: [ app_end ] --START--
INFO: Run Behavior\ShowPageTraceBehavior [ RunTime:0.000632s ]
INFO: [ app_end ] --END-- [ RunTime:0.000780s ]

[ 2015-12-25T10:39:26+08:00 ] 127.0.0.1 /ethan-wechat/Public/admin.php
INFO: [ app_init ] --START--
INFO: Run Behavior\BuildLiteBehavior [ RunTime:0.000021s ]
INFO: [ app_init ] --END-- [ RunTime:0.000335s ]
INFO: [ app_begin ] --START--
INFO: Run Behavior\ReadHtmlCacheBehavior [ RunTime:0.000292s ]
INFO: [ app_begin ] --END-- [ RunTime:0.000366s ]
INFO: [ view_parse ] --START--
INFO: [ template_filter ] --START--
INFO: Run Behavior\ContentReplaceBehavior [ RunTime:0.000053s ]
INFO: [ template_filter ] --END-- [ RunTime:0.000133s ]
SQL: SHOW COLUMNS FROM `ethan_menu` [ RunTime:0.0250s ]
SQL: SELECT * FROM `ethan_menu` WHERE `parent_id` = 0 AND `show` = 1 ORDER BY `order` desc,`id` desc  [ RunTime:0.0148s ]
SQL: SELECT * FROM `ethan_menu` WHERE `parent_id` = 269 AND `show` = 1 ORDER BY `order` desc,`id` desc  [ RunTime:0.0170s ]
SQL: SELECT * FROM `ethan_menu` WHERE `parent_id` = 268 AND `show` = 1 ORDER BY `order` desc,`id` desc  [ RunTime:0.0162s ]
SQL: SELECT * FROM `ethan_menu` WHERE `parent_id` = 267 AND `show` = 1 ORDER BY `order` desc,`id` desc  [ RunTime:0.0299s ]
SQL: SELECT * FROM `ethan_menu` WHERE `parent_id` = 266 AND `show` = 1 ORDER BY `order` desc,`id` desc  [ RunTime:0.0282s ]
SQL: SELECT * FROM `ethan_menu` WHERE `parent_id` = 265 AND `show` = 1 ORDER BY `order` desc,`id` desc  [ RunTime:0.0330s ]
SQL: SELECT * FROM `ethan_menu` WHERE `parent_id` = 264 AND `show` = 1 ORDER BY `order` desc,`id` desc  [ RunTime:0.0207s ]
SQL: SHOW COLUMNS FROM `ethan_menu` [ RunTime:0.0167s ]
SQL: SELECT * FROM `ethan_menu` WHERE `parent_id` = 0 AND `show` = 1 ORDER BY `order` desc,`id` desc  [ RunTime:0.0202s ]
SQL: SELECT * FROM `ethan_menu` WHERE `parent_id` = 269 AND `show` = 1 ORDER BY `order` desc,`id` desc  [ RunTime:0.0230s ]
SQL: SELECT * FROM `ethan_menu` WHERE `parent_id` = 268 AND `show` = 1 ORDER BY `order` desc,`id` desc  [ RunTime:0.0182s ]
SQL: SELECT * FROM `ethan_menu` WHERE `parent_id` = 267 AND `show` = 1 ORDER BY `order` desc,`id` desc  [ RunTime:0.0174s ]
SQL: SELECT * FROM `ethan_menu` WHERE `parent_id` = 266 AND `show` = 1 ORDER BY `order` desc,`id` desc  [ RunTime:0.0137s ]
SQL: SELECT * FROM `ethan_menu` WHERE `parent_id` = 265 AND `show` = 1 ORDER BY `order` desc,`id` desc  [ RunTime:0.0221s ]
SQL: SELECT * FROM `ethan_menu` WHERE `parent_id` = 264 AND `show` = 1 ORDER BY `order` desc,`id` desc  [ RunTime:0.0193s ]
INFO: Run Behavior\ParseTemplateBehavior [ RunTime:0.992285s ]
INFO: [ view_parse ] --END-- [ RunTime:0.992366s ]
INFO: [ view_filter ] --START--
INFO: Run Behavior\WriteHtmlCacheBehavior [ RunTime:0.000219s ]
INFO: [ view_filter ] --END-- [ RunTime:0.000303s ]
INFO: [ view_parse ] --START--
NOTIC: [8] Undefined index: name /Applications/XAMPP/xamppfiles/htdocs/Ethan-Wechat/ThinkPHP/Library/Think/Template/TagLib/Html.class.php 第 41 行.
INFO: [ template_filter ] --START--
INFO: Run Behavior\ContentReplaceBehavior [ RunTime:0.000062s ]
INFO: [ template_filter ] --END-- [ RunTime:-0.986235s ]
INFO: Run Behavior\ParseTemplateBehavior [ RunTime:0.015640s ]
INFO: [ view_parse ] --END-- [ RunTime:-0.000557s ]
INFO: [ view_filter ] --START--
INFO: Run Behavior\WriteHtmlCacheBehavior [ RunTime:0.000020s ]
INFO: [ view_filter ] --END-- [ RunTime:-0.015952s ]
INFO: [ app_end ] --START--
INFO: Run Behavior\ShowPageTraceBehavior [ RunTime:0.000465s ]
INFO: [ app_end ] --END-- [ RunTime:0.000559s ]

[ 2015-12-25T10:39:32+08:00 ] 127.0.0.1 /ethan-wechat/Public/admin.php/Index/save.html
INFO: [ app_init ] --START--
INFO: Run Behavior\BuildLiteBehavior [ RunTime:0.000020s ]
INFO: [ app_init ] --END-- [ RunTime:0.000322s ]
INFO: [ app_begin ] --START--
INFO: Run Behavior\ReadHtmlCacheBehavior [ RunTime:0.000364s ]
INFO: [ app_begin ] --END-- [ RunTime:0.000475s ]
INFO: [ view_parse ] --START--
INFO: [ template_filter ] --START--
INFO: Run Behavior\ContentReplaceBehavior [ RunTime:0.000060s ]
INFO: [ template_filter ] --END-- [ RunTime:0.000147s ]
SQL: SHOW COLUMNS FROM `ethan_menu` [ RunTime:0.0178s ]
SQL: SELECT * FROM `ethan_menu` WHERE `parent_id` = 0 AND `show` = 1 ORDER BY `order` desc,`id` desc  [ RunTime:0.0128s ]
SQL: SELECT * FROM `ethan_menu` WHERE `parent_id` = 269 AND `show` = 1 ORDER BY `order` desc,`id` desc  [ RunTime:0.0631s ]
SQL: SELECT * FROM `ethan_menu` WHERE `parent_id` = 268 AND `show` = 1 ORDER BY `order` desc,`id` desc  [ RunTime:0.0168s ]
SQL: SELECT * FROM `ethan_menu` WHERE `parent_id` = 267 AND `show` = 1 ORDER BY `order` desc,`id` desc  [ RunTime:0.0161s ]
SQL: SELECT * FROM `ethan_menu` WHERE `parent_id` = 266 AND `show` = 1 ORDER BY `order` desc,`id` desc  [ RunTime:0.0221s ]
SQL: SELECT * FROM `ethan_menu` WHERE `parent_id` = 265 AND `show` = 1 ORDER BY `order` desc,`id` desc  [ RunTime:0.0182s ]
SQL: SELECT * FROM `ethan_menu` WHERE `parent_id` = 264 AND `show` = 1 ORDER BY `order` desc,`id` desc  [ RunTime:0.0154s ]
SQL: SHOW COLUMNS FROM `ethan_menu` [ RunTime:0.0269s ]
SQL: SELECT * FROM `ethan_menu` WHERE `parent_id` = 0 AND `show` = 1 ORDER BY `order` desc,`id` desc  [ RunTime:0.0262s ]
SQL: SELECT * FROM `ethan_menu` WHERE `parent_id` = 269 AND `show` = 1 ORDER BY `order` desc,`id` desc  [ RunTime:0.0294s ]
SQL: SELECT * FROM `ethan_menu` WHERE `parent_id` = 268 AND `show` = 1 ORDER BY `order` desc,`id` desc  [ RunTime:0.0206s ]
SQL: SELECT * FROM `ethan_menu` WHERE `parent_id` = 267 AND `show` = 1 ORDER BY `order` desc,`id` desc  [ RunTime:0.0244s ]
SQL: SELECT * FROM `ethan_menu` WHERE `parent_id` = 266 AND `show` = 1 ORDER BY `order` desc,`id` desc  [ RunTime:0.0227s ]
SQL: SELECT * FROM `ethan_menu` WHERE `parent_id` = 265 AND `show` = 1 ORDER BY `order` desc,`id` desc  [ RunTime:0.0202s ]
SQL: SELECT * FROM `ethan_menu` WHERE `parent_id` = 264 AND `show` = 1 ORDER BY `order` desc,`id` desc  [ RunTime:0.0168s ]
INFO: Run Behavior\ParseTemplateBehavior [ RunTime:0.472030s ]
INFO: [ view_parse ] --END-- [ RunTime:0.472196s ]
INFO: [ view_filter ] --START--
INFO: Run Behavior\WriteHtmlCacheBehavior [ RunTime:0.000573s ]
INFO: [ view_filter ] --END-- [ RunTime:0.000792s ]
INFO: [ app_end ] --START--
INFO: Run Behavior\ShowPageTraceBehavior [ RunTime:0.000438s ]
INFO: [ app_end ] --END-- [ RunTime:0.000539s ]

[ 2015-12-25T10:39:47+08:00 ] 127.0.0.1 /ethan-wechat/Public/admin.php/yunzhi/ueditor/index.html
INFO: [ app_init ] --START--
INFO: Run Behavior\BuildLiteBehavior [ RunTime:0.000017s ]
INFO: [ app_init ] --END-- [ RunTime:0.000256s ]
INFO: [ app_begin ] --START--
INFO: Run Behavior\ReadHtmlCacheBehavior [ RunTime:0.000335s ]
INFO: [ app_begin ] --END-- [ RunTime:0.000407s ]
ERR: 无法加载控制器:Yunzhi

[ 2015-12-25T10:39:59+08:00 ] 127.0.0.1 /ethan-wechat/Public/admin.php/yunzhi/ueditor/index.html
INFO: [ app_init ] --START--
INFO: Run Behavior\BuildLiteBehavior [ RunTime:0.000021s ]
INFO: [ app_init ] --END-- [ RunTime:0.000307s ]
INFO: [ app_begin ] --START--
INFO: Run Behavior\ReadHtmlCacheBehavior [ RunTime:0.000442s ]
INFO: [ app_begin ] --END-- [ RunTime:0.000542s ]
ERR: 无法加载控制器:Yunzhi

[ 2015-12-25T10:42:47+08:00 ] 127.0.0.1 /ethan-wechat/Public/admin.php
INFO: [ app_init ] --START--
INFO: Run Behavior\BuildLiteBehavior [ RunTime:0.000038s ]
INFO: [ app_init ] --END-- [ RunTime:0.000848s ]
INFO: [ app_begin ] --START--
INFO: Run Behavior\ReadHtmlCacheBehavior [ RunTime:0.000324s ]
INFO: [ app_begin ] --END-- [ RunTime:0.000392s ]
INFO: [ view_parse ] --START--
INFO: [ template_filter ] --START--
INFO: Run Behavior\ContentReplaceBehavior [ RunTime:0.000065s ]
INFO: [ template_filter ] --END-- [ RunTime:0.000251s ]
SQL: SHOW COLUMNS FROM `ethan_menu` [ RunTime:0.0122s ]
SQL: SELECT * FROM `ethan_menu` WHERE `parent_id` = 0 AND `show` = 1 ORDER BY `order` desc,`id` desc  [ RunTime:0.0159s ]
SQL: SELECT * FROM `ethan_menu` WHERE `parent_id` = 269 AND `show` = 1 ORDER BY `order` desc,`id` desc  [ RunTime:0.0163s ]
SQL: SELECT * FROM `ethan_menu` WHERE `parent_id` = 268 AND `show` = 1 ORDER BY `order` desc,`id` desc  [ RunTime:0.0123s ]
SQL: SELECT * FROM `ethan_menu` WHERE `parent_id` = 267 AND `show` = 1 ORDER BY `order` desc,`id` desc  [ RunTime:0.0121s ]
SQL: SELECT * FROM `ethan_menu` WHERE `parent_id` = 266 AND `show` = 1 ORDER BY `order` desc,`id` desc  [ RunTime:0.0166s ]
SQL: SELECT * FROM `ethan_menu` WHERE `parent_id` = 265 AND `show` = 1 ORDER BY `order` desc,`id` desc  [ RunTime:0.0133s ]
SQL: SELECT * FROM `ethan_menu` WHERE `parent_id` = 264 AND `show` = 1 ORDER BY `order` desc,`id` desc  [ RunTime:0.0135s ]
SQL: SHOW COLUMNS FROM `ethan_menu` [ RunTime:0.0144s ]
SQL: SELECT * FROM `ethan_menu` WHERE `parent_id` = 0 AND `show` = 1 ORDER BY `order` desc,`id` desc  [ RunTime:0.0160s ]
SQL: SELECT * FROM `ethan_menu` WHERE `parent_id` = 269 AND `show` = 1 ORDER BY `order` desc,`id` desc  [ RunTime:0.0127s ]
SQL: SELECT * FROM `ethan_menu` WHERE `parent_id` = 268 AND `show` = 1 ORDER BY `order` desc,`id` desc  [ RunTime:0.0146s ]
SQL: SELECT * FROM `ethan_menu` WHERE `parent_id` = 267 AND `show` = 1 ORDER BY `order` desc,`id` desc  [ RunTime:0.0141s ]
SQL: SELECT * FROM `ethan_menu` WHERE `parent_id` = 266 AND `show` = 1 ORDER BY `order` desc,`id` desc  [ RunTime:0.0137s ]
SQL: SELECT * FROM `ethan_menu` WHERE `parent_id` = 265 AND `show` = 1 ORDER BY `order` desc,`id` desc  [ RunTime:0.0120s ]
SQL: SELECT * FROM `ethan_menu` WHERE `parent_id` = 264 AND `show` = 1 ORDER BY `order` desc,`id` desc  [ RunTime:0.0142s ]
INFO: Run Behavior\ParseTemplateBehavior [ RunTime:0.955340s ]
INFO: [ view_parse ] --END-- [ RunTime:0.955439s ]
INFO: [ view_filter ] --START--
INFO: Run Behavior\WriteHtmlCacheBehavior [ RunTime:0.000297s ]
INFO: [ view_filter ] --END-- [ RunTime:0.000410s ]
INFO: [ view_parse ] --START--
NOTIC: [8] Undefined index: name /Applications/XAMPP/xamppfiles/htdocs/Ethan-Wechat/ThinkPHP/Library/Think/Template/TagLib/Html.class.php 第 41 行.
INFO: [ template_filter ] --START--
INFO: Run Behavior\ContentReplaceBehavior [ RunTime:0.000097s ]
INFO: [ template_filter ] --END-- [ RunTime:-0.955225s ]
INFO: Run Behavior\ParseTemplateBehavior [ RunTime:0.015899s ]
INFO: [ view_parse ] --END-- [ RunTime:-0.000777s ]
INFO: [ view_filter ] --START--
INFO: Run Behavior\WriteHtmlCacheBehavior [ RunTime:0.000018s ]
INFO: [ view_filter ] --END-- [ RunTime:-0.016330s ]
INFO: [ app_end ] --START--
INFO: Run Behavior\ShowPageTraceBehavior [ RunTime:0.000521s ]
INFO: [ app_end ] --END-- [ RunTime:0.000626s ]

[ 2015-12-25T10:43:21+08:00 ] 127.0.0.1 /ethan-wechat/Public/admin.php/Index/save.html
INFO: [ app_init ] --START--
INFO: Run Behavior\BuildLiteBehavior [ RunTime:0.000020s ]
INFO: [ app_init ] --END-- [ RunTime:0.000298s ]
INFO: [ app_begin ] --START--
INFO: Run Behavior\ReadHtmlCacheBehavior [ RunTime:0.000313s ]
INFO: [ app_begin ] --END-- [ RunTime:0.000385s ]
INFO: [ view_parse ] --START--
INFO: [ template_filter ] --START--
INFO: Run Behavior\ContentReplaceBehavior [ RunTime:0.000053s ]
INFO: [ template_filter ] --END-- [ RunTime:0.000128s ]
SQL: SHOW COLUMNS FROM `ethan_menu` [ RunTime:0.0200s ]
SQL: SELECT * FROM `ethan_menu` WHERE `parent_id` = 0 AND `show` = 1 ORDER BY `order` desc,`id` desc  [ RunTime:0.0147s ]
SQL: SELECT * FROM `ethan_menu` WHERE `parent_id` = 269 AND `show` = 1 ORDER BY `order` desc,`id` desc  [ RunTime:0.0158s ]
SQL: SELECT * FROM `ethan_menu` WHERE `parent_id` = 268 AND `show` = 1 ORDER BY `order` desc,`id` desc  [ RunTime:0.0233s ]
SQL: SELECT * FROM `ethan_menu` WHERE `parent_id` = 267 AND `show` = 1 ORDER BY `order` desc,`id` desc  [ RunTime:0.0167s ]
SQL: SELECT * FROM `ethan_menu` WHERE `parent_id` = 266 AND `show` = 1 ORDER BY `order` desc,`id` desc  [ RunTime:0.0170s ]
SQL: SELECT * FROM `ethan_menu` WHERE `parent_id` = 265 AND `show` = 1 ORDER BY `order` desc,`id` desc  [ RunTime:0.0161s ]
SQL: SELECT * FROM `ethan_menu` WHERE `parent_id` = 264 AND `show` = 1 ORDER BY `order` desc,`id` desc  [ RunTime:0.0151s ]
SQL: SHOW COLUMNS FROM `ethan_menu` [ RunTime:0.0157s ]
SQL: SELECT * FROM `ethan_menu` WHERE `parent_id` = 0 AND `show` = 1 ORDER BY `order` desc,`id` desc  [ RunTime:0.0174s ]
SQL: SELECT * FROM `ethan_menu` WHERE `parent_id` = 269 AND `show` = 1 ORDER BY `order` desc,`id` desc  [ RunTime:0.0165s ]
SQL: SELECT * FROM `ethan_menu` WHERE `parent_id` = 268 AND `show` = 1 ORDER BY `order` desc,`id` desc  [ RunTime:0.0180s ]
SQL: SELECT * FROM `ethan_menu` WHERE `parent_id` = 267 AND `show` = 1 ORDER BY `order` desc,`id` desc  [ RunTime:0.0173s ]
SQL: SELECT * FROM `ethan_menu` WHERE `parent_id` = 266 AND `show` = 1 ORDER BY `order` desc,`id` desc  [ RunTime:0.0176s ]
SQL: SELECT * FROM `ethan_menu` WHERE `parent_id` = 265 AND `show` = 1 ORDER BY `order` desc,`id` desc  [ RunTime:0.0160s ]
SQL: SELECT * FROM `ethan_menu` WHERE `parent_id` = 264 AND `show` = 1 ORDER BY `order` desc,`id` desc  [ RunTime:0.0161s ]
INFO: Run Behavior\ParseTemplateBehavior [ RunTime:0.407269s ]
INFO: [ view_parse ] --END-- [ RunTime:0.407391s ]
INFO: [ view_filter ] --START--
INFO: Run Behavior\WriteHtmlCacheBehavior [ RunTime:0.000289s ]
INFO: [ view_filter ] --END-- [ RunTime:0.000413s ]
INFO: [ app_end ] --START--
INFO: Run Behavior\ShowPageTraceBehavior [ RunTime:0.000375s ]
INFO: [ app_end ] --END-- [ RunTime:0.000455s ]

[ 2015-12-25T10:46:20+08:00 ] 127.0.0.1 /ethan-wechat/Public/admin.php
INFO: [ app_init ] --START--
INFO: Run Behavior\BuildLiteBehavior [ RunTime:0.000027s ]
INFO: [ app_init ] --END-- [ RunTime:0.000426s ]
INFO: [ app_begin ] --START--
INFO: Run Behavior\ReadHtmlCacheBehavior [ RunTime:0.000373s ]
INFO: [ app_begin ] --END-- [ RunTime:0.000454s ]
INFO: [ view_parse ] --START--
INFO: [ template_filter ] --START--
INFO: Run Behavior\ContentReplaceBehavior [ RunTime:0.000089s ]
INFO: [ template_filter ] --END-- [ RunTime:0.000176s ]
SQL: SHOW COLUMNS FROM `ethan_menu` [ RunTime:0.0160s ]
SQL: SELECT * FROM `ethan_menu` WHERE `parent_id` = 0 AND `show` = 1 ORDER BY `order` desc,`id` desc  [ RunTime:0.0175s ]
SQL: SELECT * FROM `ethan_menu` WHERE `parent_id` = 269 AND `show` = 1 ORDER BY `order` desc,`id` desc  [ RunTime:0.0126s ]
SQL: SELECT * FROM `ethan_menu` WHERE `parent_id` = 268 AND `show` = 1 ORDER BY `order` desc,`id` desc  [ RunTime:0.0163s ]
SQL: SELECT * FROM `ethan_menu` WHERE `parent_id` = 267 AND `show` = 1 ORDER BY `order` desc,`id` desc  [ RunTime:0.0166s ]
SQL: SELECT * FROM `ethan_menu` WHERE `parent_id` = 266 AND `show` = 1 ORDER BY `order` desc,`id` desc  [ RunTime:0.0180s ]
SQL: SELECT * FROM `ethan_menu` WHERE `parent_id` = 265 AND `show` = 1 ORDER BY `order` desc,`id` desc  [ RunTime:0.0167s ]
SQL: SELECT * FROM `ethan_menu` WHERE `parent_id` = 264 AND `show` = 1 ORDER BY `order` desc,`id` desc  [ RunTime:0.0136s ]
SQL: SHOW COLUMNS FROM `ethan_menu` [ RunTime:0.0154s ]
SQL: SELECT * FROM `ethan_menu` WHERE `parent_id` = 0 AND `show` = 1 ORDER BY `order` desc,`id` desc  [ RunTime:0.0133s ]
SQL: SELECT * FROM `ethan_menu` WHERE `parent_id` = 269 AND `show` = 1 ORDER BY `order` desc,`id` desc  [ RunTime:0.0162s ]
SQL: SELECT * FROM `ethan_menu` WHERE `parent_id` = 268 AND `show` = 1 ORDER BY `order` desc,`id` desc  [ RunTime:0.0142s ]
SQL: SELECT * FROM `ethan_menu` WHERE `parent_id` = 267 AND `show` = 1 ORDER BY `order` desc,`id` desc  [ RunTime:0.0163s ]
SQL: SELECT * FROM `ethan_menu` WHERE `parent_id` = 266 AND `show` = 1 ORDER BY `order` desc,`id` desc  [ RunTime:0.0171s ]
SQL: SELECT * FROM `ethan_menu` WHERE `parent_id` = 265 AND `show` = 1 ORDER BY `order` desc,`id` desc  [ RunTime:0.0532s ]
SQL: SELECT * FROM `ethan_menu` WHERE `parent_id` = 264 AND `show` = 1 ORDER BY `order` desc,`id` desc  [ RunTime:0.0162s ]
INFO: Run Behavior\ParseTemplateBehavior [ RunTime:0.883380s ]
INFO: [ view_parse ] --END-- [ RunTime:0.883496s ]
INFO: [ view_filter ] --START--
INFO: Run Behavior\WriteHtmlCacheBehavior [ RunTime:0.000281s ]
INFO: [ view_filter ] --END-- [ RunTime:0.000378s ]
INFO: [ view_parse ] --START--
NOTIC: [8] Undefined index: name /Applications/XAMPP/xamppfiles/htdocs/Ethan-Wechat/ThinkPHP/Library/Think/Template/TagLib/Html.class.php 第 41 行.
INFO: [ template_filter ] --START--
INFO: Run Behavior\ContentReplaceBehavior [ RunTime:0.000065s ]
INFO: [ template_filter ] --END-- [ RunTime:-0.878967s ]
INFO: Run Behavior\ParseTemplateBehavior [ RunTime:0.017010s ]
INFO: [ view_parse ] --END-- [ RunTime:-0.000744s ]
INFO: [ view_filter ] --START--
INFO: Run Behavior\WriteHtmlCacheBehavior [ RunTime:0.000019s ]
INFO: [ view_filter ] --END-- [ RunTime:-0.017413s ]
INFO: [ app_end ] --START--
INFO: Run Behavior\ShowPageTraceBehavior [ RunTime:0.000471s ]
INFO: [ app_end ] --END-- [ RunTime:0.000556s ]

[ 2015-12-25T10:49:15+08:00 ] 127.0.0.1 /ethan-wechat/Public/admin.php
INFO: [ app_init ] --START--
INFO: Run Behavior\BuildLiteBehavior [ RunTime:0.000018s ]
INFO: [ app_init ] --END-- [ RunTime:0.000267s ]
INFO: [ app_begin ] --START--
INFO: Run Behavior\ReadHtmlCacheBehavior [ RunTime:0.000330s ]
INFO: [ app_begin ] --END-- [ RunTime:0.000398s ]
INFO: [ view_parse ] --START--
INFO: [ template_filter ] --START--
INFO: Run Behavior\ContentReplaceBehavior [ RunTime:0.000066s ]
INFO: [ template_filter ] --END-- [ RunTime:0.000156s ]
SQL: SHOW COLUMNS FROM `ethan_menu` [ RunTime:0.0151s ]
SQL: SELECT * FROM `ethan_menu` WHERE `parent_id` = 0 AND `show` = 1 ORDER BY `order` desc,`id` desc  [ RunTime:0.0564s ]
SQL: SELECT * FROM `ethan_menu` WHERE `parent_id` = 269 AND `show` = 1 ORDER BY `order` desc,`id` desc  [ RunTime:0.0168s ]
SQL: SELECT * FROM `ethan_menu` WHERE `parent_id` = 268 AND `show` = 1 ORDER BY `order` desc,`id` desc  [ RunTime:0.0144s ]
SQL: SELECT * FROM `ethan_menu` WHERE `parent_id` = 267 AND `show` = 1 ORDER BY `order` desc,`id` desc  [ RunTime:0.0147s ]
SQL: SELECT * FROM `ethan_menu` WHERE `parent_id` = 266 AND `show` = 1 ORDER BY `order` desc,`id` desc  [ RunTime:0.0215s ]
SQL: SELECT * FROM `ethan_menu` WHERE `parent_id` = 265 AND `show` = 1 ORDER BY `order` desc,`id` desc  [ RunTime:0.0172s ]
SQL: SELECT * FROM `ethan_menu` WHERE `parent_id` = 264 AND `show` = 1 ORDER BY `order` desc,`id` desc  [ RunTime:0.0160s ]
SQL: SHOW COLUMNS FROM `ethan_menu` [ RunTime:0.0151s ]
SQL: SELECT * FROM `ethan_menu` WHERE `parent_id` = 0 AND `show` = 1 ORDER BY `order` desc,`id` desc  [ RunTime:0.0149s ]
SQL: SELECT * FROM `ethan_menu` WHERE `parent_id` = 269 AND `show` = 1 ORDER BY `order` desc,`id` desc  [ RunTime:0.0166s ]
SQL: SELECT * FROM `ethan_menu` WHERE `parent_id` = 268 AND `show` = 1 ORDER BY `order` desc,`id` desc  [ RunTime:0.0191s ]
SQL: SELECT * FROM `ethan_menu` WHERE `parent_id` = 267 AND `show` = 1 ORDER BY `order` desc,`id` desc  [ RunTime:0.0153s ]
SQL: SELECT * FROM `ethan_menu` WHERE `parent_id` = 266 AND `show` = 1 ORDER BY `order` desc,`id` desc  [ RunTime:0.0157s ]
SQL: SELECT * FROM `ethan_menu` WHERE `parent_id` = 265 AND `show` = 1 ORDER BY `order` desc,`id` desc  [ RunTime:0.0178s ]
SQL: SELECT * FROM `ethan_menu` WHERE `parent_id` = 264 AND `show` = 1 ORDER BY `order` desc,`id` desc  [ RunTime:0.0152s ]
INFO: Run Behavior\ParseTemplateBehavior [ RunTime:1.037479s ]
INFO: [ view_parse ] --END-- [ RunTime:1.037581s ]
INFO: [ view_filter ] --START--
INFO: Run Behavior\WriteHtmlCacheBehavior [ RunTime:0.000294s ]
INFO: [ view_filter ] --END-- [ RunTime:0.000415s ]
INFO: [ view_parse ] --START--
NOTIC: [8] Undefined index: name /Applications/XAMPP/xamppfiles/htdocs/Ethan-Wechat/ThinkPHP/Library/Think/Template/TagLib/Html.class.php 第 41 行.
INFO: [ template_filter ] --START--
INFO: Run Behavior\ContentReplaceBehavior [ RunTime:0.000060s ]
INFO: [ template_filter ] --END-- [ RunTime:-1.034584s ]
INFO: Run Behavior\ParseTemplateBehavior [ RunTime:0.016135s ]
INFO: [ view_parse ] --END-- [ RunTime:-0.000790s ]
INFO: [ view_filter ] --START--
INFO: Run Behavior\WriteHtmlCacheBehavior [ RunTime:0.000022s ]
INFO: [ view_filter ] --END-- [ RunTime:-0.016581s ]
INFO: [ app_end ] --START--
INFO: Run Behavior\ShowPageTraceBehavior [ RunTime:0.000506s ]
INFO: [ app_end ] --END-- [ RunTime:0.000611s ]

[ 2015-12-25T11:02:32+08:00 ] 127.0.0.1 /ethan-wechat/Public/admin.php
INFO: [ app_init ] --START--
INFO: Run Behavior\BuildLiteBehavior [ RunTime:0.000042s ]
INFO: [ app_init ] --END-- [ RunTime:0.000967s ]
INFO: [ app_begin ] --START--
INFO: Run Behavior\ReadHtmlCacheBehavior [ RunTime:0.001817s ]
INFO: [ app_begin ] --END-- [ RunTime:0.001972s ]
INFO: [ view_parse ] --START--
INFO: [ template_filter ] --START--
INFO: Run Behavior\ContentReplaceBehavior [ RunTime:0.000103s ]
INFO: [ template_filter ] --END-- [ RunTime:0.000197s ]
SQL: SHOW COLUMNS FROM `ethan_menu` [ RunTime:0.0201s ]
SQL: SELECT * FROM `ethan_menu` WHERE `parent_id` = 0 AND `show` = 1 ORDER BY `order` desc,`id` desc  [ RunTime:0.0146s ]
SQL: SELECT * FROM `ethan_menu` WHERE `parent_id` = 269 AND `show` = 1 ORDER BY `order` desc,`id` desc  [ RunTime:0.0150s ]
SQL: SELECT * FROM `ethan_menu` WHERE `parent_id` = 268 AND `show` = 1 ORDER BY `order` desc,`id` desc  [ RunTime:0.0158s ]
SQL: SELECT * FROM `ethan_menu` WHERE `parent_id` = 267 AND `show` = 1 ORDER BY `order` desc,`id` desc  [ RunTime:0.0155s ]
SQL: SELECT * FROM `ethan_menu` WHERE `parent_id` = 266 AND `show` = 1 ORDER BY `order` desc,`id` desc  [ RunTime:0.0160s ]
SQL: SELECT * FROM `ethan_menu` WHERE `parent_id` = 265 AND `show` = 1 ORDER BY `order` desc,`id` desc  [ RunTime:0.0216s ]
SQL: SELECT * FROM `ethan_menu` WHERE `parent_id` = 264 AND `show` = 1 ORDER BY `order` desc,`id` desc  [ RunTime:0.0154s ]
SQL: SHOW COLUMNS FROM `ethan_menu` [ RunTime:0.0214s ]
SQL: SELECT * FROM `ethan_menu` WHERE `parent_id` = 0 AND `show` = 1 ORDER BY `order` desc,`id` desc  [ RunTime:0.0166s ]
SQL: SELECT * FROM `ethan_menu` WHERE `parent_id` = 269 AND `show` = 1 ORDER BY `order` desc,`id` desc  [ RunTime:0.0157s ]
SQL: SELECT * FROM `ethan_menu` WHERE `parent_id` = 268 AND `show` = 1 ORDER BY `order` desc,`id` desc  [ RunTime:0.0146s ]
SQL: SELECT * FROM `ethan_menu` WHERE `parent_id` = 267 AND `show` = 1 ORDER BY `order` desc,`id` desc  [ RunTime:0.0148s ]
SQL: SELECT * FROM `ethan_menu` WHERE `parent_id` = 266 AND `show` = 1 ORDER BY `order` desc,`id` desc  [ RunTime:0.0138s ]
SQL: SELECT * FROM `ethan_menu` WHERE `parent_id` = 265 AND `show` = 1 ORDER BY `order` desc,`id` desc  [ RunTime:0.0144s ]
SQL: SELECT * FROM `ethan_menu` WHERE `parent_id` = 264 AND `show` = 1 ORDER BY `order` desc,`id` desc  [ RunTime:0.0161s ]
INFO: Run Behavior\ParseTemplateBehavior [ RunTime:0.638082s ]
INFO: [ view_parse ] --END-- [ RunTime:0.638246s ]
INFO: [ view_filter ] --START--
INFO: Run Behavior\WriteHtmlCacheBehavior [ RunTime:0.001342s ]
INFO: [ view_filter ] --END-- [ RunTime:0.001441s ]
INFO: [ view_parse ] --START--
NOTIC: [8] Undefined index: name /Applications/XAMPP/xamppfiles/htdocs/Ethan-Wechat/ThinkPHP/Library/Think/Template/TagLib/Html.class.php 第 41 行.
INFO: [ template_filter ] --START--
INFO: Run Behavior\ContentReplaceBehavior [ RunTime:0.000103s ]
INFO: [ template_filter ] --END-- [ RunTime:-0.629115s ]
INFO: Run Behavior\ParseTemplateBehavior [ RunTime:0.012831s ]
INFO: [ view_parse ] --END-- [ RunTime:-0.001891s ]
INFO: [ view_filter ] --START--
INFO: Run Behavior\WriteHtmlCacheBehavior [ RunTime:0.000020s ]
INFO: [ view_filter ] --END-- [ RunTime:-0.013302s ]
INFO: [ app_end ] --START--
INFO: Run Behavior\ShowPageTraceBehavior [ RunTime:0.000846s ]
INFO: [ app_end ] --END-- [ RunTime:0.000963s ]

[ 2015-12-25T11:02:46+08:00 ] 127.0.0.1 /ethan-wechat/Public/admin.php
INFO: [ app_init ] --START--
INFO: Run Behavior\BuildLiteBehavior [ RunTime:0.000018s ]
INFO: [ app_init ] --END-- [ RunTime:0.000388s ]
INFO: [ app_begin ] --START--
INFO: Run Behavior\ReadHtmlCacheBehavior [ RunTime:0.000384s ]
INFO: [ app_begin ] --END-- [ RunTime:0.000467s ]
INFO: [ view_parse ] --START--
INFO: [ template_filter ] --START--
INFO: Run Behavior\ContentReplaceBehavior [ RunTime:0.000064s ]
INFO: [ template_filter ] --END-- [ RunTime:0.000139s ]
SQL: SHOW COLUMNS FROM `ethan_menu` [ RunTime:0.0166s ]
SQL: SELECT * FROM `ethan_menu` WHERE `parent_id` = 0 AND `show` = 1 ORDER BY `order` desc,`id` desc  [ RunTime:0.0190s ]
SQL: SELECT * FROM `ethan_menu` WHERE `parent_id` = 269 AND `show` = 1 ORDER BY `order` desc,`id` desc  [ RunTime:0.0167s ]
SQL: SELECT * FROM `ethan_menu` WHERE `parent_id` = 268 AND `show` = 1 ORDER BY `order` desc,`id` desc  [ RunTime:0.0172s ]
SQL: SELECT * FROM `ethan_menu` WHERE `parent_id` = 267 AND `show` = 1 ORDER BY `order` desc,`id` desc  [ RunTime:0.0160s ]
SQL: SELECT * FROM `ethan_menu` WHERE `parent_id` = 266 AND `show` = 1 ORDER BY `order` desc,`id` desc  [ RunTime:0.0165s ]
SQL: SELECT * FROM `ethan_menu` WHERE `parent_id` = 265 AND `show` = 1 ORDER BY `order` desc,`id` desc  [ RunTime:0.0135s ]
SQL: SELECT * FROM `ethan_menu` WHERE `parent_id` = 264 AND `show` = 1 ORDER BY `order` desc,`id` desc  [ RunTime:0.0181s ]
SQL: SHOW COLUMNS FROM `ethan_menu` [ RunTime:0.0174s ]
SQL: SELECT * FROM `ethan_menu` WHERE `parent_id` = 0 AND `show` = 1 ORDER BY `order` desc,`id` desc  [ RunTime:0.0148s ]
SQL: SELECT * FROM `ethan_menu` WHERE `parent_id` = 269 AND `show` = 1 ORDER BY `order` desc,`id` desc  [ RunTime:0.0175s ]
SQL: SELECT * FROM `ethan_menu` WHERE `parent_id` = 268 AND `show` = 1 ORDER BY `order` desc,`id` desc  [ RunTime:0.0156s ]
SQL: SELECT * FROM `ethan_menu` WHERE `parent_id` = 267 AND `show` = 1 ORDER BY `order` desc,`id` desc  [ RunTime:0.0142s ]
SQL: SELECT * FROM `ethan_menu` WHERE `parent_id` = 266 AND `show` = 1 ORDER BY `order` desc,`id` desc  [ RunTime:0.0149s ]
SQL: SELECT * FROM `ethan_menu` WHERE `parent_id` = 265 AND `show` = 1 ORDER BY `order` desc,`id` desc  [ RunTime:0.0696s ]
SQL: SELECT * FROM `ethan_menu` WHERE `parent_id` = 264 AND `show` = 1 ORDER BY `order` desc,`id` desc  [ RunTime:0.0161s ]
INFO: Run Behavior\ParseTemplateBehavior [ RunTime:0.417544s ]
INFO: [ view_parse ] --END-- [ RunTime:0.417638s ]
INFO: [ view_filter ] --START--
INFO: Run Behavior\WriteHtmlCacheBehavior [ RunTime:0.000206s ]
INFO: [ view_filter ] --END-- [ RunTime:0.000322s ]
INFO: [ view_parse ] --START--
NOTIC: [8] Undefined index: name /Applications/XAMPP/xamppfiles/htdocs/Ethan-Wechat/ThinkPHP/Library/Think/Template/TagLib/Html.class.php 第 41 行.
INFO: [ template_filter ] --START--
INFO: Run Behavior\ContentReplaceBehavior [ RunTime:0.000060s ]
INFO: [ template_filter ] --END-- [ RunTime:-0.414885s ]
INFO: Run Behavior\ParseTemplateBehavior [ RunTime:0.011749s ]
INFO: [ view_parse ] --END-- [ RunTime:-0.000624s ]
INFO: [ view_filter ] --START--
INFO: Run Behavior\WriteHtmlCacheBehavior [ RunTime:0.000063s ]
INFO: [ view_filter ] --END-- [ RunTime:-0.012241s ]
INFO: [ app_end ] --START--
INFO: Run Behavior\ShowPageTraceBehavior [ RunTime:0.001336s ]
INFO: [ app_end ] --END-- [ RunTime:0.001829s ]

[ 2015-12-25T11:02:49+08:00 ] 127.0.0.1 /ethan-wechat/Public/admin.php/Index/save.html
INFO: [ app_init ] --START--
INFO: Run Behavior\BuildLiteBehavior [ RunTime:0.000019s ]
INFO: [ app_init ] --END-- [ RunTime:0.000285s ]
INFO: [ app_begin ] --START--
INFO: Run Behavior\ReadHtmlCacheBehavior [ RunTime:0.000285s ]
INFO: [ app_begin ] --END-- [ RunTime:0.000362s ]
INFO: [ view_parse ] --START--
INFO: [ template_filter ] --START--
INFO: Run Behavior\ContentReplaceBehavior [ RunTime:0.000063s ]
INFO: [ template_filter ] --END-- [ RunTime:0.000151s ]
SQL: SHOW COLUMNS FROM `ethan_menu` [ RunTime:0.0141s ]
SQL: SELECT * FROM `ethan_menu` WHERE `parent_id` = 0 AND `show` = 1 ORDER BY `order` desc,`id` desc  [ RunTime:0.0134s ]
SQL: SELECT * FROM `ethan_menu` WHERE `parent_id` = 269 AND `show` = 1 ORDER BY `order` desc,`id` desc  [ RunTime:0.0164s ]
SQL: SELECT * FROM `ethan_menu` WHERE `parent_id` = 268 AND `show` = 1 ORDER BY `order` desc,`id` desc  [ RunTime:0.0147s ]
SQL: SELECT * FROM `ethan_menu` WHERE `parent_id` = 267 AND `show` = 1 ORDER BY `order` desc,`id` desc  [ RunTime:0.0178s ]
SQL: SELECT * FROM `ethan_menu` WHERE `parent_id` = 266 AND `show` = 1 ORDER BY `order` desc,`id` desc  [ RunTime:0.0162s ]
SQL: SELECT * FROM `ethan_menu` WHERE `parent_id` = 265 AND `show` = 1 ORDER BY `order` desc,`id` desc  [ RunTime:0.0204s ]
SQL: SELECT * FROM `ethan_menu` WHERE `parent_id` = 264 AND `show` = 1 ORDER BY `order` desc,`id` desc  [ RunTime:0.0125s ]
SQL: SHOW COLUMNS FROM `ethan_menu` [ RunTime:0.0156s ]
SQL: SELECT * FROM `ethan_menu` WHERE `parent_id` = 0 AND `show` = 1 ORDER BY `order` desc,`id` desc  [ RunTime:0.0200s ]
SQL: SELECT * FROM `ethan_menu` WHERE `parent_id` = 269 AND `show` = 1 ORDER BY `order` desc,`id` desc  [ RunTime:0.0157s ]
SQL: SELECT * FROM `ethan_menu` WHERE `parent_id` = 268 AND `show` = 1 ORDER BY `order` desc,`id` desc  [ RunTime:0.0198s ]
SQL: SELECT * FROM `ethan_menu` WHERE `parent_id` = 267 AND `show` = 1 ORDER BY `order` desc,`id` desc  [ RunTime:0.0203s ]
SQL: SELECT * FROM `ethan_menu` WHERE `parent_id` = 266 AND `show` = 1 ORDER BY `order` desc,`id` desc  [ RunTime:0.0159s ]
SQL: SELECT * FROM `ethan_menu` WHERE `parent_id` = 265 AND `show` = 1 ORDER BY `order` desc,`id` desc  [ RunTime:0.0126s ]
SQL: SELECT * FROM `ethan_menu` WHERE `parent_id` = 264 AND `show` = 1 ORDER BY `order` desc,`id` desc  [ RunTime:0.0173s ]
INFO: Run Behavior\ParseTemplateBehavior [ RunTime:0.349731s ]
INFO: [ view_parse ] --END-- [ RunTime:0.349846s ]
INFO: [ view_filter ] --START--
INFO: Run Behavior\WriteHtmlCacheBehavior [ RunTime:0.000311s ]
INFO: [ view_filter ] --END-- [ RunTime:0.000430s ]
INFO: [ app_end ] --START--
INFO: Run Behavior\ShowPageTraceBehavior [ RunTime:0.000544s ]
INFO: [ app_end ] --END-- [ RunTime:0.000725s ]

[ 2015-12-25T11:05:41+08:00 ] 127.0.0.1 /ethan-wechat/Public/admin.php
INFO: [ app_init ] --START--
INFO: Run Behavior\BuildLiteBehavior [ RunTime:0.000017s ]
INFO: [ app_init ] --END-- [ RunTime:0.000397s ]
INFO: [ app_begin ] --START--
INFO: Run Behavior\ReadHtmlCacheBehavior [ RunTime:0.000680s ]
INFO: [ app_begin ] --END-- [ RunTime:0.000815s ]
INFO: [ view_parse ] --START--
INFO: [ template_filter ] --START--
INFO: Run Behavior\ContentReplaceBehavior [ RunTime:0.000076s ]
INFO: [ template_filter ] --END-- [ RunTime:0.000165s ]
SQL: SHOW COLUMNS FROM `ethan_menu` [ RunTime:0.0270s ]
SQL: SELECT * FROM `ethan_menu` WHERE `parent_id` = 0 AND `show` = 1 ORDER BY `order` desc,`id` desc  [ RunTime:0.0290s ]
SQL: SELECT * FROM `ethan_menu` WHERE `parent_id` = 269 AND `show` = 1 ORDER BY `order` desc,`id` desc  [ RunTime:0.0666s ]
SQL: SELECT * FROM `ethan_menu` WHERE `parent_id` = 268 AND `show` = 1 ORDER BY `order` desc,`id` desc  [ RunTime:0.0274s ]
SQL: SELECT * FROM `ethan_menu` WHERE `parent_id` = 267 AND `show` = 1 ORDER BY `order` desc,`id` desc  [ RunTime:0.0259s ]
SQL: SELECT * FROM `ethan_menu` WHERE `parent_id` = 266 AND `show` = 1 ORDER BY `order` desc,`id` desc  [ RunTime:0.0208s ]
SQL: SELECT * FROM `ethan_menu` WHERE `parent_id` = 265 AND `show` = 1 ORDER BY `order` desc,`id` desc  [ RunTime:0.0180s ]
SQL: SELECT * FROM `ethan_menu` WHERE `parent_id` = 264 AND `show` = 1 ORDER BY `order` desc,`id` desc  [ RunTime:0.0135s ]
SQL: SHOW COLUMNS FROM `ethan_menu` [ RunTime:0.0144s ]
SQL: SELECT * FROM `ethan_menu` WHERE `parent_id` = 0 AND `show` = 1 ORDER BY `order` desc,`id` desc  [ RunTime:0.0148s ]
SQL: SELECT * FROM `ethan_menu` WHERE `parent_id` = 269 AND `show` = 1 ORDER BY `order` desc,`id` desc  [ RunTime:0.0158s ]
SQL: SELECT * FROM `ethan_menu` WHERE `parent_id` = 268 AND `show` = 1 ORDER BY `order` desc,`id` desc  [ RunTime:0.0245s ]
SQL: SELECT * FROM `ethan_menu` WHERE `parent_id` = 267 AND `show` = 1 ORDER BY `order` desc,`id` desc  [ RunTime:0.0205s ]
SQL: SELECT * FROM `ethan_menu` WHERE `parent_id` = 266 AND `show` = 1 ORDER BY `order` desc,`id` desc  [ RunTime:0.0274s ]
SQL: SELECT * FROM `ethan_menu` WHERE `parent_id` = 265 AND `show` = 1 ORDER BY `order` desc,`id` desc  [ RunTime:0.0294s ]
SQL: SELECT * FROM `ethan_menu` WHERE `parent_id` = 264 AND `show` = 1 ORDER BY `order` desc,`id` desc  [ RunTime:0.0253s ]
INFO: Run Behavior\ParseTemplateBehavior [ RunTime:1.103926s ]
INFO: [ view_parse ] --END-- [ RunTime:1.104043s ]
INFO: [ view_filter ] --START--
INFO: Run Behavior\WriteHtmlCacheBehavior [ RunTime:0.000178s ]
INFO: [ view_filter ] --END-- [ RunTime:0.000253s ]
INFO: [ view_parse ] --START--
NOTIC: [8] Undefined index: name /Applications/XAMPP/xamppfiles/htdocs/Ethan-Wechat/ThinkPHP/Library/Think/Template/TagLib/Html.class.php 第 41 行.
INFO: [ template_filter ] --START--
INFO: Run Behavior\ContentReplaceBehavior [ RunTime:0.000063s ]
INFO: [ template_filter ] --END-- [ RunTime:-1.097769s ]
INFO: Run Behavior\ParseTemplateBehavior [ RunTime:0.021047s ]
INFO: [ view_parse ] --END-- [ RunTime:-0.000538s ]
INFO: [ view_filter ] --START--
INFO: Run Behavior\WriteHtmlCacheBehavior [ RunTime:0.000020s ]
INFO: [ view_filter ] --END-- [ RunTime:-0.021400s ]
INFO: [ app_end ] --START--
INFO: Run Behavior\ShowPageTraceBehavior [ RunTime:0.000544s ]
INFO: [ app_end ] --END-- [ RunTime:0.000667s ]

[ 2015-12-25T11:10:01+08:00 ] 127.0.0.1 /ethan-wechat/Public/admin.php
INFO: [ app_init ] --START--
INFO: Run Behavior\BuildLiteBehavior [ RunTime:0.000048s ]
INFO: [ app_init ] --END-- [ RunTime:0.000727s ]
INFO: [ app_begin ] --START--
INFO: Run Behavior\ReadHtmlCacheBehavior [ RunTime:0.000682s ]
INFO: [ app_begin ] --END-- [ RunTime:0.000865s ]
INFO: [ view_parse ] --START--
INFO: [ template_filter ] --START--
INFO: Run Behavior\ContentReplaceBehavior [ RunTime:0.000158s ]
INFO: [ template_filter ] --END-- [ RunTime:0.000351s ]
SQL: SHOW COLUMNS FROM `ethan_menu` [ RunTime:0.0155s ]
SQL: SELECT * FROM `ethan_menu` WHERE `parent_id` = 0 AND `show` = 1 ORDER BY `order` desc,`id` desc  [ RunTime:0.0175s ]
SQL: SELECT * FROM `ethan_menu` WHERE `parent_id` = 269 AND `show` = 1 ORDER BY `order` desc,`id` desc  [ RunTime:0.0156s ]
SQL: SELECT * FROM `ethan_menu` WHERE `parent_id` = 268 AND `show` = 1 ORDER BY `order` desc,`id` desc  [ RunTime:0.0180s ]
SQL: SELECT * FROM `ethan_menu` WHERE `parent_id` = 267 AND `show` = 1 ORDER BY `order` desc,`id` desc  [ RunTime:0.0216s ]
SQL: SELECT * FROM `ethan_menu` WHERE `parent_id` = 266 AND `show` = 1 ORDER BY `order` desc,`id` desc  [ RunTime:0.0194s ]
SQL: SELECT * FROM `ethan_menu` WHERE `parent_id` = 265 AND `show` = 1 ORDER BY `order` desc,`id` desc  [ RunTime:0.0250s ]
SQL: SELECT * FROM `ethan_menu` WHERE `parent_id` = 264 AND `show` = 1 ORDER BY `order` desc,`id` desc  [ RunTime:0.0281s ]
SQL: SHOW COLUMNS FROM `ethan_menu` [ RunTime:0.0313s ]
SQL: SELECT * FROM `ethan_menu` WHERE `parent_id` = 0 AND `show` = 1 ORDER BY `order` desc,`id` desc  [ RunTime:0.0394s ]
SQL: SELECT * FROM `ethan_menu` WHERE `parent_id` = 269 AND `show` = 1 ORDER BY `order` desc,`id` desc  [ RunTime:0.0224s ]
SQL: SELECT * FROM `ethan_menu` WHERE `parent_id` = 268 AND `show` = 1 ORDER BY `order` desc,`id` desc  [ RunTime:0.0161s ]
SQL: SELECT * FROM `ethan_menu` WHERE `parent_id` = 267 AND `show` = 1 ORDER BY `order` desc,`id` desc  [ RunTime:0.0171s ]
SQL: SELECT * FROM `ethan_menu` WHERE `parent_id` = 266 AND `show` = 1 ORDER BY `order` desc,`id` desc  [ RunTime:0.0186s ]
SQL: SELECT * FROM `ethan_menu` WHERE `parent_id` = 265 AND `show` = 1 ORDER BY `order` desc,`id` desc  [ RunTime:0.0174s ]
SQL: SELECT * FROM `ethan_menu` WHERE `parent_id` = 264 AND `show` = 1 ORDER BY `order` desc,`id` desc  [ RunTime:0.0176s ]
INFO: Run Behavior\ParseTemplateBehavior [ RunTime:2.155716s ]
INFO: [ view_parse ] --END-- [ RunTime:2.155805s ]
INFO: [ view_filter ] --START--
INFO: Run Behavior\WriteHtmlCacheBehavior [ RunTime:0.000203s ]
INFO: [ view_filter ] --END-- [ RunTime:0.000277s ]
INFO: [ view_parse ] --START--
NOTIC: [8] Undefined index: name /Applications/XAMPP/xamppfiles/htdocs/Ethan-Wechat/ThinkPHP/Library/Think/Template/TagLib/Html.class.php 第 41 行.
INFO: [ template_filter ] --START--
INFO: Run Behavior\ContentReplaceBehavior [ RunTime:0.000068s ]
INFO: [ template_filter ] --END-- [ RunTime:-2.148082s ]
INFO: Run Behavior\ParseTemplateBehavior [ RunTime:0.020412s ]
INFO: [ view_parse ] --END-- [ RunTime:-0.000583s ]
INFO: [ view_filter ] --START--
INFO: Run Behavior\WriteHtmlCacheBehavior [ RunTime:0.000022s ]
INFO: [ view_filter ] --END-- [ RunTime:-0.020867s ]
INFO: [ app_end ] --START--
INFO: Run Behavior\ShowPageTraceBehavior [ RunTime:0.000506s ]
INFO: [ app_end ] --END-- [ RunTime:0.000601s ]

[ 2015-12-25T11:15:50+08:00 ] 127.0.0.1 /ethan-wechat/Public/admin.php
INFO: [ app_init ] --START--
INFO: Run Behavior\BuildLiteBehavior [ RunTime:0.000022s ]
INFO: [ app_init ] --END-- [ RunTime:0.000322s ]
INFO: [ app_begin ] --START--
INFO: Run Behavior\ReadHtmlCacheBehavior [ RunTime:0.000461s ]
INFO: [ app_begin ] --END-- [ RunTime:0.000576s ]
INFO: [ view_parse ] --START--
INFO: [ template_filter ] --START--
INFO: Run Behavior\ContentReplaceBehavior [ RunTime:0.000090s ]
INFO: [ template_filter ] --END-- [ RunTime:0.000191s ]
SQL: SHOW COLUMNS FROM `ethan_menu` [ RunTime:0.0178s ]
SQL: SELECT * FROM `ethan_menu` WHERE `parent_id` = 0 AND `show` = 1 ORDER BY `order` desc,`id` desc  [ RunTime:0.0153s ]
SQL: SELECT * FROM `ethan_menu` WHERE `parent_id` = 269 AND `show` = 1 ORDER BY `order` desc,`id` desc  [ RunTime:0.0152s ]
SQL: SELECT * FROM `ethan_menu` WHERE `parent_id` = 268 AND `show` = 1 ORDER BY `order` desc,`id` desc  [ RunTime:0.0159s ]
SQL: SELECT * FROM `ethan_menu` WHERE `parent_id` = 267 AND `show` = 1 ORDER BY `order` desc,`id` desc  [ RunTime:0.0160s ]
SQL: SELECT * FROM `ethan_menu` WHERE `parent_id` = 266 AND `show` = 1 ORDER BY `order` desc,`id` desc  [ RunTime:0.0141s ]
SQL: SELECT * FROM `ethan_menu` WHERE `parent_id` = 265 AND `show` = 1 ORDER BY `order` desc,`id` desc  [ RunTime:0.0181s ]
SQL: SELECT * FROM `ethan_menu` WHERE `parent_id` = 264 AND `show` = 1 ORDER BY `order` desc,`id` desc  [ RunTime:0.0150s ]
SQL: SHOW COLUMNS FROM `ethan_menu` [ RunTime:0.0149s ]
SQL: SELECT * FROM `ethan_menu` WHERE `parent_id` = 0 AND `show` = 1 ORDER BY `order` desc,`id` desc  [ RunTime:0.0153s ]
SQL: SELECT * FROM `ethan_menu` WHERE `parent_id` = 269 AND `show` = 1 ORDER BY `order` desc,`id` desc  [ RunTime:0.0157s ]
SQL: SELECT * FROM `ethan_menu` WHERE `parent_id` = 268 AND `show` = 1 ORDER BY `order` desc,`id` desc  [ RunTime:0.0168s ]
SQL: SELECT * FROM `ethan_menu` WHERE `parent_id` = 267 AND `show` = 1 ORDER BY `order` desc,`id` desc  [ RunTime:0.0142s ]
SQL: SELECT * FROM `ethan_menu` WHERE `parent_id` = 266 AND `show` = 1 ORDER BY `order` desc,`id` desc  [ RunTime:0.0186s ]
SQL: SELECT * FROM `ethan_menu` WHERE `parent_id` = 265 AND `show` = 1 ORDER BY `order` desc,`id` desc  [ RunTime:0.0159s ]
SQL: SELECT * FROM `ethan_menu` WHERE `parent_id` = 264 AND `show` = 1 ORDER BY `order` desc,`id` desc  [ RunTime:0.0166s ]
INFO: Run Behavior\ParseTemplateBehavior [ RunTime:1.590443s ]
INFO: [ view_parse ] --END-- [ RunTime:1.590528s ]
INFO: [ view_filter ] --START--
INFO: Run Behavior\WriteHtmlCacheBehavior [ RunTime:0.000211s ]
INFO: [ view_filter ] --END-- [ RunTime:0.000286s ]
INFO: [ view_parse ] --START--
NOTIC: [8] Undefined index: name /Applications/XAMPP/xamppfiles/htdocs/Ethan-Wechat/ThinkPHP/Library/Think/Template/TagLib/Html.class.php 第 41 行.
INFO: [ template_filter ] --START--
INFO: Run Behavior\ContentReplaceBehavior [ RunTime:0.000068s ]
INFO: [ template_filter ] --END-- [ RunTime:-1.582892s ]
INFO: Run Behavior\ParseTemplateBehavior [ RunTime:0.021118s ]
INFO: [ view_parse ] --END-- [ RunTime:-0.000520s ]
INFO: [ view_filter ] --START--
INFO: Run Behavior\WriteHtmlCacheBehavior [ RunTime:0.000020s ]
INFO: [ view_filter ] --END-- [ RunTime:-0.021425s ]
INFO: [ app_end ] --START--
INFO: Run Behavior\ShowPageTraceBehavior [ RunTime:0.000450s ]
INFO: [ app_end ] --END-- [ RunTime:0.000591s ]

[ 2015-12-25T11:16:14+08:00 ] 127.0.0.1 /ethan-wechat/Public/admin.php
INFO: [ app_init ] --START--
INFO: Run Behavior\BuildLiteBehavior [ RunTime:0.000022s ]
INFO: [ app_init ] --END-- [ RunTime:0.000297s ]
INFO: [ app_begin ] --START--
INFO: Run Behavior\ReadHtmlCacheBehavior [ RunTime:0.000389s ]
INFO: [ app_begin ] --END-- [ RunTime:0.000490s ]
INFO: [ view_parse ] --START--
INFO: [ template_filter ] --START--
INFO: Run Behavior\ContentReplaceBehavior [ RunTime:0.000138s ]
INFO: [ template_filter ] --END-- [ RunTime:0.000282s ]
SQL: SHOW COLUMNS FROM `ethan_menu` [ RunTime:0.0175s ]
SQL: SELECT * FROM `ethan_menu` WHERE `parent_id` = 0 AND `show` = 1 ORDER BY `order` desc,`id` desc  [ RunTime:0.0151s ]
SQL: SELECT * FROM `ethan_menu` WHERE `parent_id` = 269 AND `show` = 1 ORDER BY `order` desc,`id` desc  [ RunTime:0.0203s ]
SQL: SELECT * FROM `ethan_menu` WHERE `parent_id` = 268 AND `show` = 1 ORDER BY `order` desc,`id` desc  [ RunTime:0.0169s ]
SQL: SELECT * FROM `ethan_menu` WHERE `parent_id` = 267 AND `show` = 1 ORDER BY `order` desc,`id` desc  [ RunTime:0.0176s ]
SQL: SELECT * FROM `ethan_menu` WHERE `parent_id` = 266 AND `show` = 1 ORDER BY `order` desc,`id` desc  [ RunTime:0.0167s ]
SQL: SELECT * FROM `ethan_menu` WHERE `parent_id` = 265 AND `show` = 1 ORDER BY `order` desc,`id` desc  [ RunTime:0.0179s ]
SQL: SELECT * FROM `ethan_menu` WHERE `parent_id` = 264 AND `show` = 1 ORDER BY `order` desc,`id` desc  [ RunTime:0.0164s ]
SQL: SHOW COLUMNS FROM `ethan_menu` [ RunTime:0.0149s ]
SQL: SELECT * FROM `ethan_menu` WHERE `parent_id` = 0 AND `show` = 1 ORDER BY `order` desc,`id` desc  [ RunTime:0.0175s ]
SQL: SELECT * FROM `ethan_menu` WHERE `parent_id` = 269 AND `show` = 1 ORDER BY `order` desc,`id` desc  [ RunTime:0.0215s ]
SQL: SELECT * FROM `ethan_menu` WHERE `parent_id` = 268 AND `show` = 1 ORDER BY `order` desc,`id` desc  [ RunTime:0.0183s ]
SQL: SELECT * FROM `ethan_menu` WHERE `parent_id` = 267 AND `show` = 1 ORDER BY `order` desc,`id` desc  [ RunTime:0.0170s ]
SQL: SELECT * FROM `ethan_menu` WHERE `parent_id` = 266 AND `show` = 1 ORDER BY `order` desc,`id` desc  [ RunTime:0.0230s ]
SQL: SELECT * FROM `ethan_menu` WHERE `parent_id` = 265 AND `show` = 1 ORDER BY `order` desc,`id` desc  [ RunTime:0.0167s ]
SQL: SELECT * FROM `ethan_menu` WHERE `parent_id` = 264 AND `show` = 1 ORDER BY `order` desc,`id` desc  [ RunTime:0.0180s ]
INFO: Run Behavior\ParseTemplateBehavior [ RunTime:0.432106s ]
INFO: [ view_parse ] --END-- [ RunTime:0.432203s ]
INFO: [ view_filter ] --START--
INFO: Run Behavior\WriteHtmlCacheBehavior [ RunTime:0.000199s ]
INFO: [ view_filter ] --END-- [ RunTime:0.000272s ]
INFO: [ view_parse ] --START--
NOTIC: [8] Undefined index: name /Applications/XAMPP/xamppfiles/htdocs/Ethan-Wechat/ThinkPHP/Library/Think/Template/TagLib/Html.class.php 第 41 行.
INFO: [ template_filter ] --START--
INFO: Run Behavior\ContentReplaceBehavior [ RunTime:0.000066s ]
INFO: [ template_filter ] --END-- [ RunTime:-0.424754s ]
INFO: Run Behavior\ParseTemplateBehavior [ RunTime:0.021626s ]
INFO: [ view_parse ] --END-- [ RunTime:-0.000565s ]
INFO: [ view_filter ] --START--
INFO: Run Behavior\WriteHtmlCacheBehavior [ RunTime:0.000018s ]
INFO: [ view_filter ] --END-- [ RunTime:-0.022009s ]
INFO: [ app_end ] --START--
INFO: Run Behavior\ShowPageTraceBehavior [ RunTime:0.000466s ]
INFO: [ app_end ] --END-- [ RunTime:0.000554s ]

