[ 2015-12-18T08:33:55+08:00 ] 127.0.0.1 /Ethan-wechat/Public/admin.php
INFO: [ app_init ] --START--
INFO: Run Behavior\BuildLiteBehavior [ RunTime:0.000027s ]
INFO: [ app_init ] --END-- [ RunTime:0.002007s ]
INFO: [ app_begin ] --START--
INFO: Run Behavior\ReadHtmlCacheBehavior [ RunTime:0.001983s ]
INFO: [ app_begin ] --END-- [ RunTime:0.002071s ]
INFO: [ view_parse ] --START--
NOTIC: [8] Undefined index: name /Applications/XAMPP/xamppfiles/htdocs/Ethan-Wechat/ThinkPHP/Library/Think/Template/TagLib/Html.class.php 第 41 行.
INFO: [ template_filter ] --START--
INFO: Run Behavior\ContentReplaceBehavior [ RunTime:0.000128s ]
INFO: [ template_filter ] --END-- [ RunTime:0.000214s ]
INFO: Run Behavior\ParseTemplateBehavior [ RunTime:0.109462s ]
INFO: [ view_parse ] --END-- [ RunTime:0.109581s ]
INFO: [ view_filter ] --START--
INFO: Run Behavior\WriteHtmlCacheBehavior [ RunTime:0.006390s ]
INFO: [ view_filter ] --END-- [ RunTime:0.006473s ]
INFO: [ app_end ] --START--
INFO: Run Behavior\ShowPageTraceBehavior [ RunTime:0.006674s ]
INFO: [ app_end ] --END-- [ RunTime:0.006771s ]

[ 2015-12-18T13:49:43+08:00 ] 127.0.0.1 /ethan-wechat/Public/admin.php/admin/Index/index
INFO: [ app_init ] --START--
INFO: Run Behavior\BuildLiteBehavior [ RunTime:0.000025s ]
INFO: [ app_init ] --END-- [ RunTime:0.000400s ]
INFO: [ app_begin ] --START--
INFO: Run Behavior\ReadHtmlCacheBehavior [ RunTime:0.000530s ]
INFO: [ app_begin ] --END-- [ RunTime:0.000619s ]
INFO: [ view_parse ] --START--
NOTIC: [8] Undefined index: name /Applications/XAMPP/xamppfiles/htdocs/Ethan-Wechat/ThinkPHP/Library/Think/Template/TagLib/Html.class.php 第 41 行.
INFO: [ template_filter ] --START--
INFO: Run Behavior\ContentReplaceBehavior [ RunTime:0.000134s ]
INFO: [ template_filter ] --END-- [ RunTime:0.000218s ]
INFO: Run Behavior\ParseTemplateBehavior [ RunTime:0.053365s ]
INFO: [ view_parse ] --END-- [ RunTime:0.053455s ]
INFO: [ view_filter ] --START--
INFO: Run Behavior\WriteHtmlCacheBehavior [ RunTime:0.000140s ]
INFO: [ view_filter ] --END-- [ RunTime:0.000200s ]
INFO: [ app_end ] --START--
INFO: Run Behavior\ShowPageTraceBehavior [ RunTime:0.000497s ]
INFO: [ app_end ] --END-- [ RunTime:0.000610s ]

[ 2015-12-18T13:49:43+08:00 ] 127.0.0.1 /ethan-wechat/Public/admin.php/admin/Index/img/avatar.jpg
INFO: [ app_init ] --START--
INFO: Run Behavior\BuildLiteBehavior [ RunTime:0.000019s ]
INFO: [ app_init ] --END-- [ RunTime:0.000298s ]

[ 2015-12-18T13:49:43+08:00 ] 127.0.0.1 /ethan-wechat/Public/admin.php/admin/Index/img/avatar.jpg
INFO: [ app_init ] --START--
INFO: Run Behavior\BuildLiteBehavior [ RunTime:0.000029s ]
INFO: [ app_init ] --END-- [ RunTime:0.000418s ]

[ 2015-12-18T13:49:44+08:00 ] 127.0.0.1 /ethan-wechat/Public/admin.php/admin/Index/img/avatar@2x.jpg
INFO: [ app_init ] --START--
INFO: Run Behavior\BuildLiteBehavior [ RunTime:0.000031s ]
INFO: [ app_init ] --END-- [ RunTime:0.000455s ]

[ 2015-12-18T13:49:44+08:00 ] 127.0.0.1 /ethan-wechat/Public/admin.php/admin/Index/img/avatar@2x.jpg
INFO: [ app_init ] --START--
INFO: Run Behavior\BuildLiteBehavior [ RunTime:0.000028s ]
INFO: [ app_init ] --END-- [ RunTime:0.000397s ]

[ 2015-12-18T13:49:44+08:00 ] 127.0.0.1 /ethan-wechat/Public/admin.php/admin/Index/img/avatar@2x.jpg
INFO: [ app_init ] --START--
INFO: Run Behavior\BuildLiteBehavior [ RunTime:0.000045s ]
INFO: [ app_init ] --END-- [ RunTime:0.011678s ]

[ 2015-12-18T13:49:44+08:00 ] 127.0.0.1 /ethan-wechat/Public/admin.php/admin/Index/img/avatar@2x.jpg
INFO: [ app_init ] --START--
INFO: Run Behavior\BuildLiteBehavior [ RunTime:0.000021s ]
INFO: [ app_init ] --END-- [ RunTime:0.000414s ]

[ 2015-12-18T13:49:44+08:00 ] 127.0.0.1 /ethan-wechat/Public/admin.php/admin/Index/img/avatar@2x.jpg
INFO: [ app_init ] --START--
INFO: Run Behavior\BuildLiteBehavior [ RunTime:0.000034s ]
INFO: [ app_init ] --END-- [ RunTime:0.000477s ]

