[ 2016-01-04T09:03:21+08:00 ] 127.0.0.1 /ethan-wechat/Public/admin.php
INFO: [ app_init ] --START--
INFO: Run Behavior\BuildLiteBehavior [ RunTime:0.000080s ]
INFO: [ app_init ] --END-- [ RunTime:0.001883s ]
INFO: [ app_begin ] --START--
INFO: Run Behavior\ReadHtmlCacheBehavior [ RunTime:0.001944s ]
INFO: [ app_begin ] --END-- [ RunTime:0.002092s ]
INFO: [ view_parse ] --START--
INFO: [ template_filter ] --START--
INFO: Run Behavior\ContentReplaceBehavior [ RunTime:0.000077s ]
INFO: [ template_filter ] --END-- [ RunTime:0.000166s ]
SQL: SHOW COLUMNS FROM `ethan_menu` [ RunTime:0.0167s ]
SQL: SELECT * FROM `ethan_menu` WHERE `parent_id` = 0 AND `show` = 1 ORDER BY `order` desc,`id` desc  [ RunTime:0.0128s ]
SQL: SELECT * FROM `ethan_menu` WHERE `parent_id` = 271 AND `show` = 1 ORDER BY `order` desc,`id` desc  [ RunTime:0.0143s ]
SQL: SELECT * FROM `ethan_menu` WHERE `parent_id` = 270 AND `show` = 1 ORDER BY `order` desc,`id` desc  [ RunTime:0.0126s ]
SQL: SELECT * FROM `ethan_menu` WHERE `parent_id` = 269 AND `show` = 1 ORDER BY `order` desc,`id` desc  [ RunTime:0.0132s ]
SQL: SELECT * FROM `ethan_menu` WHERE `parent_id` = 268 AND `show` = 1 ORDER BY `order` desc,`id` desc  [ RunTime:0.0157s ]
SQL: SELECT * FROM `ethan_menu` WHERE `parent_id` = 267 AND `show` = 1 ORDER BY `order` desc,`id` desc  [ RunTime:0.0142s ]
SQL: SELECT * FROM `ethan_menu` WHERE `parent_id` = 266 AND `show` = 1 ORDER BY `order` desc,`id` desc  [ RunTime:0.0137s ]
SQL: SELECT * FROM `ethan_menu` WHERE `parent_id` = 265 AND `show` = 1 ORDER BY `order` desc,`id` desc  [ RunTime:0.0168s ]
SQL: SELECT * FROM `ethan_menu` WHERE `parent_id` = 264 AND `show` = 1 ORDER BY `order` desc,`id` desc  [ RunTime:0.0133s ]
SQL: SHOW COLUMNS FROM `ethan_menu` [ RunTime:0.0126s ]
SQL: SELECT * FROM `ethan_menu` WHERE `parent_id` = 0 AND `show` = 1 ORDER BY `order` desc,`id` desc  [ RunTime:0.0215s ]
SQL: SELECT * FROM `ethan_menu` WHERE `parent_id` = 271 AND `show` = 1 ORDER BY `order` desc,`id` desc  [ RunTime:0.0144s ]
SQL: SELECT * FROM `ethan_menu` WHERE `parent_id` = 270 AND `show` = 1 ORDER BY `order` desc,`id` desc  [ RunTime:0.0170s ]
SQL: SELECT * FROM `ethan_menu` WHERE `parent_id` = 269 AND `show` = 1 ORDER BY `order` desc,`id` desc  [ RunTime:0.0138s ]
SQL: SELECT * FROM `ethan_menu` WHERE `parent_id` = 268 AND `show` = 1 ORDER BY `order` desc,`id` desc  [ RunTime:0.0151s ]
SQL: SELECT * FROM `ethan_menu` WHERE `parent_id` = 267 AND `show` = 1 ORDER BY `order` desc,`id` desc  [ RunTime:0.0113s ]
SQL: SELECT * FROM `ethan_menu` WHERE `parent_id` = 266 AND `show` = 1 ORDER BY `order` desc,`id` desc  [ RunTime:0.0168s ]
SQL: SELECT * FROM `ethan_menu` WHERE `parent_id` = 265 AND `show` = 1 ORDER BY `order` desc,`id` desc  [ RunTime:0.0152s ]
SQL: SELECT * FROM `ethan_menu` WHERE `parent_id` = 264 AND `show` = 1 ORDER BY `order` desc,`id` desc  [ RunTime:0.0133s ]
INFO: Run Behavior\ParseTemplateBehavior [ RunTime:1.687354s ]
INFO: [ view_parse ] --END-- [ RunTime:1.687484s ]
INFO: [ view_filter ] --START--
INFO: Run Behavior\WriteHtmlCacheBehavior [ RunTime:0.002119s ]
INFO: [ view_filter ] --END-- [ RunTime:0.002284s ]
INFO: [ view_parse ] --START--
NOTIC: [8] Undefined index: name /Applications/XAMPP/xamppfiles/htdocs/Ethan-Wechat/ThinkPHP/Library/Think/Template/TagLib/Html.class.php 第 42 行.
INFO: [ template_filter ] --START--
INFO: Run Behavior\ContentReplaceBehavior [ RunTime:0.000058s ]
INFO: [ template_filter ] --END-- [ RunTime:-1.668246s ]
NOTIC: [8] Undefined variable: value /Applications/XAMPP/xamppfiles/htdocs/Ethan-Wechat/Runtime/Cache/Admin/17095ad3c583a6e7b9e3d14df62ee45b.php 第 57 行.
NOTIC: [8] Undefined variable: value /Applications/XAMPP/xamppfiles/htdocs/Ethan-Wechat/Runtime/Cache/Admin/17095ad3c583a6e7b9e3d14df62ee45b.php 第 57 行.
INFO: Run Behavior\ParseTemplateBehavior [ RunTime:0.028548s ]
INFO: [ view_parse ] --END-- [ RunTime:-0.002733s ]
INFO: [ view_filter ] --START--
INFO: Run Behavior\WriteHtmlCacheBehavior [ RunTime:0.000020s ]
INFO: [ view_filter ] --END-- [ RunTime:-0.029008s ]
INFO: [ app_end ] --START--
INFO: Run Behavior\ShowPageTraceBehavior [ RunTime:0.002186s ]
INFO: [ app_end ] --END-- [ RunTime:0.002522s ]

[ 2016-01-04T09:03:25+08:00 ] 127.0.0.1 /ethan-wechat/Public/admin.php/Admin/Activity/index/id/271.html
INFO: [ app_init ] --START--
INFO: Run Behavior\BuildLiteBehavior [ RunTime:0.000018s ]
INFO: [ app_init ] --END-- [ RunTime:0.000294s ]
INFO: [ app_begin ] --START--
INFO: Run Behavior\ReadHtmlCacheBehavior [ RunTime:0.000483s ]
INFO: [ app_begin ] --END-- [ RunTime:0.000565s ]
ERR: 无法加载控制器:Activity

[ 2016-01-04T09:03:25+08:00 ] 127.0.0.1 /ethan-wechat/Public/admin.php/Admin/Activity/index/id/271.html
INFO: [ app_init ] --START--
INFO: Run Behavior\BuildLiteBehavior [ RunTime:0.000030s ]
INFO: [ app_init ] --END-- [ RunTime:0.000298s ]
INFO: [ app_begin ] --START--
INFO: Run Behavior\ReadHtmlCacheBehavior [ RunTime:0.000294s ]
INFO: [ app_begin ] --END-- [ RunTime:0.000360s ]
ERR: 无法加载控制器:Activity

[ 2016-01-04T09:03:30+08:00 ] 127.0.0.1 /ethan-wechat/Public/admin.php/Admin/Config/index/id/266.html
INFO: [ app_init ] --START--
INFO: Run Behavior\BuildLiteBehavior [ RunTime:0.000017s ]
INFO: [ app_init ] --END-- [ RunTime:0.000257s ]
INFO: [ app_begin ] --START--
INFO: Run Behavior\ReadHtmlCacheBehavior [ RunTime:0.000301s ]
INFO: [ app_begin ] --END-- [ RunTime:0.000370s ]
INFO: [ view_parse ] --START--
INFO: [ template_filter ] --START--
INFO: Run Behavior\ContentReplaceBehavior [ RunTime:0.000062s ]
INFO: [ template_filter ] --END-- [ RunTime:0.000142s ]
SQL: SHOW COLUMNS FROM `ethan_menu` [ RunTime:0.0138s ]
SQL: SELECT * FROM `ethan_menu` WHERE `parent_id` = 0 AND `show` = 1 ORDER BY `order` desc,`id` desc  [ RunTime:0.0262s ]
SQL: SELECT * FROM `ethan_menu` WHERE `parent_id` = 271 AND `show` = 1 ORDER BY `order` desc,`id` desc  [ RunTime:0.0155s ]
SQL: SELECT * FROM `ethan_menu` WHERE `parent_id` = 270 AND `show` = 1 ORDER BY `order` desc,`id` desc  [ RunTime:0.0119s ]
SQL: SELECT * FROM `ethan_menu` WHERE `parent_id` = 269 AND `show` = 1 ORDER BY `order` desc,`id` desc  [ RunTime:0.0326s ]
SQL: SELECT * FROM `ethan_menu` WHERE `parent_id` = 268 AND `show` = 1 ORDER BY `order` desc,`id` desc  [ RunTime:0.0149s ]
SQL: SELECT * FROM `ethan_menu` WHERE `parent_id` = 267 AND `show` = 1 ORDER BY `order` desc,`id` desc  [ RunTime:0.0151s ]
SQL: SELECT * FROM `ethan_menu` WHERE `parent_id` = 266 AND `show` = 1 ORDER BY `order` desc,`id` desc  [ RunTime:0.0128s ]
SQL: SELECT * FROM `ethan_menu` WHERE `parent_id` = 265 AND `show` = 1 ORDER BY `order` desc,`id` desc  [ RunTime:0.0161s ]
SQL: SELECT * FROM `ethan_menu` WHERE `parent_id` = 264 AND `show` = 1 ORDER BY `order` desc,`id` desc  [ RunTime:0.0237s ]
SQL: SHOW COLUMNS FROM `ethan_menu` [ RunTime:0.0164s ]
SQL: SELECT * FROM `ethan_menu` WHERE `parent_id` = 0 AND `show` = 1 ORDER BY `order` desc,`id` desc  [ RunTime:0.0145s ]
SQL: SELECT * FROM `ethan_menu` WHERE `parent_id` = 271 AND `show` = 1 ORDER BY `order` desc,`id` desc  [ RunTime:0.0207s ]
SQL: SELECT * FROM `ethan_menu` WHERE `parent_id` = 270 AND `show` = 1 ORDER BY `order` desc,`id` desc  [ RunTime:0.0140s ]
SQL: SELECT * FROM `ethan_menu` WHERE `parent_id` = 269 AND `show` = 1 ORDER BY `order` desc,`id` desc  [ RunTime:0.0171s ]
SQL: SELECT * FROM `ethan_menu` WHERE `parent_id` = 268 AND `show` = 1 ORDER BY `order` desc,`id` desc  [ RunTime:0.0138s ]
SQL: SELECT * FROM `ethan_menu` WHERE `parent_id` = 267 AND `show` = 1 ORDER BY `order` desc,`id` desc  [ RunTime:0.0144s ]
SQL: SELECT * FROM `ethan_menu` WHERE `parent_id` = 266 AND `show` = 1 ORDER BY `order` desc,`id` desc  [ RunTime:0.0151s ]
SQL: SELECT * FROM `ethan_menu` WHERE `parent_id` = 265 AND `show` = 1 ORDER BY `order` desc,`id` desc  [ RunTime:0.0197s ]
SQL: SELECT * FROM `ethan_menu` WHERE `parent_id` = 264 AND `show` = 1 ORDER BY `order` desc,`id` desc  [ RunTime:0.0136s ]
INFO: Run Behavior\ParseTemplateBehavior [ RunTime:0.442507s ]
INFO: [ view_parse ] --END-- [ RunTime:0.442596s ]
INFO: [ view_filter ] --START--
INFO: Run Behavior\WriteHtmlCacheBehavior [ RunTime:0.000266s ]
INFO: [ view_filter ] --END-- [ RunTime:0.000364s ]
NOTIC: [2048] Declaration of Config\Logic\ConfigLogic::getListById() should be compatible with Yunzhi\Model\YunzhiModel::getListbyId($id, $pk = 'id') /Applications/XAMPP/xamppfiles/htdocs/Ethan-Wechat/Application/Config/Logic/ConfigLogic.class.php 第 10 行.
SQL: SHOW COLUMNS FROM `ethan_config` [ RunTime:0.0154s ]
SQL: SELECT COUNT(*) AS tp_count FROM `ethan_config` LIMIT 1   [ RunTime:0.0183s ]
SQL: SELECT * FROM `ethan_config` ORDER BY `sort` asc LIMIT 0,10   [ RunTime:0.0237s ]
INFO: [ view_parse ] --START--
INFO: [ template_filter ] --START--
INFO: Run Behavior\ContentReplaceBehavior [ RunTime:0.000115s ]
INFO: [ template_filter ] --END-- [ RunTime:-0.506924s ]
NOTIC: [8] Undefined variable: totalCount /Applications/XAMPP/xamppfiles/htdocs/Ethan-Wechat/Runtime/Cache/Admin/6773776ec7546173d6fccfecc11887a6.php 第 118 行.
INFO: Run Behavior\ParseTemplateBehavior [ RunTime:0.034721s ]
INFO: [ view_parse ] --END-- [ RunTime:-0.060959s ]
INFO: [ view_filter ] --START--
INFO: Run Behavior\WriteHtmlCacheBehavior [ RunTime:0.000054s ]
INFO: [ view_filter ] --END-- [ RunTime:-0.095549s ]
INFO: [ app_end ] --START--
INFO: Run Behavior\ShowPageTraceBehavior [ RunTime:0.000589s ]
INFO: [ app_end ] --END-- [ RunTime:0.000708s ]

[ 2016-01-04T09:04:43+08:00 ] 127.0.0.1 /ethan-wechat/Public/admin.php/Config/edit/id/1.html
INFO: [ app_init ] --START--
INFO: Run Behavior\BuildLiteBehavior [ RunTime:0.000020s ]
INFO: [ app_init ] --END-- [ RunTime:0.000294s ]
INFO: [ app_begin ] --START--
INFO: Run Behavior\ReadHtmlCacheBehavior [ RunTime:0.000403s ]
INFO: [ app_begin ] --END-- [ RunTime:0.000478s ]
INFO: [ view_parse ] --START--
INFO: [ template_filter ] --START--
INFO: Run Behavior\ContentReplaceBehavior [ RunTime:0.000162s ]
INFO: [ template_filter ] --END-- [ RunTime:0.000323s ]
SQL: SHOW COLUMNS FROM `ethan_menu` [ RunTime:0.0258s ]
SQL: SELECT * FROM `ethan_menu` WHERE `parent_id` = 0 AND `show` = 1 ORDER BY `order` desc,`id` desc  [ RunTime:0.0227s ]
SQL: SELECT * FROM `ethan_menu` WHERE `parent_id` = 271 AND `show` = 1 ORDER BY `order` desc,`id` desc  [ RunTime:0.0248s ]
SQL: SELECT * FROM `ethan_menu` WHERE `parent_id` = 270 AND `show` = 1 ORDER BY `order` desc,`id` desc  [ RunTime:0.0145s ]
SQL: SELECT * FROM `ethan_menu` WHERE `parent_id` = 269 AND `show` = 1 ORDER BY `order` desc,`id` desc  [ RunTime:0.0168s ]
SQL: SELECT * FROM `ethan_menu` WHERE `parent_id` = 268 AND `show` = 1 ORDER BY `order` desc,`id` desc  [ RunTime:0.0241s ]
SQL: SELECT * FROM `ethan_menu` WHERE `parent_id` = 267 AND `show` = 1 ORDER BY `order` desc,`id` desc  [ RunTime:0.0255s ]
SQL: SELECT * FROM `ethan_menu` WHERE `parent_id` = 266 AND `show` = 1 ORDER BY `order` desc,`id` desc  [ RunTime:0.0256s ]
SQL: SELECT * FROM `ethan_menu` WHERE `parent_id` = 265 AND `show` = 1 ORDER BY `order` desc,`id` desc  [ RunTime:0.0297s ]
SQL: SELECT * FROM `ethan_menu` WHERE `parent_id` = 264 AND `show` = 1 ORDER BY `order` desc,`id` desc  [ RunTime:0.0205s ]
SQL: SHOW COLUMNS FROM `ethan_menu` [ RunTime:0.0164s ]
SQL: SELECT * FROM `ethan_menu` WHERE `parent_id` = 0 AND `show` = 1 ORDER BY `order` desc,`id` desc  [ RunTime:0.0171s ]
SQL: SELECT * FROM `ethan_menu` WHERE `parent_id` = 271 AND `show` = 1 ORDER BY `order` desc,`id` desc  [ RunTime:0.0134s ]
SQL: SELECT * FROM `ethan_menu` WHERE `parent_id` = 270 AND `show` = 1 ORDER BY `order` desc,`id` desc  [ RunTime:0.0223s ]
SQL: SELECT * FROM `ethan_menu` WHERE `parent_id` = 269 AND `show` = 1 ORDER BY `order` desc,`id` desc  [ RunTime:0.0157s ]
SQL: SELECT * FROM `ethan_menu` WHERE `parent_id` = 268 AND `show` = 1 ORDER BY `order` desc,`id` desc  [ RunTime:0.0264s ]
SQL: SELECT * FROM `ethan_menu` WHERE `parent_id` = 267 AND `show` = 1 ORDER BY `order` desc,`id` desc  [ RunTime:0.0253s ]
SQL: SELECT * FROM `ethan_menu` WHERE `parent_id` = 266 AND `show` = 1 ORDER BY `order` desc,`id` desc  [ RunTime:0.0169s ]
SQL: SELECT * FROM `ethan_menu` WHERE `parent_id` = 265 AND `show` = 1 ORDER BY `order` desc,`id` desc  [ RunTime:0.0148s ]
SQL: SELECT * FROM `ethan_menu` WHERE `parent_id` = 264 AND `show` = 1 ORDER BY `order` desc,`id` desc  [ RunTime:0.0180s ]
INFO: Run Behavior\ParseTemplateBehavior [ RunTime:1.070414s ]
INFO: [ view_parse ] --END-- [ RunTime:1.070657s ]
INFO: [ view_filter ] --START--
INFO: Run Behavior\WriteHtmlCacheBehavior [ RunTime:0.000414s ]
INFO: [ view_filter ] --END-- [ RunTime:0.000567s ]
NOTIC: [2048] Declaration of Config\Logic\ConfigLogic::getListById() should be compatible with Yunzhi\Model\YunzhiModel::getListbyId($id, $pk = 'id') /Applications/XAMPP/xamppfiles/htdocs/Ethan-Wechat/Application/Config/Logic/ConfigLogic.class.php 第 10 行.
SQL: SHOW COLUMNS FROM `ethan_config` [ RunTime:0.0242s ]
SQL: SELECT * FROM `ethan_config` WHERE `id` = 1 LIMIT 1   [ RunTime:0.0235s ]
INFO: [ view_parse ] --START--
INFO: [ template_filter ] --START--
INFO: Run Behavior\ContentReplaceBehavior [ RunTime:0.000062s ]
INFO: [ template_filter ] --END-- [ RunTime:-1.119215s ]
NOTIC: [8] Undefined variable: p /Applications/XAMPP/xamppfiles/htdocs/Ethan-Wechat/Runtime/Cache/Admin/f3cbc08049d9ab98d08e6759345d8bdc.php 第 62 行.
INFO: Run Behavior\ParseTemplateBehavior [ RunTime:0.019997s ]
INFO: [ view_parse ] --END-- [ RunTime:-0.051085s ]
INFO: [ view_filter ] --START--
INFO: Run Behavior\WriteHtmlCacheBehavior [ RunTime:0.000018s ]
INFO: [ view_filter ] --END-- [ RunTime:-0.070512s ]
INFO: [ app_end ] --START--
INFO: Run Behavior\ShowPageTraceBehavior [ RunTime:0.000461s ]
INFO: [ app_end ] --END-- [ RunTime:0.000548s ]

[ 2016-01-04T09:05:23+08:00 ] 127.0.0.1 /ethan-wechat/Public/admin.php/Admin/User/index/id/264.html
INFO: [ app_init ] --START--
INFO: Run Behavior\BuildLiteBehavior [ RunTime:0.000113s ]
INFO: [ app_init ] --END-- [ RunTime:0.001564s ]
INFO: [ app_begin ] --START--
INFO: Run Behavior\ReadHtmlCacheBehavior [ RunTime:0.000973s ]
INFO: [ app_begin ] --END-- [ RunTime:0.001159s ]
ERR: 无法加载控制器:User

[ 2016-01-04T09:07:42+08:00 ] 127.0.0.1 /ethan-wechat/Public/admin.php/Config/edit/id/1.html
INFO: [ app_init ] --START--
INFO: Run Behavior\BuildLiteBehavior [ RunTime:0.000022s ]
INFO: [ app_init ] --END-- [ RunTime:0.000360s ]
INFO: [ app_begin ] --START--
INFO: Run Behavior\ReadHtmlCacheBehavior [ RunTime:0.000748s ]
INFO: [ app_begin ] --END-- [ RunTime:0.000872s ]
INFO: [ view_parse ] --START--
INFO: [ template_filter ] --START--
INFO: Run Behavior\ContentReplaceBehavior [ RunTime:0.000076s ]
INFO: [ template_filter ] --END-- [ RunTime:0.000156s ]
SQL: SHOW COLUMNS FROM `ethan_menu` [ RunTime:0.0256s ]
SQL: SELECT * FROM `ethan_menu` WHERE `parent_id` = 0 AND `show` = 1 ORDER BY `order` desc,`id` desc  [ RunTime:0.0260s ]
SQL: SELECT * FROM `ethan_menu` WHERE `parent_id` = 271 AND `show` = 1 ORDER BY `order` desc,`id` desc  [ RunTime:0.0247s ]
SQL: SELECT * FROM `ethan_menu` WHERE `parent_id` = 270 AND `show` = 1 ORDER BY `order` desc,`id` desc  [ RunTime:0.0212s ]
SQL: SELECT * FROM `ethan_menu` WHERE `parent_id` = 269 AND `show` = 1 ORDER BY `order` desc,`id` desc  [ RunTime:0.0197s ]
SQL: SELECT * FROM `ethan_menu` WHERE `parent_id` = 268 AND `show` = 1 ORDER BY `order` desc,`id` desc  [ RunTime:0.0217s ]
SQL: SELECT * FROM `ethan_menu` WHERE `parent_id` = 267 AND `show` = 1 ORDER BY `order` desc,`id` desc  [ RunTime:0.0241s ]
SQL: SELECT * FROM `ethan_menu` WHERE `parent_id` = 266 AND `show` = 1 ORDER BY `order` desc,`id` desc  [ RunTime:0.2414s ]
SQL: SELECT * FROM `ethan_menu` WHERE `parent_id` = 265 AND `show` = 1 ORDER BY `order` desc,`id` desc  [ RunTime:0.0282s ]
SQL: SELECT * FROM `ethan_menu` WHERE `parent_id` = 264 AND `show` = 1 ORDER BY `order` desc,`id` desc  [ RunTime:0.0276s ]
SQL: SHOW COLUMNS FROM `ethan_menu` [ RunTime:0.0263s ]
SQL: SELECT * FROM `ethan_menu` WHERE `parent_id` = 0 AND `show` = 1 ORDER BY `order` desc,`id` desc  [ RunTime:0.0220s ]
SQL: SELECT * FROM `ethan_menu` WHERE `parent_id` = 271 AND `show` = 1 ORDER BY `order` desc,`id` desc  [ RunTime:0.0224s ]
SQL: SELECT * FROM `ethan_menu` WHERE `parent_id` = 270 AND `show` = 1 ORDER BY `order` desc,`id` desc  [ RunTime:0.0240s ]
SQL: SELECT * FROM `ethan_menu` WHERE `parent_id` = 269 AND `show` = 1 ORDER BY `order` desc,`id` desc  [ RunTime:0.0287s ]
SQL: SELECT * FROM `ethan_menu` WHERE `parent_id` = 268 AND `show` = 1 ORDER BY `order` desc,`id` desc  [ RunTime:0.0294s ]
SQL: SELECT * FROM `ethan_menu` WHERE `parent_id` = 267 AND `show` = 1 ORDER BY `order` desc,`id` desc  [ RunTime:0.0294s ]
SQL: SELECT * FROM `ethan_menu` WHERE `parent_id` = 266 AND `show` = 1 ORDER BY `order` desc,`id` desc  [ RunTime:0.0280s ]
SQL: SELECT * FROM `ethan_menu` WHERE `parent_id` = 265 AND `show` = 1 ORDER BY `order` desc,`id` desc  [ RunTime:0.0282s ]
SQL: SELECT * FROM `ethan_menu` WHERE `parent_id` = 264 AND `show` = 1 ORDER BY `order` desc,`id` desc  [ RunTime:0.0230s ]
INFO: Run Behavior\ParseTemplateBehavior [ RunTime:1.384239s ]
INFO: [ view_parse ] --END-- [ RunTime:1.384379s ]
INFO: [ view_filter ] --START--
INFO: Run Behavior\WriteHtmlCacheBehavior [ RunTime:0.000302s ]
INFO: [ view_filter ] --END-- [ RunTime:0.000429s ]
NOTIC: [2048] Declaration of Config\Logic\ConfigLogic::getListById() should be compatible with Yunzhi\Model\YunzhiModel::getListbyId($id, $pk = 'id') /Applications/XAMPP/xamppfiles/htdocs/Ethan-Wechat/Application/Config/Logic/ConfigLogic.class.php 第 10 行.
SQL: SHOW COLUMNS FROM `ethan_config` [ RunTime:0.0283s ]
SQL: SELECT * FROM `ethan_config` WHERE `id` = 1 LIMIT 1   [ RunTime:0.0228s ]
INFO: [ view_parse ] --START--
INFO: [ template_filter ] --START--
INFO: Run Behavior\ContentReplaceBehavior [ RunTime:0.000062s ]
INFO: [ template_filter ] --END-- [ RunTime:-1.435806s ]
NOTIC: [8] Undefined variable: p /Applications/XAMPP/xamppfiles/htdocs/Ethan-Wechat/Runtime/Cache/Admin/f3cbc08049d9ab98d08e6759345d8bdc.php 第 62 行.
INFO: Run Behavior\ParseTemplateBehavior [ RunTime:0.015059s ]
INFO: [ view_parse ] --END-- [ RunTime:-0.054462s ]
INFO: [ view_filter ] --START--
INFO: Run Behavior\WriteHtmlCacheBehavior [ RunTime:0.000018s ]
INFO: [ view_filter ] --END-- [ RunTime:-0.069157s ]
INFO: [ app_end ] --START--
INFO: Run Behavior\ShowPageTraceBehavior [ RunTime:0.000425s ]
INFO: [ app_end ] --END-- [ RunTime:0.000506s ]

[ 2016-01-04T09:08:53+08:00 ] 127.0.0.1 /ethan-wechat/Public/admin.php/Config/index.html
INFO: [ app_init ] --START--
INFO: Run Behavior\BuildLiteBehavior [ RunTime:0.000045s ]
INFO: [ app_init ] --END-- [ RunTime:0.000651s ]
INFO: [ app_begin ] --START--
INFO: Run Behavior\ReadHtmlCacheBehavior [ RunTime:0.000637s ]
INFO: [ app_begin ] --END-- [ RunTime:0.000740s ]
INFO: [ view_parse ] --START--
INFO: [ template_filter ] --START--
INFO: Run Behavior\ContentReplaceBehavior [ RunTime:0.000089s ]
INFO: [ template_filter ] --END-- [ RunTime:0.000177s ]
SQL: SHOW COLUMNS FROM `ethan_menu` [ RunTime:0.0340s ]
SQL: SELECT * FROM `ethan_menu` WHERE `parent_id` = 0 AND `show` = 1 ORDER BY `order` desc,`id` desc  [ RunTime:0.0265s ]
SQL: SELECT * FROM `ethan_menu` WHERE `parent_id` = 271 AND `show` = 1 ORDER BY `order` desc,`id` desc  [ RunTime:0.0200s ]
SQL: SELECT * FROM `ethan_menu` WHERE `parent_id` = 270 AND `show` = 1 ORDER BY `order` desc,`id` desc  [ RunTime:0.0266s ]
SQL: SELECT * FROM `ethan_menu` WHERE `parent_id` = 269 AND `show` = 1 ORDER BY `order` desc,`id` desc  [ RunTime:0.0275s ]
SQL: SELECT * FROM `ethan_menu` WHERE `parent_id` = 268 AND `show` = 1 ORDER BY `order` desc,`id` desc  [ RunTime:0.0263s ]
SQL: SELECT * FROM `ethan_menu` WHERE `parent_id` = 267 AND `show` = 1 ORDER BY `order` desc,`id` desc  [ RunTime:0.0291s ]
SQL: SELECT * FROM `ethan_menu` WHERE `parent_id` = 266 AND `show` = 1 ORDER BY `order` desc,`id` desc  [ RunTime:0.3004s ]
SQL: SELECT * FROM `ethan_menu` WHERE `parent_id` = 265 AND `show` = 1 ORDER BY `order` desc,`id` desc  [ RunTime:0.0245s ]
SQL: SELECT * FROM `ethan_menu` WHERE `parent_id` = 264 AND `show` = 1 ORDER BY `order` desc,`id` desc  [ RunTime:0.0270s ]
SQL: SHOW COLUMNS FROM `ethan_menu` [ RunTime:0.3100s ]
SQL: SELECT * FROM `ethan_menu` WHERE `parent_id` = 0 AND `show` = 1 ORDER BY `order` desc,`id` desc  [ RunTime:0.0269s ]
SQL: SELECT * FROM `ethan_menu` WHERE `parent_id` = 271 AND `show` = 1 ORDER BY `order` desc,`id` desc  [ RunTime:0.0296s ]
SQL: SELECT * FROM `ethan_menu` WHERE `parent_id` = 270 AND `show` = 1 ORDER BY `order` desc,`id` desc  [ RunTime:0.0292s ]
SQL: SELECT * FROM `ethan_menu` WHERE `parent_id` = 269 AND `show` = 1 ORDER BY `order` desc,`id` desc  [ RunTime:0.0267s ]
SQL: SELECT * FROM `ethan_menu` WHERE `parent_id` = 268 AND `show` = 1 ORDER BY `order` desc,`id` desc  [ RunTime:0.0238s ]
SQL: SELECT * FROM `ethan_menu` WHERE `parent_id` = 267 AND `show` = 1 ORDER BY `order` desc,`id` desc  [ RunTime:0.0293s ]
SQL: SELECT * FROM `ethan_menu` WHERE `parent_id` = 266 AND `show` = 1 ORDER BY `order` desc,`id` desc  [ RunTime:0.0288s ]
SQL: SELECT * FROM `ethan_menu` WHERE `parent_id` = 265 AND `show` = 1 ORDER BY `order` desc,`id` desc  [ RunTime:0.0291s ]
SQL: SELECT * FROM `ethan_menu` WHERE `parent_id` = 264 AND `show` = 1 ORDER BY `order` desc,`id` desc  [ RunTime:0.0311s ]
INFO: Run Behavior\ParseTemplateBehavior [ RunTime:1.813298s ]
INFO: [ view_parse ] --END-- [ RunTime:1.813436s ]
INFO: [ view_filter ] --START--
INFO: Run Behavior\WriteHtmlCacheBehavior [ RunTime:0.000337s ]
INFO: [ view_filter ] --END-- [ RunTime:0.000436s ]
NOTIC: [2048] Declaration of Config\Logic\ConfigLogic::getListById() should be compatible with Yunzhi\Model\YunzhiModel::getListbyId($id, $pk = 'id') /Applications/XAMPP/xamppfiles/htdocs/Ethan-Wechat/Application/Config/Logic/ConfigLogic.class.php 第 10 行.
SQL: SHOW COLUMNS FROM `ethan_config` [ RunTime:0.0191s ]
SQL: SELECT COUNT(*) AS tp_count FROM `ethan_config` LIMIT 1   [ RunTime:0.0185s ]
SQL: SELECT * FROM `ethan_config` ORDER BY `sort` asc LIMIT 0,10   [ RunTime:0.0204s ]
INFO: [ view_parse ] --START--
INFO: [ template_filter ] --START--
INFO: Run Behavior\ContentReplaceBehavior [ RunTime:0.000071s ]
INFO: [ template_filter ] --END-- [ RunTime:-1.873225s ]
NOTIC: [8] Undefined variable: totalCount /Applications/XAMPP/xamppfiles/htdocs/Ethan-Wechat/Runtime/Cache/Admin/6773776ec7546173d6fccfecc11887a6.php 第 118 行.
INFO: Run Behavior\ParseTemplateBehavior [ RunTime:0.015734s ]
INFO: [ view_parse ] --END-- [ RunTime:-0.061559s ]
INFO: [ view_filter ] --START--
INFO: Run Behavior\WriteHtmlCacheBehavior [ RunTime:0.000019s ]
INFO: [ view_filter ] --END-- [ RunTime:-0.076935s ]
INFO: [ app_end ] --START--
INFO: Run Behavior\ShowPageTraceBehavior [ RunTime:0.000665s ]
INFO: [ app_end ] --END-- [ RunTime:0.000874s ]

[ 2016-01-04T09:08:59+08:00 ] 127.0.0.1 /ethan-wechat/Public/admin.php/Admin/Config/index/id/267.html
INFO: [ app_init ] --START--
INFO: Run Behavior\BuildLiteBehavior [ RunTime:0.000018s ]
INFO: [ app_init ] --END-- [ RunTime:0.000283s ]
INFO: [ app_begin ] --START--
INFO: Run Behavior\ReadHtmlCacheBehavior [ RunTime:0.000285s ]
INFO: [ app_begin ] --END-- [ RunTime:0.000348s ]
INFO: [ view_parse ] --START--
INFO: [ template_filter ] --START--
INFO: Run Behavior\ContentReplaceBehavior [ RunTime:0.000052s ]
INFO: [ template_filter ] --END-- [ RunTime:0.000121s ]
SQL: SHOW COLUMNS FROM `ethan_menu` [ RunTime:0.2390s ]
SQL: SELECT * FROM `ethan_menu` WHERE `parent_id` = 0 AND `show` = 1 ORDER BY `order` desc,`id` desc  [ RunTime:0.0187s ]
SQL: SELECT * FROM `ethan_menu` WHERE `parent_id` = 271 AND `show` = 1 ORDER BY `order` desc,`id` desc  [ RunTime:0.0224s ]
SQL: SELECT * FROM `ethan_menu` WHERE `parent_id` = 270 AND `show` = 1 ORDER BY `order` desc,`id` desc  [ RunTime:0.0296s ]
SQL: SELECT * FROM `ethan_menu` WHERE `parent_id` = 269 AND `show` = 1 ORDER BY `order` desc,`id` desc  [ RunTime:0.0270s ]
SQL: SELECT * FROM `ethan_menu` WHERE `parent_id` = 268 AND `show` = 1 ORDER BY `order` desc,`id` desc  [ RunTime:0.0274s ]
SQL: SELECT * FROM `ethan_menu` WHERE `parent_id` = 267 AND `show` = 1 ORDER BY `order` desc,`id` desc  [ RunTime:0.0196s ]
SQL: SELECT * FROM `ethan_menu` WHERE `parent_id` = 266 AND `show` = 1 ORDER BY `order` desc,`id` desc  [ RunTime:0.0216s ]
SQL: SELECT * FROM `ethan_menu` WHERE `parent_id` = 265 AND `show` = 1 ORDER BY `order` desc,`id` desc  [ RunTime:0.0288s ]
SQL: SELECT * FROM `ethan_menu` WHERE `parent_id` = 264 AND `show` = 1 ORDER BY `order` desc,`id` desc  [ RunTime:0.0235s ]
SQL: SHOW COLUMNS FROM `ethan_menu` [ RunTime:0.0230s ]
SQL: SELECT * FROM `ethan_menu` WHERE `parent_id` = 0 AND `show` = 1 ORDER BY `order` desc,`id` desc  [ RunTime:0.0240s ]
SQL: SELECT * FROM `ethan_menu` WHERE `parent_id` = 271 AND `show` = 1 ORDER BY `order` desc,`id` desc  [ RunTime:0.0286s ]
SQL: SELECT * FROM `ethan_menu` WHERE `parent_id` = 270 AND `show` = 1 ORDER BY `order` desc,`id` desc  [ RunTime:0.0221s ]
SQL: SELECT * FROM `ethan_menu` WHERE `parent_id` = 269 AND `show` = 1 ORDER BY `order` desc,`id` desc  [ RunTime:0.0178s ]
SQL: SELECT * FROM `ethan_menu` WHERE `parent_id` = 268 AND `show` = 1 ORDER BY `order` desc,`id` desc  [ RunTime:0.0179s ]
SQL: SELECT * FROM `ethan_menu` WHERE `parent_id` = 267 AND `show` = 1 ORDER BY `order` desc,`id` desc  [ RunTime:0.0189s ]
SQL: SELECT * FROM `ethan_menu` WHERE `parent_id` = 266 AND `show` = 1 ORDER BY `order` desc,`id` desc  [ RunTime:0.0177s ]
SQL: SELECT * FROM `ethan_menu` WHERE `parent_id` = 265 AND `show` = 1 ORDER BY `order` desc,`id` desc  [ RunTime:0.0222s ]
SQL: SELECT * FROM `ethan_menu` WHERE `parent_id` = 264 AND `show` = 1 ORDER BY `order` desc,`id` desc  [ RunTime:0.0204s ]
INFO: Run Behavior\ParseTemplateBehavior [ RunTime:0.778287s ]
INFO: [ view_parse ] --END-- [ RunTime:0.778412s ]
INFO: [ view_filter ] --START--
INFO: Run Behavior\WriteHtmlCacheBehavior [ RunTime:0.000505s ]
INFO: [ view_filter ] --END-- [ RunTime:0.000643s ]
NOTIC: [2048] Declaration of Config\Logic\ConfigLogic::getListById() should be compatible with Yunzhi\Model\YunzhiModel::getListbyId($id, $pk = 'id') /Applications/XAMPP/xamppfiles/htdocs/Ethan-Wechat/Application/Config/Logic/ConfigLogic.class.php 第 10 行.
SQL: SHOW COLUMNS FROM `ethan_config` [ RunTime:0.0212s ]
SQL: SELECT COUNT(*) AS tp_count FROM `ethan_config` LIMIT 1   [ RunTime:0.0263s ]
SQL: SELECT * FROM `ethan_config` ORDER BY `sort` asc LIMIT 0,10   [ RunTime:0.0181s ]
INFO: [ view_parse ] --START--
INFO: [ template_filter ] --START--
INFO: Run Behavior\ContentReplaceBehavior [ RunTime:0.000062s ]
INFO: [ template_filter ] --END-- [ RunTime:-0.848094s ]
NOTIC: [8] Undefined variable: totalCount /Applications/XAMPP/xamppfiles/htdocs/Ethan-Wechat/Runtime/Cache/Admin/6773776ec7546173d6fccfecc11887a6.php 第 118 行.
INFO: Run Behavior\ParseTemplateBehavior [ RunTime:0.016300s ]
INFO: [ view_parse ] --END-- [ RunTime:-0.069749s ]
INFO: [ view_filter ] --START--
INFO: Run Behavior\WriteHtmlCacheBehavior [ RunTime:0.000017s ]
INFO: [ view_filter ] --END-- [ RunTime:-0.085472s ]
INFO: [ app_end ] --START--
INFO: Run Behavior\ShowPageTraceBehavior [ RunTime:0.000381s ]
INFO: [ app_end ] --END-- [ RunTime:0.000636s ]

[ 2016-01-04T09:09:02+08:00 ] 127.0.0.1 /ethan-wechat/Public/admin.php/Admin/Config/index/id/266.html
INFO: [ app_init ] --START--
INFO: Run Behavior\BuildLiteBehavior [ RunTime:0.000015s ]
INFO: [ app_init ] --END-- [ RunTime:0.000244s ]
INFO: [ app_begin ] --START--
INFO: Run Behavior\ReadHtmlCacheBehavior [ RunTime:0.000265s ]
INFO: [ app_begin ] --END-- [ RunTime:0.000336s ]
INFO: [ view_parse ] --START--
INFO: [ template_filter ] --START--
INFO: Run Behavior\ContentReplaceBehavior [ RunTime:0.000064s ]
INFO: [ template_filter ] --END-- [ RunTime:0.000147s ]
SQL: SHOW COLUMNS FROM `ethan_menu` [ RunTime:0.0241s ]
SQL: SELECT * FROM `ethan_menu` WHERE `parent_id` = 0 AND `show` = 1 ORDER BY `order` desc,`id` desc  [ RunTime:0.0217s ]
SQL: SELECT * FROM `ethan_menu` WHERE `parent_id` = 271 AND `show` = 1 ORDER BY `order` desc,`id` desc  [ RunTime:0.0207s ]
SQL: SELECT * FROM `ethan_menu` WHERE `parent_id` = 270 AND `show` = 1 ORDER BY `order` desc,`id` desc  [ RunTime:0.0301s ]
SQL: SELECT * FROM `ethan_menu` WHERE `parent_id` = 269 AND `show` = 1 ORDER BY `order` desc,`id` desc  [ RunTime:0.0249s ]
SQL: SELECT * FROM `ethan_menu` WHERE `parent_id` = 268 AND `show` = 1 ORDER BY `order` desc,`id` desc  [ RunTime:0.0278s ]
SQL: SELECT * FROM `ethan_menu` WHERE `parent_id` = 267 AND `show` = 1 ORDER BY `order` desc,`id` desc  [ RunTime:0.0279s ]
SQL: SELECT * FROM `ethan_menu` WHERE `parent_id` = 266 AND `show` = 1 ORDER BY `order` desc,`id` desc  [ RunTime:0.0449s ]
SQL: SELECT * FROM `ethan_menu` WHERE `parent_id` = 265 AND `show` = 1 ORDER BY `order` desc,`id` desc  [ RunTime:0.0264s ]
SQL: SELECT * FROM `ethan_menu` WHERE `parent_id` = 264 AND `show` = 1 ORDER BY `order` desc,`id` desc  [ RunTime:0.0273s ]
SQL: SHOW COLUMNS FROM `ethan_menu` [ RunTime:0.0283s ]
SQL: SELECT * FROM `ethan_menu` WHERE `parent_id` = 0 AND `show` = 1 ORDER BY `order` desc,`id` desc  [ RunTime:0.0343s ]
SQL: SELECT * FROM `ethan_menu` WHERE `parent_id` = 271 AND `show` = 1 ORDER BY `order` desc,`id` desc  [ RunTime:0.0266s ]
SQL: SELECT * FROM `ethan_menu` WHERE `parent_id` = 270 AND `show` = 1 ORDER BY `order` desc,`id` desc  [ RunTime:0.0276s ]
SQL: SELECT * FROM `ethan_menu` WHERE `parent_id` = 269 AND `show` = 1 ORDER BY `order` desc,`id` desc  [ RunTime:0.0229s ]
SQL: SELECT * FROM `ethan_menu` WHERE `parent_id` = 268 AND `show` = 1 ORDER BY `order` desc,`id` desc  [ RunTime:0.0238s ]
SQL: SELECT * FROM `ethan_menu` WHERE `parent_id` = 267 AND `show` = 1 ORDER BY `order` desc,`id` desc  [ RunTime:0.0261s ]
SQL: SELECT * FROM `ethan_menu` WHERE `parent_id` = 266 AND `show` = 1 ORDER BY `order` desc,`id` desc  [ RunTime:0.0252s ]
SQL: SELECT * FROM `ethan_menu` WHERE `parent_id` = 265 AND `show` = 1 ORDER BY `order` desc,`id` desc  [ RunTime:0.2766s ]
SQL: SELECT * FROM `ethan_menu` WHERE `parent_id` = 264 AND `show` = 1 ORDER BY `order` desc,`id` desc  [ RunTime:0.0242s ]
INFO: Run Behavior\ParseTemplateBehavior [ RunTime:0.909018s ]
INFO: [ view_parse ] --END-- [ RunTime:0.909116s ]
INFO: [ view_filter ] --START--
INFO: Run Behavior\WriteHtmlCacheBehavior [ RunTime:0.000298s ]
INFO: [ view_filter ] --END-- [ RunTime:0.000414s ]
NOTIC: [2048] Declaration of Config\Logic\ConfigLogic::getListById() should be compatible with Yunzhi\Model\YunzhiModel::getListbyId($id, $pk = 'id') /Applications/XAMPP/xamppfiles/htdocs/Ethan-Wechat/Application/Config/Logic/ConfigLogic.class.php 第 10 行.
SQL: SHOW COLUMNS FROM `ethan_config` [ RunTime:0.0204s ]
SQL: SELECT COUNT(*) AS tp_count FROM `ethan_config` LIMIT 1   [ RunTime:0.0230s ]
SQL: SELECT * FROM `ethan_config` ORDER BY `sort` asc LIMIT 0,10   [ RunTime:0.0258s ]
INFO: [ view_parse ] --START--
INFO: [ template_filter ] --START--
INFO: Run Behavior\ContentReplaceBehavior [ RunTime:0.000062s ]
INFO: [ template_filter ] --END-- [ RunTime:-0.982236s ]
NOTIC: [8] Undefined variable: totalCount /Applications/XAMPP/xamppfiles/htdocs/Ethan-Wechat/Runtime/Cache/Admin/6773776ec7546173d6fccfecc11887a6.php 第 118 行.
INFO: Run Behavior\ParseTemplateBehavior [ RunTime:0.015302s ]
INFO: [ view_parse ] --END-- [ RunTime:-0.072966s ]
INFO: [ view_filter ] --START--
INFO: Run Behavior\WriteHtmlCacheBehavior [ RunTime:0.000017s ]
INFO: [ view_filter ] --END-- [ RunTime:-0.088027s ]
INFO: [ app_end ] --START--
INFO: Run Behavior\ShowPageTraceBehavior [ RunTime:0.000381s ]
INFO: [ app_end ] --END-- [ RunTime:0.000465s ]

[ 2016-01-04T09:09:04+08:00 ] 127.0.0.1 /ethan-wechat/Public/admin.php/Admin/Config/index/id/267.html
INFO: [ app_init ] --START--
INFO: Run Behavior\BuildLiteBehavior [ RunTime:0.000020s ]
INFO: [ app_init ] --END-- [ RunTime:0.000429s ]
INFO: [ app_begin ] --START--
INFO: Run Behavior\ReadHtmlCacheBehavior [ RunTime:0.000305s ]
INFO: [ app_begin ] --END-- [ RunTime:0.000372s ]
INFO: [ view_parse ] --START--
INFO: [ template_filter ] --START--
INFO: Run Behavior\ContentReplaceBehavior [ RunTime:0.000057s ]
INFO: [ template_filter ] --END-- [ RunTime:0.000127s ]
SQL: SHOW COLUMNS FROM `ethan_menu` [ RunTime:0.0195s ]
SQL: SELECT * FROM `ethan_menu` WHERE `parent_id` = 0 AND `show` = 1 ORDER BY `order` desc,`id` desc  [ RunTime:0.0263s ]
SQL: SELECT * FROM `ethan_menu` WHERE `parent_id` = 271 AND `show` = 1 ORDER BY `order` desc,`id` desc  [ RunTime:0.0284s ]
SQL: SELECT * FROM `ethan_menu` WHERE `parent_id` = 270 AND `show` = 1 ORDER BY `order` desc,`id` desc  [ RunTime:0.0306s ]
SQL: SELECT * FROM `ethan_menu` WHERE `parent_id` = 269 AND `show` = 1 ORDER BY `order` desc,`id` desc  [ RunTime:0.0287s ]
SQL: SELECT * FROM `ethan_menu` WHERE `parent_id` = 268 AND `show` = 1 ORDER BY `order` desc,`id` desc  [ RunTime:0.0255s ]
SQL: SELECT * FROM `ethan_menu` WHERE `parent_id` = 267 AND `show` = 1 ORDER BY `order` desc,`id` desc  [ RunTime:0.0285s ]
SQL: SELECT * FROM `ethan_menu` WHERE `parent_id` = 266 AND `show` = 1 ORDER BY `order` desc,`id` desc  [ RunTime:0.0228s ]
SQL: SELECT * FROM `ethan_menu` WHERE `parent_id` = 265 AND `show` = 1 ORDER BY `order` desc,`id` desc  [ RunTime:0.0200s ]
SQL: SELECT * FROM `ethan_menu` WHERE `parent_id` = 264 AND `show` = 1 ORDER BY `order` desc,`id` desc  [ RunTime:0.0198s ]
SQL: SHOW COLUMNS FROM `ethan_menu` [ RunTime:0.0325s ]
SQL: SELECT * FROM `ethan_menu` WHERE `parent_id` = 0 AND `show` = 1 ORDER BY `order` desc,`id` desc  [ RunTime:0.0328s ]
SQL: SELECT * FROM `ethan_menu` WHERE `parent_id` = 271 AND `show` = 1 ORDER BY `order` desc,`id` desc  [ RunTime:0.0305s ]
SQL: SELECT * FROM `ethan_menu` WHERE `parent_id` = 270 AND `show` = 1 ORDER BY `order` desc,`id` desc  [ RunTime:0.0262s ]
SQL: SELECT * FROM `ethan_menu` WHERE `parent_id` = 269 AND `show` = 1 ORDER BY `order` desc,`id` desc  [ RunTime:0.0214s ]
SQL: SELECT * FROM `ethan_menu` WHERE `parent_id` = 268 AND `show` = 1 ORDER BY `order` desc,`id` desc  [ RunTime:0.0223s ]
SQL: SELECT * FROM `ethan_menu` WHERE `parent_id` = 267 AND `show` = 1 ORDER BY `order` desc,`id` desc  [ RunTime:0.0248s ]
SQL: SELECT * FROM `ethan_menu` WHERE `parent_id` = 266 AND `show` = 1 ORDER BY `order` desc,`id` desc  [ RunTime:0.0188s ]
SQL: SELECT * FROM `ethan_menu` WHERE `parent_id` = 265 AND `show` = 1 ORDER BY `order` desc,`id` desc  [ RunTime:0.0600s ]
SQL: SELECT * FROM `ethan_menu` WHERE `parent_id` = 264 AND `show` = 1 ORDER BY `order` desc,`id` desc  [ RunTime:0.0202s ]
INFO: Run Behavior\ParseTemplateBehavior [ RunTime:0.915351s ]
INFO: [ view_parse ] --END-- [ RunTime:0.915446s ]
INFO: [ view_filter ] --START--
INFO: Run Behavior\WriteHtmlCacheBehavior [ RunTime:0.000300s ]
INFO: [ view_filter ] --END-- [ RunTime:0.000416s ]
NOTIC: [2048] Declaration of Config\Logic\ConfigLogic::getListById() should be compatible with Yunzhi\Model\YunzhiModel::getListbyId($id, $pk = 'id') /Applications/XAMPP/xamppfiles/htdocs/Ethan-Wechat/Application/Config/Logic/ConfigLogic.class.php 第 10 行.
SQL: SHOW COLUMNS FROM `ethan_config` [ RunTime:0.2581s ]
SQL: SELECT COUNT(*) AS tp_count FROM `ethan_config` LIMIT 1   [ RunTime:0.0280s ]
SQL: SELECT * FROM `ethan_config` ORDER BY `sort` asc LIMIT 0,10   [ RunTime:0.0257s ]
INFO: [ view_parse ] --START--
INFO: [ template_filter ] --START--
INFO: Run Behavior\ContentReplaceBehavior [ RunTime:0.000065s ]
INFO: [ template_filter ] --END-- [ RunTime:-1.231031s ]
NOTIC: [8] Undefined variable: totalCount /Applications/XAMPP/xamppfiles/htdocs/Ethan-Wechat/Runtime/Cache/Admin/6773776ec7546173d6fccfecc11887a6.php 第 118 行.
INFO: Run Behavior\ParseTemplateBehavior [ RunTime:0.018796s ]
INFO: [ view_parse ] --END-- [ RunTime:-0.315085s ]
INFO: [ view_filter ] --START--
INFO: Run Behavior\WriteHtmlCacheBehavior [ RunTime:0.000021s ]
INFO: [ view_filter ] --END-- [ RunTime:-0.333564s ]
INFO: [ app_end ] --START--
INFO: Run Behavior\ShowPageTraceBehavior [ RunTime:0.000637s ]
INFO: [ app_end ] --END-- [ RunTime:0.000774s ]

[ 2016-01-04T09:09:06+08:00 ] 127.0.0.1 /ethan-wechat/Public/admin.php/Admin/Config/index/id/266.html
INFO: [ app_init ] --START--
INFO: Run Behavior\BuildLiteBehavior [ RunTime:0.000027s ]
INFO: [ app_init ] --END-- [ RunTime:0.000433s ]
INFO: [ app_begin ] --START--
INFO: Run Behavior\ReadHtmlCacheBehavior [ RunTime:0.000313s ]
INFO: [ app_begin ] --END-- [ RunTime:0.000383s ]
INFO: [ view_parse ] --START--
INFO: [ template_filter ] --START--
INFO: Run Behavior\ContentReplaceBehavior [ RunTime:0.000057s ]
INFO: [ template_filter ] --END-- [ RunTime:0.000128s ]
SQL: SHOW COLUMNS FROM `ethan_menu` [ RunTime:0.0214s ]
SQL: SELECT * FROM `ethan_menu` WHERE `parent_id` = 0 AND `show` = 1 ORDER BY `order` desc,`id` desc  [ RunTime:0.0201s ]
SQL: SELECT * FROM `ethan_menu` WHERE `parent_id` = 271 AND `show` = 1 ORDER BY `order` desc,`id` desc  [ RunTime:0.0261s ]
SQL: SELECT * FROM `ethan_menu` WHERE `parent_id` = 270 AND `show` = 1 ORDER BY `order` desc,`id` desc  [ RunTime:0.2968s ]
SQL: SELECT * FROM `ethan_menu` WHERE `parent_id` = 269 AND `show` = 1 ORDER BY `order` desc,`id` desc  [ RunTime:0.0244s ]
SQL: SELECT * FROM `ethan_menu` WHERE `parent_id` = 268 AND `show` = 1 ORDER BY `order` desc,`id` desc  [ RunTime:0.0196s ]
SQL: SELECT * FROM `ethan_menu` WHERE `parent_id` = 267 AND `show` = 1 ORDER BY `order` desc,`id` desc  [ RunTime:0.0135s ]
SQL: SELECT * FROM `ethan_menu` WHERE `parent_id` = 266 AND `show` = 1 ORDER BY `order` desc,`id` desc  [ RunTime:0.0198s ]
SQL: SELECT * FROM `ethan_menu` WHERE `parent_id` = 265 AND `show` = 1 ORDER BY `order` desc,`id` desc  [ RunTime:0.0210s ]
SQL: SELECT * FROM `ethan_menu` WHERE `parent_id` = 264 AND `show` = 1 ORDER BY `order` desc,`id` desc  [ RunTime:0.0232s ]
SQL: SHOW COLUMNS FROM `ethan_menu` [ RunTime:0.0181s ]
SQL: SELECT * FROM `ethan_menu` WHERE `parent_id` = 0 AND `show` = 1 ORDER BY `order` desc,`id` desc  [ RunTime:0.0238s ]
SQL: SELECT * FROM `ethan_menu` WHERE `parent_id` = 271 AND `show` = 1 ORDER BY `order` desc,`id` desc  [ RunTime:0.0298s ]
SQL: SELECT * FROM `ethan_menu` WHERE `parent_id` = 270 AND `show` = 1 ORDER BY `order` desc,`id` desc  [ RunTime:0.0268s ]
SQL: SELECT * FROM `ethan_menu` WHERE `parent_id` = 269 AND `show` = 1 ORDER BY `order` desc,`id` desc  [ RunTime:0.0203s ]
SQL: SELECT * FROM `ethan_menu` WHERE `parent_id` = 268 AND `show` = 1 ORDER BY `order` desc,`id` desc  [ RunTime:0.0242s ]
SQL: SELECT * FROM `ethan_menu` WHERE `parent_id` = 267 AND `show` = 1 ORDER BY `order` desc,`id` desc  [ RunTime:0.0198s ]
SQL: SELECT * FROM `ethan_menu` WHERE `parent_id` = 266 AND `show` = 1 ORDER BY `order` desc,`id` desc  [ RunTime:0.0142s ]
SQL: SELECT * FROM `ethan_menu` WHERE `parent_id` = 265 AND `show` = 1 ORDER BY `order` desc,`id` desc  [ RunTime:0.0118s ]
SQL: SELECT * FROM `ethan_menu` WHERE `parent_id` = 264 AND `show` = 1 ORDER BY `order` desc,`id` desc  [ RunTime:0.0162s ]
INFO: Run Behavior\ParseTemplateBehavior [ RunTime:0.801941s ]
INFO: [ view_parse ] --END-- [ RunTime:0.802044s ]
INFO: [ view_filter ] --START--
INFO: Run Behavior\WriteHtmlCacheBehavior [ RunTime:0.000297s ]
INFO: [ view_filter ] --END-- [ RunTime:0.000415s ]
NOTIC: [2048] Declaration of Config\Logic\ConfigLogic::getListById() should be compatible with Yunzhi\Model\YunzhiModel::getListbyId($id, $pk = 'id') /Applications/XAMPP/xamppfiles/htdocs/Ethan-Wechat/Application/Config/Logic/ConfigLogic.class.php 第 10 行.
SQL: SHOW COLUMNS FROM `ethan_config` [ RunTime:0.0110s ]
SQL: SELECT COUNT(*) AS tp_count FROM `ethan_config` LIMIT 1   [ RunTime:0.0144s ]
SQL: SELECT * FROM `ethan_config` ORDER BY `sort` asc LIMIT 0,10   [ RunTime:0.0177s ]
INFO: [ view_parse ] --START--
INFO: [ template_filter ] --START--
INFO: Run Behavior\ContentReplaceBehavior [ RunTime:0.000191s ]
INFO: [ template_filter ] --END-- [ RunTime:-0.849962s ]
NOTIC: [8] Undefined variable: totalCount /Applications/XAMPP/xamppfiles/htdocs/Ethan-Wechat/Runtime/Cache/Admin/6773776ec7546173d6fccfecc11887a6.php 第 118 行.
INFO: Run Behavior\ParseTemplateBehavior [ RunTime:0.026597s ]
INFO: [ view_parse ] --END-- [ RunTime:-0.046693s ]
INFO: [ view_filter ] --START--
INFO: Run Behavior\WriteHtmlCacheBehavior [ RunTime:0.000021s ]
INFO: [ view_filter ] --END-- [ RunTime:-0.072995s ]
INFO: [ app_end ] --START--
INFO: Run Behavior\ShowPageTraceBehavior [ RunTime:0.000647s ]
INFO: [ app_end ] --END-- [ RunTime:0.000821s ]

[ 2016-01-04T09:09:08+08:00 ] 127.0.0.1 /ethan-wechat/Public/admin.php/Admin/Menu/index/id/268.html
INFO: [ app_init ] --START--
INFO: Run Behavior\BuildLiteBehavior [ RunTime:0.000016s ]
INFO: [ app_init ] --END-- [ RunTime:0.000249s ]
INFO: [ app_begin ] --START--
INFO: Run Behavior\ReadHtmlCacheBehavior [ RunTime:0.000263s ]
INFO: [ app_begin ] --END-- [ RunTime:0.000332s ]
INFO: [ view_parse ] --START--
INFO: [ template_filter ] --START--
INFO: Run Behavior\ContentReplaceBehavior [ RunTime:0.000128s ]
INFO: [ template_filter ] --END-- [ RunTime:0.000310s ]
SQL: SHOW COLUMNS FROM `ethan_menu` [ RunTime:0.0200s ]
SQL: SELECT * FROM `ethan_menu` WHERE `parent_id` = 0 AND `show` = 1 ORDER BY `order` desc,`id` desc  [ RunTime:0.0238s ]
SQL: SELECT * FROM `ethan_menu` WHERE `parent_id` = 271 AND `show` = 1 ORDER BY `order` desc,`id` desc  [ RunTime:0.0174s ]
SQL: SELECT * FROM `ethan_menu` WHERE `parent_id` = 270 AND `show` = 1 ORDER BY `order` desc,`id` desc  [ RunTime:0.0168s ]
SQL: SELECT * FROM `ethan_menu` WHERE `parent_id` = 269 AND `show` = 1 ORDER BY `order` desc,`id` desc  [ RunTime:0.0170s ]
SQL: SELECT * FROM `ethan_menu` WHERE `parent_id` = 268 AND `show` = 1 ORDER BY `order` desc,`id` desc  [ RunTime:0.0203s ]
SQL: SELECT * FROM `ethan_menu` WHERE `parent_id` = 267 AND `show` = 1 ORDER BY `order` desc,`id` desc  [ RunTime:0.0235s ]
SQL: SELECT * FROM `ethan_menu` WHERE `parent_id` = 266 AND `show` = 1 ORDER BY `order` desc,`id` desc  [ RunTime:0.0245s ]
SQL: SELECT * FROM `ethan_menu` WHERE `parent_id` = 265 AND `show` = 1 ORDER BY `order` desc,`id` desc  [ RunTime:0.0213s ]
SQL: SELECT * FROM `ethan_menu` WHERE `parent_id` = 264 AND `show` = 1 ORDER BY `order` desc,`id` desc  [ RunTime:0.0175s ]
SQL: SHOW COLUMNS FROM `ethan_menu` [ RunTime:0.0173s ]
SQL: SELECT * FROM `ethan_menu` WHERE `parent_id` = 0 AND `show` = 1 ORDER BY `order` desc,`id` desc  [ RunTime:0.0202s ]
SQL: SELECT * FROM `ethan_menu` WHERE `parent_id` = 271 AND `show` = 1 ORDER BY `order` desc,`id` desc  [ RunTime:0.0178s ]
SQL: SELECT * FROM `ethan_menu` WHERE `parent_id` = 270 AND `show` = 1 ORDER BY `order` desc,`id` desc  [ RunTime:0.0150s ]
SQL: SELECT * FROM `ethan_menu` WHERE `parent_id` = 269 AND `show` = 1 ORDER BY `order` desc,`id` desc  [ RunTime:0.0147s ]
SQL: SELECT * FROM `ethan_menu` WHERE `parent_id` = 268 AND `show` = 1 ORDER BY `order` desc,`id` desc  [ RunTime:0.0221s ]
SQL: SELECT * FROM `ethan_menu` WHERE `parent_id` = 267 AND `show` = 1 ORDER BY `order` desc,`id` desc  [ RunTime:0.0261s ]
SQL: SELECT * FROM `ethan_menu` WHERE `parent_id` = 266 AND `show` = 1 ORDER BY `order` desc,`id` desc  [ RunTime:0.0236s ]
SQL: SELECT * FROM `ethan_menu` WHERE `parent_id` = 265 AND `show` = 1 ORDER BY `order` desc,`id` desc  [ RunTime:0.0260s ]
SQL: SELECT * FROM `ethan_menu` WHERE `parent_id` = 264 AND `show` = 1 ORDER BY `order` desc,`id` desc  [ RunTime:0.0280s ]
INFO: Run Behavior\ParseTemplateBehavior [ RunTime:0.545159s ]
INFO: [ view_parse ] --END-- [ RunTime:0.545327s ]
INFO: [ view_filter ] --START--
INFO: Run Behavior\WriteHtmlCacheBehavior [ RunTime:0.000309s ]
INFO: [ view_filter ] --END-- [ RunTime:0.000483s ]
SQL: SHOW COLUMNS FROM `ethan_menu` [ RunTime:0.0182s ]
NOTIC: [8] Undefined variable: where /Applications/XAMPP/xamppfiles/htdocs/Ethan-Wechat/Application/Menu/Model/MenuModel.class.php 第 15 行.
SQL: SELECT * FROM `ethan_menu` WHERE `parent_id` = 0 ORDER BY `order` desc,`id` desc  [ RunTime:0.0613s ]
SQL: SELECT * FROM `ethan_menu` WHERE `parent_id` = 271 ORDER BY `order` desc,`id` desc  [ RunTime:0.0197s ]
SQL: SELECT * FROM `ethan_menu` WHERE `parent_id` = 270 ORDER BY `order` desc,`id` desc  [ RunTime:0.0203s ]
SQL: SELECT * FROM `ethan_menu` WHERE `parent_id` = 269 ORDER BY `order` desc,`id` desc  [ RunTime:0.0221s ]
SQL: SELECT * FROM `ethan_menu` WHERE `parent_id` = 268 ORDER BY `order` desc,`id` desc  [ RunTime:0.0254s ]
SQL: SELECT * FROM `ethan_menu` WHERE `parent_id` = 267 ORDER BY `order` desc,`id` desc  [ RunTime:0.0269s ]
SQL: SELECT * FROM `ethan_menu` WHERE `parent_id` = 266 ORDER BY `order` desc,`id` desc  [ RunTime:0.0215s ]
SQL: SELECT * FROM `ethan_menu` WHERE `parent_id` = 265 ORDER BY `order` desc,`id` desc  [ RunTime:0.0207s ]
SQL: SELECT * FROM `ethan_menu` WHERE `parent_id` = 264 ORDER BY `order` desc,`id` desc  [ RunTime:0.0284s ]
INFO: [ view_parse ] --START--
INFO: [ template_filter ] --START--
INFO: Run Behavior\ContentReplaceBehavior [ RunTime:0.000108s ]
INFO: [ template_filter ] --END-- [ RunTime:-0.819023s ]
NOTIC: [8] Undefined property: Think\Page::$totalPage /Applications/XAMPP/xamppfiles/htdocs/Ethan-Wechat/ThinkPHP/Library/Think/Page.class.php 第 118 行.
NOTIC: [8] Undefined variable: up_page /Applications/XAMPP/xamppfiles/htdocs/Ethan-Wechat/ThinkPHP/Library/Think/Page.class.php 第 180 行.
NOTIC: [8] Undefined variable: down_page /Applications/XAMPP/xamppfiles/htdocs/Ethan-Wechat/ThinkPHP/Library/Think/Page.class.php 第 180 行.
INFO: Run Behavior\ParseTemplateBehavior [ RunTime:0.037761s ]
INFO: [ view_parse ] --END-- [ RunTime:-0.274408s ]
INFO: [ view_filter ] --START--
INFO: Run Behavior\WriteHtmlCacheBehavior [ RunTime:0.000031s ]
INFO: [ view_filter ] --END-- [ RunTime:-0.311817s ]
INFO: [ app_end ] --START--
INFO: Run Behavior\ShowPageTraceBehavior [ RunTime:0.000741s ]
INFO: [ app_end ] --END-- [ RunTime:0.000879s ]

[ 2016-01-04T09:09:17+08:00 ] 127.0.0.1 /ethan-wechat/Public/admin.php/Menu/edit/id/271.html
INFO: [ app_init ] --START--
INFO: Run Behavior\BuildLiteBehavior [ RunTime:0.000025s ]
INFO: [ app_init ] --END-- [ RunTime:0.000408s ]
INFO: [ app_begin ] --START--
INFO: Run Behavior\ReadHtmlCacheBehavior [ RunTime:0.000364s ]
INFO: [ app_begin ] --END-- [ RunTime:0.000447s ]
INFO: [ view_parse ] --START--
INFO: [ template_filter ] --START--
INFO: Run Behavior\ContentReplaceBehavior [ RunTime:0.000234s ]
INFO: [ template_filter ] --END-- [ RunTime:0.000469s ]
SQL: SHOW COLUMNS FROM `ethan_menu` [ RunTime:0.0323s ]
SQL: SELECT * FROM `ethan_menu` WHERE `parent_id` = 0 AND `show` = 1 ORDER BY `order` desc,`id` desc  [ RunTime:0.0247s ]
SQL: SELECT * FROM `ethan_menu` WHERE `parent_id` = 271 AND `show` = 1 ORDER BY `order` desc,`id` desc  [ RunTime:0.0206s ]
SQL: SELECT * FROM `ethan_menu` WHERE `parent_id` = 270 AND `show` = 1 ORDER BY `order` desc,`id` desc  [ RunTime:0.0170s ]
SQL: SELECT * FROM `ethan_menu` WHERE `parent_id` = 269 AND `show` = 1 ORDER BY `order` desc,`id` desc  [ RunTime:0.0194s ]
SQL: SELECT * FROM `ethan_menu` WHERE `parent_id` = 268 AND `show` = 1 ORDER BY `order` desc,`id` desc  [ RunTime:0.0231s ]
SQL: SELECT * FROM `ethan_menu` WHERE `parent_id` = 267 AND `show` = 1 ORDER BY `order` desc,`id` desc  [ RunTime:0.0270s ]
SQL: SELECT * FROM `ethan_menu` WHERE `parent_id` = 266 AND `show` = 1 ORDER BY `order` desc,`id` desc  [ RunTime:0.0329s ]
SQL: SELECT * FROM `ethan_menu` WHERE `parent_id` = 265 AND `show` = 1 ORDER BY `order` desc,`id` desc  [ RunTime:0.0293s ]
SQL: SELECT * FROM `ethan_menu` WHERE `parent_id` = 264 AND `show` = 1 ORDER BY `order` desc,`id` desc  [ RunTime:0.0232s ]
SQL: SHOW COLUMNS FROM `ethan_menu` [ RunTime:0.0237s ]
SQL: SELECT * FROM `ethan_menu` WHERE `parent_id` = 0 AND `show` = 1 ORDER BY `order` desc,`id` desc  [ RunTime:0.0219s ]
SQL: SELECT * FROM `ethan_menu` WHERE `parent_id` = 271 AND `show` = 1 ORDER BY `order` desc,`id` desc  [ RunTime:0.0234s ]
SQL: SELECT * FROM `ethan_menu` WHERE `parent_id` = 270 AND `show` = 1 ORDER BY `order` desc,`id` desc  [ RunTime:0.0176s ]
SQL: SELECT * FROM `ethan_menu` WHERE `parent_id` = 269 AND `show` = 1 ORDER BY `order` desc,`id` desc  [ RunTime:0.0202s ]
SQL: SELECT * FROM `ethan_menu` WHERE `parent_id` = 268 AND `show` = 1 ORDER BY `order` desc,`id` desc  [ RunTime:0.0220s ]
SQL: SELECT * FROM `ethan_menu` WHERE `parent_id` = 267 AND `show` = 1 ORDER BY `order` desc,`id` desc  [ RunTime:0.0234s ]
SQL: SELECT * FROM `ethan_menu` WHERE `parent_id` = 266 AND `show` = 1 ORDER BY `order` desc,`id` desc  [ RunTime:0.0268s ]
SQL: SELECT * FROM `ethan_menu` WHERE `parent_id` = 265 AND `show` = 1 ORDER BY `order` desc,`id` desc  [ RunTime:0.0317s ]
SQL: SELECT * FROM `ethan_menu` WHERE `parent_id` = 264 AND `show` = 1 ORDER BY `order` desc,`id` desc  [ RunTime:0.0294s ]
INFO: Run Behavior\ParseTemplateBehavior [ RunTime:0.615384s ]
INFO: [ view_parse ] --END-- [ RunTime:0.615495s ]
INFO: [ view_filter ] --START--
INFO: Run Behavior\WriteHtmlCacheBehavior [ RunTime:0.000296s ]
INFO: [ view_filter ] --END-- [ RunTime:0.000421s ]
SQL: SHOW COLUMNS FROM `ethan_menu` [ RunTime:0.0741s ]
SQL: SELECT * FROM `ethan_menu` WHERE `id` = 271 LIMIT 1   [ RunTime:0.0297s ]
INFO: [ view_parse ] --START--
INFO: [ template_filter ] --START--
INFO: Run Behavior\ContentReplaceBehavior [ RunTime:0.000085s ]
INFO: [ template_filter ] --END-- [ RunTime:-0.715056s ]
INFO: Run Behavior\ParseTemplateBehavior [ RunTime:0.007686s ]
INFO: [ view_parse ] --END-- [ RunTime:-0.105872s ]
INFO: [ view_filter ] --START--
INFO: Run Behavior\WriteHtmlCacheBehavior [ RunTime:0.000033s ]
INFO: [ view_filter ] --END-- [ RunTime:-0.113257s ]
SQL: SHOW COLUMNS FROM `ethan_menu` [ RunTime:0.3317s ]
SQL: SELECT * FROM `ethan_menu` WHERE `parent_id` = 0 ORDER BY `order` desc,`id` desc  [ RunTime:0.0229s ]
SQL: SELECT * FROM `ethan_menu` WHERE `parent_id` = 271 ORDER BY `order` desc,`id` desc  [ RunTime:0.0202s ]
SQL: SELECT * FROM `ethan_menu` WHERE `parent_id` = 270 ORDER BY `order` desc,`id` desc  [ RunTime:0.0209s ]
SQL: SELECT * FROM `ethan_menu` WHERE `parent_id` = 269 ORDER BY `order` desc,`id` desc  [ RunTime:0.0248s ]
SQL: SELECT * FROM `ethan_menu` WHERE `parent_id` = 268 ORDER BY `order` desc,`id` desc  [ RunTime:0.0283s ]
SQL: SELECT * FROM `ethan_menu` WHERE `parent_id` = 267 ORDER BY `order` desc,`id` desc  [ RunTime:0.0301s ]
SQL: SELECT * FROM `ethan_menu` WHERE `parent_id` = 266 ORDER BY `order` desc,`id` desc  [ RunTime:0.0216s ]
SQL: SELECT * FROM `ethan_menu` WHERE `parent_id` = 265 ORDER BY `order` desc,`id` desc  [ RunTime:0.0250s ]
SQL: SELECT * FROM `ethan_menu` WHERE `parent_id` = 264 ORDER BY `order` desc,`id` desc  [ RunTime:0.0237s ]
INFO: [ view_parse ] --START--
INFO: [ template_filter ] --START--
INFO: Run Behavior\ContentReplaceBehavior [ RunTime:0.000219s ]
INFO: [ template_filter ] --END-- [ RunTime:-1.282480s ]
NOTIC: [8] Undefined index: remark /Applications/XAMPP/xamppfiles/htdocs/Ethan-Wechat/Runtime/Cache/Admin/76c9e7dfe31941a335d4adea98b4c93b.php 第 160 行.
INFO: Run Behavior\ParseTemplateBehavior [ RunTime:0.027784s ]
INFO: [ view_parse ] --END-- [ RunTime:-0.669037s ]
INFO: [ view_filter ] --START--
INFO: Run Behavior\WriteHtmlCacheBehavior [ RunTime:0.000017s ]
INFO: [ view_filter ] --END-- [ RunTime:-0.696436s ]
INFO: [ app_end ] --START--
INFO: Run Behavior\ShowPageTraceBehavior [ RunTime:0.000441s ]
INFO: [ app_end ] --END-- [ RunTime:0.000524s ]

[ 2016-01-04T09:09:24+08:00 ] 127.0.0.1 /ethan-wechat/Public/admin.php/Menu/save/id/271.html
INFO: [ app_init ] --START--
INFO: Run Behavior\BuildLiteBehavior [ RunTime:0.000054s ]
INFO: [ app_init ] --END-- [ RunTime:0.001013s ]
INFO: [ app_begin ] --START--
INFO: Run Behavior\ReadHtmlCacheBehavior [ RunTime:0.000517s ]
INFO: [ app_begin ] --END-- [ RunTime:0.000647s ]
INFO: [ view_parse ] --START--
INFO: [ template_filter ] --START--
INFO: Run Behavior\ContentReplaceBehavior [ RunTime:0.000255s ]
INFO: [ template_filter ] --END-- [ RunTime:0.000463s ]
SQL: SHOW COLUMNS FROM `ethan_menu` [ RunTime:0.0299s ]
SQL: SELECT * FROM `ethan_menu` WHERE `parent_id` = 0 AND `show` = 1 ORDER BY `order` desc,`id` desc  [ RunTime:0.0290s ]
SQL: SELECT * FROM `ethan_menu` WHERE `parent_id` = 271 AND `show` = 1 ORDER BY `order` desc,`id` desc  [ RunTime:0.0184s ]
SQL: SELECT * FROM `ethan_menu` WHERE `parent_id` = 270 AND `show` = 1 ORDER BY `order` desc,`id` desc  [ RunTime:0.0206s ]
SQL: SELECT * FROM `ethan_menu` WHERE `parent_id` = 269 AND `show` = 1 ORDER BY `order` desc,`id` desc  [ RunTime:0.0178s ]
SQL: SELECT * FROM `ethan_menu` WHERE `parent_id` = 268 AND `show` = 1 ORDER BY `order` desc,`id` desc  [ RunTime:0.0180s ]
SQL: SELECT * FROM `ethan_menu` WHERE `parent_id` = 267 AND `show` = 1 ORDER BY `order` desc,`id` desc  [ RunTime:0.0250s ]
SQL: SELECT * FROM `ethan_menu` WHERE `parent_id` = 266 AND `show` = 1 ORDER BY `order` desc,`id` desc  [ RunTime:0.0256s ]
SQL: SELECT * FROM `ethan_menu` WHERE `parent_id` = 265 AND `show` = 1 ORDER BY `order` desc,`id` desc  [ RunTime:0.0247s ]
SQL: SELECT * FROM `ethan_menu` WHERE `parent_id` = 264 AND `show` = 1 ORDER BY `order` desc,`id` desc  [ RunTime:0.0236s ]
SQL: SHOW COLUMNS FROM `ethan_menu` [ RunTime:0.0265s ]
SQL: SELECT * FROM `ethan_menu` WHERE `parent_id` = 0 AND `show` = 1 ORDER BY `order` desc,`id` desc  [ RunTime:0.0283s ]
SQL: SELECT * FROM `ethan_menu` WHERE `parent_id` = 271 AND `show` = 1 ORDER BY `order` desc,`id` desc  [ RunTime:0.0318s ]
SQL: SELECT * FROM `ethan_menu` WHERE `parent_id` = 270 AND `show` = 1 ORDER BY `order` desc,`id` desc  [ RunTime:0.0268s ]
SQL: SELECT * FROM `ethan_menu` WHERE `parent_id` = 269 AND `show` = 1 ORDER BY `order` desc,`id` desc  [ RunTime:0.0278s ]
SQL: SELECT * FROM `ethan_menu` WHERE `parent_id` = 268 AND `show` = 1 ORDER BY `order` desc,`id` desc  [ RunTime:0.0319s ]
SQL: SELECT * FROM `ethan_menu` WHERE `parent_id` = 267 AND `show` = 1 ORDER BY `order` desc,`id` desc  [ RunTime:0.0330s ]
SQL: SELECT * FROM `ethan_menu` WHERE `parent_id` = 266 AND `show` = 1 ORDER BY `order` desc,`id` desc  [ RunTime:0.0311s ]
SQL: SELECT * FROM `ethan_menu` WHERE `parent_id` = 265 AND `show` = 1 ORDER BY `order` desc,`id` desc  [ RunTime:0.0286s ]
SQL: SELECT * FROM `ethan_menu` WHERE `parent_id` = 264 AND `show` = 1 ORDER BY `order` desc,`id` desc  [ RunTime:0.0564s ]
INFO: Run Behavior\ParseTemplateBehavior [ RunTime:0.698840s ]
INFO: [ view_parse ] --END-- [ RunTime:0.698952s ]
INFO: [ view_filter ] --START--
INFO: Run Behavior\WriteHtmlCacheBehavior [ RunTime:0.000308s ]
INFO: [ view_filter ] --END-- [ RunTime:0.000437s ]
SQL: SHOW COLUMNS FROM `ethan_menu` [ RunTime:0.0313s ]
SQL: UPDATE `ethan_menu` SET `title`='活动管理',`subhead`='',`parent_id`='0',`icon`='',`module`='Admin',`controller`='Activity',`action`='index',`parameter`='',`order`='0',`show`='1',`development`='0',`remarks`='',`url`='Admin/Activity/index' WHERE `id` = 271 [ RunTime:0.0217s ]
INFO: [ view_parse ] --START--
INFO: [ template_filter ] --START--
INFO: Run Behavior\ContentReplaceBehavior [ RunTime:0.000087s ]
INFO: [ template_filter ] --END-- [ RunTime:-0.750249s ]
INFO: Run Behavior\ParseTemplateBehavior [ RunTime:0.011756s ]
INFO: [ view_parse ] --END-- [ RunTime:-0.056233s ]
INFO: [ view_filter ] --START--
INFO: Run Behavior\WriteHtmlCacheBehavior [ RunTime:0.000024s ]
INFO: [ view_filter ] --END-- [ RunTime:-0.067633s ]
INFO: [ app_end ] --START--
INFO: Run Behavior\ShowPageTraceBehavior [ RunTime:0.000452s ]
INFO: [ app_end ] --END-- [ RunTime:0.000525s ]

[ 2016-01-04T09:09:26+08:00 ] 127.0.0.1 /ethan-wechat/Public/admin.php/Menu/index/id/271.html
INFO: [ app_init ] --START--
INFO: Run Behavior\BuildLiteBehavior [ RunTime:0.000015s ]
INFO: [ app_init ] --END-- [ RunTime:0.000250s ]
INFO: [ app_begin ] --START--
INFO: Run Behavior\ReadHtmlCacheBehavior [ RunTime:0.000267s ]
INFO: [ app_begin ] --END-- [ RunTime:0.000331s ]
INFO: [ view_parse ] --START--
INFO: [ template_filter ] --START--
INFO: Run Behavior\ContentReplaceBehavior [ RunTime:0.000055s ]
INFO: [ template_filter ] --END-- [ RunTime:0.000128s ]
SQL: SHOW COLUMNS FROM `ethan_menu` [ RunTime:0.0273s ]
SQL: SELECT * FROM `ethan_menu` WHERE `parent_id` = 0 AND `show` = 1 ORDER BY `order` desc,`id` desc  [ RunTime:0.0327s ]
SQL: SELECT * FROM `ethan_menu` WHERE `parent_id` = 271 AND `show` = 1 ORDER BY `order` desc,`id` desc  [ RunTime:0.0282s ]
SQL: SELECT * FROM `ethan_menu` WHERE `parent_id` = 270 AND `show` = 1 ORDER BY `order` desc,`id` desc  [ RunTime:0.0273s ]
SQL: SELECT * FROM `ethan_menu` WHERE `parent_id` = 269 AND `show` = 1 ORDER BY `order` desc,`id` desc  [ RunTime:0.0219s ]
SQL: SELECT * FROM `ethan_menu` WHERE `parent_id` = 268 AND `show` = 1 ORDER BY `order` desc,`id` desc  [ RunTime:0.0186s ]
SQL: SELECT * FROM `ethan_menu` WHERE `parent_id` = 267 AND `show` = 1 ORDER BY `order` desc,`id` desc  [ RunTime:0.0172s ]
SQL: SELECT * FROM `ethan_menu` WHERE `parent_id` = 266 AND `show` = 1 ORDER BY `order` desc,`id` desc  [ RunTime:0.0197s ]
SQL: SELECT * FROM `ethan_menu` WHERE `parent_id` = 265 AND `show` = 1 ORDER BY `order` desc,`id` desc  [ RunTime:0.0211s ]
SQL: SELECT * FROM `ethan_menu` WHERE `parent_id` = 264 AND `show` = 1 ORDER BY `order` desc,`id` desc  [ RunTime:0.0248s ]
SQL: SHOW COLUMNS FROM `ethan_menu` [ RunTime:0.0302s ]
SQL: SELECT * FROM `ethan_menu` WHERE `parent_id` = 0 AND `show` = 1 ORDER BY `order` desc,`id` desc  [ RunTime:0.0257s ]
SQL: SELECT * FROM `ethan_menu` WHERE `parent_id` = 271 AND `show` = 1 ORDER BY `order` desc,`id` desc  [ RunTime:0.0269s ]
SQL: SELECT * FROM `ethan_menu` WHERE `parent_id` = 270 AND `show` = 1 ORDER BY `order` desc,`id` desc  [ RunTime:0.0281s ]
SQL: SELECT * FROM `ethan_menu` WHERE `parent_id` = 269 AND `show` = 1 ORDER BY `order` desc,`id` desc  [ RunTime:0.0257s ]
SQL: SELECT * FROM `ethan_menu` WHERE `parent_id` = 268 AND `show` = 1 ORDER BY `order` desc,`id` desc  [ RunTime:0.0297s ]
SQL: SELECT * FROM `ethan_menu` WHERE `parent_id` = 267 AND `show` = 1 ORDER BY `order` desc,`id` desc  [ RunTime:0.0253s ]
SQL: SELECT * FROM `ethan_menu` WHERE `parent_id` = 266 AND `show` = 1 ORDER BY `order` desc,`id` desc  [ RunTime:0.0293s ]
SQL: SELECT * FROM `ethan_menu` WHERE `parent_id` = 265 AND `show` = 1 ORDER BY `order` desc,`id` desc  [ RunTime:0.0323s ]
SQL: SELECT * FROM `ethan_menu` WHERE `parent_id` = 264 AND `show` = 1 ORDER BY `order` desc,`id` desc  [ RunTime:0.0312s ]
INFO: Run Behavior\ParseTemplateBehavior [ RunTime:0.652804s ]
INFO: [ view_parse ] --END-- [ RunTime:0.652911s ]
INFO: [ view_filter ] --START--
INFO: Run Behavior\WriteHtmlCacheBehavior [ RunTime:0.000311s ]
INFO: [ view_filter ] --END-- [ RunTime:0.000427s ]
SQL: SHOW COLUMNS FROM `ethan_menu` [ RunTime:0.0227s ]
NOTIC: [8] Undefined variable: where /Applications/XAMPP/xamppfiles/htdocs/Ethan-Wechat/Application/Menu/Model/MenuModel.class.php 第 15 行.
SQL: SELECT * FROM `ethan_menu` WHERE `parent_id` = 0 ORDER BY `order` desc,`id` desc  [ RunTime:0.0251s ]
SQL: SELECT * FROM `ethan_menu` WHERE `parent_id` = 271 ORDER BY `order` desc,`id` desc  [ RunTime:0.0218s ]
SQL: SELECT * FROM `ethan_menu` WHERE `parent_id` = 270 ORDER BY `order` desc,`id` desc  [ RunTime:0.0311s ]
SQL: SELECT * FROM `ethan_menu` WHERE `parent_id` = 269 ORDER BY `order` desc,`id` desc  [ RunTime:0.0253s ]
SQL: SELECT * FROM `ethan_menu` WHERE `parent_id` = 268 ORDER BY `order` desc,`id` desc  [ RunTime:0.0307s ]
SQL: SELECT * FROM `ethan_menu` WHERE `parent_id` = 267 ORDER BY `order` desc,`id` desc  [ RunTime:0.0244s ]
SQL: SELECT * FROM `ethan_menu` WHERE `parent_id` = 266 ORDER BY `order` desc,`id` desc  [ RunTime:0.0211s ]
SQL: SELECT * FROM `ethan_menu` WHERE `parent_id` = 265 ORDER BY `order` desc,`id` desc  [ RunTime:0.0194s ]
SQL: SELECT * FROM `ethan_menu` WHERE `parent_id` = 264 ORDER BY `order` desc,`id` desc  [ RunTime:0.0253s ]
INFO: [ view_parse ] --START--
INFO: [ template_filter ] --START--
INFO: Run Behavior\ContentReplaceBehavior [ RunTime:0.000105s ]
INFO: [ template_filter ] --END-- [ RunTime:-0.910965s ]
NOTIC: [8] Undefined property: Think\Page::$totalPage /Applications/XAMPP/xamppfiles/htdocs/Ethan-Wechat/ThinkPHP/Library/Think/Page.class.php 第 118 行.
NOTIC: [8] Undefined variable: up_page /Applications/XAMPP/xamppfiles/htdocs/Ethan-Wechat/ThinkPHP/Library/Think/Page.class.php 第 180 行.
NOTIC: [8] Undefined variable: down_page /Applications/XAMPP/xamppfiles/htdocs/Ethan-Wechat/ThinkPHP/Library/Think/Page.class.php 第 180 行.
INFO: Run Behavior\ParseTemplateBehavior [ RunTime:0.013499s ]
INFO: [ view_parse ] --END-- [ RunTime:-0.259353s ]
INFO: [ view_filter ] --START--
INFO: Run Behavior\WriteHtmlCacheBehavior [ RunTime:0.000017s ]
INFO: [ view_filter ] --END-- [ RunTime:-0.272477s ]
INFO: [ app_end ] --START--
INFO: Run Behavior\ShowPageTraceBehavior [ RunTime:0.000386s ]
INFO: [ app_end ] --END-- [ RunTime:0.000467s ]

[ 2016-01-04T09:09:30+08:00 ] 127.0.0.1 /ethan-wechat/Public/admin.php/Menu/delete/id/267.html
INFO: [ app_init ] --START--
INFO: Run Behavior\BuildLiteBehavior [ RunTime:0.000019s ]
INFO: [ app_init ] --END-- [ RunTime:0.000293s ]
INFO: [ app_begin ] --START--
INFO: Run Behavior\ReadHtmlCacheBehavior [ RunTime:0.000303s ]
INFO: [ app_begin ] --END-- [ RunTime:0.000369s ]
INFO: [ view_parse ] --START--
INFO: [ template_filter ] --START--
INFO: Run Behavior\ContentReplaceBehavior [ RunTime:0.000059s ]
INFO: [ template_filter ] --END-- [ RunTime:0.000139s ]
SQL: SHOW COLUMNS FROM `ethan_menu` [ RunTime:0.0255s ]
SQL: SELECT * FROM `ethan_menu` WHERE `parent_id` = 0 AND `show` = 1 ORDER BY `order` desc,`id` desc  [ RunTime:0.0288s ]
SQL: SELECT * FROM `ethan_menu` WHERE `parent_id` = 271 AND `show` = 1 ORDER BY `order` desc,`id` desc  [ RunTime:0.0272s ]
SQL: SELECT * FROM `ethan_menu` WHERE `parent_id` = 270 AND `show` = 1 ORDER BY `order` desc,`id` desc  [ RunTime:0.0220s ]
SQL: SELECT * FROM `ethan_menu` WHERE `parent_id` = 269 AND `show` = 1 ORDER BY `order` desc,`id` desc  [ RunTime:0.0156s ]
SQL: SELECT * FROM `ethan_menu` WHERE `parent_id` = 268 AND `show` = 1 ORDER BY `order` desc,`id` desc  [ RunTime:0.0156s ]
SQL: SELECT * FROM `ethan_menu` WHERE `parent_id` = 267 AND `show` = 1 ORDER BY `order` desc,`id` desc  [ RunTime:0.0181s ]
SQL: SELECT * FROM `ethan_menu` WHERE `parent_id` = 266 AND `show` = 1 ORDER BY `order` desc,`id` desc  [ RunTime:0.0227s ]
SQL: SELECT * FROM `ethan_menu` WHERE `parent_id` = 265 AND `show` = 1 ORDER BY `order` desc,`id` desc  [ RunTime:0.0263s ]
SQL: SELECT * FROM `ethan_menu` WHERE `parent_id` = 264 AND `show` = 1 ORDER BY `order` desc,`id` desc  [ RunTime:0.0237s ]
SQL: SHOW COLUMNS FROM `ethan_menu` [ RunTime:0.0316s ]
SQL: SELECT * FROM `ethan_menu` WHERE `parent_id` = 0 AND `show` = 1 ORDER BY `order` desc,`id` desc  [ RunTime:0.0257s ]
SQL: SELECT * FROM `ethan_menu` WHERE `parent_id` = 271 AND `show` = 1 ORDER BY `order` desc,`id` desc  [ RunTime:0.0269s ]
SQL: SELECT * FROM `ethan_menu` WHERE `parent_id` = 270 AND `show` = 1 ORDER BY `order` desc,`id` desc  [ RunTime:0.0221s ]
SQL: SELECT * FROM `ethan_menu` WHERE `parent_id` = 269 AND `show` = 1 ORDER BY `order` desc,`id` desc  [ RunTime:0.0204s ]
SQL: SELECT * FROM `ethan_menu` WHERE `parent_id` = 268 AND `show` = 1 ORDER BY `order` desc,`id` desc  [ RunTime:0.0281s ]
SQL: SELECT * FROM `ethan_menu` WHERE `parent_id` = 267 AND `show` = 1 ORDER BY `order` desc,`id` desc  [ RunTime:0.0166s ]
SQL: SELECT * FROM `ethan_menu` WHERE `parent_id` = 266 AND `show` = 1 ORDER BY `order` desc,`id` desc  [ RunTime:0.0183s ]
SQL: SELECT * FROM `ethan_menu` WHERE `parent_id` = 265 AND `show` = 1 ORDER BY `order` desc,`id` desc  [ RunTime:0.0139s ]
SQL: SELECT * FROM `ethan_menu` WHERE `parent_id` = 264 AND `show` = 1 ORDER BY `order` desc,`id` desc  [ RunTime:0.0212s ]
INFO: Run Behavior\ParseTemplateBehavior [ RunTime:0.581530s ]
INFO: [ view_parse ] --END-- [ RunTime:0.581723s ]
INFO: [ view_filter ] --START--
INFO: Run Behavior\WriteHtmlCacheBehavior [ RunTime:0.000587s ]
INFO: [ view_filter ] --END-- [ RunTime:0.000791s ]
SQL: SHOW COLUMNS FROM `ethan_menu` [ RunTime:0.0182s ]
SQL: DELETE FROM `ethan_menu` WHERE `id` = 267 [ RunTime:0.0164s ]
INFO: [ view_parse ] --START--
INFO: [ template_filter ] --START--
INFO: Run Behavior\ContentReplaceBehavior [ RunTime:0.000077s ]
INFO: [ template_filter ] --END-- [ RunTime:-0.614618s ]
INFO: Run Behavior\ParseTemplateBehavior [ RunTime:0.004070s ]
INFO: [ view_parse ] --END-- [ RunTime:-0.037796s ]
INFO: [ view_filter ] --START--
INFO: Run Behavior\WriteHtmlCacheBehavior [ RunTime:0.000019s ]
INFO: [ view_filter ] --END-- [ RunTime:-0.041108s ]
INFO: [ app_end ] --START--
INFO: Run Behavior\ShowPageTraceBehavior [ RunTime:0.000365s ]
INFO: [ app_end ] --END-- [ RunTime:0.000431s ]

[ 2016-01-04T09:09:32+08:00 ] 127.0.0.1 /ethan-wechat/Public/admin.php/Menu/index/id/267.html
INFO: [ app_init ] --START--
INFO: Run Behavior\BuildLiteBehavior [ RunTime:0.000018s ]
INFO: [ app_init ] --END-- [ RunTime:0.000256s ]
INFO: [ app_begin ] --START--
INFO: Run Behavior\ReadHtmlCacheBehavior [ RunTime:0.000272s ]
INFO: [ app_begin ] --END-- [ RunTime:0.000335s ]
INFO: [ view_parse ] --START--
INFO: [ template_filter ] --START--
INFO: Run Behavior\ContentReplaceBehavior [ RunTime:0.000382s ]
INFO: [ template_filter ] --END-- [ RunTime:0.000827s ]
SQL: SHOW COLUMNS FROM `ethan_menu` [ RunTime:0.0259s ]
SQL: SELECT * FROM `ethan_menu` WHERE `parent_id` = 0 AND `show` = 1 ORDER BY `order` desc,`id` desc  [ RunTime:0.0256s ]
SQL: SELECT * FROM `ethan_menu` WHERE `parent_id` = 271 AND `show` = 1 ORDER BY `order` desc,`id` desc  [ RunTime:0.0302s ]
SQL: SELECT * FROM `ethan_menu` WHERE `parent_id` = 270 AND `show` = 1 ORDER BY `order` desc,`id` desc  [ RunTime:0.0686s ]
SQL: SELECT * FROM `ethan_menu` WHERE `parent_id` = 269 AND `show` = 1 ORDER BY `order` desc,`id` desc  [ RunTime:0.0197s ]
SQL: SELECT * FROM `ethan_menu` WHERE `parent_id` = 268 AND `show` = 1 ORDER BY `order` desc,`id` desc  [ RunTime:0.0196s ]
SQL: SELECT * FROM `ethan_menu` WHERE `parent_id` = 266 AND `show` = 1 ORDER BY `order` desc,`id` desc  [ RunTime:0.0188s ]
SQL: SELECT * FROM `ethan_menu` WHERE `parent_id` = 265 AND `show` = 1 ORDER BY `order` desc,`id` desc  [ RunTime:0.0229s ]
SQL: SELECT * FROM `ethan_menu` WHERE `parent_id` = 264 AND `show` = 1 ORDER BY `order` desc,`id` desc  [ RunTime:0.0238s ]
SQL: SHOW COLUMNS FROM `ethan_menu` [ RunTime:0.0223s ]
SQL: SELECT * FROM `ethan_menu` WHERE `parent_id` = 0 AND `show` = 1 ORDER BY `order` desc,`id` desc  [ RunTime:0.0177s ]
SQL: SELECT * FROM `ethan_menu` WHERE `parent_id` = 271 AND `show` = 1 ORDER BY `order` desc,`id` desc  [ RunTime:0.0142s ]
SQL: SELECT * FROM `ethan_menu` WHERE `parent_id` = 270 AND `show` = 1 ORDER BY `order` desc,`id` desc  [ RunTime:0.0193s ]
SQL: SELECT * FROM `ethan_menu` WHERE `parent_id` = 269 AND `show` = 1 ORDER BY `order` desc,`id` desc  [ RunTime:0.0216s ]
SQL: SELECT * FROM `ethan_menu` WHERE `parent_id` = 268 AND `show` = 1 ORDER BY `order` desc,`id` desc  [ RunTime:0.0183s ]
SQL: SELECT * FROM `ethan_menu` WHERE `parent_id` = 266 AND `show` = 1 ORDER BY `order` desc,`id` desc  [ RunTime:0.0242s ]
SQL: SELECT * FROM `ethan_menu` WHERE `parent_id` = 265 AND `show` = 1 ORDER BY `order` desc,`id` desc  [ RunTime:0.0214s ]
SQL: SELECT * FROM `ethan_menu` WHERE `parent_id` = 264 AND `show` = 1 ORDER BY `order` desc,`id` desc  [ RunTime:0.0241s ]
INFO: Run Behavior\ParseTemplateBehavior [ RunTime:0.562599s ]
INFO: [ view_parse ] --END-- [ RunTime:0.562702s ]
INFO: [ view_filter ] --START--
INFO: Run Behavior\WriteHtmlCacheBehavior [ RunTime:0.000301s ]
INFO: [ view_filter ] --END-- [ RunTime:0.000378s ]
SQL: SHOW COLUMNS FROM `ethan_menu` [ RunTime:0.0275s ]
NOTIC: [8] Undefined variable: where /Applications/XAMPP/xamppfiles/htdocs/Ethan-Wechat/Application/Menu/Model/MenuModel.class.php 第 15 行.
SQL: SELECT * FROM `ethan_menu` WHERE `parent_id` = 0 ORDER BY `order` desc,`id` desc  [ RunTime:0.0263s ]
SQL: SELECT * FROM `ethan_menu` WHERE `parent_id` = 271 ORDER BY `order` desc,`id` desc  [ RunTime:0.0239s ]
SQL: SELECT * FROM `ethan_menu` WHERE `parent_id` = 270 ORDER BY `order` desc,`id` desc  [ RunTime:0.0295s ]
SQL: SELECT * FROM `ethan_menu` WHERE `parent_id` = 269 ORDER BY `order` desc,`id` desc  [ RunTime:0.0293s ]
SQL: SELECT * FROM `ethan_menu` WHERE `parent_id` = 268 ORDER BY `order` desc,`id` desc  [ RunTime:0.0241s ]
SQL: SELECT * FROM `ethan_menu` WHERE `parent_id` = 266 ORDER BY `order` desc,`id` desc  [ RunTime:0.0265s ]
SQL: SELECT * FROM `ethan_menu` WHERE `parent_id` = 265 ORDER BY `order` desc,`id` desc  [ RunTime:0.0250s ]
SQL: SELECT * FROM `ethan_menu` WHERE `parent_id` = 264 ORDER BY `order` desc,`id` desc  [ RunTime:0.0287s ]
INFO: [ view_parse ] --START--
INFO: [ template_filter ] --START--
INFO: Run Behavior\ContentReplaceBehavior [ RunTime:0.000059s ]
INFO: [ template_filter ] --END-- [ RunTime:-0.810025s ]
NOTIC: [8] Undefined property: Think\Page::$totalPage /Applications/XAMPP/xamppfiles/htdocs/Ethan-Wechat/ThinkPHP/Library/Think/Page.class.php 第 118 行.
NOTIC: [8] Undefined variable: up_page /Applications/XAMPP/xamppfiles/htdocs/Ethan-Wechat/ThinkPHP/Library/Think/Page.class.php 第 180 行.
NOTIC: [8] Undefined variable: down_page /Applications/XAMPP/xamppfiles/htdocs/Ethan-Wechat/ThinkPHP/Library/Think/Page.class.php 第 180 行.
INFO: Run Behavior\ParseTemplateBehavior [ RunTime:0.012549s ]
INFO: [ view_parse ] --END-- [ RunTime:-0.251177s ]
INFO: [ view_filter ] --START--
INFO: Run Behavior\WriteHtmlCacheBehavior [ RunTime:0.000019s ]
INFO: [ view_filter ] --END-- [ RunTime:-0.263401s ]
INFO: [ app_end ] --START--
INFO: Run Behavior\ShowPageTraceBehavior [ RunTime:0.000430s ]
INFO: [ app_end ] --END-- [ RunTime:0.000518s ]

[ 2016-01-04T09:09:49+08:00 ] 127.0.0.1 /ethan-wechat/Public/admin.php/Admin/Config/index/id/266.html
INFO: [ app_init ] --START--
INFO: Run Behavior\BuildLiteBehavior [ RunTime:0.000018s ]
INFO: [ app_init ] --END-- [ RunTime:0.000288s ]
INFO: [ app_begin ] --START--
INFO: Run Behavior\ReadHtmlCacheBehavior [ RunTime:0.000304s ]
INFO: [ app_begin ] --END-- [ RunTime:0.000377s ]
INFO: [ view_parse ] --START--
INFO: [ template_filter ] --START--
INFO: Run Behavior\ContentReplaceBehavior [ RunTime:0.000094s ]
INFO: [ template_filter ] --END-- [ RunTime:0.000277s ]
SQL: SHOW COLUMNS FROM `ethan_menu` [ RunTime:0.0279s ]
SQL: SELECT * FROM `ethan_menu` WHERE `parent_id` = 0 AND `show` = 1 ORDER BY `order` desc,`id` desc  [ RunTime:0.0285s ]
SQL: SELECT * FROM `ethan_menu` WHERE `parent_id` = 271 AND `show` = 1 ORDER BY `order` desc,`id` desc  [ RunTime:0.0225s ]
SQL: SELECT * FROM `ethan_menu` WHERE `parent_id` = 270 AND `show` = 1 ORDER BY `order` desc,`id` desc  [ RunTime:0.0152s ]
SQL: SELECT * FROM `ethan_menu` WHERE `parent_id` = 269 AND `show` = 1 ORDER BY `order` desc,`id` desc  [ RunTime:0.0583s ]
SQL: SELECT * FROM `ethan_menu` WHERE `parent_id` = 268 AND `show` = 1 ORDER BY `order` desc,`id` desc  [ RunTime:0.0401s ]
SQL: SELECT * FROM `ethan_menu` WHERE `parent_id` = 266 AND `show` = 1 ORDER BY `order` desc,`id` desc  [ RunTime:0.0486s ]
SQL: SELECT * FROM `ethan_menu` WHERE `parent_id` = 265 AND `show` = 1 ORDER BY `order` desc,`id` desc  [ RunTime:0.0322s ]
SQL: SELECT * FROM `ethan_menu` WHERE `parent_id` = 264 AND `show` = 1 ORDER BY `order` desc,`id` desc  [ RunTime:0.0392s ]
SQL: SHOW COLUMNS FROM `ethan_menu` [ RunTime:0.0294s ]
SQL: SELECT * FROM `ethan_menu` WHERE `parent_id` = 0 AND `show` = 1 ORDER BY `order` desc,`id` desc  [ RunTime:0.0222s ]
SQL: SELECT * FROM `ethan_menu` WHERE `parent_id` = 271 AND `show` = 1 ORDER BY `order` desc,`id` desc  [ RunTime:0.0192s ]
SQL: SELECT * FROM `ethan_menu` WHERE `parent_id` = 270 AND `show` = 1 ORDER BY `order` desc,`id` desc  [ RunTime:0.0322s ]
SQL: SELECT * FROM `ethan_menu` WHERE `parent_id` = 269 AND `show` = 1 ORDER BY `order` desc,`id` desc  [ RunTime:0.0277s ]
SQL: SELECT * FROM `ethan_menu` WHERE `parent_id` = 268 AND `show` = 1 ORDER BY `order` desc,`id` desc  [ RunTime:0.0194s ]
SQL: SELECT * FROM `ethan_menu` WHERE `parent_id` = 266 AND `show` = 1 ORDER BY `order` desc,`id` desc  [ RunTime:0.0175s ]
SQL: SELECT * FROM `ethan_menu` WHERE `parent_id` = 265 AND `show` = 1 ORDER BY `order` desc,`id` desc  [ RunTime:0.0172s ]
SQL: SELECT * FROM `ethan_menu` WHERE `parent_id` = 264 AND `show` = 1 ORDER BY `order` desc,`id` desc  [ RunTime:0.0158s ]
INFO: Run Behavior\ParseTemplateBehavior [ RunTime:0.723018s ]
INFO: [ view_parse ] --END-- [ RunTime:0.723117s ]
INFO: [ view_filter ] --START--
INFO: Run Behavior\WriteHtmlCacheBehavior [ RunTime:0.000312s ]
INFO: [ view_filter ] --END-- [ RunTime:0.000425s ]
NOTIC: [2048] Declaration of Config\Logic\ConfigLogic::getListById() should be compatible with Yunzhi\Model\YunzhiModel::getListbyId($id, $pk = 'id') /Applications/XAMPP/xamppfiles/htdocs/Ethan-Wechat/Application/Config/Logic/ConfigLogic.class.php 第 10 行.
SQL: SHOW COLUMNS FROM `ethan_config` [ RunTime:0.0165s ]
SQL: SELECT COUNT(*) AS tp_count FROM `ethan_config` LIMIT 1   [ RunTime:0.0165s ]
SQL: SELECT * FROM `ethan_config` ORDER BY `sort` asc LIMIT 0,10   [ RunTime:0.0260s ]
INFO: [ view_parse ] --START--
INFO: [ template_filter ] --START--
INFO: Run Behavior\ContentReplaceBehavior [ RunTime:0.000064s ]
INFO: [ template_filter ] --END-- [ RunTime:-0.781933s ]
NOTIC: [8] Undefined variable: totalCount /Applications/XAMPP/xamppfiles/htdocs/Ethan-Wechat/Runtime/Cache/Admin/6773776ec7546173d6fccfecc11887a6.php 第 118 行.
INFO: Run Behavior\ParseTemplateBehavior [ RunTime:0.016873s ]
INFO: [ view_parse ] --END-- [ RunTime:-0.062429s ]
INFO: [ view_filter ] --START--
INFO: Run Behavior\WriteHtmlCacheBehavior [ RunTime:0.000029s ]
INFO: [ view_filter ] --END-- [ RunTime:-0.079028s ]
INFO: [ app_end ] --START--
INFO: Run Behavior\ShowPageTraceBehavior [ RunTime:0.001657s ]
INFO: [ app_end ] --END-- [ RunTime:0.001995s ]

[ 2016-01-04T09:10:33+08:00 ] 127.0.0.1 /ethan-wechat/Public/admin.php/Admin/Room/index/id/270.html
INFO: [ app_init ] --START--
INFO: Run Behavior\BuildLiteBehavior [ RunTime:0.000029s ]
INFO: [ app_init ] --END-- [ RunTime:0.000396s ]
INFO: [ app_begin ] --START--
INFO: Run Behavior\ReadHtmlCacheBehavior [ RunTime:0.000527s ]
INFO: [ app_begin ] --END-- [ RunTime:0.000631s ]
INFO: [ view_parse ] --START--
INFO: [ template_filter ] --START--
INFO: Run Behavior\ContentReplaceBehavior [ RunTime:0.000105s ]
INFO: [ template_filter ] --END-- [ RunTime:0.000242s ]
SQL: SHOW COLUMNS FROM `ethan_menu` [ RunTime:0.0300s ]
SQL: SELECT * FROM `ethan_menu` WHERE `parent_id` = 0 AND `show` = 1 ORDER BY `order` desc,`id` desc  [ RunTime:0.0236s ]
SQL: SELECT * FROM `ethan_menu` WHERE `parent_id` = 271 AND `show` = 1 ORDER BY `order` desc,`id` desc  [ RunTime:0.0784s ]
SQL: SELECT * FROM `ethan_menu` WHERE `parent_id` = 270 AND `show` = 1 ORDER BY `order` desc,`id` desc  [ RunTime:0.0277s ]
SQL: SELECT * FROM `ethan_menu` WHERE `parent_id` = 269 AND `show` = 1 ORDER BY `order` desc,`id` desc  [ RunTime:0.0288s ]
SQL: SELECT * FROM `ethan_menu` WHERE `parent_id` = 268 AND `show` = 1 ORDER BY `order` desc,`id` desc  [ RunTime:0.0241s ]
SQL: SELECT * FROM `ethan_menu` WHERE `parent_id` = 266 AND `show` = 1 ORDER BY `order` desc,`id` desc  [ RunTime:0.0187s ]
SQL: SELECT * FROM `ethan_menu` WHERE `parent_id` = 265 AND `show` = 1 ORDER BY `order` desc,`id` desc  [ RunTime:0.0214s ]
SQL: SELECT * FROM `ethan_menu` WHERE `parent_id` = 264 AND `show` = 1 ORDER BY `order` desc,`id` desc  [ RunTime:0.0240s ]
SQL: SHOW COLUMNS FROM `ethan_menu` [ RunTime:0.0260s ]
SQL: SELECT * FROM `ethan_menu` WHERE `parent_id` = 0 AND `show` = 1 ORDER BY `order` desc,`id` desc  [ RunTime:0.0273s ]
SQL: SELECT * FROM `ethan_menu` WHERE `parent_id` = 271 AND `show` = 1 ORDER BY `order` desc,`id` desc  [ RunTime:0.0242s ]
SQL: SELECT * FROM `ethan_menu` WHERE `parent_id` = 270 AND `show` = 1 ORDER BY `order` desc,`id` desc  [ RunTime:0.0229s ]
SQL: SELECT * FROM `ethan_menu` WHERE `parent_id` = 269 AND `show` = 1 ORDER BY `order` desc,`id` desc  [ RunTime:0.0196s ]
SQL: SELECT * FROM `ethan_menu` WHERE `parent_id` = 268 AND `show` = 1 ORDER BY `order` desc,`id` desc  [ RunTime:0.0210s ]
SQL: SELECT * FROM `ethan_menu` WHERE `parent_id` = 266 AND `show` = 1 ORDER BY `order` desc,`id` desc  [ RunTime:0.0236s ]
SQL: SELECT * FROM `ethan_menu` WHERE `parent_id` = 265 AND `show` = 1 ORDER BY `order` desc,`id` desc  [ RunTime:0.0281s ]
SQL: SELECT * FROM `ethan_menu` WHERE `parent_id` = 264 AND `show` = 1 ORDER BY `order` desc,`id` desc  [ RunTime:0.0314s ]
INFO: Run Behavior\ParseTemplateBehavior [ RunTime:1.194591s ]
INFO: [ view_parse ] --END-- [ RunTime:1.194687s ]
INFO: [ view_filter ] --START--
INFO: Run Behavior\WriteHtmlCacheBehavior [ RunTime:0.000296s ]
INFO: [ view_filter ] --END-- [ RunTime:0.000406s ]
SQL: SHOW COLUMNS FROM `ethan_room` [ RunTime:0.0272s ]
SQL: SELECT COUNT(*) AS tp_count FROM `ethan_room` LIMIT 1   [ RunTime:0.0298s ]
SQL: SELECT * FROM `ethan_room` ORDER BY `title` asc LIMIT 0,10   [ RunTime:0.0270s ]
INFO: [ view_parse ] --START--
INFO: [ template_filter ] --START--
INFO: Run Behavior\ContentReplaceBehavior [ RunTime:0.000066s ]
INFO: [ template_filter ] --END-- [ RunTime:-1.281151s ]
NOTIC: [8] Undefined variable: url /Applications/XAMPP/xamppfiles/htdocs/Ethan-Wechat/Runtime/Cache/Admin/bda9d1ee5b2ec3495111d3e2f3c8349f.php 第 69 行.
NOTIC: [8] Undefined variable: data /Applications/XAMPP/xamppfiles/htdocs/Ethan-Wechat/Runtime/Cache/Admin/bda9d1ee5b2ec3495111d3e2f3c8349f.php 第 93 行.
NOTIC: [8] Undefined variable: totalCount /Applications/XAMPP/xamppfiles/htdocs/Ethan-Wechat/Runtime/Cache/Admin/bda9d1ee5b2ec3495111d3e2f3c8349f.php 第 119 行.
INFO: Run Behavior\ParseTemplateBehavior [ RunTime:0.023091s ]
INFO: [ view_parse ] --END-- [ RunTime:-0.087959s ]
INFO: [ view_filter ] --START--
INFO: Run Behavior\WriteHtmlCacheBehavior [ RunTime:0.000049s ]
INFO: [ view_filter ] --END-- [ RunTime:-0.110838s ]
INFO: [ app_end ] --START--
INFO: Run Behavior\ShowPageTraceBehavior [ RunTime:0.001505s ]
INFO: [ app_end ] --END-- [ RunTime:0.001740s ]

[ 2016-01-04T09:10:46+08:00 ] 127.0.0.1 /ethan-wechat/Public/admin.php/Admin/Room/index/id/270.html
INFO: [ app_init ] --START--
INFO: Run Behavior\BuildLiteBehavior [ RunTime:0.000062s ]
INFO: [ app_init ] --END-- [ RunTime:0.002026s ]
INFO: [ app_begin ] --START--
INFO: Run Behavior\ReadHtmlCacheBehavior [ RunTime:0.000400s ]
INFO: [ app_begin ] --END-- [ RunTime:0.000488s ]
INFO: [ view_parse ] --START--
INFO: [ template_filter ] --START--
INFO: Run Behavior\ContentReplaceBehavior [ RunTime:0.000276s ]
INFO: [ template_filter ] --END-- [ RunTime:0.000560s ]
SQL: SHOW COLUMNS FROM `ethan_menu` [ RunTime:0.0258s ]
SQL: SELECT * FROM `ethan_menu` WHERE `parent_id` = 0 AND `show` = 1 ORDER BY `order` desc,`id` desc  [ RunTime:0.0181s ]
SQL: SELECT * FROM `ethan_menu` WHERE `parent_id` = 271 AND `show` = 1 ORDER BY `order` desc,`id` desc  [ RunTime:0.0201s ]
SQL: SELECT * FROM `ethan_menu` WHERE `parent_id` = 270 AND `show` = 1 ORDER BY `order` desc,`id` desc  [ RunTime:0.0163s ]
SQL: SELECT * FROM `ethan_menu` WHERE `parent_id` = 269 AND `show` = 1 ORDER BY `order` desc,`id` desc  [ RunTime:0.0259s ]
SQL: SELECT * FROM `ethan_menu` WHERE `parent_id` = 268 AND `show` = 1 ORDER BY `order` desc,`id` desc  [ RunTime:0.0266s ]
SQL: SELECT * FROM `ethan_menu` WHERE `parent_id` = 266 AND `show` = 1 ORDER BY `order` desc,`id` desc  [ RunTime:0.0242s ]
SQL: SELECT * FROM `ethan_menu` WHERE `parent_id` = 265 AND `show` = 1 ORDER BY `order` desc,`id` desc  [ RunTime:0.0263s ]
SQL: SELECT * FROM `ethan_menu` WHERE `parent_id` = 264 AND `show` = 1 ORDER BY `order` desc,`id` desc  [ RunTime:0.0217s ]
SQL: SHOW COLUMNS FROM `ethan_menu` [ RunTime:0.0277s ]
SQL: SELECT * FROM `ethan_menu` WHERE `parent_id` = 0 AND `show` = 1 ORDER BY `order` desc,`id` desc  [ RunTime:0.0285s ]
SQL: SELECT * FROM `ethan_menu` WHERE `parent_id` = 271 AND `show` = 1 ORDER BY `order` desc,`id` desc  [ RunTime:0.0226s ]
SQL: SELECT * FROM `ethan_menu` WHERE `parent_id` = 270 AND `show` = 1 ORDER BY `order` desc,`id` desc  [ RunTime:0.0220s ]
SQL: SELECT * FROM `ethan_menu` WHERE `parent_id` = 269 AND `show` = 1 ORDER BY `order` desc,`id` desc  [ RunTime:0.0287s ]
SQL: SELECT * FROM `ethan_menu` WHERE `parent_id` = 268 AND `show` = 1 ORDER BY `order` desc,`id` desc  [ RunTime:0.0222s ]
SQL: SELECT * FROM `ethan_menu` WHERE `parent_id` = 266 AND `show` = 1 ORDER BY `order` desc,`id` desc  [ RunTime:0.0156s ]
SQL: SELECT * FROM `ethan_menu` WHERE `parent_id` = 265 AND `show` = 1 ORDER BY `order` desc,`id` desc  [ RunTime:0.0225s ]
SQL: SELECT * FROM `ethan_menu` WHERE `parent_id` = 264 AND `show` = 1 ORDER BY `order` desc,`id` desc  [ RunTime:0.0263s ]
INFO: Run Behavior\ParseTemplateBehavior [ RunTime:0.534999s ]
INFO: [ view_parse ] --END-- [ RunTime:0.535107s ]
INFO: [ view_filter ] --START--
INFO: Run Behavior\WriteHtmlCacheBehavior [ RunTime:0.000300s ]
INFO: Run Behavior\TokenBuildBehavior [ RunTime:0.002260s ]
INFO: [ view_filter ] --END-- [ RunTime:0.002777s ]
SQL: SHOW COLUMNS FROM `ethan_room` [ RunTime:0.0104s ]
SQL: SELECT COUNT(*) AS tp_count FROM `ethan_room` WHERE `status` = 0 LIMIT 1   [ RunTime:0.0152s ]
SQL: SELECT * FROM `ethan_room` WHERE `status` = 0 ORDER BY `sort` desc,`id` desc LIMIT 0,10   [ RunTime:0.0119s ]
INFO: [ view_parse ] --START--
INFO: [ template_filter ] --START--
INFO: Run Behavior\ContentReplaceBehavior [ RunTime:0.000066s ]
INFO: [ template_filter ] --END-- [ RunTime:-0.573965s ]
NOTIC: [8] Undefined property: Think\Page::$totalPage /Applications/XAMPP/xamppfiles/htdocs/Ethan-Wechat/ThinkPHP/Library/Think/Page.class.php 第 118 行.
NOTIC: [8] Undefined variable: up_page /Applications/XAMPP/xamppfiles/htdocs/Ethan-Wechat/ThinkPHP/Library/Think/Page.class.php 第 180 行.
NOTIC: [8] Undefined variable: down_page /Applications/XAMPP/xamppfiles/htdocs/Ethan-Wechat/ThinkPHP/Library/Think/Page.class.php 第 180 行.
INFO: Run Behavior\ParseTemplateBehavior [ RunTime:0.017249s ]
INFO: [ view_parse ] --END-- [ RunTime:-0.042908s ]
INFO: [ view_filter ] --START--
INFO: Run Behavior\WriteHtmlCacheBehavior [ RunTime:0.000018s ]
INFO: Run Behavior\TokenBuildBehavior [ RunTime:0.000026s ]
INFO: [ view_filter ] --END-- [ RunTime:-0.057471s ]
INFO: [ app_end ] --START--
INFO: Run Behavior\ShowPageTraceBehavior [ RunTime:0.000482s ]
INFO: [ app_end ] --END-- [ RunTime:0.000630s ]

[ 2016-01-04T09:13:41+08:00 ] 127.0.0.1 /ethan-wechat/Public/admin.php/api.php
INFO: [ app_init ] --START--
INFO: Run Behavior\BuildLiteBehavior [ RunTime:0.000020s ]
INFO: [ app_init ] --END-- [ RunTime:0.000340s ]
INFO: [ app_begin ] --START--
INFO: Run Behavior\ReadHtmlCacheBehavior [ RunTime:0.000320s ]
INFO: [ app_begin ] --END-- [ RunTime:0.000392s ]
ERR: 无法加载控制器:Api.php

