[ 2015-12-31T08:56:42+08:00 ] 127.0.0.1 /ethan-wechat/Public/api.php
INFO: [ app_init ] --START--
INFO: Run Behavior\BuildLiteBehavior [ RunTime:0.000032s ]
INFO: [ app_init ] --END-- [ RunTime:0.000498s ]
INFO: [ app_begin ] --START--
INFO: Run Behavior\ReadHtmlCacheBehavior [ RunTime:0.000544s ]
INFO: [ app_begin ] --END-- [ RunTime:0.000665s ]
ERR: 非法操作:index

[ 2015-12-31T08:56:55+08:00 ] 127.0.0.1 /ethan-wechat/Public/api.php/SlideShow
INFO: [ app_init ] --START--
INFO: Run Behavior\BuildLiteBehavior [ RunTime:0.000018s ]
INFO: [ app_init ] --END-- [ RunTime:0.000273s ]
INFO: [ app_begin ] --START--
INFO: Run Behavior\ReadHtmlCacheBehavior [ RunTime:0.000317s ]
INFO: [ app_begin ] --END-- [ RunTime:0.000390s ]

[ 2015-12-31T08:57:03+08:00 ] 127.0.0.1 /ethan-wechat/Public/api.php/SlideShow
INFO: [ app_init ] --START--
INFO: Run Behavior\BuildLiteBehavior [ RunTime:0.000023s ]
INFO: [ app_init ] --END-- [ RunTime:0.000462s ]
INFO: [ app_begin ] --START--
INFO: Run Behavior\ReadHtmlCacheBehavior [ RunTime:0.000315s ]
INFO: [ app_begin ] --END-- [ RunTime:0.000395s ]
ERR: 非法操作:index

[ 2015-12-31T08:57:12+08:00 ] 127.0.0.1 /ethan-wechat/Public/api.php/SlideShow/getSlideUrl
INFO: [ app_init ] --START--
INFO: Run Behavior\BuildLiteBehavior [ RunTime:0.000022s ]
INFO: [ app_init ] --END-- [ RunTime:0.000375s ]
INFO: [ app_begin ] --START--
INFO: Run Behavior\ReadHtmlCacheBehavior [ RunTime:0.000375s ]
INFO: [ app_begin ] --END-- [ RunTime:0.000457s ]
SQL: SHOW COLUMNS FROM `ethan_slide_show` [ RunTime:0.0240s ]
SQL: SELECT COUNT(*) AS tp_count FROM `ethan_slide_show` LIMIT 1   [ RunTime:0.0260s ]
SQL: SELECT * FROM `ethan_slide_show` ORDER BY `weight` desc  [ RunTime:0.0251s ]
INFO: [ app_end ] --START--
INFO: Run Behavior\ShowPageTraceBehavior [ RunTime:0.000711s ]
INFO: [ app_end ] --END-- [ RunTime:0.000826s ]

[ 2015-12-31T08:57:29+08:00 ] 127.0.0.1 /ethan-wechat/Public/api.php/SlideShow/getSlideUrl
INFO: [ app_init ] --START--
INFO: Run Behavior\BuildLiteBehavior [ RunTime:0.000018s ]
INFO: [ app_init ] --END-- [ RunTime:0.000287s ]
INFO: [ app_begin ] --START--
INFO: Run Behavior\ReadHtmlCacheBehavior [ RunTime:0.000331s ]
INFO: [ app_begin ] --END-- [ RunTime:0.000414s ]
SQL: SHOW COLUMNS FROM `ethan_slide_show` [ RunTime:0.0132s ]
SQL: SELECT COUNT(*) AS tp_count FROM `ethan_slide_show` LIMIT 1   [ RunTime:0.0118s ]
SQL: SELECT * FROM `ethan_slide_show` ORDER BY `weight` desc  [ RunTime:0.0156s ]
INFO: [ app_end ] --START--
INFO: Run Behavior\ShowPageTraceBehavior [ RunTime:0.000476s ]
INFO: [ app_end ] --END-- [ RunTime:0.000615s ]

[ 2015-12-31T08:59:05+08:00 ] 127.0.0.1 /ethan-wechat/Public/api.php/SlideShow/getSlideUrl
INFO: [ app_init ] --START--
INFO: Run Behavior\BuildLiteBehavior [ RunTime:0.000020s ]
INFO: [ app_init ] --END-- [ RunTime:0.000324s ]
INFO: [ app_begin ] --START--
INFO: Run Behavior\ReadHtmlCacheBehavior [ RunTime:0.000343s ]
INFO: [ app_begin ] --END-- [ RunTime:0.000422s ]
SQL: SHOW COLUMNS FROM `ethan_slide_show` [ RunTime:0.0166s ]
SQL: SELECT COUNT(*) AS tp_count FROM `ethan_slide_show` LIMIT 1   [ RunTime:0.0162s ]
SQL: SELECT * FROM `ethan_slide_show` ORDER BY `weight` desc  [ RunTime:0.0141s ]
INFO: [ app_end ] --START--
INFO: Run Behavior\ShowPageTraceBehavior [ RunTime:0.001828s ]
INFO: [ app_end ] --END-- [ RunTime:0.002179s ]

[ 2015-12-31T09:02:58+08:00 ] 127.0.0.1 /ethan-wechat/Public/api.php/SlideShow/getSlideUrl?XDEBUG_SESSION_START=sublime.xdebug
INFO: [ app_init ] --START--
INFO: Run Behavior\BuildLiteBehavior [ RunTime:0.000083s ]
INFO: [ app_init ] --END-- [ RunTime:0.000462s ]
INFO: [ app_begin ] --START--
INFO: Run Behavior\ReadHtmlCacheBehavior [ RunTime:0.000431s ]
INFO: [ app_begin ] --END-- [ RunTime:0.000671s ]
SQL: SHOW COLUMNS FROM `ethan_slide_show` [ RunTime:0.0159s ]
SQL: SELECT COUNT(*) AS tp_count FROM `ethan_slide_show` LIMIT 1   [ RunTime:0.0339s ]
SQL: SELECT * FROM `ethan_slide_show` ORDER BY `weight` desc  [ RunTime:0.0144s ]
INFO: [ app_end ] --START--
INFO: Run Behavior\ShowPageTraceBehavior [ RunTime:0.001692s ]
INFO: [ app_end ] --END-- [ RunTime:0.002066s ]

[ 2015-12-31T09:03:21+08:00 ] 127.0.0.1 /ethan-wechat/Public/api.php/SlideShow/getSlideUrl?XDEBUG_SESSION_START=sublime.xdebug
INFO: [ app_init ] --START--
INFO: Run Behavior\BuildLiteBehavior [ RunTime:0.000061s ]
INFO: [ app_init ] --END-- [ RunTime:0.000681s ]
INFO: [ app_begin ] --START--
INFO: Run Behavior\ReadHtmlCacheBehavior [ RunTime:0.000409s ]
INFO: [ app_begin ] --END-- [ RunTime:0.000614s ]
SQL: SHOW COLUMNS FROM `ethan_slide_show` [ RunTime:0.0157s ]
SQL: SELECT COUNT(*) AS tp_count FROM `ethan_slide_show` LIMIT 1   [ RunTime:0.0202s ]
SQL: SELECT * FROM `ethan_slide_show` ORDER BY `weight` desc  [ RunTime:0.0125s ]
INFO: [ app_end ] --START--
INFO: Run Behavior\ShowPageTraceBehavior [ RunTime:0.000667s ]
INFO: [ app_end ] --END-- [ RunTime:0.000959s ]

[ 2015-12-31T09:03:46+08:00 ] 127.0.0.1 /ethan-wechat/Public/api.php/SlideShow/getSlideUrl?XDEBUG_SESSION_START=sublime.xdebug
INFO: [ app_init ] --START--
INFO: Run Behavior\BuildLiteBehavior [ RunTime:0.000088s ]
INFO: [ app_init ] --END-- [ RunTime:0.000866s ]
INFO: [ app_begin ] --START--
INFO: Run Behavior\ReadHtmlCacheBehavior [ RunTime:0.000579s ]
INFO: [ app_begin ] --END-- [ RunTime:0.000831s ]
SQL: SHOW COLUMNS FROM `ethan_slide_show` [ RunTime:0.0327s ]
SQL: SELECT COUNT(*) AS tp_count FROM `ethan_slide_show` WHERE `status` = 0 LIMIT 1   [ RunTime:0.0145s ]
SQL: SELECT * FROM `ethan_slide_show` WHERE `status` = 0 ORDER BY `weight` desc  [ RunTime:0.0143s ]
INFO: [ app_end ] --START--
INFO: Run Behavior\ShowPageTraceBehavior [ RunTime:0.000571s ]
INFO: [ app_end ] --END-- [ RunTime:0.000882s ]

[ 2015-12-31T09:05:23+08:00 ] 127.0.0.1 /ethan-wechat/Public/api.php/SlideShow/getSlideUrl?XDEBUG_SESSION_START=sublime.xdebug
INFO: [ app_init ] --START--
INFO: Run Behavior\BuildLiteBehavior [ RunTime:0.000053s ]
INFO: [ app_init ] --END-- [ RunTime:0.000584s ]
INFO: [ app_begin ] --START--
INFO: Run Behavior\ReadHtmlCacheBehavior [ RunTime:0.000425s ]
INFO: [ app_begin ] --END-- [ RunTime:0.000695s ]
SQL: SHOW COLUMNS FROM `ethan_slide_show` [ RunTime:0.0183s ]

[ 2015-12-31T09:05:27+08:00 ] 127.0.0.1 /ethan-wechat/Public/api.php/SlideShow/getSlideUrl
INFO: [ app_init ] --START--
INFO: Run Behavior\BuildLiteBehavior [ RunTime:0.000023s ]
INFO: [ app_init ] --END-- [ RunTime:0.000409s ]
INFO: [ app_begin ] --START--
INFO: Run Behavior\ReadHtmlCacheBehavior [ RunTime:0.000387s ]
INFO: [ app_begin ] --END-- [ RunTime:0.000475s ]
SQL: SHOW COLUMNS FROM `ethan_slide_show` [ RunTime:0.0135s ]
SQL: SELECT COUNT(*) AS tp_count FROM `ethan_slide_show` WHERE `status` = 0 LIMIT 1   [ RunTime:0.0128s ]
SQL: SELECT * FROM `ethan_slide_show` WHERE `status` = 0 ORDER BY `weight` desc  [ RunTime:0.0128s ]
INFO: [ app_end ] --START--
INFO: Run Behavior\ShowPageTraceBehavior [ RunTime:0.000525s ]
INFO: [ app_end ] --END-- [ RunTime:0.000622s ]

[ 2015-12-31T09:06:00+08:00 ] 127.0.0.1 /ethan-wechat/Public/api.php/SlideShow/getSlideUrl
INFO: [ app_init ] --START--
INFO: Run Behavior\BuildLiteBehavior [ RunTime:0.000018s ]
INFO: [ app_init ] --END-- [ RunTime:0.000295s ]
INFO: [ app_begin ] --START--
INFO: Run Behavior\ReadHtmlCacheBehavior [ RunTime:0.000307s ]
INFO: [ app_begin ] --END-- [ RunTime:0.000380s ]
SQL: SHOW COLUMNS FROM `ethan_slide_show` [ RunTime:0.0162s ]
SQL: SELECT COUNT(*) AS tp_count FROM `ethan_slide_show` WHERE `status` = 0 LIMIT 1   [ RunTime:0.0124s ]
SQL: SELECT * FROM `ethan_slide_show` WHERE `status` = 0 ORDER BY `weight` desc  [ RunTime:0.0176s ]
INFO: [ app_end ] --START--
INFO: Run Behavior\ShowPageTraceBehavior [ RunTime:0.001013s ]
INFO: [ app_end ] --END-- [ RunTime:0.001172s ]

[ 2015-12-31T09:06:32+08:00 ] 127.0.0.1 /ethan-wechat/Public/api.php/SlideShow/getSlideUrl
INFO: [ app_init ] --START--
INFO: Run Behavior\BuildLiteBehavior [ RunTime:0.000022s ]
INFO: [ app_init ] --END-- [ RunTime:0.000377s ]
INFO: [ app_begin ] --START--
INFO: Run Behavior\ReadHtmlCacheBehavior [ RunTime:0.000437s ]
INFO: [ app_begin ] --END-- [ RunTime:0.000527s ]
SQL: SHOW COLUMNS FROM `ethan_slide_show` [ RunTime:0.0256s ]
SQL: SELECT COUNT(*) AS tp_count FROM `ethan_slide_show` WHERE `status` = 0 LIMIT 1   [ RunTime:0.0161s ]
SQL: SELECT * FROM `ethan_slide_show` WHERE `status` = 0 ORDER BY `weight` desc  [ RunTime:0.0708s ]

[ 2015-12-31T09:06:42+08:00 ] 127.0.0.1 /ethan-wechat/Public/api.php/SlideShow/getSlideUrl
INFO: [ app_init ] --START--
INFO: Run Behavior\BuildLiteBehavior [ RunTime:0.000025s ]
INFO: [ app_init ] --END-- [ RunTime:0.000398s ]
INFO: [ app_begin ] --START--
INFO: Run Behavior\ReadHtmlCacheBehavior [ RunTime:0.000398s ]
INFO: [ app_begin ] --END-- [ RunTime:0.000489s ]
SQL: SHOW COLUMNS FROM `ethan_slide_show` [ RunTime:0.0325s ]
SQL: SELECT COUNT(*) AS tp_count FROM `ethan_slide_show` WHERE `status` = 0 LIMIT 1   [ RunTime:0.0259s ]
SQL: SELECT * FROM `ethan_slide_show` WHERE `status` = 0 ORDER BY `weight` desc  [ RunTime:0.0598s ]

[ 2015-12-31T09:06:51+08:00 ] 127.0.0.1 /ethan-wechat/Public/api.php/SlideShow/getSlideUrl
INFO: [ app_init ] --START--
INFO: Run Behavior\BuildLiteBehavior [ RunTime:0.000017s ]
INFO: [ app_init ] --END-- [ RunTime:0.000285s ]
INFO: [ app_begin ] --START--
INFO: Run Behavior\ReadHtmlCacheBehavior [ RunTime:0.000328s ]
INFO: [ app_begin ] --END-- [ RunTime:0.000407s ]
SQL: SHOW COLUMNS FROM `ethan_slide_show` [ RunTime:0.0309s ]
SQL: SELECT COUNT(*) AS tp_count FROM `ethan_slide_show` WHERE `status` = 0 LIMIT 1   [ RunTime:0.0362s ]
SQL: SELECT * FROM `ethan_slide_show` WHERE `status` = 0 ORDER BY `weight` desc  [ RunTime:0.0241s ]

[ 2015-12-31T09:07:23+08:00 ] 127.0.0.1 /ethan-wechat/Public/api.php/SlideShow/getSlideUrl
INFO: [ app_init ] --START--
INFO: Run Behavior\BuildLiteBehavior [ RunTime:0.000017s ]
INFO: [ app_init ] --END-- [ RunTime:0.000259s ]
INFO: [ app_begin ] --START--
INFO: Run Behavior\ReadHtmlCacheBehavior [ RunTime:0.000283s ]
INFO: [ app_begin ] --END-- [ RunTime:0.000403s ]
SQL: SHOW COLUMNS FROM `ethan_slide_show` [ RunTime:0.0453s ]
SQL: SELECT COUNT(*) AS tp_count FROM `ethan_slide_show` WHERE `status` = 0 LIMIT 1   [ RunTime:0.0099s ]
SQL: SELECT * FROM `ethan_slide_show` WHERE `status` = 0 ORDER BY `weight` desc  [ RunTime:0.0175s ]

[ 2015-12-31T09:07:28+08:00 ] 127.0.0.1 /ethan-wechat/Public/api.php/SlideShow/getSlideUrl
INFO: [ app_init ] --START--
INFO: Run Behavior\BuildLiteBehavior [ RunTime:0.000017s ]
INFO: [ app_init ] --END-- [ RunTime:0.000251s ]
INFO: [ app_begin ] --START--
INFO: Run Behavior\ReadHtmlCacheBehavior [ RunTime:0.000263s ]
INFO: [ app_begin ] --END-- [ RunTime:0.000328s ]
SQL: SHOW COLUMNS FROM `ethan_slide_show` [ RunTime:0.0121s ]
SQL: SELECT COUNT(*) AS tp_count FROM `ethan_slide_show` WHERE `status` = 0 LIMIT 1   [ RunTime:0.0123s ]
SQL: SELECT * FROM `ethan_slide_show` WHERE `status` = 0 ORDER BY `weight` desc  [ RunTime:0.0194s ]

[ 2015-12-31T09:07:31+08:00 ] 127.0.0.1 /ethan-wechat/Public/api.php/SlideShow/getSlideUrl
INFO: [ app_init ] --START--
INFO: Run Behavior\BuildLiteBehavior [ RunTime:0.000016s ]
INFO: [ app_init ] --END-- [ RunTime:0.000250s ]
INFO: [ app_begin ] --START--
INFO: Run Behavior\ReadHtmlCacheBehavior [ RunTime:0.000263s ]
INFO: [ app_begin ] --END-- [ RunTime:0.000325s ]
SQL: SHOW COLUMNS FROM `ethan_slide_show` [ RunTime:0.0162s ]
SQL: SELECT COUNT(*) AS tp_count FROM `ethan_slide_show` WHERE `status` = 0 LIMIT 1   [ RunTime:0.0405s ]
SQL: SELECT * FROM `ethan_slide_show` WHERE `status` = 0 ORDER BY `weight` desc  [ RunTime:0.0157s ]

[ 2015-12-31T09:16:00+08:00 ] 127.0.0.1 /ethan-wechat/Public/api.php/SlideShow/getSlideMapUrl
INFO: [ app_init ] --START--
INFO: Run Behavior\BuildLiteBehavior [ RunTime:0.000018s ]
INFO: [ app_init ] --END-- [ RunTime:0.000304s ]
INFO: [ app_begin ] --START--
INFO: Run Behavior\ReadHtmlCacheBehavior [ RunTime:0.000333s ]
INFO: [ app_begin ] --END-- [ RunTime:0.000440s ]
SQL: SHOW COLUMNS FROM `ethan_slide_show` [ RunTime:0.0130s ]
SQL: SELECT COUNT(*) AS tp_count FROM `ethan_slide_show` WHERE `status` = 0 LIMIT 1   [ RunTime:0.0152s ]
SQL: SELECT * FROM `ethan_slide_show` WHERE `status` = 0 ORDER BY `weight` desc  [ RunTime:0.0139s ]

[ 2015-12-31T09:16:30+08:00 ] 127.0.0.1 /ethan-wechat/Public/api.php/SlideShow/getSlideMapUrl
INFO: [ app_init ] --START--
INFO: Run Behavior\BuildLiteBehavior [ RunTime:0.000023s ]
INFO: [ app_init ] --END-- [ RunTime:0.000301s ]
INFO: [ app_begin ] --START--
INFO: Run Behavior\ReadHtmlCacheBehavior [ RunTime:0.000498s ]
INFO: [ app_begin ] --END-- [ RunTime:0.000594s ]
SQL: SHOW COLUMNS FROM `ethan_slide_show` [ RunTime:0.0111s ]
SQL: SELECT COUNT(*) AS tp_count FROM `ethan_slide_show` WHERE `status` = 0 LIMIT 1   [ RunTime:0.0123s ]
SQL: SELECT * FROM `ethan_slide_show` WHERE `status` = 0 ORDER BY `weight` desc  [ RunTime:0.0151s ]

[ 2015-12-31T09:16:35+08:00 ] 127.0.0.1 /ethan-wechat/Public/api.php/SlideShow/getSlideMapUrl
INFO: [ app_init ] --START--
INFO: Run Behavior\BuildLiteBehavior [ RunTime:0.000016s ]
INFO: [ app_init ] --END-- [ RunTime:0.000258s ]
INFO: [ app_begin ] --START--
INFO: Run Behavior\ReadHtmlCacheBehavior [ RunTime:0.000276s ]
INFO: [ app_begin ] --END-- [ RunTime:0.000341s ]
SQL: SHOW COLUMNS FROM `ethan_slide_show` [ RunTime:0.0164s ]
SQL: SELECT COUNT(*) AS tp_count FROM `ethan_slide_show` WHERE `status` = 0 LIMIT 1   [ RunTime:0.0126s ]
SQL: SELECT * FROM `ethan_slide_show` WHERE `status` = 0 ORDER BY `weight` desc  [ RunTime:0.0129s ]

[ 2015-12-31T09:16:51+08:00 ] 127.0.0.1 /ethan-wechat/Public/api.php/SlideShow/getSlideMapUrl
INFO: [ app_init ] --START--
INFO: Run Behavior\BuildLiteBehavior [ RunTime:0.000018s ]
INFO: [ app_init ] --END-- [ RunTime:0.000275s ]
INFO: [ app_begin ] --START--
INFO: Run Behavior\ReadHtmlCacheBehavior [ RunTime:0.000367s ]
INFO: [ app_begin ] --END-- [ RunTime:0.000440s ]
SQL: SHOW COLUMNS FROM `ethan_slide_show` [ RunTime:0.0124s ]
SQL: SELECT COUNT(*) AS tp_count FROM `ethan_slide_show` WHERE `status` = 0 LIMIT 1   [ RunTime:0.0141s ]
SQL: SELECT * FROM `ethan_slide_show` WHERE `status` = 0 ORDER BY `weight` desc  [ RunTime:0.0137s ]

[ 2015-12-31T09:17:10+08:00 ] 127.0.0.1 /ethan-wechat/Public/api.php/SlideShow/getSlideMapUrl
INFO: [ app_init ] --START--
INFO: Run Behavior\BuildLiteBehavior [ RunTime:0.000018s ]
INFO: [ app_init ] --END-- [ RunTime:0.000265s ]
INFO: [ app_begin ] --START--
INFO: Run Behavior\ReadHtmlCacheBehavior [ RunTime:0.000279s ]
INFO: [ app_begin ] --END-- [ RunTime:0.000343s ]
SQL: SHOW COLUMNS FROM `ethan_slide_show` [ RunTime:0.0459s ]
SQL: SELECT COUNT(*) AS tp_count FROM `ethan_slide_show` WHERE `status` = 0 LIMIT 1   [ RunTime:0.0800s ]
SQL: SELECT * FROM `ethan_slide_show` WHERE `status` = 0 ORDER BY `weight` desc  [ RunTime:0.0132s ]

[ 2015-12-31T10:02:57+08:00 ] 127.0.0.1 /ethan-wechat/Public/api.php/SlideShow/getSlideMapUrl
INFO: [ app_init ] --START--
INFO: Run Behavior\BuildLiteBehavior [ RunTime:0.000017s ]
INFO: [ app_init ] --END-- [ RunTime:0.000281s ]
INFO: [ app_begin ] --START--
INFO: Run Behavior\ReadHtmlCacheBehavior [ RunTime:0.000485s ]
INFO: [ app_begin ] --END-- [ RunTime:0.000607s ]
SQL: SHOW COLUMNS FROM `ethan_slide_show` [ RunTime:0.0241s ]
SQL: SELECT COUNT(*) AS tp_count FROM `ethan_slide_show` WHERE `status` = 0 LIMIT 1   [ RunTime:0.0162s ]
SQL: SELECT * FROM `ethan_slide_show` WHERE `status` = 0 ORDER BY `weight` desc  [ RunTime:0.0148s ]

[ 2015-12-31T10:03:01+08:00 ] 127.0.0.1 /ethan-wechat/Public/api.php/SlideShow/getSlideMapUrl
INFO: [ app_init ] --START--
INFO: Run Behavior\BuildLiteBehavior [ RunTime:0.000020s ]
INFO: [ app_init ] --END-- [ RunTime:0.000365s ]
INFO: [ app_begin ] --START--
INFO: Run Behavior\ReadHtmlCacheBehavior [ RunTime:0.000657s ]
INFO: [ app_begin ] --END-- [ RunTime:0.000815s ]
SQL: SHOW COLUMNS FROM `ethan_slide_show` [ RunTime:0.0218s ]
SQL: SELECT COUNT(*) AS tp_count FROM `ethan_slide_show` WHERE `status` = 0 LIMIT 1   [ RunTime:0.0286s ]
SQL: SELECT * FROM `ethan_slide_show` WHERE `status` = 0 ORDER BY `weight` desc  [ RunTime:0.0196s ]

[ 2015-12-31T10:03:19+08:00 ] 127.0.0.1 /ethan-wechat/Public/api.php/SlideShow/getSlideUrls
INFO: [ app_init ] --START--
INFO: Run Behavior\BuildLiteBehavior [ RunTime:0.000041s ]
INFO: [ app_init ] --END-- [ RunTime:0.000613s ]
INFO: [ app_begin ] --START--
INFO: Run Behavior\ReadHtmlCacheBehavior [ RunTime:0.000339s ]
INFO: [ app_begin ] --END-- [ RunTime:0.000419s ]
SQL: SHOW COLUMNS FROM `ethan_slide_show` [ RunTime:0.0256s ]
SQL: SELECT COUNT(*) AS tp_count FROM `ethan_slide_show` WHERE `status` = 0 LIMIT 1   [ RunTime:0.0219s ]
SQL: SELECT * FROM `ethan_slide_show` WHERE `status` = 0 ORDER BY `weight` desc  [ RunTime:0.0325s ]

[ 2015-12-31T10:09:17+08:00 ] 127.0.0.1 /ethan-wechat/Public/api.php/Evaluation%5CgetEvaluations
INFO: [ app_init ] --START--
INFO: Run Behavior\BuildLiteBehavior [ RunTime:0.000020s ]
INFO: [ app_init ] --END-- [ RunTime:0.000400s ]
INFO: [ app_begin ] --START--
INFO: Run Behavior\ReadHtmlCacheBehavior [ RunTime:0.000357s ]
INFO: [ app_begin ] --END-- [ RunTime:0.000439s ]
ERR: 无法加载控制器:Evaluation\getEvaluations

[ 2015-12-31T10:09:34+08:00 ] 127.0.0.1 /ethan-wechat/Public/api.php/Evaluation/getEvaluations
INFO: [ app_init ] --START--
INFO: Run Behavior\BuildLiteBehavior [ RunTime:0.000019s ]
INFO: [ app_init ] --END-- [ RunTime:0.000275s ]
INFO: [ app_begin ] --START--
INFO: Run Behavior\ReadHtmlCacheBehavior [ RunTime:0.000404s ]
INFO: [ app_begin ] --END-- [ RunTime:0.000528s ]
SQL: SHOW COLUMNS FROM `ethan_evaluation_custom` [ RunTime:0.0179s ]
SQL: SELECT COUNT(*) AS tp_count FROM `ethan_evaluation_custom` LIMIT 1   [ RunTime:0.0260s ]
SQL: SELECT * FROM `ethan_evaluation_custom` ORDER BY `id` desc LIMIT 0,10   [ RunTime:0.0274s ]

[ 2015-12-31T10:10:48+08:00 ] 127.0.0.1 /ethan-wechat/Public/api.php/Evaluation/getEvaluations
INFO: [ app_init ] --START--
INFO: Run Behavior\BuildLiteBehavior [ RunTime:0.000018s ]
INFO: [ app_init ] --END-- [ RunTime:0.000284s ]
INFO: [ app_begin ] --START--
INFO: Run Behavior\ReadHtmlCacheBehavior [ RunTime:0.000360s ]
INFO: [ app_begin ] --END-- [ RunTime:0.000434s ]

[ 2015-12-31T10:10:55+08:00 ] 127.0.0.1 /ethan-wechat/Public/api.php/Evaluation/getEvaluations
INFO: [ app_init ] --START--
INFO: Run Behavior\BuildLiteBehavior [ RunTime:0.000018s ]
INFO: [ app_init ] --END-- [ RunTime:0.000288s ]
INFO: [ app_begin ] --START--
INFO: Run Behavior\ReadHtmlCacheBehavior [ RunTime:0.001157s ]
INFO: [ app_begin ] --END-- [ RunTime:0.001254s ]
SQL: SHOW COLUMNS FROM `ethan_evaluation_custom` [ RunTime:0.0167s ]
SQL: SELECT COUNT(*) AS tp_count FROM `ethan_evaluation_custom` LIMIT 1   [ RunTime:0.0158s ]
SQL: SELECT * FROM `ethan_evaluation_custom` ORDER BY `id` desc LIMIT 0,10   [ RunTime:0.0233s ]

[ 2015-12-31T10:13:14+08:00 ] 127.0.0.1 /ethan-wechat/Public/api.php/Evaluation/getEvaluations
INFO: [ app_init ] --START--
INFO: Run Behavior\BuildLiteBehavior [ RunTime:0.000018s ]
INFO: [ app_init ] --END-- [ RunTime:0.000281s ]
INFO: [ app_begin ] --START--
INFO: Run Behavior\ReadHtmlCacheBehavior [ RunTime:0.000334s ]
INFO: [ app_begin ] --END-- [ RunTime:0.000420s ]
SQL: SHOW COLUMNS FROM `ethan_evaluation_custom` [ RunTime:0.0202s ]
SQL: SELECT COUNT(*) AS tp_count FROM `ethan_evaluation_custom` LIMIT 1   [ RunTime:0.0157s ]
SQL: SELECT * FROM `ethan_evaluation_custom` ORDER BY `id` desc LIMIT 0,10   [ RunTime:0.0141s ]

[ 2015-12-31T10:41:05+08:00 ] 127.0.0.1 /ethan-wechat/Public/api.php/Introduction/getHotalIntroduction
INFO: [ app_init ] --START--
INFO: Run Behavior\BuildLiteBehavior [ RunTime:0.000019s ]
INFO: [ app_init ] --END-- [ RunTime:0.000301s ]
INFO: [ app_begin ] --START--
INFO: Run Behavior\ReadHtmlCacheBehavior [ RunTime:0.000429s ]
INFO: [ app_begin ] --END-- [ RunTime:0.000516s ]

[ 2015-12-31T10:41:15+08:00 ] 127.0.0.1 /ethan-wechat/Public/api.php/Introduction/getHotalIntroduction
INFO: [ app_init ] --START--
INFO: Run Behavior\BuildLiteBehavior [ RunTime:0.000018s ]
INFO: [ app_init ] --END-- [ RunTime:0.000281s ]
INFO: [ app_begin ] --START--
INFO: Run Behavior\ReadHtmlCacheBehavior [ RunTime:0.000322s ]
INFO: [ app_begin ] --END-- [ RunTime:0.000398s ]

[ 2015-12-31T10:41:26+08:00 ] 127.0.0.1 /ethan-wechat/Public/api.php/Introduction/getHotalIntroduction
INFO: [ app_init ] --START--
INFO: Run Behavior\BuildLiteBehavior [ RunTime:0.000021s ]
INFO: [ app_init ] --END-- [ RunTime:0.000409s ]
INFO: [ app_begin ] --START--
INFO: Run Behavior\ReadHtmlCacheBehavior [ RunTime:0.000454s ]
INFO: [ app_begin ] --END-- [ RunTime:0.002834s ]

[ 2015-12-31T10:41:34+08:00 ] 127.0.0.1 /ethan-wechat/Public/api.php/Introduction/getHotalIntroduction
INFO: [ app_init ] --START--
INFO: Run Behavior\BuildLiteBehavior [ RunTime:0.000030s ]
INFO: [ app_init ] --END-- [ RunTime:0.000390s ]
INFO: [ app_begin ] --START--
INFO: Run Behavior\ReadHtmlCacheBehavior [ RunTime:0.000307s ]
INFO: [ app_begin ] --END-- [ RunTime:0.000382s ]
SQL: SHOW COLUMNS FROM `ethan_introduction` [ RunTime:0.0143s ]
SQL: SELECT * FROM `ethan_introduction` LIMIT 1   [ RunTime:0.0133s ]

[ 2015-12-31T10:59:00+08:00 ] 127.0.0.1 /ethan-wechat/Public/api.php/Activity/getActivitys
INFO: [ app_init ] --START--
INFO: Run Behavior\BuildLiteBehavior [ RunTime:0.000031s ]
INFO: [ app_init ] --END-- [ RunTime:0.000399s ]
INFO: [ app_begin ] --START--
INFO: Run Behavior\ReadHtmlCacheBehavior [ RunTime:0.000347s ]
INFO: [ app_begin ] --END-- [ RunTime:0.000426s ]

[ 2015-12-31T10:59:10+08:00 ] 127.0.0.1 /ethan-wechat/Public/api.php/Activity/getActivitys
INFO: [ app_init ] --START--
INFO: Run Behavior\BuildLiteBehavior [ RunTime:0.000020s ]
INFO: [ app_init ] --END-- [ RunTime:0.000461s ]
INFO: [ app_begin ] --START--
INFO: Run Behavior\ReadHtmlCacheBehavior [ RunTime:0.000298s ]
INFO: [ app_begin ] --END-- [ RunTime:0.000376s ]
SQL: SHOW COLUMNS FROM `ethan_activity` [ RunTime:0.0135s ]
SQL: SELECT COUNT(*) AS tp_count FROM `ethan_activity` WHERE `status` = 0 LIMIT 1   [ RunTime:0.0128s ]
SQL: SELECT * FROM `ethan_activity` WHERE `status` = 0 ORDER BY `id` desc LIMIT 0,10   [ RunTime:0.0216s ]

[ 2015-12-31T11:05:10+08:00 ] 127.0.0.1 /ethan-wechat/Public/api.php/Activity/getActivitys
INFO: [ app_init ] --START--
INFO: Run Behavior\BuildLiteBehavior [ RunTime:0.000027s ]
INFO: [ app_init ] --END-- [ RunTime:0.000412s ]
INFO: [ app_begin ] --START--
INFO: Run Behavior\ReadHtmlCacheBehavior [ RunTime:0.000710s ]
INFO: [ app_begin ] --END-- [ RunTime:0.000889s ]
SQL: SHOW COLUMNS FROM `ethan_activity` [ RunTime:0.0160s ]
NOTIC: [8] Undefined variable: mpas /Applications/XAMPP/xamppfiles/htdocs/Ethan-Wechat/Application/Api/Controller/ActivityController.class.php 第 23 行.
ERR: Think\Model:setFiles方法不存在！

[ 2015-12-31T11:15:13+08:00 ] 127.0.0.1 /ethan-wechat/Public/api.php/Activity/getActivitys
INFO: [ app_init ] --START--
INFO: Run Behavior\BuildLiteBehavior [ RunTime:0.000016s ]
INFO: [ app_init ] --END-- [ RunTime:0.000259s ]
INFO: [ app_begin ] --START--
INFO: Run Behavior\ReadHtmlCacheBehavior [ RunTime:0.000290s ]
INFO: [ app_begin ] --END-- [ RunTime:0.000357s ]
SQL: SHOW COLUMNS FROM `ethan_activity` [ RunTime:0.0153s ]
NOTIC: [8] Undefined variable: mpas /Applications/XAMPP/xamppfiles/htdocs/Ethan-Wechat/Application/Api/Controller/ActivityController.class.php 第 23 行.
ERR: Think\Model:setFileds方法不存在！

[ 2015-12-31T11:15:26+08:00 ] 127.0.0.1 /ethan-wechat/Public/api.php/Activity/getActivitys
INFO: [ app_init ] --START--
INFO: Run Behavior\BuildLiteBehavior [ RunTime:0.000017s ]
INFO: [ app_init ] --END-- [ RunTime:0.000256s ]
INFO: [ app_begin ] --START--
INFO: Run Behavior\ReadHtmlCacheBehavior [ RunTime:0.000268s ]
INFO: [ app_begin ] --END-- [ RunTime:0.000332s ]
SQL: SHOW COLUMNS FROM `ethan_activity` [ RunTime:0.0224s ]
NOTIC: [8] Undefined variable: mpas /Applications/XAMPP/xamppfiles/htdocs/Ethan-Wechat/Application/Api/Controller/ActivityController.class.php 第 23 行.
NOTIC: [8] Undefined variable: fileds /Applications/XAMPP/xamppfiles/htdocs/Ethan-Wechat/Application/Yunzhi/Model/YunzhiModel.class.php 第 305 行.
NOTIC: [2] array_merge(): Argument #2 is not an array /Applications/XAMPP/xamppfiles/htdocs/Ethan-Wechat/Application/Yunzhi/Model/YunzhiModel.class.php 第 305 行.
SQL: SELECT COUNT(*) AS tp_count FROM `ethan_activity` LIMIT 1   [ RunTime:0.0714s ]
SQL: SELECT * FROM `ethan_activity` ORDER BY `id` desc LIMIT 0,10   [ RunTime:0.0213s ]

[ 2015-12-31T11:15:31+08:00 ] 127.0.0.1 /ethan-wechat/Public/api.php/Activity/getActivitys
INFO: [ app_init ] --START--
INFO: Run Behavior\BuildLiteBehavior [ RunTime:0.000040s ]
INFO: [ app_init ] --END-- [ RunTime:0.000337s ]
INFO: [ app_begin ] --START--
INFO: Run Behavior\ReadHtmlCacheBehavior [ RunTime:0.000652s ]
INFO: [ app_begin ] --END-- [ RunTime:0.000765s ]
SQL: SHOW COLUMNS FROM `ethan_activity` [ RunTime:0.0371s ]
NOTIC: [8] Undefined variable: mpas /Applications/XAMPP/xamppfiles/htdocs/Ethan-Wechat/Application/Api/Controller/ActivityController.class.php 第 23 行.
NOTIC: [8] Undefined variable: fileds /Applications/XAMPP/xamppfiles/htdocs/Ethan-Wechat/Application/Yunzhi/Model/YunzhiModel.class.php 第 305 行.
NOTIC: [2] array_merge(): Argument #2 is not an array /Applications/XAMPP/xamppfiles/htdocs/Ethan-Wechat/Application/Yunzhi/Model/YunzhiModel.class.php 第 305 行.
SQL: SELECT COUNT(*) AS tp_count FROM `ethan_activity` LIMIT 1   [ RunTime:0.0781s ]
SQL: SELECT * FROM `ethan_activity` ORDER BY `id` desc LIMIT 0,10   [ RunTime:0.0323s ]

[ 2015-12-31T11:15:56+08:00 ] 127.0.0.1 /ethan-wechat/Public/api.php/Activity/getActivitys
INFO: [ app_init ] --START--
INFO: Run Behavior\BuildLiteBehavior [ RunTime:0.000024s ]
INFO: [ app_init ] --END-- [ RunTime:0.001122s ]
INFO: [ app_begin ] --START--
INFO: Run Behavior\ReadHtmlCacheBehavior [ RunTime:0.000294s ]
INFO: [ app_begin ] --END-- [ RunTime:0.000363s ]
SQL: SHOW COLUMNS FROM `ethan_activity` [ RunTime:0.0185s ]
NOTIC: [8] Undefined variable: fileds /Applications/XAMPP/xamppfiles/htdocs/Ethan-Wechat/Application/Yunzhi/Model/YunzhiModel.class.php 第 305 行.
NOTIC: [2] array_merge(): Argument #2 is not an array /Applications/XAMPP/xamppfiles/htdocs/Ethan-Wechat/Application/Yunzhi/Model/YunzhiModel.class.php 第 305 行.
SQL: SELECT COUNT(*) AS tp_count FROM `ethan_activity` WHERE `status` = '0' LIMIT 1   [ RunTime:0.0387s ]
SQL: SELECT * FROM `ethan_activity` WHERE `status` = '0' ORDER BY `id` desc LIMIT 0,10   [ RunTime:0.0235s ]

[ 2015-12-31T11:23:00+08:00 ] 127.0.0.1 /ethan-wechat/Public/api.php/Activity/getActivitys
INFO: [ app_init ] --START--
INFO: Run Behavior\BuildLiteBehavior [ RunTime:0.000019s ]
INFO: [ app_init ] --END-- [ RunTime:0.000290s ]
INFO: [ app_begin ] --START--
INFO: Run Behavior\ReadHtmlCacheBehavior [ RunTime:0.000393s ]
INFO: [ app_begin ] --END-- [ RunTime:0.000473s ]
SQL: SHOW COLUMNS FROM `ethan_activity` [ RunTime:0.0217s ]
SQL: SELECT COUNT(*) AS tp_count FROM `ethan_activity` LIMIT 1   [ RunTime:0.0234s ]
SQL: SELECT * FROM `ethan_activity` ORDER BY `id` desc LIMIT 0,10   [ RunTime:0.0505s ]

[ 2015-12-31T11:26:11+08:00 ] 127.0.0.1 /ethan-wechat/Public/api.php/Activity/getActivitys?XDEBUG_SESSION_START=sublime.xdebug
INFO: [ app_init ] --START--
INFO: Run Behavior\BuildLiteBehavior [ RunTime:0.000051s ]
INFO: [ app_init ] --END-- [ RunTime:0.000530s ]
INFO: [ app_begin ] --START--
INFO: Run Behavior\ReadHtmlCacheBehavior [ RunTime:0.002176s ]
INFO: [ app_begin ] --END-- [ RunTime:0.003017s ]
SQL: SHOW COLUMNS FROM `ethan_activity` [ RunTime:0.0106s ]
SQL: SELECT COUNT(*) AS tp_count FROM `ethan_activity` LIMIT 1   [ RunTime:0.0169s ]
SQL: SELECT * FROM `ethan_activity` ORDER BY `id` desc LIMIT 0,10   [ RunTime:0.0120s ]

[ 2015-12-31T11:26:45+08:00 ] 127.0.0.1 /ethan-wechat/Public/api.php/Activity/getActivitys?XDEBUG_SESSION_START=sublime.xdebug
INFO: [ app_init ] --START--
INFO: Run Behavior\BuildLiteBehavior [ RunTime:0.000072s ]
INFO: [ app_init ] --END-- [ RunTime:0.001052s ]
INFO: [ app_begin ] --START--
INFO: Run Behavior\ReadHtmlCacheBehavior [ RunTime:0.000425s ]
INFO: [ app_begin ] --END-- [ RunTime:0.000635s ]
SQL: SHOW COLUMNS FROM `ethan_activity` [ RunTime:0.0197s ]
SQL: SELECT COUNT(*) AS tp_count FROM `ethan_activity` LIMIT 1   [ RunTime:0.0750s ]
SQL: SELECT * FROM `ethan_activity` ORDER BY `id` desc LIMIT 0,10   [ RunTime:0.0346s ]
NOTIC: [2] Cannot modify header information - headers already sent by (output started at /Applications/XAMPP/xamppfiles/htdocs/Ethan-Wechat/ThinkPHP/Common/functions.php:850) /Applications/XAMPP/xamppfiles/htdocs/Ethan-Wechat/ThinkPHP/Library/Think/Controller.class.php 第 215 行.

[ 2015-12-31T11:28:40+08:00 ] 127.0.0.1 /ethan-wechat/Public/api.php/Activity/getActivitys?XDEBUG_SESSION_START=sublime.xdebug
INFO: [ app_init ] --START--
INFO: Run Behavior\BuildLiteBehavior [ RunTime:0.000050s ]
INFO: [ app_init ] --END-- [ RunTime:0.000526s ]
INFO: [ app_begin ] --START--
INFO: Run Behavior\ReadHtmlCacheBehavior [ RunTime:0.000387s ]
INFO: [ app_begin ] --END-- [ RunTime:0.000589s ]
SQL: SHOW COLUMNS FROM `ethan_activity` [ RunTime:0.0168s ]
SQL: SELECT COUNT(*) AS tp_count FROM `ethan_activity` LIMIT 1   [ RunTime:0.0157s ]
SQL: SELECT `id`,`end_time`,`title` FROM `ethan_activity` ORDER BY `id` desc LIMIT 0,10   [ RunTime:0.0136s ]
NOTIC: [2] Cannot modify header information - headers already sent by (output started at /Applications/XAMPP/xamppfiles/htdocs/Ethan-Wechat/ThinkPHP/Common/functions.php:850) /Applications/XAMPP/xamppfiles/htdocs/Ethan-Wechat/ThinkPHP/Library/Think/Controller.class.php 第 215 行.

[ 2015-12-31T11:28:45+08:00 ] 127.0.0.1 /ethan-wechat/Public/api.php/Activity/getActivitys?XDEBUG_SESSION_START=sublime.xdebug
INFO: [ app_init ] --START--
INFO: Run Behavior\BuildLiteBehavior [ RunTime:0.000049s ]
INFO: [ app_init ] --END-- [ RunTime:0.000520s ]
INFO: [ app_begin ] --START--
INFO: Run Behavior\ReadHtmlCacheBehavior [ RunTime:0.000375s ]
INFO: [ app_begin ] --END-- [ RunTime:0.000721s ]
SQL: SHOW COLUMNS FROM `ethan_activity` [ RunTime:0.0172s ]
SQL: SELECT COUNT(*) AS tp_count FROM `ethan_activity` LIMIT 1   [ RunTime:0.0116s ]
SQL: SELECT `id`,`end_time`,`title` FROM `ethan_activity` ORDER BY `id` desc LIMIT 0,10   [ RunTime:0.0303s ]
NOTIC: [2] Cannot modify header information - headers already sent by (output started at /Applications/XAMPP/xamppfiles/htdocs/Ethan-Wechat/ThinkPHP/Common/functions.php:850) /Applications/XAMPP/xamppfiles/htdocs/Ethan-Wechat/ThinkPHP/Library/Think/Controller.class.php 第 215 行.

[ 2015-12-31T11:28:58+08:00 ] 127.0.0.1 /ethan-wechat/Public/api.php/Activity/getActivitys?XDEBUG_SESSION_START=sublime.xdebug
INFO: [ app_init ] --START--
INFO: Run Behavior\BuildLiteBehavior [ RunTime:0.000053s ]
INFO: [ app_init ] --END-- [ RunTime:0.000489s ]
INFO: [ app_begin ] --START--
INFO: Run Behavior\ReadHtmlCacheBehavior [ RunTime:0.000460s ]
INFO: [ app_begin ] --END-- [ RunTime:0.000700s ]
SQL: SHOW COLUMNS FROM `ethan_activity` [ RunTime:0.0162s ]
SQL: SELECT COUNT(*) AS tp_count FROM `ethan_activity` LIMIT 1   [ RunTime:0.0185s ]
SQL: SELECT `id`,`end_time`,`title` FROM `ethan_activity` ORDER BY `id` desc LIMIT 0,10   [ RunTime:0.0124s ]

[ 2015-12-31T11:29:48+08:00 ] 127.0.0.1 /ethan-wechat/Public/api.php/Activity/getActivitys?XDEBUG_SESSION_START=sublime.xdebug
INFO: [ app_init ] --START--
INFO: Run Behavior\BuildLiteBehavior [ RunTime:0.000047s ]
INFO: [ app_init ] --END-- [ RunTime:0.000438s ]
INFO: [ app_begin ] --START--
INFO: Run Behavior\ReadHtmlCacheBehavior [ RunTime:0.000326s ]
INFO: [ app_begin ] --END-- [ RunTime:0.000520s ]
SQL: SHOW COLUMNS FROM `ethan_activity` [ RunTime:0.0148s ]
SQL: SELECT COUNT(*) AS tp_count FROM `ethan_activity` LIMIT 1   [ RunTime:0.0107s ]
SQL: SELECT `id`,`end_time`,`title`,`thumbnails_url` FROM `ethan_activity` ORDER BY `id` desc LIMIT 0,10   [ RunTime:0.0126s ]

[ 2015-12-31T11:31:45+08:00 ] 127.0.0.1 /ethan-wechat/Public/api.php/Activity/getActivitys?XDEBUG_SESSION_START=sublime.xdebug
INFO: [ app_init ] --START--
INFO: Run Behavior\BuildLiteBehavior [ RunTime:0.000068s ]
INFO: [ app_init ] --END-- [ RunTime:0.000641s ]
INFO: [ app_begin ] --START--
INFO: Run Behavior\ReadHtmlCacheBehavior [ RunTime:0.000407s ]
INFO: [ app_begin ] --END-- [ RunTime:0.000636s ]
SQL: SHOW COLUMNS FROM `ethan_activity` [ RunTime:0.0117s ]
SQL: SELECT COUNT(*) AS tp_count FROM `ethan_activity` LIMIT 1   [ RunTime:0.0132s ]
SQL: SELECT `id`,`end_time`,`title`,`thumbnails_url` AS `url` FROM `ethan_activity` ORDER BY `id` desc LIMIT 0,10   [ RunTime:0.0134s ]

[ 2015-12-31T11:40:57+08:00 ] 127.0.0.1 /ethan-wechat/Public/api.php/Activity/getActivityDetail
INFO: [ app_init ] --START--
INFO: Run Behavior\BuildLiteBehavior [ RunTime:0.000060s ]
INFO: [ app_init ] --END-- [ RunTime:0.000601s ]
INFO: [ app_begin ] --START--
INFO: Run Behavior\ReadHtmlCacheBehavior [ RunTime:0.000489s ]
INFO: [ app_begin ] --END-- [ RunTime:0.000721s ]

[ 2015-12-31T11:41:08+08:00 ] 127.0.0.1 /ethan-wechat/Public/api.php/Activity/getActivityDetail
INFO: [ app_init ] --START--
INFO: Run Behavior\BuildLiteBehavior [ RunTime:0.000046s ]
INFO: [ app_init ] --END-- [ RunTime:0.000426s ]
INFO: [ app_begin ] --START--
INFO: Run Behavior\ReadHtmlCacheBehavior [ RunTime:0.000594s ]
INFO: [ app_begin ] --END-- [ RunTime:0.000844s ]
SQL: SHOW COLUMNS FROM `ethan_activity` [ RunTime:0.0119s ]

[ 2015-12-31T11:41:23+08:00 ] 127.0.0.1 /ethan-wechat/Public/api.php/Activity/getActivityDetail?id=1
INFO: [ app_init ] --START--
INFO: Run Behavior\BuildLiteBehavior [ RunTime:0.000048s ]
INFO: [ app_init ] --END-- [ RunTime:0.000446s ]
INFO: [ app_begin ] --START--
INFO: Run Behavior\ReadHtmlCacheBehavior [ RunTime:0.000365s ]
INFO: [ app_begin ] --END-- [ RunTime:0.000574s ]
SQL: SHOW COLUMNS FROM `ethan_activity` [ RunTime:0.0161s ]
SQL: SELECT * FROM `ethan_activity` WHERE `id` = 1 LIMIT 1   [ RunTime:0.0202s ]

[ 2015-12-31T11:41:44+08:00 ] 127.0.0.1 /ethan-wechat/Public/api.php/Activity/getActivityDetail?id=1
INFO: [ app_init ] --START--
INFO: Run Behavior\BuildLiteBehavior [ RunTime:0.000050s ]
INFO: [ app_init ] --END-- [ RunTime:0.000482s ]
INFO: [ app_begin ] --START--
INFO: Run Behavior\ReadHtmlCacheBehavior [ RunTime:0.000347s ]
INFO: [ app_begin ] --END-- [ RunTime:0.000556s ]
SQL: SHOW COLUMNS FROM `ethan_activity` [ RunTime:0.0136s ]
SQL: SELECT * FROM `ethan_activity` WHERE `id` = 1 LIMIT 1   [ RunTime:0.0169s ]

[ 2015-12-31T11:41:57+08:00 ] 127.0.0.1 /ethan-wechat/Public/api.php/Activity/getActivityDetail?id=2
INFO: [ app_init ] --START--
INFO: Run Behavior\BuildLiteBehavior [ RunTime:0.000112s ]
INFO: [ app_init ] --END-- [ RunTime:0.001288s ]
INFO: [ app_begin ] --START--
INFO: Run Behavior\ReadHtmlCacheBehavior [ RunTime:0.000546s ]
INFO: [ app_begin ] --END-- [ RunTime:0.000780s ]
SQL: SHOW COLUMNS FROM `ethan_activity` [ RunTime:0.0161s ]
SQL: SELECT * FROM `ethan_activity` WHERE `id` = 2 LIMIT 1   [ RunTime:0.0173s ]

[ 2015-12-31T11:42:09+08:00 ] 127.0.0.1 /ethan-wechat/Public/api.php/Activity/getActivityDetail?id=7
INFO: [ app_init ] --START--
INFO: Run Behavior\BuildLiteBehavior [ RunTime:0.000070s ]
INFO: [ app_init ] --END-- [ RunTime:0.000893s ]
INFO: [ app_begin ] --START--
INFO: Run Behavior\ReadHtmlCacheBehavior [ RunTime:0.000356s ]
INFO: [ app_begin ] --END-- [ RunTime:0.000559s ]
SQL: SHOW COLUMNS FROM `ethan_activity` [ RunTime:0.0130s ]
SQL: SELECT * FROM `ethan_activity` WHERE `id` = 7 LIMIT 1   [ RunTime:0.0120s ]

[ 2015-12-31T11:45:37+08:00 ] 127.0.0.1 /ethan-wechat/Public/api.php/Activity/getActivityDetail?id=6
INFO: [ app_init ] --START--
INFO: Run Behavior\BuildLiteBehavior [ RunTime:0.000046s ]
INFO: [ app_init ] --END-- [ RunTime:0.000436s ]
INFO: [ app_begin ] --START--
INFO: Run Behavior\ReadHtmlCacheBehavior [ RunTime:0.000381s ]
INFO: [ app_begin ] --END-- [ RunTime:0.000594s ]
SQL: SHOW COLUMNS FROM `ethan_activity` [ RunTime:0.0173s ]
SQL: SELECT * FROM `ethan_activity` WHERE `id` = 6 LIMIT 1   [ RunTime:0.0158s ]

[ 2015-12-31T13:36:18+08:00 ] 127.0.0.1 /ethan-wechat/Public/api.php/Activity/getActivityDetail?id=6
INFO: [ app_init ] --START--
INFO: Run Behavior\BuildLiteBehavior [ RunTime:0.000017s ]
INFO: [ app_init ] --END-- [ RunTime:0.000269s ]
INFO: [ app_begin ] --START--
INFO: Run Behavior\ReadHtmlCacheBehavior [ RunTime:0.000290s ]
INFO: [ app_begin ] --END-- [ RunTime:0.000356s ]
SQL: SHOW COLUMNS FROM `ethan_activity` [ RunTime:0.0131s ]
SQL: SELECT * FROM `ethan_activity` WHERE `id` = 6 LIMIT 1   [ RunTime:0.0110s ]
NOTIC: [8] Undefined variable: activity /Applications/XAMPP/xamppfiles/htdocs/Ethan-Wechat/Application/Activity/Logic/ActivityLogic.class.php 第 29 行.

[ 2015-12-31T13:36:51+08:00 ] 127.0.0.1 /ethan-wechat/Public/api.php/Activity/getActivityDetail?id=6
INFO: [ app_init ] --START--
INFO: Run Behavior\BuildLiteBehavior [ RunTime:0.000020s ]
INFO: [ app_init ] --END-- [ RunTime:0.000525s ]
INFO: [ app_begin ] --START--
INFO: Run Behavior\ReadHtmlCacheBehavior [ RunTime:0.000310s ]
INFO: [ app_begin ] --END-- [ RunTime:0.000377s ]
SQL: SHOW COLUMNS FROM `ethan_activity` [ RunTime:0.0530s ]
SQL: SELECT * FROM `ethan_activity` WHERE `id` = 6 LIMIT 1   [ RunTime:0.0154s ]

[ 2015-12-31T13:38:16+08:00 ] 127.0.0.1 /ethan-wechat/Public/api.php/Activity/getActivityDetail?id=7
INFO: [ app_init ] --START--
INFO: Run Behavior\BuildLiteBehavior [ RunTime:0.000019s ]
INFO: [ app_init ] --END-- [ RunTime:0.000282s ]
INFO: [ app_begin ] --START--
INFO: Run Behavior\ReadHtmlCacheBehavior [ RunTime:0.000345s ]
INFO: [ app_begin ] --END-- [ RunTime:0.000419s ]
SQL: SHOW COLUMNS FROM `ethan_activity` [ RunTime:0.0143s ]
SQL: SELECT * FROM `ethan_activity` WHERE `id` = 7 LIMIT 1   [ RunTime:0.0128s ]

[ 2015-12-31T13:56:36+08:00 ] 127.0.0.1 /ethan-wechat/Public/api.php/Rooms
INFO: [ app_init ] --START--
INFO: Run Behavior\BuildLiteBehavior [ RunTime:0.000019s ]
INFO: [ app_init ] --END-- [ RunTime:0.000283s ]
INFO: [ app_begin ] --START--
INFO: Run Behavior\ReadHtmlCacheBehavior [ RunTime:0.000395s ]
INFO: [ app_begin ] --END-- [ RunTime:0.000482s ]
ERR: 无法加载控制器:Rooms

[ 2015-12-31T13:56:37+08:00 ] 127.0.0.1 /ethan-wechat/Public/api.php/Rooms
INFO: [ app_init ] --START--
INFO: Run Behavior\BuildLiteBehavior [ RunTime:0.000019s ]
INFO: [ app_init ] --END-- [ RunTime:0.000427s ]
INFO: [ app_begin ] --START--
INFO: Run Behavior\ReadHtmlCacheBehavior [ RunTime:0.000325s ]
INFO: [ app_begin ] --END-- [ RunTime:0.000400s ]
ERR: 无法加载控制器:Rooms

[ 2015-12-31T13:56:40+08:00 ] 127.0.0.1 /ethan-wechat/Public/api.php/Room
INFO: [ app_init ] --START--
INFO: Run Behavior\BuildLiteBehavior [ RunTime:0.000032s ]
INFO: [ app_init ] --END-- [ RunTime:0.000477s ]
INFO: [ app_begin ] --START--
INFO: Run Behavior\ReadHtmlCacheBehavior [ RunTime:0.000588s ]
INFO: [ app_begin ] --END-- [ RunTime:0.000740s ]
ERR: 非法操作:index

[ 2015-12-31T13:56:46+08:00 ] 127.0.0.1 /ethan-wechat/Public/api.php/Room/getRooms
INFO: [ app_init ] --START--
INFO: Run Behavior\BuildLiteBehavior [ RunTime:0.000019s ]
INFO: [ app_init ] --END-- [ RunTime:0.000299s ]
INFO: [ app_begin ] --START--
INFO: Run Behavior\ReadHtmlCacheBehavior [ RunTime:0.000364s ]
INFO: [ app_begin ] --END-- [ RunTime:0.000445s ]
SQL: SHOW COLUMNS FROM `ethan_room` [ RunTime:0.0178s ]
SQL: SELECT COUNT(*) AS tp_count FROM `ethan_room` WHERE `status` = 0 LIMIT 1   [ RunTime:0.0174s ]
NOTIC: [2] trim() expects parameter 1 to be string, array given /Applications/XAMPP/xamppfiles/htdocs/Ethan-Wechat/ThinkPHP/Library/Think/Db/Driver/Mysql.class.php 第 97 行.
ERR: 1054:Unknown column '_pk' in 'field list'
 [ SQL语句 ] : SELECT `id`,`type`,`title`,`url`,`price`,`description`,`detial_description`,`total_rooms`,`status`,`_pk` AS `id`,`_type` AS `` FROM `ethan_room` WHERE `status` = 0 ORDER BY `id` desc 
ERR: 1054:Unknown column '_pk' in 'field list'
 [ SQL语句 ] : SELECT `id`,`type`,`title`,`url`,`price`,`description`,`detial_description`,`total_rooms`,`status`,`_pk` AS `id`,`_type` AS `` FROM `ethan_room` WHERE `status` = 0 ORDER BY `id` desc 

[ 2015-12-31T14:05:06+08:00 ] 127.0.0.1 /ethan-wechat/Public/api.php/Room/getRooms
INFO: [ app_init ] --START--
INFO: Run Behavior\BuildLiteBehavior [ RunTime:0.000017s ]
INFO: [ app_init ] --END-- [ RunTime:0.000259s ]
INFO: [ app_begin ] --START--
INFO: Run Behavior\ReadHtmlCacheBehavior [ RunTime:0.000944s ]
INFO: [ app_begin ] --END-- [ RunTime:0.001126s ]
SQL: SHOW COLUMNS FROM `ethan_room` [ RunTime:0.0139s ]
SQL: SELECT COUNT(*) AS tp_count FROM `ethan_room` WHERE `status` = 0 LIMIT 1   [ RunTime:0.0120s ]
SQL: SELECT * FROM `ethan_room` WHERE `status` = 0 ORDER BY `id` desc  [ RunTime:0.0142s ]

[ 2015-12-31T14:05:44+08:00 ] 127.0.0.1 /ethan-wechat/Public/api.php/Activity/getActivityDetail
INFO: [ app_init ] --START--
INFO: Run Behavior\BuildLiteBehavior [ RunTime:0.000018s ]
INFO: [ app_init ] --END-- [ RunTime:0.000286s ]
INFO: [ app_begin ] --START--
INFO: Run Behavior\ReadHtmlCacheBehavior [ RunTime:0.000368s ]
INFO: [ app_begin ] --END-- [ RunTime:0.000447s ]
SQL: SHOW COLUMNS FROM `ethan_activity` [ RunTime:0.0137s ]

[ 2015-12-31T14:05:55+08:00 ] 127.0.0.1 /ethan-wechat/Public/api.php/Activity/getActivityDetail?id=7
INFO: [ app_init ] --START--
INFO: Run Behavior\BuildLiteBehavior [ RunTime:0.000037s ]
INFO: [ app_init ] --END-- [ RunTime:0.000477s ]
INFO: [ app_begin ] --START--
INFO: Run Behavior\ReadHtmlCacheBehavior [ RunTime:0.000337s ]
INFO: [ app_begin ] --END-- [ RunTime:0.000446s ]
SQL: SHOW COLUMNS FROM `ethan_activity` [ RunTime:0.0129s ]
SQL: SELECT * FROM `ethan_activity` WHERE `id` = 7 LIMIT 1   [ RunTime:0.0150s ]

[ 2015-12-31T14:05:59+08:00 ] 127.0.0.1 /ethan-wechat/Public/api.php/Activity/getActivityDetail?id=6
INFO: [ app_init ] --START--
INFO: Run Behavior\BuildLiteBehavior [ RunTime:0.000018s ]
INFO: [ app_init ] --END-- [ RunTime:0.000267s ]
INFO: [ app_begin ] --START--
INFO: Run Behavior\ReadHtmlCacheBehavior [ RunTime:0.000399s ]
INFO: [ app_begin ] --END-- [ RunTime:0.000479s ]
SQL: SHOW COLUMNS FROM `ethan_activity` [ RunTime:0.0114s ]
SQL: SELECT * FROM `ethan_activity` WHERE `id` = 6 LIMIT 1   [ RunTime:0.0133s ]

[ 2015-12-31T14:07:06+08:00 ] 127.0.0.1 /ethan-wechat/Public/api.php/Activity/getActivityDetail?id=7
INFO: [ app_init ] --START--
INFO: Run Behavior\BuildLiteBehavior [ RunTime:0.000019s ]
INFO: [ app_init ] --END-- [ RunTime:0.000290s ]
INFO: [ app_begin ] --START--
INFO: Run Behavior\ReadHtmlCacheBehavior [ RunTime:0.000359s ]
INFO: [ app_begin ] --END-- [ RunTime:0.000439s ]
SQL: SHOW COLUMNS FROM `ethan_activity` [ RunTime:0.0143s ]
SQL: SELECT * FROM `ethan_activity` WHERE `id` = 7 LIMIT 1   [ RunTime:0.0140s ]

[ 2015-12-31T14:07:06+08:00 ] 127.0.0.1 /ethan-wechat/Public/api.php/Activity/getActivityDetail?id=7
INFO: [ app_init ] --START--
INFO: Run Behavior\BuildLiteBehavior [ RunTime:0.000017s ]
INFO: [ app_init ] --END-- [ RunTime:0.000309s ]
INFO: [ app_begin ] --START--
INFO: Run Behavior\ReadHtmlCacheBehavior [ RunTime:0.000397s ]
INFO: [ app_begin ] --END-- [ RunTime:0.000481s ]
SQL: SHOW COLUMNS FROM `ethan_activity` [ RunTime:0.0142s ]
SQL: SELECT * FROM `ethan_activity` WHERE `id` = 7 LIMIT 1   [ RunTime:0.0125s ]

[ 2015-12-31T14:07:07+08:00 ] 127.0.0.1 /ethan-wechat/Public/api.php/Activity/getActivityDetail
INFO: [ app_init ] --START--
INFO: Run Behavior\BuildLiteBehavior [ RunTime:0.000017s ]
INFO: [ app_init ] --END-- [ RunTime:0.000268s ]
INFO: [ app_begin ] --START--
INFO: Run Behavior\ReadHtmlCacheBehavior [ RunTime:0.000274s ]
INFO: [ app_begin ] --END-- [ RunTime:0.000338s ]
SQL: SHOW COLUMNS FROM `ethan_activity` [ RunTime:0.0111s ]

[ 2015-12-31T14:07:09+08:00 ] 127.0.0.1 /ethan-wechat/Public/api.php/Room/getRooms
INFO: [ app_init ] --START--
INFO: Run Behavior\BuildLiteBehavior [ RunTime:0.000016s ]
INFO: [ app_init ] --END-- [ RunTime:0.000265s ]
INFO: [ app_begin ] --START--
INFO: Run Behavior\ReadHtmlCacheBehavior [ RunTime:0.000296s ]
INFO: [ app_begin ] --END-- [ RunTime:0.000362s ]
SQL: SHOW COLUMNS FROM `ethan_room` [ RunTime:0.0125s ]
SQL: SELECT COUNT(*) AS tp_count FROM `ethan_room` WHERE `status` = 0 LIMIT 1   [ RunTime:0.0103s ]
SQL: SELECT * FROM `ethan_room` WHERE `status` = 0 ORDER BY `id` desc  [ RunTime:0.0136s ]

[ 2015-12-31T16:21:19+08:00 ] 127.0.0.1 /ethan-wechat/Public/api.php/Room/getRooms
INFO: [ app_init ] --START--
INFO: Run Behavior\BuildLiteBehavior [ RunTime:0.000019s ]
INFO: [ app_init ] --END-- [ RunTime:0.000292s ]
INFO: [ app_begin ] --START--
INFO: Run Behavior\ReadHtmlCacheBehavior [ RunTime:0.000378s ]
INFO: [ app_begin ] --END-- [ RunTime:0.000470s ]
SQL: SHOW COLUMNS FROM `ethan_room` [ RunTime:0.0240s ]
SQL: SELECT COUNT(*) AS tp_count FROM `ethan_room` WHERE `status` = 0 LIMIT 1   [ RunTime:0.0239s ]
SQL: SELECT * FROM `ethan_room` WHERE `status` = 0 ORDER BY `sort` desc,`id` desc  [ RunTime:0.0303s ]
NOTIC: [8] Undefined variable: end_time /Applications/XAMPP/xamppfiles/htdocs/Ethan-Wechat/Application/Room/Logic/RoomLogic.class.php 第 84 行.
SQL: SELECT COUNT(*) AS tp_count FROM `ethan_room` WHERE `status` = 0 LIMIT 1   [ RunTime:0.0308s ]
SQL: SELECT * FROM `ethan_room` WHERE `status` = 0 ORDER BY `sort` desc,`id` desc  [ RunTime:0.0283s ]
NOTIC: [8] Undefined variable: maps2 /Applications/XAMPP/xamppfiles/htdocs/Ethan-Wechat/Application/Room/Logic/RoomLogic.class.php 第 87 行.
SQL: SELECT * FROM `ethan_room`  [ RunTime:0.0183s ]
NOTIC: [8] Undefined variable: list1 /Applications/XAMPP/xamppfiles/htdocs/Ethan-Wechat/Application/Room/Logic/RoomLogic.class.php 第 89 行.
NOTIC: [2] array_merge(): Argument #1 is not an array /Applications/XAMPP/xamppfiles/htdocs/Ethan-Wechat/Application/Room/Logic/RoomLogic.class.php 第 89 行.

[ 2015-12-31T16:23:12+08:00 ] 127.0.0.1 /ethan-wechat/Public/api.php/Room/getRooms
INFO: [ app_init ] --START--
INFO: Run Behavior\BuildLiteBehavior [ RunTime:0.000022s ]
INFO: [ app_init ] --END-- [ RunTime:0.000369s ]
INFO: [ app_begin ] --START--
INFO: Run Behavior\ReadHtmlCacheBehavior [ RunTime:0.000371s ]
INFO: [ app_begin ] --END-- [ RunTime:0.000443s ]
SQL: SHOW COLUMNS FROM `ethan_room` [ RunTime:0.0168s ]
SQL: SELECT COUNT(*) AS tp_count FROM `ethan_room` WHERE `status` = 0 LIMIT 1   [ RunTime:0.0148s ]
SQL: SELECT * FROM `ethan_room` WHERE `status` = 0 ORDER BY `sort` desc,`id` desc  [ RunTime:0.0232s ]
NOTIC: [8] Undefined variable: end_time /Applications/XAMPP/xamppfiles/htdocs/Ethan-Wechat/Application/Room/Logic/RoomLogic.class.php 第 84 行.
SQL: SELECT COUNT(*) AS tp_count FROM `ethan_room` WHERE `status` = 0 LIMIT 1   [ RunTime:0.0163s ]
SQL: SELECT * FROM `ethan_room` WHERE `status` = 0 ORDER BY `sort` desc,`id` desc  [ RunTime:0.0195s ]
NOTIC: [8] Undefined variable: maps2 /Applications/XAMPP/xamppfiles/htdocs/Ethan-Wechat/Application/Room/Logic/RoomLogic.class.php 第 88 行.
SQL: SELECT * FROM `ethan_room`  [ RunTime:0.0195s ]
NOTIC: [8] Undefined variable: list1 /Applications/XAMPP/xamppfiles/htdocs/Ethan-Wechat/Application/Room/Logic/RoomLogic.class.php 第 90 行.
NOTIC: [2] array_merge(): Argument #1 is not an array /Applications/XAMPP/xamppfiles/htdocs/Ethan-Wechat/Application/Room/Logic/RoomLogic.class.php 第 90 行.

[ 2015-12-31T16:23:26+08:00 ] 127.0.0.1 /ethan-wechat/Public/api.php/Room/getRooms
INFO: [ app_init ] --START--
INFO: Run Behavior\BuildLiteBehavior [ RunTime:0.000018s ]
INFO: [ app_init ] --END-- [ RunTime:0.000268s ]
INFO: [ app_begin ] --START--
INFO: Run Behavior\ReadHtmlCacheBehavior [ RunTime:0.000278s ]
INFO: [ app_begin ] --END-- [ RunTime:0.000345s ]
SQL: SHOW COLUMNS FROM `ethan_room` [ RunTime:0.0171s ]
SQL: SELECT COUNT(*) AS tp_count FROM `ethan_room` WHERE `status` = 0 LIMIT 1   [ RunTime:0.0152s ]
SQL: SELECT * FROM `ethan_room` WHERE `status` = 0 ORDER BY `sort` desc,`id` desc  [ RunTime:0.0162s ]
NOTIC: [8] Undefined variable: end_time /Applications/XAMPP/xamppfiles/htdocs/Ethan-Wechat/Application/Room/Logic/RoomLogic.class.php 第 84 行.
SQL: SELECT COUNT(*) AS tp_count FROM `ethan_room` WHERE `status` = 0 LIMIT 1   [ RunTime:0.0196s ]
SQL: SELECT * FROM `ethan_room` WHERE `status` = 0 ORDER BY `sort` desc,`id` desc  [ RunTime:0.0178s ]
NOTIC: [8] Undefined variable: maps2 /Applications/XAMPP/xamppfiles/htdocs/Ethan-Wechat/Application/Room/Logic/RoomLogic.class.php 第 88 行.
SQL: SELECT * FROM `ethan_room`  [ RunTime:0.0135s ]
NOTIC: [8] Undefined variable: list1 /Applications/XAMPP/xamppfiles/htdocs/Ethan-Wechat/Application/Room/Logic/RoomLogic.class.php 第 91 行.
NOTIC: [2] array_merge(): Argument #1 is not an array /Applications/XAMPP/xamppfiles/htdocs/Ethan-Wechat/Application/Room/Logic/RoomLogic.class.php 第 91 行.

[ 2015-12-31T16:23:37+08:00 ] 127.0.0.1 /ethan-wechat/Public/api.php/Room/getRooms
INFO: [ app_init ] --START--
INFO: Run Behavior\BuildLiteBehavior [ RunTime:0.000017s ]
INFO: [ app_init ] --END-- [ RunTime:0.000260s ]
INFO: [ app_begin ] --START--
INFO: Run Behavior\ReadHtmlCacheBehavior [ RunTime:0.000271s ]
INFO: [ app_begin ] --END-- [ RunTime:0.000336s ]
SQL: SHOW COLUMNS FROM `ethan_room` [ RunTime:0.0139s ]
SQL: SELECT COUNT(*) AS tp_count FROM `ethan_room` WHERE `status` = 0 LIMIT 1   [ RunTime:0.0165s ]
SQL: SELECT * FROM `ethan_room` WHERE `status` = 0 ORDER BY `sort` desc,`id` desc  [ RunTime:0.0135s ]
NOTIC: [8] Undefined variable: end_time /Applications/XAMPP/xamppfiles/htdocs/Ethan-Wechat/Application/Room/Logic/RoomLogic.class.php 第 84 行.
SQL: SELECT COUNT(*) AS tp_count FROM `ethan_room` WHERE `status` = 0 LIMIT 1   [ RunTime:0.0162s ]
SQL: SELECT * FROM `ethan_room` WHERE `status` = 0 ORDER BY `sort` desc,`id` desc  [ RunTime:0.0168s ]
NOTIC: [8] Undefined variable: maps2 /Applications/XAMPP/xamppfiles/htdocs/Ethan-Wechat/Application/Room/Logic/RoomLogic.class.php 第 88 行.
SQL: SELECT * FROM `ethan_room`  [ RunTime:0.0125s ]
NOTIC: [8] Undefined variable: list1 /Applications/XAMPP/xamppfiles/htdocs/Ethan-Wechat/Application/Room/Logic/RoomLogic.class.php 第 91 行.
NOTIC: [2] array_merge(): Argument #1 is not an array /Applications/XAMPP/xamppfiles/htdocs/Ethan-Wechat/Application/Room/Logic/RoomLogic.class.php 第 91 行.

[ 2015-12-31T16:25:06+08:00 ] 127.0.0.1 /ethan-wechat/Public/api.php/Room/getRooms
INFO: [ app_init ] --START--
INFO: Run Behavior\BuildLiteBehavior [ RunTime:0.000027s ]
INFO: [ app_init ] --END-- [ RunTime:0.000449s ]
INFO: [ app_begin ] --START--
INFO: Run Behavior\ReadHtmlCacheBehavior [ RunTime:0.000373s ]
INFO: [ app_begin ] --END-- [ RunTime:0.000446s ]
SQL: SHOW COLUMNS FROM `ethan_room` [ RunTime:0.0227s ]
SQL: SELECT COUNT(*) AS tp_count FROM `ethan_room` WHERE `status` = 0 LIMIT 1   [ RunTime:0.0201s ]
SQL: SELECT * FROM `ethan_room` WHERE `status` = 0 ORDER BY `sort` desc,`id` desc  [ RunTime:0.0583s ]
NOTIC: [8] Undefined variable: end_time /Applications/XAMPP/xamppfiles/htdocs/Ethan-Wechat/Application/Room/Logic/RoomLogic.class.php 第 84 行.
SQL: SELECT COUNT(*) AS tp_count FROM `ethan_room` WHERE `status` = 0 LIMIT 1   [ RunTime:0.0268s ]
SQL: SELECT * FROM `ethan_room` WHERE `status` = 0 ORDER BY `sort` desc,`id` desc  [ RunTime:0.0188s ]
NOTIC: [8] Undefined variable: maps2 /Applications/XAMPP/xamppfiles/htdocs/Ethan-Wechat/Application/Room/Logic/RoomLogic.class.php 第 88 行.
SQL: SELECT * FROM `ethan_room`  [ RunTime:0.0150s ]
NOTIC: [8] Undefined variable: list1 /Applications/XAMPP/xamppfiles/htdocs/Ethan-Wechat/Application/Room/Logic/RoomLogic.class.php 第 91 行.
NOTIC: [2] array_merge(): Argument #1 is not an array /Applications/XAMPP/xamppfiles/htdocs/Ethan-Wechat/Application/Room/Logic/RoomLogic.class.php 第 91 行.

[ 2015-12-31T16:26:23+08:00 ] 127.0.0.1 /ethan-wechat/Public/api.php/Room/getRooms
INFO: [ app_init ] --START--
INFO: Run Behavior\BuildLiteBehavior [ RunTime:0.000018s ]
INFO: [ app_init ] --END-- [ RunTime:0.000273s ]
INFO: [ app_begin ] --START--
INFO: Run Behavior\ReadHtmlCacheBehavior [ RunTime:0.000282s ]
INFO: [ app_begin ] --END-- [ RunTime:0.000355s ]
SQL: SHOW COLUMNS FROM `ethan_room` [ RunTime:0.0292s ]
SQL: SELECT COUNT(*) AS tp_count FROM `ethan_room` WHERE `status` = 0 LIMIT 1   [ RunTime:0.0265s ]
SQL: SELECT * FROM `ethan_room` WHERE `status` = 0 ORDER BY `sort` desc,`id` desc  [ RunTime:0.0272s ]
NOTIC: [8] Undefined variable: end_time /Applications/XAMPP/xamppfiles/htdocs/Ethan-Wechat/Application/Room/Logic/RoomLogic.class.php 第 85 行.

[ 2015-12-31T16:26:23+08:00 ] 127.0.0.1 /ethan-wechat/Public/api.php/Room/getRooms
INFO: [ app_init ] --START--
INFO: Run Behavior\BuildLiteBehavior [ RunTime:0.000025s ]
INFO: [ app_init ] --END-- [ RunTime:0.000492s ]
INFO: [ app_begin ] --START--
INFO: Run Behavior\ReadHtmlCacheBehavior [ RunTime:0.000416s ]
INFO: [ app_begin ] --END-- [ RunTime:0.000513s ]
SQL: SHOW COLUMNS FROM `ethan_room` [ RunTime:0.0233s ]
SQL: SELECT COUNT(*) AS tp_count FROM `ethan_room` WHERE `status` = 0 LIMIT 1   [ RunTime:0.0261s ]
SQL: SELECT * FROM `ethan_room` WHERE `status` = 0 ORDER BY `sort` desc,`id` desc  [ RunTime:0.0217s ]
NOTIC: [8] Undefined variable: end_time /Applications/XAMPP/xamppfiles/htdocs/Ethan-Wechat/Application/Room/Logic/RoomLogic.class.php 第 85 行.

[ 2015-12-31T16:27:05+08:00 ] 127.0.0.1 /ethan-wechat/Public/api.php/Room/getRooms
INFO: [ app_init ] --START--
INFO: Run Behavior\BuildLiteBehavior [ RunTime:0.000029s ]
INFO: [ app_init ] --END-- [ RunTime:0.000364s ]
INFO: [ app_begin ] --START--
INFO: Run Behavior\ReadHtmlCacheBehavior [ RunTime:0.000329s ]
INFO: [ app_begin ] --END-- [ RunTime:0.000404s ]
SQL: SHOW COLUMNS FROM `ethan_room` [ RunTime:0.0247s ]
SQL: SELECT COUNT(*) AS tp_count FROM `ethan_room` WHERE `status` = 0 LIMIT 1   [ RunTime:0.0273s ]
SQL: SELECT * FROM `ethan_room` WHERE `status` = 0 ORDER BY `sort` desc,`id` desc  [ RunTime:0.0265s ]
NOTIC: [8] Undefined variable: end_time /Applications/XAMPP/xamppfiles/htdocs/Ethan-Wechat/Application/Room/Logic/RoomLogic.class.php 第 85 行.
SQL: SHOW COLUMNS FROM `ethan_sale` [ RunTime:0.0302s ]
SQL: SELECT COUNT(*) AS tp_count FROM `ethan_sale` LIMIT 1   [ RunTime:0.2638s ]
SQL: SELECT * FROM `ethan_sale` WHERE `begin_time` < '1451491200' ORDER BY `id` desc  [ RunTime:0.0507s ]
NOTIC: [8] Undefined variable: maps2 /Applications/XAMPP/xamppfiles/htdocs/Ethan-Wechat/Application/Room/Logic/RoomLogic.class.php 第 91 行.
SQL: SELECT * FROM `ethan_sale`  [ RunTime:0.0261s ]
NOTIC: [8] Undefined variable: list1 /Applications/XAMPP/xamppfiles/htdocs/Ethan-Wechat/Application/Room/Logic/RoomLogic.class.php 第 94 行.
NOTIC: [2] array_merge(): Argument #1 is not an array /Applications/XAMPP/xamppfiles/htdocs/Ethan-Wechat/Application/Room/Logic/RoomLogic.class.php 第 94 行.

[ 2015-12-31T16:27:49+08:00 ] 127.0.0.1 /ethan-wechat/Public/api.php/Room/getRooms
INFO: [ app_init ] --START--
INFO: Run Behavior\BuildLiteBehavior [ RunTime:0.000021s ]
INFO: [ app_init ] --END-- [ RunTime:0.000341s ]
INFO: [ app_begin ] --START--
INFO: Run Behavior\ReadHtmlCacheBehavior [ RunTime:0.000333s ]
INFO: [ app_begin ] --END-- [ RunTime:0.000404s ]
SQL: SHOW COLUMNS FROM `ethan_room` [ RunTime:0.0271s ]
SQL: SELECT COUNT(*) AS tp_count FROM `ethan_room` WHERE `status` = 0 LIMIT 1   [ RunTime:0.0278s ]
SQL: SELECT * FROM `ethan_room` WHERE `status` = 0 ORDER BY `sort` desc,`id` desc  [ RunTime:0.0224s ]
NOTIC: [8] Undefined variable: end_time /Applications/XAMPP/xamppfiles/htdocs/Ethan-Wechat/Application/Room/Logic/RoomLogic.class.php 第 85 行.
SQL: SHOW COLUMNS FROM `ethan_sale` [ RunTime:0.0224s ]
SQL: SELECT COUNT(*) AS tp_count FROM `ethan_sale` LIMIT 1   [ RunTime:0.0236s ]
SQL: SELECT * FROM `ethan_sale` WHERE `begin_time` < '1451491200' AND `end_time` > '1451577600' ORDER BY `id` desc  [ RunTime:0.0255s ]
NOTIC: [8] Undefined variable: maps2 /Applications/XAMPP/xamppfiles/htdocs/Ethan-Wechat/Application/Room/Logic/RoomLogic.class.php 第 91 行.
SQL: SELECT * FROM `ethan_sale`  [ RunTime:0.0280s ]
NOTIC: [8] Undefined variable: list1 /Applications/XAMPP/xamppfiles/htdocs/Ethan-Wechat/Application/Room/Logic/RoomLogic.class.php 第 94 行.
NOTIC: [2] array_merge(): Argument #1 is not an array /Applications/XAMPP/xamppfiles/htdocs/Ethan-Wechat/Application/Room/Logic/RoomLogic.class.php 第 94 行.

[ 2015-12-31T16:28:19+08:00 ] 127.0.0.1 /ethan-wechat/Public/api.php/Room/getRooms
INFO: [ app_init ] --START--
INFO: Run Behavior\BuildLiteBehavior [ RunTime:0.000029s ]
INFO: [ app_init ] --END-- [ RunTime:0.000471s ]
INFO: [ app_begin ] --START--
INFO: Run Behavior\ReadHtmlCacheBehavior [ RunTime:0.000479s ]
INFO: [ app_begin ] --END-- [ RunTime:0.000583s ]
SQL: SHOW COLUMNS FROM `ethan_room` [ RunTime:0.0217s ]
SQL: SELECT COUNT(*) AS tp_count FROM `ethan_room` WHERE `status` = 0 LIMIT 1   [ RunTime:0.0189s ]
SQL: SELECT * FROM `ethan_room` WHERE `status` = 0 ORDER BY `sort` desc,`id` desc  [ RunTime:0.0158s ]
NOTIC: [8] Undefined variable: end_time /Applications/XAMPP/xamppfiles/htdocs/Ethan-Wechat/Application/Room/Logic/RoomLogic.class.php 第 85 行.
SQL: SHOW COLUMNS FROM `ethan_sale` [ RunTime:0.0214s ]
SQL: SELECT COUNT(*) AS tp_count FROM `ethan_sale` LIMIT 1   [ RunTime:0.0189s ]
SQL: SELECT * FROM `ethan_sale` WHERE `begin_time` < '1451491200' AND `end_time` > '1451577600' ORDER BY `id` desc  [ RunTime:0.0178s ]
SQL: SELECT COUNT(*) AS tp_count FROM `ethan_sale` LIMIT 1   [ RunTime:0.0230s ]
SQL: SELECT * FROM `ethan_sale` WHERE `begin_time` >= '1451491200' AND `end_time` < '' ORDER BY `id` desc  [ RunTime:0.0203s ]
NOTIC: [8] Undefined variable: list1 /Applications/XAMPP/xamppfiles/htdocs/Ethan-Wechat/Application/Room/Logic/RoomLogic.class.php 第 94 行.
NOTIC: [2] array_merge(): Argument #1 is not an array /Applications/XAMPP/xamppfiles/htdocs/Ethan-Wechat/Application/Room/Logic/RoomLogic.class.php 第 94 行.

[ 2015-12-31T16:28:43+08:00 ] 127.0.0.1 /ethan-wechat/Public/api.php/Room/getRooms
INFO: [ app_init ] --START--
INFO: Run Behavior\BuildLiteBehavior [ RunTime:0.000017s ]
INFO: [ app_init ] --END-- [ RunTime:0.000256s ]
INFO: [ app_begin ] --START--
INFO: Run Behavior\ReadHtmlCacheBehavior [ RunTime:0.000278s ]
INFO: [ app_begin ] --END-- [ RunTime:0.000344s ]
SQL: SHOW COLUMNS FROM `ethan_room` [ RunTime:0.0256s ]
SQL: SELECT COUNT(*) AS tp_count FROM `ethan_room` WHERE `status` = 0 LIMIT 1   [ RunTime:0.0230s ]
SQL: SELECT * FROM `ethan_room` WHERE `status` = 0 ORDER BY `sort` desc,`id` desc  [ RunTime:0.0191s ]
SQL: SHOW COLUMNS FROM `ethan_sale` [ RunTime:0.0196s ]
SQL: SELECT COUNT(*) AS tp_count FROM `ethan_sale` LIMIT 1   [ RunTime:0.0255s ]
SQL: SELECT * FROM `ethan_sale` WHERE `begin_time` < '1451491200' AND `end_time` > '1451577600' ORDER BY `id` desc  [ RunTime:0.0223s ]
SQL: SELECT COUNT(*) AS tp_count FROM `ethan_sale` LIMIT 1   [ RunTime:0.0206s ]
SQL: SELECT * FROM `ethan_sale` WHERE `begin_time` >= '1451491200' AND `end_time` < '1451577600' ORDER BY `id` desc  [ RunTime:0.0182s ]
NOTIC: [8] Undefined variable: list1 /Applications/XAMPP/xamppfiles/htdocs/Ethan-Wechat/Application/Room/Logic/RoomLogic.class.php 第 94 行.
NOTIC: [2] array_merge(): Argument #1 is not an array /Applications/XAMPP/xamppfiles/htdocs/Ethan-Wechat/Application/Room/Logic/RoomLogic.class.php 第 94 行.

[ 2015-12-31T16:31:37+08:00 ] 127.0.0.1 /ethan-wechat/Public/api.php/Room/getRooms
INFO: [ app_init ] --START--
INFO: Run Behavior\BuildLiteBehavior [ RunTime:0.000017s ]
INFO: [ app_init ] --END-- [ RunTime:0.000316s ]
INFO: [ app_begin ] --START--
INFO: Run Behavior\ReadHtmlCacheBehavior [ RunTime:0.000349s ]
INFO: [ app_begin ] --END-- [ RunTime:0.000431s ]
SQL: SHOW COLUMNS FROM `ethan_room` [ RunTime:0.0145s ]
SQL: SELECT COUNT(*) AS tp_count FROM `ethan_room` WHERE `status` = 0 LIMIT 1   [ RunTime:0.0153s ]
SQL: SELECT * FROM `ethan_room` WHERE `status` = 0 ORDER BY `sort` desc,`id` desc  [ RunTime:0.0169s ]
SQL: SHOW COLUMNS FROM `ethan_sale` [ RunTime:0.0151s ]
SQL: SELECT COUNT(*) AS tp_count FROM `ethan_sale` LIMIT 1   [ RunTime:0.0156s ]
SQL: SELECT * FROM `ethan_sale` WHERE ( (`begin_time` < '1451491200' AND `end_time` > '1451491200') 
			               or
			               (`begin_time` >= '1451491200' AND `begin_time` < '1451577600') ) ORDER BY `id` desc  [ RunTime:0.0170s ]
NOTIC: [8] Undefined variable: list1 /Applications/XAMPP/xamppfiles/htdocs/Ethan-Wechat/Application/Room/Logic/RoomLogic.class.php 第 89 行.
NOTIC: [8] Undefined variable: lists2 /Applications/XAMPP/xamppfiles/htdocs/Ethan-Wechat/Application/Room/Logic/RoomLogic.class.php 第 89 行.
NOTIC: [2] array_merge(): Argument #1 is not an array /Applications/XAMPP/xamppfiles/htdocs/Ethan-Wechat/Application/Room/Logic/RoomLogic.class.php 第 89 行.

[ 2015-12-31T16:31:57+08:00 ] 127.0.0.1 /ethan-wechat/Public/api.php/Room/getRooms
INFO: [ app_init ] --START--
INFO: Run Behavior\BuildLiteBehavior [ RunTime:0.000017s ]
INFO: [ app_init ] --END-- [ RunTime:0.000262s ]
INFO: [ app_begin ] --START--
INFO: Run Behavior\ReadHtmlCacheBehavior [ RunTime:0.000848s ]
INFO: [ app_begin ] --END-- [ RunTime:0.001080s ]
SQL: SHOW COLUMNS FROM `ethan_room` [ RunTime:0.0146s ]
SQL: SELECT COUNT(*) AS tp_count FROM `ethan_room` WHERE `status` = 0 LIMIT 1   [ RunTime:0.0200s ]
SQL: SELECT * FROM `ethan_room` WHERE `status` = 0 ORDER BY `sort` desc,`id` desc  [ RunTime:0.0164s ]
SQL: SHOW COLUMNS FROM `ethan_sale` [ RunTime:0.0226s ]
SQL: SELECT COUNT(*) AS tp_count FROM `ethan_sale` LIMIT 1   [ RunTime:0.0228s ]
SQL: SELECT * FROM `ethan_sale` WHERE ( (`begin_time` < '1451491200' AND `end_time` > '1451491200') or (`begin_time` >= '1451491200' AND `begin_time` < '1451577600') ) ORDER BY `id` desc  [ RunTime:0.0246s ]
NOTIC: [8] Undefined variable: list1 /Applications/XAMPP/xamppfiles/htdocs/Ethan-Wechat/Application/Room/Logic/RoomLogic.class.php 第 87 行.
NOTIC: [8] Undefined variable: lists2 /Applications/XAMPP/xamppfiles/htdocs/Ethan-Wechat/Application/Room/Logic/RoomLogic.class.php 第 87 行.
NOTIC: [2] array_merge(): Argument #1 is not an array /Applications/XAMPP/xamppfiles/htdocs/Ethan-Wechat/Application/Room/Logic/RoomLogic.class.php 第 87 行.

[ 2015-12-31T16:32:09+08:00 ] 127.0.0.1 /ethan-wechat/Public/api.php/Room/getRooms
INFO: [ app_init ] --START--
INFO: Run Behavior\BuildLiteBehavior [ RunTime:0.000020s ]
INFO: [ app_init ] --END-- [ RunTime:0.000382s ]
INFO: [ app_begin ] --START--
INFO: Run Behavior\ReadHtmlCacheBehavior [ RunTime:0.000352s ]
INFO: [ app_begin ] --END-- [ RunTime:0.000434s ]
SQL: SHOW COLUMNS FROM `ethan_room` [ RunTime:0.0133s ]
SQL: SELECT COUNT(*) AS tp_count FROM `ethan_room` WHERE `status` = 0 LIMIT 1   [ RunTime:0.0147s ]
SQL: SELECT * FROM `ethan_room` WHERE `status` = 0 ORDER BY `sort` desc,`id` desc  [ RunTime:0.0172s ]
SQL: SHOW COLUMNS FROM `ethan_sale` [ RunTime:0.0164s ]
SQL: SELECT COUNT(*) AS tp_count FROM `ethan_sale` LIMIT 1   [ RunTime:0.0192s ]
SQL: SELECT * FROM `ethan_sale` WHERE ( (`begin_time` < '1451491200' AND `end_time` > '1451491200') OR (`begin_time` >= '1451491200' AND `begin_time` < '1451577600') ) ORDER BY `id` desc  [ RunTime:0.0200s ]
NOTIC: [8] Undefined variable: list1 /Applications/XAMPP/xamppfiles/htdocs/Ethan-Wechat/Application/Room/Logic/RoomLogic.class.php 第 87 行.
NOTIC: [8] Undefined variable: lists2 /Applications/XAMPP/xamppfiles/htdocs/Ethan-Wechat/Application/Room/Logic/RoomLogic.class.php 第 87 行.
NOTIC: [2] array_merge(): Argument #1 is not an array /Applications/XAMPP/xamppfiles/htdocs/Ethan-Wechat/Application/Room/Logic/RoomLogic.class.php 第 87 行.

[ 2015-12-31T16:32:52+08:00 ] 127.0.0.1 /ethan-wechat/Public/api.php/Room/getRooms
INFO: [ app_init ] --START--
INFO: Run Behavior\BuildLiteBehavior [ RunTime:0.000027s ]
INFO: [ app_init ] --END-- [ RunTime:0.000438s ]
INFO: [ app_begin ] --START--
INFO: Run Behavior\ReadHtmlCacheBehavior [ RunTime:0.000519s ]
INFO: [ app_begin ] --END-- [ RunTime:0.000645s ]
SQL: SHOW COLUMNS FROM `ethan_room` [ RunTime:0.0126s ]
SQL: SELECT COUNT(*) AS tp_count FROM `ethan_room` WHERE `status` = 0 LIMIT 1   [ RunTime:0.0098s ]
SQL: SELECT * FROM `ethan_room` WHERE `status` = 0 ORDER BY `sort` desc,`id` desc  [ RunTime:0.0111s ]
SQL: SHOW COLUMNS FROM `ethan_sale` [ RunTime:0.0100s ]
SQL: SELECT COUNT(*) AS tp_count FROM `ethan_sale` LIMIT 1   [ RunTime:0.0120s ]
SQL: SELECT * FROM `ethan_sale` WHERE ( (`begin_time` < '1451491200' AND `end_time` > '1451491200') OR (`begin_time` >= '1451491200' AND `begin_time` < '1451577600') ) ORDER BY `id` desc  [ RunTime:0.0182s ]

[ 2015-12-31T16:48:57+08:00 ] 127.0.0.1 /ethan-wechat/Public/api.php/Room/getRooms
INFO: [ app_init ] --START--
INFO: Run Behavior\BuildLiteBehavior [ RunTime:0.000019s ]
INFO: [ app_init ] --END-- [ RunTime:0.000303s ]
INFO: [ app_begin ] --START--
INFO: Run Behavior\ReadHtmlCacheBehavior [ RunTime:0.000371s ]
INFO: [ app_begin ] --END-- [ RunTime:0.000451s ]
SQL: SHOW COLUMNS FROM `ethan_room` [ RunTime:0.0237s ]
SQL: SELECT COUNT(*) AS tp_count FROM `ethan_room` WHERE `status` = 0 LIMIT 1   [ RunTime:0.0259s ]
SQL: SELECT * FROM `ethan_room` WHERE `status` = 0 ORDER BY `sort` desc,`id` desc  [ RunTime:0.0142s ]
SQL: SHOW COLUMNS FROM `ethan_book` [ RunTime:0.0115s ]
NOTIC: [8] Undefined variable: SaleL /Applications/XAMPP/xamppfiles/htdocs/Ethan-Wechat/Application/Book/Logic/BookLogic.class.php 第 30 行.

[ 2015-12-31T16:48:57+08:00 ] 127.0.0.1 /ethan-wechat/Public/api.php/Room/getRooms
INFO: [ app_init ] --START--
INFO: Run Behavior\BuildLiteBehavior [ RunTime:0.000019s ]
INFO: [ app_init ] --END-- [ RunTime:0.000296s ]
INFO: [ app_begin ] --START--
INFO: Run Behavior\ReadHtmlCacheBehavior [ RunTime:0.000295s ]
INFO: [ app_begin ] --END-- [ RunTime:0.000364s ]
SQL: SHOW COLUMNS FROM `ethan_room` [ RunTime:0.0147s ]
SQL: SELECT COUNT(*) AS tp_count FROM `ethan_room` WHERE `status` = 0 LIMIT 1   [ RunTime:0.0131s ]
SQL: SELECT * FROM `ethan_room` WHERE `status` = 0 ORDER BY `sort` desc,`id` desc  [ RunTime:0.0152s ]
SQL: SHOW COLUMNS FROM `ethan_book` [ RunTime:0.0127s ]
NOTIC: [8] Undefined variable: SaleL /Applications/XAMPP/xamppfiles/htdocs/Ethan-Wechat/Application/Book/Logic/BookLogic.class.php 第 30 行.

[ 2015-12-31T16:49:13+08:00 ] 127.0.0.1 /ethan-wechat/Public/api.php/Room/getRooms
INFO: [ app_init ] --START--
INFO: Run Behavior\BuildLiteBehavior [ RunTime:0.000017s ]
INFO: [ app_init ] --END-- [ RunTime:0.000256s ]
INFO: [ app_begin ] --START--
INFO: Run Behavior\ReadHtmlCacheBehavior [ RunTime:0.000265s ]
INFO: [ app_begin ] --END-- [ RunTime:0.000330s ]
SQL: SHOW COLUMNS FROM `ethan_room` [ RunTime:0.0281s ]
SQL: SELECT COUNT(*) AS tp_count FROM `ethan_room` WHERE `status` = 0 LIMIT 1   [ RunTime:0.0264s ]
SQL: SELECT * FROM `ethan_room` WHERE `status` = 0 ORDER BY `sort` desc,`id` desc  [ RunTime:0.0228s ]
SQL: SHOW COLUMNS FROM `ethan_book` [ RunTime:0.0215s ]
SQL: SELECT COUNT(*) AS tp_count FROM `ethan_book` LIMIT 1   [ RunTime:0.0271s ]
SQL: SELECT * FROM `ethan_book` WHERE ( (`begin_time` < '1451491200' AND `end_time` > '1451491200') OR (`begin_time` >= '1451491200' AND `begin_time` < '1451577600') ) ORDER BY `id` desc  [ RunTime:0.0219s ]
NOTIC: [8] Undefined variable: list /Applications/XAMPP/xamppfiles/htdocs/Ethan-Wechat/Application/Book/Logic/BookLogic.class.php 第 32 行.

[ 2015-12-31T16:53:43+08:00 ] 127.0.0.1 /ethan-wechat/Public/api.php/Room/getRooms
INFO: [ app_init ] --START--
INFO: Run Behavior\BuildLiteBehavior [ RunTime:0.000019s ]
INFO: [ app_init ] --END-- [ RunTime:0.000288s ]
INFO: [ app_begin ] --START--
INFO: Run Behavior\ReadHtmlCacheBehavior [ RunTime:0.000347s ]
INFO: [ app_begin ] --END-- [ RunTime:0.000428s ]
SQL: SHOW COLUMNS FROM `ethan_room` [ RunTime:0.0166s ]
SQL: SELECT COUNT(*) AS tp_count FROM `ethan_room` WHERE `status` = 0 LIMIT 1   [ RunTime:0.0140s ]
SQL: SELECT * FROM `ethan_room` WHERE `status` = 0 ORDER BY `sort` desc,`id` desc  [ RunTime:0.0188s ]
SQL: SHOW COLUMNS FROM `ethan_book` [ RunTime:0.0227s ]
SQL: SELECT COUNT(*) AS tp_count FROM `ethan_book` LIMIT 1   [ RunTime:0.0210s ]
SQL: SELECT * FROM `ethan_book` WHERE ( (`begin_time` < '1451491200' AND `end_time` > '1451491200') OR (`begin_time` >= '1451491200' AND `begin_time` < '1451577600') ) ORDER BY `id` desc  [ RunTime:0.0220s ]
NOTIC: [8] Undefined variable: list /Applications/XAMPP/xamppfiles/htdocs/Ethan-Wechat/Application/Book/Logic/BookLogic.class.php 第 32 行.

