[ 2016-01-04T07:55:11+08:00 ] 127.0.0.1 /ethan-wechat/Public/api.php/SlideShow/getSlideMapUrl
INFO: [ app_init ] --START--
INFO: Run Behavior\BuildLiteBehavior [ RunTime:0.000043s ]
INFO: [ app_init ] --END-- [ RunTime:0.002503s ]
INFO: [ app_begin ] --START--
INFO: Run Behavior\ReadHtmlCacheBehavior [ RunTime:0.007072s ]
INFO: [ app_begin ] --END-- [ RunTime:0.007221s ]
SQL: SHOW COLUMNS FROM `ethan_slide_show` [ RunTime:0.0152s ]
SQL: SELECT COUNT(*) AS tp_count FROM `ethan_slide_show` WHERE `status` = 0 LIMIT 1   [ RunTime:0.0148s ]
SQL: SELECT * FROM `ethan_slide_show` WHERE `status` = 0 ORDER BY `weight` desc  [ RunTime:0.0145s ]

[ 2016-01-04T07:59:53+08:00 ] 127.0.0.1 /ethan-wechat/Public/api.php/Rooms/getrooms
INFO: [ app_init ] --START--
INFO: Run Behavior\BuildLiteBehavior [ RunTime:0.000020s ]
INFO: [ app_init ] --END-- [ RunTime:0.000341s ]
INFO: [ app_begin ] --START--
INFO: Run Behavior\ReadHtmlCacheBehavior [ RunTime:0.000317s ]
INFO: [ app_begin ] --END-- [ RunTime:0.000390s ]
ERR: 无法加载控制器:Rooms

[ 2016-01-04T08:01:26+08:00 ] 127.0.0.1 /ethan-wechat/Public/api.php/Room/getrooms
INFO: [ app_init ] --START--
INFO: Run Behavior\BuildLiteBehavior [ RunTime:0.000022s ]
INFO: [ app_init ] --END-- [ RunTime:0.000384s ]
INFO: [ app_begin ] --START--
INFO: Run Behavior\ReadHtmlCacheBehavior [ RunTime:0.000479s ]
INFO: [ app_begin ] --END-- [ RunTime:0.000554s ]
SQL: SHOW COLUMNS FROM `ethan_room` [ RunTime:0.0317s ]
SQL: SELECT COUNT(*) AS tp_count FROM `ethan_room` WHERE `status` = 0 LIMIT 1   [ RunTime:0.0257s ]
SQL: SELECT * FROM `ethan_room` WHERE `status` = 0 ORDER BY `sort` desc,`id` desc  [ RunTime:0.0281s ]
SQL: SHOW COLUMNS FROM `ethan_book` [ RunTime:0.0280s ]
SQL: SELECT COUNT(*) AS tp_count FROM `ethan_book` LIMIT 1   [ RunTime:0.0193s ]
SQL: SELECT * FROM `ethan_book` WHERE ( (`begin_time` < '1451836800' AND `end_time` > '1451836800') OR (`begin_time` >= '1451836800' AND `begin_time` < '1451923200') ) ORDER BY `id` desc  [ RunTime:0.0185s ]
NOTIC: [8] Undefined variable: list /Applications/XAMPP/xamppfiles/htdocs/Ethan-Wechat/Application/Book/Logic/BookLogic.class.php 第 32 行.

[ 2016-01-04T08:07:54+08:00 ] 127.0.0.1 /ethan-wechat/Public/api.php/Room/getrooms
INFO: [ app_init ] --START--
INFO: Run Behavior\BuildLiteBehavior [ RunTime:0.000021s ]
INFO: [ app_init ] --END-- [ RunTime:0.000367s ]
INFO: [ app_begin ] --START--
INFO: Run Behavior\ReadHtmlCacheBehavior [ RunTime:0.000326s ]
INFO: [ app_begin ] --END-- [ RunTime:0.000394s ]
SQL: SHOW COLUMNS FROM `ethan_room` [ RunTime:0.0294s ]
SQL: SELECT COUNT(*) AS tp_count FROM `ethan_room` WHERE `status` = 0 LIMIT 1   [ RunTime:0.0211s ]
SQL: SELECT * FROM `ethan_room` WHERE `status` = 0 ORDER BY `sort` desc,`id` desc  [ RunTime:0.0141s ]
SQL: SHOW COLUMNS FROM `ethan_book` [ RunTime:0.0179s ]
SQL: SELECT COUNT(*) AS tp_count FROM `ethan_book` LIMIT 1   [ RunTime:0.0227s ]
SQL: SELECT * FROM `ethan_book` WHERE ( (`begin_time` < '1451836800' AND `end_time` > '1451836800') OR (`begin_time` >= '1451836800' AND `begin_time` < '1451923200') ) ORDER BY `id` desc  [ RunTime:0.0192s ]
NOTIC: [8] Undefined variable: list /Applications/XAMPP/xamppfiles/htdocs/Ethan-Wechat/Application/Book/Logic/BookLogic.class.php 第 40 行.

[ 2016-01-04T08:09:59+08:00 ] 127.0.0.1 /ethan-wechat/Public/api.php/Room/getrooms
INFO: [ app_init ] --START--
INFO: Run Behavior\BuildLiteBehavior [ RunTime:0.000020s ]
INFO: [ app_init ] --END-- [ RunTime:0.000341s ]
INFO: [ app_begin ] --START--
INFO: Run Behavior\ReadHtmlCacheBehavior [ RunTime:0.000327s ]
INFO: [ app_begin ] --END-- [ RunTime:0.000395s ]
SQL: SHOW COLUMNS FROM `ethan_room` [ RunTime:0.0229s ]
SQL: SELECT COUNT(*) AS tp_count FROM `ethan_room` WHERE `status` = 0 LIMIT 1   [ RunTime:0.0184s ]
SQL: SELECT * FROM `ethan_room` WHERE `status` = 0 ORDER BY `sort` desc,`id` desc  [ RunTime:0.0228s ]
SQL: SHOW COLUMNS FROM `ethan_book` [ RunTime:0.0266s ]
SQL: SELECT COUNT(*) AS tp_count FROM `ethan_book` LIMIT 1   [ RunTime:0.0279s ]
SQL: SELECT * FROM `ethan_book` WHERE ( (`begin_time` < '1451836800' AND `end_time` > '1451836800') OR (`begin_time` >= '1451836800' AND `begin_time` < '1451923200') ) ORDER BY `id` desc  [ RunTime:0.0297s ]
NOTIC: [8] Undefined variable: list /Applications/XAMPP/xamppfiles/htdocs/Ethan-Wechat/Application/Book/Logic/BookLogic.class.php 第 40 行.

[ 2016-01-04T08:12:44+08:00 ] 127.0.0.1 /ethan-wechat/Public/api.php/Room/getrooms
INFO: [ app_init ] --START--
INFO: Run Behavior\BuildLiteBehavior [ RunTime:0.000036s ]
INFO: [ app_init ] --END-- [ RunTime:0.000694s ]
INFO: [ app_begin ] --START--
INFO: Run Behavior\ReadHtmlCacheBehavior [ RunTime:0.000778s ]
INFO: [ app_begin ] --END-- [ RunTime:0.000947s ]
SQL: SHOW COLUMNS FROM `ethan_room` [ RunTime:0.0257s ]
SQL: SELECT COUNT(*) AS tp_count FROM `ethan_room` WHERE `status` = 0 LIMIT 1   [ RunTime:0.0258s ]
SQL: SELECT * FROM `ethan_room` WHERE `status` = 0 ORDER BY `sort` desc,`id` desc  [ RunTime:0.0286s ]
SQL: SHOW COLUMNS FROM `ethan_book` [ RunTime:0.0144s ]
SQL: SELECT COUNT(*) AS tp_count FROM `ethan_book` LIMIT 1   [ RunTime:0.0175s ]
SQL: SELECT * FROM `ethan_book` WHERE ( (`begin_time` < '1451836800' AND `end_time` > '1451836800') OR (`begin_time` >= '1451836800' AND `begin_time` < '1451923200') ) ORDER BY `id` desc  [ RunTime:0.0173s ]
NOTIC: [8] Undefined variable: list /Applications/XAMPP/xamppfiles/htdocs/Ethan-Wechat/Application/Book/Logic/BookLogic.class.php 第 40 行.

[ 2016-01-04T08:13:17+08:00 ] 127.0.0.1 /ethan-wechat/Public/api.php/Room/getrooms
INFO: [ app_init ] --START--
INFO: Run Behavior\BuildLiteBehavior [ RunTime:0.000019s ]
INFO: [ app_init ] --END-- [ RunTime:0.000320s ]
INFO: [ app_begin ] --START--
INFO: Run Behavior\ReadHtmlCacheBehavior [ RunTime:0.000367s ]
INFO: [ app_begin ] --END-- [ RunTime:0.000444s ]
SQL: SHOW COLUMNS FROM `ethan_room` [ RunTime:0.0265s ]
SQL: SELECT COUNT(*) AS tp_count FROM `ethan_room` WHERE `status` = 0 LIMIT 1   [ RunTime:0.0226s ]
SQL: SELECT * FROM `ethan_room` WHERE `status` = 0 ORDER BY `sort` desc,`id` desc  [ RunTime:0.3906s ]
SQL: SHOW COLUMNS FROM `ethan_book` [ RunTime:0.0150s ]
SQL: SELECT COUNT(*) AS tp_count FROM `ethan_book` LIMIT 1   [ RunTime:0.0154s ]
SQL: SELECT * FROM `ethan_book` WHERE ( (`begin_time` < '1451836800' AND `end_time` > '1451836800') OR (`begin_time` >= '1451836800' AND `begin_time` < '1451923200') ) ORDER BY `id` desc  [ RunTime:0.0155s ]
NOTIC: [8] Undefined variable: list /Applications/XAMPP/xamppfiles/htdocs/Ethan-Wechat/Application/Book/Logic/BookLogic.class.php 第 40 行.

[ 2016-01-04T08:13:18+08:00 ] 127.0.0.1 /ethan-wechat/Public/api.php/Room/getrooms
INFO: [ app_init ] --START--
INFO: Run Behavior\BuildLiteBehavior [ RunTime:0.000017s ]
INFO: [ app_init ] --END-- [ RunTime:0.000261s ]
INFO: [ app_begin ] --START--
INFO: Run Behavior\ReadHtmlCacheBehavior [ RunTime:0.000278s ]
INFO: [ app_begin ] --END-- [ RunTime:0.000346s ]
SQL: SHOW COLUMNS FROM `ethan_room` [ RunTime:0.0152s ]
SQL: SELECT COUNT(*) AS tp_count FROM `ethan_room` WHERE `status` = 0 LIMIT 1   [ RunTime:0.0122s ]
SQL: SELECT * FROM `ethan_room` WHERE `status` = 0 ORDER BY `sort` desc,`id` desc  [ RunTime:0.0121s ]
SQL: SHOW COLUMNS FROM `ethan_book` [ RunTime:0.0135s ]
SQL: SELECT COUNT(*) AS tp_count FROM `ethan_book` LIMIT 1   [ RunTime:0.0143s ]
SQL: SELECT * FROM `ethan_book` WHERE ( (`begin_time` < '1451836800' AND `end_time` > '1451836800') OR (`begin_time` >= '1451836800' AND `begin_time` < '1451923200') ) ORDER BY `id` desc  [ RunTime:0.0133s ]
NOTIC: [8] Undefined variable: list /Applications/XAMPP/xamppfiles/htdocs/Ethan-Wechat/Application/Book/Logic/BookLogic.class.php 第 40 行.

[ 2016-01-04T08:13:40+08:00 ] 127.0.0.1 /ethan-wechat/Public/api.php/Room/getrooms
INFO: [ app_init ] --START--
INFO: Run Behavior\BuildLiteBehavior [ RunTime:0.000020s ]
INFO: [ app_init ] --END-- [ RunTime:0.001439s ]
INFO: [ app_begin ] --START--
INFO: Run Behavior\ReadHtmlCacheBehavior [ RunTime:0.000345s ]
INFO: [ app_begin ] --END-- [ RunTime:0.000429s ]
SQL: SHOW COLUMNS FROM `ethan_room` [ RunTime:0.0118s ]
SQL: SELECT COUNT(*) AS tp_count FROM `ethan_room` WHERE `status` = 0 LIMIT 1   [ RunTime:0.0129s ]
SQL: SELECT * FROM `ethan_room` WHERE `status` = 0 ORDER BY `sort` desc,`id` desc  [ RunTime:0.0101s ]
SQL: SHOW COLUMNS FROM `ethan_book` [ RunTime:0.0124s ]
SQL: SELECT COUNT(*) AS tp_count FROM `ethan_book` LIMIT 1   [ RunTime:0.0094s ]
SQL: SELECT * FROM `ethan_book` WHERE ( (`begin_time` < '1451836800' AND `end_time` > '1451836800') OR (`begin_time` >= '1451836800' AND `begin_time` < '1451923200') ) ORDER BY `id` desc  [ RunTime:0.0103s ]
NOTIC: [8] Undefined variable: list /Applications/XAMPP/xamppfiles/htdocs/Ethan-Wechat/Application/Book/Logic/BookLogic.class.php 第 40 行.

[ 2016-01-04T08:13:43+08:00 ] 127.0.0.1 /ethan-wechat/Public/api.php/Room/getrooms
INFO: [ app_init ] --START--
INFO: Run Behavior\BuildLiteBehavior [ RunTime:0.000018s ]
INFO: [ app_init ] --END-- [ RunTime:0.000267s ]
INFO: [ app_begin ] --START--
INFO: Run Behavior\ReadHtmlCacheBehavior [ RunTime:0.000280s ]
INFO: [ app_begin ] --END-- [ RunTime:0.000363s ]
SQL: SHOW COLUMNS FROM `ethan_room` [ RunTime:0.0260s ]
SQL: SELECT COUNT(*) AS tp_count FROM `ethan_room` WHERE `status` = 0 LIMIT 1   [ RunTime:0.2404s ]
SQL: SELECT * FROM `ethan_room` WHERE `status` = 0 ORDER BY `sort` desc,`id` desc  [ RunTime:0.0252s ]
SQL: SHOW COLUMNS FROM `ethan_book` [ RunTime:0.0161s ]
SQL: SELECT COUNT(*) AS tp_count FROM `ethan_book` LIMIT 1   [ RunTime:0.0112s ]
SQL: SELECT * FROM `ethan_book` WHERE ( (`begin_time` < '1451836800' AND `end_time` > '1451836800') OR (`begin_time` >= '1451836800' AND `begin_time` < '1451923200') ) ORDER BY `id` desc  [ RunTime:0.0237s ]
NOTIC: [8] Undefined variable: list /Applications/XAMPP/xamppfiles/htdocs/Ethan-Wechat/Application/Book/Logic/BookLogic.class.php 第 40 行.

[ 2016-01-04T08:14:02+08:00 ] 127.0.0.1 /ethan-wechat/Public/api.php/Room/getrooms
INFO: [ app_init ] --START--
INFO: Run Behavior\BuildLiteBehavior [ RunTime:0.000017s ]
INFO: [ app_init ] --END-- [ RunTime:0.000268s ]
INFO: [ app_begin ] --START--
INFO: Run Behavior\ReadHtmlCacheBehavior [ RunTime:0.000265s ]
INFO: [ app_begin ] --END-- [ RunTime:0.000330s ]
SQL: SHOW COLUMNS FROM `ethan_room` [ RunTime:0.0120s ]
SQL: SELECT COUNT(*) AS tp_count FROM `ethan_room` WHERE `status` = 0 LIMIT 1   [ RunTime:0.0270s ]
SQL: SELECT * FROM `ethan_room` WHERE `status` = 0 ORDER BY `sort` desc,`id` desc  [ RunTime:0.0450s ]
SQL: SHOW COLUMNS FROM `ethan_book` [ RunTime:0.0188s ]
SQL: SELECT COUNT(*) AS tp_count FROM `ethan_book` LIMIT 1   [ RunTime:0.0138s ]
SQL: SELECT * FROM `ethan_book` WHERE ( (`begin_time` < '1451836800' AND `end_time` > '1451836800') OR (`begin_time` >= '1451836800' AND `begin_time` < '1451923200') ) ORDER BY `id` desc  [ RunTime:0.0201s ]
NOTIC: [8] Undefined variable: list /Applications/XAMPP/xamppfiles/htdocs/Ethan-Wechat/Application/Book/Logic/BookLogic.class.php 第 40 行.

[ 2016-01-04T08:14:19+08:00 ] 127.0.0.1 /ethan-wechat/Public/api.php/Room/getrooms
INFO: [ app_init ] --START--
INFO: Run Behavior\BuildLiteBehavior [ RunTime:0.000017s ]
INFO: [ app_init ] --END-- [ RunTime:0.000254s ]
INFO: [ app_begin ] --START--
INFO: Run Behavior\ReadHtmlCacheBehavior [ RunTime:0.000265s ]
INFO: [ app_begin ] --END-- [ RunTime:0.000328s ]
SQL: SHOW COLUMNS FROM `ethan_room` [ RunTime:0.0217s ]
SQL: SELECT COUNT(*) AS tp_count FROM `ethan_room` WHERE `status` = 0 LIMIT 1   [ RunTime:0.0232s ]
SQL: SELECT * FROM `ethan_room` WHERE `status` = 0 ORDER BY `sort` desc,`id` desc  [ RunTime:0.0236s ]
SQL: SHOW COLUMNS FROM `ethan_book` [ RunTime:0.0186s ]
SQL: SELECT COUNT(*) AS tp_count FROM `ethan_book` LIMIT 1   [ RunTime:0.0155s ]
SQL: SELECT * FROM `ethan_book` WHERE ( (`begin_time` < '1451836800' AND `end_time` > '1451836800') OR (`begin_time` >= '1451836800' AND `begin_time` < '1451923200') ) ORDER BY `id` desc  [ RunTime:0.0147s ]

[ 2016-01-04T08:15:54+08:00 ] 127.0.0.1 /ethan-wechat/Public/api.php/Room/getrooms
INFO: [ app_init ] --START--
INFO: Run Behavior\BuildLiteBehavior [ RunTime:0.000019s ]
INFO: [ app_init ] --END-- [ RunTime:0.000293s ]
INFO: [ app_begin ] --START--
INFO: Run Behavior\ReadHtmlCacheBehavior [ RunTime:0.000325s ]
INFO: [ app_begin ] --END-- [ RunTime:0.000395s ]
SQL: SHOW COLUMNS FROM `ethan_room` [ RunTime:0.0265s ]
SQL: SELECT COUNT(*) AS tp_count FROM `ethan_room` WHERE `status` = 0 LIMIT 1   [ RunTime:0.0252s ]
SQL: SELECT * FROM `ethan_room` WHERE `status` = 0 ORDER BY `sort` desc,`id` desc  [ RunTime:0.0193s ]
SQL: SHOW COLUMNS FROM `ethan_book` [ RunTime:0.0244s ]
SQL: SELECT COUNT(*) AS tp_count FROM `ethan_book` LIMIT 1   [ RunTime:0.0274s ]
SQL: SELECT * FROM `ethan_book` WHERE ( (`begin_time` < '1451836800' AND `end_time` > '1451836800') OR (`begin_time` >= '1451836800' AND `begin_time` < '1451923200') ) ORDER BY `id` desc  [ RunTime:0.0250s ]

[ 2016-01-04T08:19:10+08:00 ] 127.0.0.1 /ethan-wechat/Public/api.php/Room/getrooms
INFO: [ app_init ] --START--
INFO: Run Behavior\BuildLiteBehavior [ RunTime:0.000016s ]
INFO: [ app_init ] --END-- [ RunTime:0.000258s ]
INFO: [ app_begin ] --START--
INFO: Run Behavior\ReadHtmlCacheBehavior [ RunTime:0.000280s ]
INFO: [ app_begin ] --END-- [ RunTime:0.000344s ]
SQL: SHOW COLUMNS FROM `ethan_room` [ RunTime:0.0216s ]
SQL: SELECT COUNT(*) AS tp_count FROM `ethan_room` WHERE `status` = 0 LIMIT 1   [ RunTime:0.0201s ]
SQL: SELECT * FROM `ethan_room` WHERE `status` = 0 ORDER BY `sort` desc,`id` desc  [ RunTime:0.0322s ]
SQL: SHOW COLUMNS FROM `ethan_book` [ RunTime:0.0239s ]
SQL: SELECT COUNT(*) AS tp_count FROM `ethan_book` LIMIT 1   [ RunTime:0.0180s ]
SQL: SELECT * FROM `ethan_book` WHERE ( (`begin_time` < '1451836800' AND `end_time` > '1451836800') OR (`begin_time` >= '1451836800' AND `begin_time` < '1451923200') ) ORDER BY `id` desc  [ RunTime:0.0208s ]

[ 2016-01-04T08:20:29+08:00 ] 127.0.0.1 /ethan-wechat/Public/api.php/Room/getrooms
INFO: [ app_init ] --START--
INFO: Run Behavior\BuildLiteBehavior [ RunTime:0.000016s ]
INFO: [ app_init ] --END-- [ RunTime:0.000250s ]
INFO: [ app_begin ] --START--
INFO: Run Behavior\ReadHtmlCacheBehavior [ RunTime:0.000263s ]
INFO: [ app_begin ] --END-- [ RunTime:0.000328s ]
SQL: SHOW COLUMNS FROM `ethan_room` [ RunTime:0.2589s ]
SQL: SELECT COUNT(*) AS tp_count FROM `ethan_room` WHERE `status` = 0 LIMIT 1   [ RunTime:0.0130s ]
SQL: SELECT * FROM `ethan_room` WHERE `status` = 0 ORDER BY `sort` desc,`id` desc  [ RunTime:0.0138s ]
SQL: SHOW COLUMNS FROM `ethan_book` [ RunTime:0.0124s ]
SQL: SELECT COUNT(*) AS tp_count FROM `ethan_book` LIMIT 1   [ RunTime:0.0124s ]
SQL: SELECT * FROM `ethan_book` WHERE ( (`begin_time` < '1451836800' AND `end_time` > '1451836800') OR (`begin_time` >= '1451836800' AND `begin_time` < '1451923200') ) ORDER BY `id` desc  [ RunTime:0.0145s ]

[ 2016-01-04T08:20:31+08:00 ] 127.0.0.1 /ethan-wechat/Public/api.php/Room/getrooms
INFO: [ app_init ] --START--
INFO: Run Behavior\BuildLiteBehavior [ RunTime:0.000029s ]
INFO: [ app_init ] --END-- [ RunTime:0.000455s ]
INFO: [ app_begin ] --START--
INFO: Run Behavior\ReadHtmlCacheBehavior [ RunTime:0.000344s ]
INFO: [ app_begin ] --END-- [ RunTime:0.000419s ]
SQL: SHOW COLUMNS FROM `ethan_room` [ RunTime:0.0131s ]
SQL: SELECT COUNT(*) AS tp_count FROM `ethan_room` WHERE `status` = 0 LIMIT 1   [ RunTime:0.0099s ]
SQL: SELECT * FROM `ethan_room` WHERE `status` = 0 ORDER BY `sort` desc,`id` desc  [ RunTime:0.0221s ]
SQL: SHOW COLUMNS FROM `ethan_book` [ RunTime:0.0245s ]
SQL: SELECT COUNT(*) AS tp_count FROM `ethan_book` LIMIT 1   [ RunTime:0.0217s ]
SQL: SELECT * FROM `ethan_book` WHERE ( (`begin_time` < '1451836800' AND `end_time` > '1451836800') OR (`begin_time` >= '1451836800' AND `begin_time` < '1451923200') ) ORDER BY `id` desc  [ RunTime:0.0110s ]

[ 2016-01-04T08:20:42+08:00 ] 127.0.0.1 /ethan-wechat/Public/api.php/Room/getrooms
INFO: [ app_init ] --START--
INFO: Run Behavior\BuildLiteBehavior [ RunTime:0.000016s ]
INFO: [ app_init ] --END-- [ RunTime:0.000272s ]
INFO: [ app_begin ] --START--
INFO: Run Behavior\ReadHtmlCacheBehavior [ RunTime:0.000265s ]
INFO: [ app_begin ] --END-- [ RunTime:0.000328s ]
SQL: SHOW COLUMNS FROM `ethan_room` [ RunTime:0.0270s ]
SQL: SELECT COUNT(*) AS tp_count FROM `ethan_room` WHERE `status` = 0 LIMIT 1   [ RunTime:0.0214s ]
SQL: SELECT * FROM `ethan_room` WHERE `status` = 0 ORDER BY `sort` desc,`id` desc  [ RunTime:0.0149s ]
SQL: SHOW COLUMNS FROM `ethan_book` [ RunTime:0.0246s ]
SQL: SELECT COUNT(*) AS tp_count FROM `ethan_book` LIMIT 1   [ RunTime:0.0295s ]
SQL: SELECT * FROM `ethan_book` WHERE ( (`begin_time` < '1451836800' AND `end_time` > '1451836800') OR (`begin_time` >= '1451836800' AND `begin_time` < '1451923200') ) ORDER BY `id` desc  [ RunTime:0.0258s ]

[ 2016-01-04T08:21:03+08:00 ] 127.0.0.1 /ethan-wechat/Public/api.php/Room/getrooms
INFO: [ app_init ] --START--
INFO: Run Behavior\BuildLiteBehavior [ RunTime:0.000016s ]
INFO: [ app_init ] --END-- [ RunTime:0.000246s ]
INFO: [ app_begin ] --START--
INFO: Run Behavior\ReadHtmlCacheBehavior [ RunTime:0.000266s ]
INFO: [ app_begin ] --END-- [ RunTime:0.000330s ]
SQL: SHOW COLUMNS FROM `ethan_room` [ RunTime:0.0286s ]
SQL: SELECT COUNT(*) AS tp_count FROM `ethan_room` WHERE `status` = 0 LIMIT 1   [ RunTime:0.0220s ]
SQL: SELECT * FROM `ethan_room` WHERE `status` = 0 ORDER BY `sort` desc,`id` desc  [ RunTime:0.0195s ]
SQL: SHOW COLUMNS FROM `ethan_book` [ RunTime:0.0244s ]
SQL: SELECT COUNT(*) AS tp_count FROM `ethan_book` LIMIT 1   [ RunTime:0.0259s ]
SQL: SELECT * FROM `ethan_book` WHERE ( (`begin_time` < '1451836800' AND `end_time` > '1451836800') OR (`begin_time` >= '1451836800' AND `begin_time` < '1451923200') ) ORDER BY `id` desc  [ RunTime:0.0264s ]
INFO: [ app_end ] --START--
INFO: Run Behavior\ShowPageTraceBehavior [ RunTime:0.002589s ]
INFO: [ app_end ] --END-- [ RunTime:0.002731s ]

[ 2016-01-04T08:21:17+08:00 ] 127.0.0.1 /ethan-wechat/Public/api.php/Room/getrooms
INFO: [ app_init ] --START--
INFO: Run Behavior\BuildLiteBehavior [ RunTime:0.000019s ]
INFO: [ app_init ] --END-- [ RunTime:0.000390s ]
INFO: [ app_begin ] --START--
INFO: Run Behavior\ReadHtmlCacheBehavior [ RunTime:0.000301s ]
INFO: [ app_begin ] --END-- [ RunTime:0.000373s ]
SQL: SHOW COLUMNS FROM `ethan_room` [ RunTime:0.0295s ]
SQL: SELECT COUNT(*) AS tp_count FROM `ethan_room` WHERE `status` = 0 LIMIT 1   [ RunTime:0.0296s ]
SQL: SELECT * FROM `ethan_room` WHERE `status` = 0 ORDER BY `sort` desc,`id` desc  [ RunTime:0.0277s ]
SQL: SHOW COLUMNS FROM `ethan_book` [ RunTime:0.0213s ]
SQL: SELECT COUNT(*) AS tp_count FROM `ethan_book` LIMIT 1   [ RunTime:0.0293s ]
SQL: SELECT * FROM `ethan_book` WHERE ( (`begin_time` < '1451836800' AND `end_time` > '1451836800') OR (`begin_time` >= '1451836800' AND `begin_time` < '1451923200') ) ORDER BY `id` desc  [ RunTime:0.0300s ]
INFO: [ app_end ] --START--
INFO: Run Behavior\ShowPageTraceBehavior [ RunTime:0.000445s ]
INFO: [ app_end ] --END-- [ RunTime:0.000528s ]

[ 2016-01-04T08:22:09+08:00 ] 127.0.0.1 /ethan-wechat/Public/api.php/Room/getrooms
INFO: [ app_init ] --START--
INFO: Run Behavior\BuildLiteBehavior [ RunTime:0.000017s ]
INFO: [ app_init ] --END-- [ RunTime:0.000329s ]
INFO: [ app_begin ] --START--
INFO: Run Behavior\ReadHtmlCacheBehavior [ RunTime:0.001187s ]
INFO: [ app_begin ] --END-- [ RunTime:0.001374s ]
SQL: SHOW COLUMNS FROM `ethan_room` [ RunTime:0.0342s ]
SQL: SELECT COUNT(*) AS tp_count FROM `ethan_room` WHERE `status` = 0 LIMIT 1   [ RunTime:0.0224s ]
SQL: SELECT * FROM `ethan_room` WHERE `status` = 0 ORDER BY `sort` desc,`id` desc  [ RunTime:0.0323s ]
SQL: SHOW COLUMNS FROM `ethan_book` [ RunTime:0.0303s ]
SQL: SELECT COUNT(*) AS tp_count FROM `ethan_book` LIMIT 1   [ RunTime:0.0249s ]
SQL: SELECT * FROM `ethan_book` WHERE ( (`begin_time` < '1451836800' AND `end_time` > '1451836800') OR (`begin_time` >= '1451836800' AND `begin_time` < '1451923200') ) AND `status` = 0 ORDER BY `id` desc  [ RunTime:0.0230s ]
INFO: [ app_end ] --START--
INFO: Run Behavior\ShowPageTraceBehavior [ RunTime:0.000720s ]
INFO: [ app_end ] --END-- [ RunTime:0.000860s ]

[ 2016-01-04T08:22:51+08:00 ] 127.0.0.1 /ethan-wechat/Public/api.php/Room/getrooms
INFO: [ app_init ] --START--
INFO: Run Behavior\BuildLiteBehavior [ RunTime:0.000017s ]
INFO: [ app_init ] --END-- [ RunTime:0.000266s ]
INFO: [ app_begin ] --START--
INFO: Run Behavior\ReadHtmlCacheBehavior [ RunTime:0.000334s ]
INFO: [ app_begin ] --END-- [ RunTime:0.000424s ]
SQL: SHOW COLUMNS FROM `ethan_room` [ RunTime:0.0218s ]
SQL: SELECT COUNT(*) AS tp_count FROM `ethan_room` WHERE `status` = 0 LIMIT 1   [ RunTime:0.0150s ]
SQL: SELECT * FROM `ethan_room` WHERE `status` = 0 ORDER BY `sort` desc,`id` desc  [ RunTime:0.0134s ]
SQL: SHOW COLUMNS FROM `ethan_book` [ RunTime:0.0170s ]
SQL: SELECT COUNT(*) AS tp_count FROM `ethan_book` LIMIT 1   [ RunTime:0.0111s ]
SQL: SELECT * FROM `ethan_book` WHERE ( (`begin_time` < '1451836800' AND `end_time` > '1451836800') OR (`begin_time` >= '1451836800' AND `begin_time` < '1451923200') ) AND `status` = 0 ORDER BY `id` desc  [ RunTime:0.0251s ]
INFO: [ app_end ] --START--
INFO: Run Behavior\ShowPageTraceBehavior [ RunTime:0.000533s ]
INFO: [ app_end ] --END-- [ RunTime:0.000659s ]

[ 2016-01-04T08:24:14+08:00 ] 127.0.0.1 /ethan-wechat/Public/api.php/Room/getrooms
INFO: [ app_init ] --START--
INFO: Run Behavior\BuildLiteBehavior [ RunTime:0.000017s ]
INFO: [ app_init ] --END-- [ RunTime:0.000377s ]
INFO: [ app_begin ] --START--
INFO: Run Behavior\ReadHtmlCacheBehavior [ RunTime:0.000289s ]
INFO: [ app_begin ] --END-- [ RunTime:0.000399s ]
SQL: SHOW COLUMNS FROM `ethan_room` [ RunTime:0.0292s ]
SQL: SELECT COUNT(*) AS tp_count FROM `ethan_room` WHERE `status` = 0 LIMIT 1   [ RunTime:0.0211s ]
SQL: SELECT * FROM `ethan_room` WHERE `status` = 0 ORDER BY `sort` desc,`id` desc  [ RunTime:0.0298s ]
SQL: SHOW COLUMNS FROM `ethan_book` [ RunTime:0.0649s ]
SQL: SELECT COUNT(*) AS tp_count FROM `ethan_book` LIMIT 1   [ RunTime:0.0257s ]
SQL: SELECT * FROM `ethan_book` WHERE ( (`begin_time` < '1451836800' AND `end_time` > '1451836800') OR (`begin_time` >= '1451836800' AND `begin_time` < '1451923200') ) AND `status` = 0 ORDER BY `id` desc  [ RunTime:0.0282s ]
INFO: [ app_end ] --START--
INFO: Run Behavior\ShowPageTraceBehavior [ RunTime:0.000831s ]
INFO: [ app_end ] --END-- [ RunTime:0.000989s ]

[ 2016-01-04T08:24:29+08:00 ] 127.0.0.1 /ethan-wechat/Public/api.php/Room/getrooms
INFO: [ app_init ] --START--
INFO: Run Behavior\BuildLiteBehavior [ RunTime:0.000018s ]
INFO: [ app_init ] --END-- [ RunTime:0.000253s ]
INFO: [ app_begin ] --START--
INFO: Run Behavior\ReadHtmlCacheBehavior [ RunTime:0.000264s ]
INFO: [ app_begin ] --END-- [ RunTime:0.000327s ]
SQL: SHOW COLUMNS FROM `ethan_room` [ RunTime:0.0226s ]
NOTIC: [8] Undefined variable: map /Applications/XAMPP/xamppfiles/htdocs/Ethan-Wechat/Application/Room/Logic/RoomLogic.class.php 第 62 行.
SQL: SELECT * FROM `ethan_room`  [ RunTime:0.0280s ]
SQL: SHOW COLUMNS FROM `ethan_book` [ RunTime:0.0206s ]
SQL: SELECT COUNT(*) AS tp_count FROM `ethan_book` LIMIT 1   [ RunTime:0.0123s ]
SQL: SELECT * FROM `ethan_book` WHERE ( (`begin_time` < '1451836800' AND `end_time` > '1451836800') OR (`begin_time` >= '1451836800' AND `begin_time` < '1451923200') ) AND `status` = 0 ORDER BY `id` desc  [ RunTime:0.0137s ]
INFO: [ app_end ] --START--
INFO: Run Behavior\ShowPageTraceBehavior [ RunTime:0.000455s ]
INFO: [ app_end ] --END-- [ RunTime:0.000555s ]

[ 2016-01-04T08:24:49+08:00 ] 127.0.0.1 /ethan-wechat/Public/api.php/Room/getrooms
INFO: [ app_init ] --START--
INFO: Run Behavior\BuildLiteBehavior [ RunTime:0.000087s ]
INFO: [ app_init ] --END-- [ RunTime:0.001566s ]
INFO: [ app_begin ] --START--
INFO: Run Behavior\ReadHtmlCacheBehavior [ RunTime:0.000944s ]
INFO: [ app_begin ] --END-- [ RunTime:0.001138s ]
SQL: SHOW COLUMNS FROM `ethan_room` [ RunTime:0.0229s ]
SQL: SELECT COUNT(*) AS tp_count FROM `ethan_room` WHERE `status` = 0 LIMIT 1   [ RunTime:0.0378s ]
SQL: SELECT * FROM `ethan_room` WHERE `status` = 0 ORDER BY `sort` desc,`id` desc  [ RunTime:0.0277s ]
SQL: SHOW COLUMNS FROM `ethan_book` [ RunTime:0.0246s ]
SQL: SELECT COUNT(*) AS tp_count FROM `ethan_book` LIMIT 1   [ RunTime:0.0256s ]
SQL: SELECT * FROM `ethan_book` WHERE ( (`begin_time` < '1451836800' AND `end_time` > '1451836800') OR (`begin_time` >= '1451836800' AND `begin_time` < '1451923200') ) AND `status` = 0 ORDER BY `id` desc  [ RunTime:0.0319s ]
INFO: [ app_end ] --START--
INFO: Run Behavior\ShowPageTraceBehavior [ RunTime:0.001315s ]
INFO: [ app_end ] --END-- [ RunTime:0.001594s ]

[ 2016-01-04T08:24:51+08:00 ] 127.0.0.1 /ethan-wechat/Public/api.php/Room/getrooms
INFO: [ app_init ] --START--
INFO: Run Behavior\BuildLiteBehavior [ RunTime:0.000028s ]
INFO: [ app_init ] --END-- [ RunTime:0.000351s ]
INFO: [ app_begin ] --START--
INFO: Run Behavior\ReadHtmlCacheBehavior [ RunTime:0.000328s ]
INFO: [ app_begin ] --END-- [ RunTime:0.000428s ]
SQL: SHOW COLUMNS FROM `ethan_room` [ RunTime:0.0284s ]
SQL: SELECT COUNT(*) AS tp_count FROM `ethan_room` WHERE `status` = 0 LIMIT 1   [ RunTime:0.0300s ]
SQL: SELECT * FROM `ethan_room` WHERE `status` = 0 ORDER BY `sort` desc,`id` desc  [ RunTime:0.3954s ]
SQL: SHOW COLUMNS FROM `ethan_book` [ RunTime:0.0298s ]
SQL: SELECT COUNT(*) AS tp_count FROM `ethan_book` LIMIT 1   [ RunTime:0.0189s ]
SQL: SELECT * FROM `ethan_book` WHERE ( (`begin_time` < '1451836800' AND `end_time` > '1451836800') OR (`begin_time` >= '1451836800' AND `begin_time` < '1451923200') ) AND `status` = 0 ORDER BY `id` desc  [ RunTime:0.0204s ]
INFO: [ app_end ] --START--
INFO: Run Behavior\ShowPageTraceBehavior [ RunTime:0.000505s ]
INFO: [ app_end ] --END-- [ RunTime:0.000629s ]

[ 2016-01-04T08:34:35+08:00 ] 127.0.0.1 /ethan-wechat/Public/api.php/Room/getrooms
INFO: [ app_init ] --START--
INFO: Run Behavior\BuildLiteBehavior [ RunTime:0.000017s ]
INFO: [ app_init ] --END-- [ RunTime:0.000269s ]
INFO: [ app_begin ] --START--
INFO: Run Behavior\ReadHtmlCacheBehavior [ RunTime:0.000266s ]
INFO: [ app_begin ] --END-- [ RunTime:0.000332s ]
SQL: SHOW COLUMNS FROM `ethan_room` [ RunTime:0.0273s ]
SQL: SELECT COUNT(*) AS tp_count FROM `ethan_room` WHERE `status` = 0 LIMIT 1   [ RunTime:0.0227s ]
SQL: SELECT * FROM `ethan_room` WHERE `status` = 0 ORDER BY `sort` desc,`id` desc  [ RunTime:0.0307s ]
SQL: SHOW COLUMNS FROM `ethan_book` [ RunTime:0.0271s ]
SQL: SELECT COUNT(*) AS tp_count FROM `ethan_book` LIMIT 1   [ RunTime:0.0331s ]
SQL: SELECT * FROM `ethan_book` WHERE ( (`begin_time` < '1451836800' AND `end_time` > '1451836800') OR (`begin_time` >= '1451836800' AND `begin_time` < '1451923200') ) AND `status` = 0 ORDER BY `id` desc  [ RunTime:0.0320s ]
NOTIC: [8] Undefined offset: 10 /Applications/XAMPP/xamppfiles/htdocs/Ethan-Wechat/Application/Room/Logic/RoomLogic.class.php 第 88 行.
NOTIC: [2] Invalid argument supplied for foreach() /Applications/XAMPP/xamppfiles/htdocs/Ethan-Wechat/Application/Room/Logic/RoomLogic.class.php 第 88 行.
NOTIC: [8] Undefined index: name /Applications/XAMPP/xamppfiles/htdocs/Ethan-Wechat/Application/Room/Logic/RoomLogic.class.php 第 94 行.
NOTIC: [8] Undefined offset: 9 /Applications/XAMPP/xamppfiles/htdocs/Ethan-Wechat/Application/Room/Logic/RoomLogic.class.php 第 88 行.
NOTIC: [2] Invalid argument supplied for foreach() /Applications/XAMPP/xamppfiles/htdocs/Ethan-Wechat/Application/Room/Logic/RoomLogic.class.php 第 88 行.
NOTIC: [8] Undefined index: name /Applications/XAMPP/xamppfiles/htdocs/Ethan-Wechat/Application/Room/Logic/RoomLogic.class.php 第 94 行.
NOTIC: [8] Undefined offset: 8 /Applications/XAMPP/xamppfiles/htdocs/Ethan-Wechat/Application/Room/Logic/RoomLogic.class.php 第 88 行.
NOTIC: [2] Invalid argument supplied for foreach() /Applications/XAMPP/xamppfiles/htdocs/Ethan-Wechat/Application/Room/Logic/RoomLogic.class.php 第 88 行.
NOTIC: [8] Undefined index: name /Applications/XAMPP/xamppfiles/htdocs/Ethan-Wechat/Application/Room/Logic/RoomLogic.class.php 第 94 行.
NOTIC: [8] Undefined offset: 7 /Applications/XAMPP/xamppfiles/htdocs/Ethan-Wechat/Application/Room/Logic/RoomLogic.class.php 第 88 行.
NOTIC: [2] Invalid argument supplied for foreach() /Applications/XAMPP/xamppfiles/htdocs/Ethan-Wechat/Application/Room/Logic/RoomLogic.class.php 第 88 行.
NOTIC: [8] Undefined index: name /Applications/XAMPP/xamppfiles/htdocs/Ethan-Wechat/Application/Room/Logic/RoomLogic.class.php 第 94 行.
NOTIC: [8] Undefined offset: 6 /Applications/XAMPP/xamppfiles/htdocs/Ethan-Wechat/Application/Room/Logic/RoomLogic.class.php 第 88 行.
NOTIC: [2] Invalid argument supplied for foreach() /Applications/XAMPP/xamppfiles/htdocs/Ethan-Wechat/Application/Room/Logic/RoomLogic.class.php 第 88 行.
NOTIC: [8] Undefined index: name /Applications/XAMPP/xamppfiles/htdocs/Ethan-Wechat/Application/Room/Logic/RoomLogic.class.php 第 94 行.
NOTIC: [8] Undefined offset: 5 /Applications/XAMPP/xamppfiles/htdocs/Ethan-Wechat/Application/Room/Logic/RoomLogic.class.php 第 88 行.
NOTIC: [2] Invalid argument supplied for foreach() /Applications/XAMPP/xamppfiles/htdocs/Ethan-Wechat/Application/Room/Logic/RoomLogic.class.php 第 88 行.
NOTIC: [8] Undefined index: name /Applications/XAMPP/xamppfiles/htdocs/Ethan-Wechat/Application/Room/Logic/RoomLogic.class.php 第 94 行.
NOTIC: [8] Undefined offset: 3 /Applications/XAMPP/xamppfiles/htdocs/Ethan-Wechat/Application/Room/Logic/RoomLogic.class.php 第 88 行.
NOTIC: [2] Invalid argument supplied for foreach() /Applications/XAMPP/xamppfiles/htdocs/Ethan-Wechat/Application/Room/Logic/RoomLogic.class.php 第 88 行.
NOTIC: [8] Undefined index: name /Applications/XAMPP/xamppfiles/htdocs/Ethan-Wechat/Application/Room/Logic/RoomLogic.class.php 第 94 行.
INFO: [ app_end ] --START--
INFO: Run Behavior\ShowPageTraceBehavior [ RunTime:0.000743s ]
INFO: [ app_end ] --END-- [ RunTime:0.000990s ]

[ 2016-01-04T08:35:39+08:00 ] 127.0.0.1 /ethan-wechat/Public/api.php/Room/getrooms
INFO: [ app_init ] --START--
INFO: Run Behavior\BuildLiteBehavior [ RunTime:0.000017s ]
INFO: [ app_init ] --END-- [ RunTime:0.000276s ]
INFO: [ app_begin ] --START--
INFO: Run Behavior\ReadHtmlCacheBehavior [ RunTime:0.000592s ]
INFO: [ app_begin ] --END-- [ RunTime:0.000749s ]
SQL: SHOW COLUMNS FROM `ethan_room` [ RunTime:0.0157s ]
SQL: SELECT COUNT(*) AS tp_count FROM `ethan_room` WHERE `status` = 0 LIMIT 1   [ RunTime:0.0218s ]
SQL: SELECT * FROM `ethan_room` WHERE `status` = 0 ORDER BY `sort` desc,`id` desc  [ RunTime:0.4123s ]
SQL: SHOW COLUMNS FROM `ethan_book` [ RunTime:0.0314s ]
SQL: SELECT COUNT(*) AS tp_count FROM `ethan_book` LIMIT 1   [ RunTime:0.0182s ]
SQL: SELECT * FROM `ethan_book` WHERE ( (`begin_time` < '1451836800' AND `end_time` > '1451836800') OR (`begin_time` >= '1451836800' AND `begin_time` < '1451923200') ) AND `status` = 0 ORDER BY `id` desc  [ RunTime:0.0163s ]
NOTIC: [8] Undefined offset: 10 /Applications/XAMPP/xamppfiles/htdocs/Ethan-Wechat/Application/Room/Logic/RoomLogic.class.php 第 90 行.
NOTIC: [2] Invalid argument supplied for foreach() /Applications/XAMPP/xamppfiles/htdocs/Ethan-Wechat/Application/Room/Logic/RoomLogic.class.php 第 90 行.
NOTIC: [8] Undefined index: name /Applications/XAMPP/xamppfiles/htdocs/Ethan-Wechat/Application/Room/Logic/RoomLogic.class.php 第 96 行.
NOTIC: [8] Undefined offset: 9 /Applications/XAMPP/xamppfiles/htdocs/Ethan-Wechat/Application/Room/Logic/RoomLogic.class.php 第 90 行.
NOTIC: [2] Invalid argument supplied for foreach() /Applications/XAMPP/xamppfiles/htdocs/Ethan-Wechat/Application/Room/Logic/RoomLogic.class.php 第 90 行.
NOTIC: [8] Undefined index: name /Applications/XAMPP/xamppfiles/htdocs/Ethan-Wechat/Application/Room/Logic/RoomLogic.class.php 第 96 行.
NOTIC: [8] Undefined offset: 8 /Applications/XAMPP/xamppfiles/htdocs/Ethan-Wechat/Application/Room/Logic/RoomLogic.class.php 第 90 行.
NOTIC: [2] Invalid argument supplied for foreach() /Applications/XAMPP/xamppfiles/htdocs/Ethan-Wechat/Application/Room/Logic/RoomLogic.class.php 第 90 行.
NOTIC: [8] Undefined index: name /Applications/XAMPP/xamppfiles/htdocs/Ethan-Wechat/Application/Room/Logic/RoomLogic.class.php 第 96 行.
NOTIC: [8] Undefined offset: 7 /Applications/XAMPP/xamppfiles/htdocs/Ethan-Wechat/Application/Room/Logic/RoomLogic.class.php 第 90 行.
NOTIC: [2] Invalid argument supplied for foreach() /Applications/XAMPP/xamppfiles/htdocs/Ethan-Wechat/Application/Room/Logic/RoomLogic.class.php 第 90 行.
NOTIC: [8] Undefined index: name /Applications/XAMPP/xamppfiles/htdocs/Ethan-Wechat/Application/Room/Logic/RoomLogic.class.php 第 96 行.
NOTIC: [8] Undefined offset: 6 /Applications/XAMPP/xamppfiles/htdocs/Ethan-Wechat/Application/Room/Logic/RoomLogic.class.php 第 90 行.
NOTIC: [2] Invalid argument supplied for foreach() /Applications/XAMPP/xamppfiles/htdocs/Ethan-Wechat/Application/Room/Logic/RoomLogic.class.php 第 90 行.
NOTIC: [8] Undefined index: name /Applications/XAMPP/xamppfiles/htdocs/Ethan-Wechat/Application/Room/Logic/RoomLogic.class.php 第 96 行.
NOTIC: [8] Undefined offset: 5 /Applications/XAMPP/xamppfiles/htdocs/Ethan-Wechat/Application/Room/Logic/RoomLogic.class.php 第 90 行.
NOTIC: [2] Invalid argument supplied for foreach() /Applications/XAMPP/xamppfiles/htdocs/Ethan-Wechat/Application/Room/Logic/RoomLogic.class.php 第 90 行.
NOTIC: [8] Undefined index: name /Applications/XAMPP/xamppfiles/htdocs/Ethan-Wechat/Application/Room/Logic/RoomLogic.class.php 第 96 行.
NOTIC: [8] Undefined offset: 3 /Applications/XAMPP/xamppfiles/htdocs/Ethan-Wechat/Application/Room/Logic/RoomLogic.class.php 第 90 行.
NOTIC: [2] Invalid argument supplied for foreach() /Applications/XAMPP/xamppfiles/htdocs/Ethan-Wechat/Application/Room/Logic/RoomLogic.class.php 第 90 行.
NOTIC: [8] Undefined index: name /Applications/XAMPP/xamppfiles/htdocs/Ethan-Wechat/Application/Room/Logic/RoomLogic.class.php 第 96 行.
INFO: [ app_end ] --START--
INFO: Run Behavior\ShowPageTraceBehavior [ RunTime:0.000761s ]
INFO: [ app_end ] --END-- [ RunTime:0.000962s ]

[ 2016-01-04T08:36:21+08:00 ] 127.0.0.1 /ethan-wechat/Public/api.php/Room/getrooms
INFO: [ app_init ] --START--
INFO: Run Behavior\BuildLiteBehavior [ RunTime:0.000017s ]
INFO: [ app_init ] --END-- [ RunTime:0.000263s ]
INFO: [ app_begin ] --START--
INFO: Run Behavior\ReadHtmlCacheBehavior [ RunTime:0.000263s ]
INFO: [ app_begin ] --END-- [ RunTime:0.000327s ]
SQL: SHOW COLUMNS FROM `ethan_room` [ RunTime:0.0238s ]
SQL: SELECT COUNT(*) AS tp_count FROM `ethan_room` WHERE `status` = 0 LIMIT 1   [ RunTime:0.0288s ]
SQL: SELECT * FROM `ethan_room` WHERE `status` = 0 ORDER BY `sort` desc,`id` desc  [ RunTime:0.0309s ]
SQL: SHOW COLUMNS FROM `ethan_book` [ RunTime:0.0161s ]
SQL: SELECT COUNT(*) AS tp_count FROM `ethan_book` LIMIT 1   [ RunTime:0.0149s ]
SQL: SELECT * FROM `ethan_book` WHERE ( (`begin_time` < '1451836800' AND `end_time` > '1451836800') OR (`begin_time` >= '1451836800' AND `begin_time` < '1451923200') ) AND `status` = 0 ORDER BY `id` desc  [ RunTime:0.0173s ]
NOTIC: [8] Undefined offset: 10 /Applications/XAMPP/xamppfiles/htdocs/Ethan-Wechat/Application/Room/Logic/RoomLogic.class.php 第 90 行.
NOTIC: [2] Invalid argument supplied for foreach() /Applications/XAMPP/xamppfiles/htdocs/Ethan-Wechat/Application/Room/Logic/RoomLogic.class.php 第 90 行.
NOTIC: [8] Undefined index: name /Applications/XAMPP/xamppfiles/htdocs/Ethan-Wechat/Application/Room/Logic/RoomLogic.class.php 第 96 行.
NOTIC: [8] Undefined offset: 9 /Applications/XAMPP/xamppfiles/htdocs/Ethan-Wechat/Application/Room/Logic/RoomLogic.class.php 第 90 行.
NOTIC: [2] Invalid argument supplied for foreach() /Applications/XAMPP/xamppfiles/htdocs/Ethan-Wechat/Application/Room/Logic/RoomLogic.class.php 第 90 行.
NOTIC: [8] Undefined index: name /Applications/XAMPP/xamppfiles/htdocs/Ethan-Wechat/Application/Room/Logic/RoomLogic.class.php 第 96 行.
NOTIC: [8] Undefined offset: 8 /Applications/XAMPP/xamppfiles/htdocs/Ethan-Wechat/Application/Room/Logic/RoomLogic.class.php 第 90 行.
NOTIC: [2] Invalid argument supplied for foreach() /Applications/XAMPP/xamppfiles/htdocs/Ethan-Wechat/Application/Room/Logic/RoomLogic.class.php 第 90 行.
NOTIC: [8] Undefined index: name /Applications/XAMPP/xamppfiles/htdocs/Ethan-Wechat/Application/Room/Logic/RoomLogic.class.php 第 96 行.
NOTIC: [8] Undefined offset: 7 /Applications/XAMPP/xamppfiles/htdocs/Ethan-Wechat/Application/Room/Logic/RoomLogic.class.php 第 90 行.
NOTIC: [2] Invalid argument supplied for foreach() /Applications/XAMPP/xamppfiles/htdocs/Ethan-Wechat/Application/Room/Logic/RoomLogic.class.php 第 90 行.
NOTIC: [8] Undefined index: name /Applications/XAMPP/xamppfiles/htdocs/Ethan-Wechat/Application/Room/Logic/RoomLogic.class.php 第 96 行.
NOTIC: [8] Undefined offset: 6 /Applications/XAMPP/xamppfiles/htdocs/Ethan-Wechat/Application/Room/Logic/RoomLogic.class.php 第 90 行.
NOTIC: [2] Invalid argument supplied for foreach() /Applications/XAMPP/xamppfiles/htdocs/Ethan-Wechat/Application/Room/Logic/RoomLogic.class.php 第 90 行.
NOTIC: [8] Undefined index: name /Applications/XAMPP/xamppfiles/htdocs/Ethan-Wechat/Application/Room/Logic/RoomLogic.class.php 第 96 行.
NOTIC: [8] Undefined offset: 5 /Applications/XAMPP/xamppfiles/htdocs/Ethan-Wechat/Application/Room/Logic/RoomLogic.class.php 第 90 行.
NOTIC: [2] Invalid argument supplied for foreach() /Applications/XAMPP/xamppfiles/htdocs/Ethan-Wechat/Application/Room/Logic/RoomLogic.class.php 第 90 行.
NOTIC: [8] Undefined index: name /Applications/XAMPP/xamppfiles/htdocs/Ethan-Wechat/Application/Room/Logic/RoomLogic.class.php 第 96 行.
NOTIC: [8] Undefined offset: 3 /Applications/XAMPP/xamppfiles/htdocs/Ethan-Wechat/Application/Room/Logic/RoomLogic.class.php 第 90 行.
NOTIC: [2] Invalid argument supplied for foreach() /Applications/XAMPP/xamppfiles/htdocs/Ethan-Wechat/Application/Room/Logic/RoomLogic.class.php 第 90 行.
NOTIC: [8] Undefined index: name /Applications/XAMPP/xamppfiles/htdocs/Ethan-Wechat/Application/Room/Logic/RoomLogic.class.php 第 96 行.
INFO: [ app_end ] --START--
INFO: Run Behavior\ShowPageTraceBehavior [ RunTime:0.000649s ]
INFO: [ app_end ] --END-- [ RunTime:0.000789s ]

[ 2016-01-04T08:36:24+08:00 ] 127.0.0.1 /ethan-wechat/Public/api.php/Room/getrooms
INFO: [ app_init ] --START--
INFO: Run Behavior\BuildLiteBehavior [ RunTime:0.000018s ]
INFO: [ app_init ] --END-- [ RunTime:0.000278s ]
INFO: [ app_begin ] --START--
INFO: Run Behavior\ReadHtmlCacheBehavior [ RunTime:0.000385s ]
INFO: [ app_begin ] --END-- [ RunTime:0.000480s ]
SQL: SHOW COLUMNS FROM `ethan_room` [ RunTime:0.0317s ]
SQL: SELECT COUNT(*) AS tp_count FROM `ethan_room` WHERE `status` = 0 LIMIT 1   [ RunTime:0.0280s ]
SQL: SELECT * FROM `ethan_room` WHERE `status` = 0 ORDER BY `sort` desc,`id` desc  [ RunTime:0.0160s ]
SQL: SHOW COLUMNS FROM `ethan_book` [ RunTime:0.0205s ]
SQL: SELECT COUNT(*) AS tp_count FROM `ethan_book` LIMIT 1   [ RunTime:0.0241s ]
SQL: SELECT * FROM `ethan_book` WHERE ( (`begin_time` < '1451836800' AND `end_time` > '1451836800') OR (`begin_time` >= '1451836800' AND `begin_time` < '1451923200') ) AND `status` = 0 ORDER BY `id` desc  [ RunTime:0.0309s ]
NOTIC: [8] Undefined offset: 10 /Applications/XAMPP/xamppfiles/htdocs/Ethan-Wechat/Application/Room/Logic/RoomLogic.class.php 第 90 行.
NOTIC: [2] Invalid argument supplied for foreach() /Applications/XAMPP/xamppfiles/htdocs/Ethan-Wechat/Application/Room/Logic/RoomLogic.class.php 第 90 行.
NOTIC: [8] Undefined index: name /Applications/XAMPP/xamppfiles/htdocs/Ethan-Wechat/Application/Room/Logic/RoomLogic.class.php 第 96 行.
NOTIC: [8] Undefined offset: 9 /Applications/XAMPP/xamppfiles/htdocs/Ethan-Wechat/Application/Room/Logic/RoomLogic.class.php 第 90 行.
NOTIC: [2] Invalid argument supplied for foreach() /Applications/XAMPP/xamppfiles/htdocs/Ethan-Wechat/Application/Room/Logic/RoomLogic.class.php 第 90 行.
NOTIC: [8] Undefined index: name /Applications/XAMPP/xamppfiles/htdocs/Ethan-Wechat/Application/Room/Logic/RoomLogic.class.php 第 96 行.
NOTIC: [8] Undefined offset: 8 /Applications/XAMPP/xamppfiles/htdocs/Ethan-Wechat/Application/Room/Logic/RoomLogic.class.php 第 90 行.
NOTIC: [2] Invalid argument supplied for foreach() /Applications/XAMPP/xamppfiles/htdocs/Ethan-Wechat/Application/Room/Logic/RoomLogic.class.php 第 90 行.
NOTIC: [8] Undefined index: name /Applications/XAMPP/xamppfiles/htdocs/Ethan-Wechat/Application/Room/Logic/RoomLogic.class.php 第 96 行.
NOTIC: [8] Undefined offset: 7 /Applications/XAMPP/xamppfiles/htdocs/Ethan-Wechat/Application/Room/Logic/RoomLogic.class.php 第 90 行.
NOTIC: [2] Invalid argument supplied for foreach() /Applications/XAMPP/xamppfiles/htdocs/Ethan-Wechat/Application/Room/Logic/RoomLogic.class.php 第 90 行.
NOTIC: [8] Undefined index: name /Applications/XAMPP/xamppfiles/htdocs/Ethan-Wechat/Application/Room/Logic/RoomLogic.class.php 第 96 行.
NOTIC: [8] Undefined offset: 6 /Applications/XAMPP/xamppfiles/htdocs/Ethan-Wechat/Application/Room/Logic/RoomLogic.class.php 第 90 行.
NOTIC: [2] Invalid argument supplied for foreach() /Applications/XAMPP/xamppfiles/htdocs/Ethan-Wechat/Application/Room/Logic/RoomLogic.class.php 第 90 行.
NOTIC: [8] Undefined index: name /Applications/XAMPP/xamppfiles/htdocs/Ethan-Wechat/Application/Room/Logic/RoomLogic.class.php 第 96 行.
NOTIC: [8] Undefined offset: 5 /Applications/XAMPP/xamppfiles/htdocs/Ethan-Wechat/Application/Room/Logic/RoomLogic.class.php 第 90 行.
NOTIC: [2] Invalid argument supplied for foreach() /Applications/XAMPP/xamppfiles/htdocs/Ethan-Wechat/Application/Room/Logic/RoomLogic.class.php 第 90 行.
NOTIC: [8] Undefined index: name /Applications/XAMPP/xamppfiles/htdocs/Ethan-Wechat/Application/Room/Logic/RoomLogic.class.php 第 96 行.
NOTIC: [8] Undefined offset: 3 /Applications/XAMPP/xamppfiles/htdocs/Ethan-Wechat/Application/Room/Logic/RoomLogic.class.php 第 90 行.
NOTIC: [2] Invalid argument supplied for foreach() /Applications/XAMPP/xamppfiles/htdocs/Ethan-Wechat/Application/Room/Logic/RoomLogic.class.php 第 90 行.
NOTIC: [8] Undefined index: name /Applications/XAMPP/xamppfiles/htdocs/Ethan-Wechat/Application/Room/Logic/RoomLogic.class.php 第 96 行.
INFO: [ app_end ] --START--
INFO: Run Behavior\ShowPageTraceBehavior [ RunTime:0.000822s ]
INFO: [ app_end ] --END-- [ RunTime:0.001004s ]

[ 2016-01-04T08:36:39+08:00 ] 127.0.0.1 /ethan-wechat/Public/api.php/Room/getrooms
INFO: [ app_init ] --START--
INFO: Run Behavior\BuildLiteBehavior [ RunTime:0.000018s ]
INFO: [ app_init ] --END-- [ RunTime:0.000293s ]
INFO: [ app_begin ] --START--
INFO: Run Behavior\ReadHtmlCacheBehavior [ RunTime:0.000306s ]
INFO: [ app_begin ] --END-- [ RunTime:0.000376s ]
SQL: SHOW COLUMNS FROM `ethan_room` [ RunTime:0.0266s ]
SQL: SELECT COUNT(*) AS tp_count FROM `ethan_room` WHERE `status` = 0 LIMIT 1   [ RunTime:0.0235s ]
SQL: SELECT * FROM `ethan_room` WHERE `status` = 0 ORDER BY `sort` desc,`id` desc  [ RunTime:0.0309s ]
SQL: SHOW COLUMNS FROM `ethan_book` [ RunTime:0.0381s ]
SQL: SELECT COUNT(*) AS tp_count FROM `ethan_book` LIMIT 1   [ RunTime:0.0205s ]
SQL: SELECT * FROM `ethan_book` WHERE ( (`begin_time` < '1451836800' AND `end_time` > '1451836800') OR (`begin_time` >= '1451836800' AND `begin_time` < '1451923200') ) AND `status` = 0 ORDER BY `id` desc  [ RunTime:0.0285s ]
NOTIC: [8] Undefined offset: 10 /Applications/XAMPP/xamppfiles/htdocs/Ethan-Wechat/Application/Room/Logic/RoomLogic.class.php 第 90 行.
NOTIC: [2] Invalid argument supplied for foreach() /Applications/XAMPP/xamppfiles/htdocs/Ethan-Wechat/Application/Room/Logic/RoomLogic.class.php 第 90 行.
NOTIC: [8] Undefined offset: 9 /Applications/XAMPP/xamppfiles/htdocs/Ethan-Wechat/Application/Room/Logic/RoomLogic.class.php 第 90 行.
NOTIC: [2] Invalid argument supplied for foreach() /Applications/XAMPP/xamppfiles/htdocs/Ethan-Wechat/Application/Room/Logic/RoomLogic.class.php 第 90 行.
NOTIC: [8] Undefined offset: 8 /Applications/XAMPP/xamppfiles/htdocs/Ethan-Wechat/Application/Room/Logic/RoomLogic.class.php 第 90 行.
NOTIC: [2] Invalid argument supplied for foreach() /Applications/XAMPP/xamppfiles/htdocs/Ethan-Wechat/Application/Room/Logic/RoomLogic.class.php 第 90 行.
NOTIC: [8] Undefined offset: 7 /Applications/XAMPP/xamppfiles/htdocs/Ethan-Wechat/Application/Room/Logic/RoomLogic.class.php 第 90 行.
NOTIC: [2] Invalid argument supplied for foreach() /Applications/XAMPP/xamppfiles/htdocs/Ethan-Wechat/Application/Room/Logic/RoomLogic.class.php 第 90 行.
NOTIC: [8] Undefined offset: 6 /Applications/XAMPP/xamppfiles/htdocs/Ethan-Wechat/Application/Room/Logic/RoomLogic.class.php 第 90 行.
NOTIC: [2] Invalid argument supplied for foreach() /Applications/XAMPP/xamppfiles/htdocs/Ethan-Wechat/Application/Room/Logic/RoomLogic.class.php 第 90 行.
NOTIC: [8] Undefined offset: 5 /Applications/XAMPP/xamppfiles/htdocs/Ethan-Wechat/Application/Room/Logic/RoomLogic.class.php 第 90 行.
NOTIC: [2] Invalid argument supplied for foreach() /Applications/XAMPP/xamppfiles/htdocs/Ethan-Wechat/Application/Room/Logic/RoomLogic.class.php 第 90 行.
NOTIC: [8] Undefined offset: 3 /Applications/XAMPP/xamppfiles/htdocs/Ethan-Wechat/Application/Room/Logic/RoomLogic.class.php 第 90 行.
NOTIC: [2] Invalid argument supplied for foreach() /Applications/XAMPP/xamppfiles/htdocs/Ethan-Wechat/Application/Room/Logic/RoomLogic.class.php 第 90 行.
INFO: [ app_end ] --START--
INFO: Run Behavior\ShowPageTraceBehavior [ RunTime:0.000795s ]
INFO: [ app_end ] --END-- [ RunTime:0.000994s ]

[ 2016-01-04T08:37:30+08:00 ] 127.0.0.1 /ethan-wechat/Public/api.php/Room/getrooms
INFO: [ app_init ] --START--
INFO: Run Behavior\BuildLiteBehavior [ RunTime:0.000020s ]
INFO: [ app_init ] --END-- [ RunTime:0.000301s ]
INFO: [ app_begin ] --START--
INFO: Run Behavior\ReadHtmlCacheBehavior [ RunTime:0.000333s ]
INFO: [ app_begin ] --END-- [ RunTime:0.000404s ]
SQL: SHOW COLUMNS FROM `ethan_room` [ RunTime:0.0261s ]
SQL: SELECT COUNT(*) AS tp_count FROM `ethan_room` WHERE `status` = 0 LIMIT 1   [ RunTime:0.0335s ]
SQL: SELECT * FROM `ethan_room` WHERE `status` = 0 ORDER BY `sort` desc,`id` desc  [ RunTime:0.0280s ]
SQL: SHOW COLUMNS FROM `ethan_book` [ RunTime:0.0295s ]
SQL: SELECT COUNT(*) AS tp_count FROM `ethan_book` LIMIT 1   [ RunTime:0.0348s ]
SQL: SELECT * FROM `ethan_book` WHERE ( (`begin_time` < '1451836800' AND `end_time` > '1451836800') OR (`begin_time` >= '1451836800' AND `begin_time` < '1451923200') ) AND `status` = 0 ORDER BY `id` desc  [ RunTime:0.0295s ]
NOTIC: [8] Undefined offset: 9 /Applications/XAMPP/xamppfiles/htdocs/Ethan-Wechat/Application/Room/Logic/RoomLogic.class.php 第 90 行.
NOTIC: [2] Invalid argument supplied for foreach() /Applications/XAMPP/xamppfiles/htdocs/Ethan-Wechat/Application/Room/Logic/RoomLogic.class.php 第 90 行.
NOTIC: [8] Undefined offset: 8 /Applications/XAMPP/xamppfiles/htdocs/Ethan-Wechat/Application/Room/Logic/RoomLogic.class.php 第 90 行.
NOTIC: [2] Invalid argument supplied for foreach() /Applications/XAMPP/xamppfiles/htdocs/Ethan-Wechat/Application/Room/Logic/RoomLogic.class.php 第 90 行.
NOTIC: [8] Undefined offset: 7 /Applications/XAMPP/xamppfiles/htdocs/Ethan-Wechat/Application/Room/Logic/RoomLogic.class.php 第 90 行.
NOTIC: [2] Invalid argument supplied for foreach() /Applications/XAMPP/xamppfiles/htdocs/Ethan-Wechat/Application/Room/Logic/RoomLogic.class.php 第 90 行.
NOTIC: [8] Undefined offset: 6 /Applications/XAMPP/xamppfiles/htdocs/Ethan-Wechat/Application/Room/Logic/RoomLogic.class.php 第 90 行.
NOTIC: [2] Invalid argument supplied for foreach() /Applications/XAMPP/xamppfiles/htdocs/Ethan-Wechat/Application/Room/Logic/RoomLogic.class.php 第 90 行.
NOTIC: [8] Undefined offset: 5 /Applications/XAMPP/xamppfiles/htdocs/Ethan-Wechat/Application/Room/Logic/RoomLogic.class.php 第 90 行.
NOTIC: [2] Invalid argument supplied for foreach() /Applications/XAMPP/xamppfiles/htdocs/Ethan-Wechat/Application/Room/Logic/RoomLogic.class.php 第 90 行.
NOTIC: [8] Undefined offset: 3 /Applications/XAMPP/xamppfiles/htdocs/Ethan-Wechat/Application/Room/Logic/RoomLogic.class.php 第 90 行.
NOTIC: [2] Invalid argument supplied for foreach() /Applications/XAMPP/xamppfiles/htdocs/Ethan-Wechat/Application/Room/Logic/RoomLogic.class.php 第 90 行.
INFO: [ app_end ] --START--
INFO: Run Behavior\ShowPageTraceBehavior [ RunTime:0.000556s ]
INFO: [ app_end ] --END-- [ RunTime:0.000653s ]

[ 2016-01-04T08:37:40+08:00 ] 127.0.0.1 /ethan-wechat/Public/api.php/Room/getrooms
INFO: [ app_init ] --START--
INFO: Run Behavior\BuildLiteBehavior [ RunTime:0.000018s ]
INFO: [ app_init ] --END-- [ RunTime:0.000286s ]
INFO: [ app_begin ] --START--
INFO: Run Behavior\ReadHtmlCacheBehavior [ RunTime:0.000301s ]
INFO: [ app_begin ] --END-- [ RunTime:0.000417s ]
SQL: SHOW COLUMNS FROM `ethan_room` [ RunTime:0.0330s ]
SQL: SELECT COUNT(*) AS tp_count FROM `ethan_room` WHERE `status` = 0 LIMIT 1   [ RunTime:0.0250s ]
SQL: SELECT * FROM `ethan_room` WHERE `status` = 0 ORDER BY `sort` desc,`id` desc  [ RunTime:0.0332s ]
SQL: SHOW COLUMNS FROM `ethan_book` [ RunTime:0.0331s ]
SQL: SELECT COUNT(*) AS tp_count FROM `ethan_book` LIMIT 1   [ RunTime:0.0292s ]
SQL: SELECT * FROM `ethan_book` WHERE ( (`begin_time` < '1451836800' AND `end_time` > '1451836800') OR (`begin_time` >= '1451836800' AND `begin_time` < '1451923200') ) AND `status` = 0 ORDER BY `id` desc  [ RunTime:0.0268s ]
NOTIC: [8] Undefined offset: 9 /Applications/XAMPP/xamppfiles/htdocs/Ethan-Wechat/Application/Room/Logic/RoomLogic.class.php 第 90 行.
NOTIC: [2] Invalid argument supplied for foreach() /Applications/XAMPP/xamppfiles/htdocs/Ethan-Wechat/Application/Room/Logic/RoomLogic.class.php 第 90 行.
NOTIC: [8] Undefined offset: 8 /Applications/XAMPP/xamppfiles/htdocs/Ethan-Wechat/Application/Room/Logic/RoomLogic.class.php 第 90 行.
NOTIC: [2] Invalid argument supplied for foreach() /Applications/XAMPP/xamppfiles/htdocs/Ethan-Wechat/Application/Room/Logic/RoomLogic.class.php 第 90 行.
NOTIC: [8] Undefined offset: 7 /Applications/XAMPP/xamppfiles/htdocs/Ethan-Wechat/Application/Room/Logic/RoomLogic.class.php 第 90 行.
NOTIC: [2] Invalid argument supplied for foreach() /Applications/XAMPP/xamppfiles/htdocs/Ethan-Wechat/Application/Room/Logic/RoomLogic.class.php 第 90 行.
NOTIC: [8] Undefined offset: 6 /Applications/XAMPP/xamppfiles/htdocs/Ethan-Wechat/Application/Room/Logic/RoomLogic.class.php 第 90 行.
NOTIC: [2] Invalid argument supplied for foreach() /Applications/XAMPP/xamppfiles/htdocs/Ethan-Wechat/Application/Room/Logic/RoomLogic.class.php 第 90 行.
NOTIC: [8] Undefined offset: 5 /Applications/XAMPP/xamppfiles/htdocs/Ethan-Wechat/Application/Room/Logic/RoomLogic.class.php 第 90 行.
NOTIC: [2] Invalid argument supplied for foreach() /Applications/XAMPP/xamppfiles/htdocs/Ethan-Wechat/Application/Room/Logic/RoomLogic.class.php 第 90 行.
NOTIC: [8] Undefined offset: 3 /Applications/XAMPP/xamppfiles/htdocs/Ethan-Wechat/Application/Room/Logic/RoomLogic.class.php 第 90 行.
NOTIC: [2] Invalid argument supplied for foreach() /Applications/XAMPP/xamppfiles/htdocs/Ethan-Wechat/Application/Room/Logic/RoomLogic.class.php 第 90 行.
INFO: [ app_end ] --START--
INFO: Run Behavior\ShowPageTraceBehavior [ RunTime:0.000937s ]
INFO: [ app_end ] --END-- [ RunTime:0.001091s ]

[ 2016-01-04T08:37:41+08:00 ] 127.0.0.1 /ethan-wechat/Public/api.php/Room/getrooms
INFO: [ app_init ] --START--
INFO: Run Behavior\BuildLiteBehavior [ RunTime:0.000017s ]
INFO: [ app_init ] --END-- [ RunTime:0.000257s ]
INFO: [ app_begin ] --START--
INFO: Run Behavior\ReadHtmlCacheBehavior [ RunTime:0.000274s ]
INFO: [ app_begin ] --END-- [ RunTime:0.000342s ]
SQL: SHOW COLUMNS FROM `ethan_room` [ RunTime:0.0194s ]
SQL: SELECT COUNT(*) AS tp_count FROM `ethan_room` WHERE `status` = 0 LIMIT 1   [ RunTime:0.0291s ]
SQL: SELECT * FROM `ethan_room` WHERE `status` = 0 ORDER BY `sort` desc,`id` desc  [ RunTime:0.0254s ]
SQL: SHOW COLUMNS FROM `ethan_book` [ RunTime:0.2952s ]
SQL: SELECT COUNT(*) AS tp_count FROM `ethan_book` LIMIT 1   [ RunTime:0.0204s ]
SQL: SELECT * FROM `ethan_book` WHERE ( (`begin_time` < '1451836800' AND `end_time` > '1451836800') OR (`begin_time` >= '1451836800' AND `begin_time` < '1451923200') ) AND `status` = 0 ORDER BY `id` desc  [ RunTime:0.0253s ]
NOTIC: [8] Undefined offset: 9 /Applications/XAMPP/xamppfiles/htdocs/Ethan-Wechat/Application/Room/Logic/RoomLogic.class.php 第 90 行.
NOTIC: [2] Invalid argument supplied for foreach() /Applications/XAMPP/xamppfiles/htdocs/Ethan-Wechat/Application/Room/Logic/RoomLogic.class.php 第 90 行.
NOTIC: [8] Undefined offset: 8 /Applications/XAMPP/xamppfiles/htdocs/Ethan-Wechat/Application/Room/Logic/RoomLogic.class.php 第 90 行.
NOTIC: [2] Invalid argument supplied for foreach() /Applications/XAMPP/xamppfiles/htdocs/Ethan-Wechat/Application/Room/Logic/RoomLogic.class.php 第 90 行.
NOTIC: [8] Undefined offset: 7 /Applications/XAMPP/xamppfiles/htdocs/Ethan-Wechat/Application/Room/Logic/RoomLogic.class.php 第 90 行.
NOTIC: [2] Invalid argument supplied for foreach() /Applications/XAMPP/xamppfiles/htdocs/Ethan-Wechat/Application/Room/Logic/RoomLogic.class.php 第 90 行.
NOTIC: [8] Undefined offset: 6 /Applications/XAMPP/xamppfiles/htdocs/Ethan-Wechat/Application/Room/Logic/RoomLogic.class.php 第 90 行.
NOTIC: [2] Invalid argument supplied for foreach() /Applications/XAMPP/xamppfiles/htdocs/Ethan-Wechat/Application/Room/Logic/RoomLogic.class.php 第 90 行.
NOTIC: [8] Undefined offset: 5 /Applications/XAMPP/xamppfiles/htdocs/Ethan-Wechat/Application/Room/Logic/RoomLogic.class.php 第 90 行.
NOTIC: [2] Invalid argument supplied for foreach() /Applications/XAMPP/xamppfiles/htdocs/Ethan-Wechat/Application/Room/Logic/RoomLogic.class.php 第 90 行.
NOTIC: [8] Undefined offset: 3 /Applications/XAMPP/xamppfiles/htdocs/Ethan-Wechat/Application/Room/Logic/RoomLogic.class.php 第 90 行.
NOTIC: [2] Invalid argument supplied for foreach() /Applications/XAMPP/xamppfiles/htdocs/Ethan-Wechat/Application/Room/Logic/RoomLogic.class.php 第 90 行.
INFO: [ app_end ] --START--
INFO: Run Behavior\ShowPageTraceBehavior [ RunTime:0.000524s ]
INFO: [ app_end ] --END-- [ RunTime:0.000648s ]

[ 2016-01-04T08:37:50+08:00 ] 127.0.0.1 /ethan-wechat/Public/api.php/Room/getrooms
INFO: [ app_init ] --START--
INFO: Run Behavior\BuildLiteBehavior [ RunTime:0.000017s ]
INFO: [ app_init ] --END-- [ RunTime:0.000259s ]
INFO: [ app_begin ] --START--
INFO: Run Behavior\ReadHtmlCacheBehavior [ RunTime:0.000314s ]
INFO: [ app_begin ] --END-- [ RunTime:0.000387s ]
SQL: SHOW COLUMNS FROM `ethan_room` [ RunTime:0.0288s ]
SQL: SELECT COUNT(*) AS tp_count FROM `ethan_room` WHERE `status` = 0 LIMIT 1   [ RunTime:0.0263s ]
SQL: SELECT * FROM `ethan_room` WHERE `status` = 0 ORDER BY `sort` desc,`id` desc  [ RunTime:0.0275s ]
SQL: SHOW COLUMNS FROM `ethan_book` [ RunTime:0.0663s ]
SQL: SELECT COUNT(*) AS tp_count FROM `ethan_book` LIMIT 1   [ RunTime:0.0327s ]
SQL: SELECT * FROM `ethan_book` WHERE ( (`begin_time` < '1451836800' AND `end_time` > '1451836800') OR (`begin_time` >= '1451836800' AND `begin_time` < '1451923200') ) AND `status` = 0 ORDER BY `id` desc  [ RunTime:0.0311s ]
NOTIC: [8] Undefined offset: 9 /Applications/XAMPP/xamppfiles/htdocs/Ethan-Wechat/Application/Room/Logic/RoomLogic.class.php 第 90 行.
NOTIC: [2] Invalid argument supplied for foreach() /Applications/XAMPP/xamppfiles/htdocs/Ethan-Wechat/Application/Room/Logic/RoomLogic.class.php 第 90 行.
NOTIC: [8] Undefined offset: 8 /Applications/XAMPP/xamppfiles/htdocs/Ethan-Wechat/Application/Room/Logic/RoomLogic.class.php 第 90 行.
NOTIC: [2] Invalid argument supplied for foreach() /Applications/XAMPP/xamppfiles/htdocs/Ethan-Wechat/Application/Room/Logic/RoomLogic.class.php 第 90 行.
NOTIC: [8] Undefined offset: 7 /Applications/XAMPP/xamppfiles/htdocs/Ethan-Wechat/Application/Room/Logic/RoomLogic.class.php 第 90 行.
NOTIC: [2] Invalid argument supplied for foreach() /Applications/XAMPP/xamppfiles/htdocs/Ethan-Wechat/Application/Room/Logic/RoomLogic.class.php 第 90 行.
NOTIC: [8] Undefined offset: 6 /Applications/XAMPP/xamppfiles/htdocs/Ethan-Wechat/Application/Room/Logic/RoomLogic.class.php 第 90 行.
NOTIC: [2] Invalid argument supplied for foreach() /Applications/XAMPP/xamppfiles/htdocs/Ethan-Wechat/Application/Room/Logic/RoomLogic.class.php 第 90 行.
NOTIC: [8] Undefined offset: 5 /Applications/XAMPP/xamppfiles/htdocs/Ethan-Wechat/Application/Room/Logic/RoomLogic.class.php 第 90 行.
NOTIC: [2] Invalid argument supplied for foreach() /Applications/XAMPP/xamppfiles/htdocs/Ethan-Wechat/Application/Room/Logic/RoomLogic.class.php 第 90 行.
NOTIC: [8] Undefined offset: 3 /Applications/XAMPP/xamppfiles/htdocs/Ethan-Wechat/Application/Room/Logic/RoomLogic.class.php 第 90 行.
NOTIC: [2] Invalid argument supplied for foreach() /Applications/XAMPP/xamppfiles/htdocs/Ethan-Wechat/Application/Room/Logic/RoomLogic.class.php 第 90 行.
INFO: [ app_end ] --START--
INFO: Run Behavior\ShowPageTraceBehavior [ RunTime:0.000495s ]
INFO: [ app_end ] --END-- [ RunTime:0.000591s ]

[ 2016-01-04T08:42:25+08:00 ] 127.0.0.1 /ethan-wechat/Public/api.php/Room/getrooms
INFO: [ app_init ] --START--
INFO: Run Behavior\BuildLiteBehavior [ RunTime:0.000019s ]
INFO: [ app_init ] --END-- [ RunTime:0.000284s ]
INFO: [ app_begin ] --START--
INFO: Run Behavior\ReadHtmlCacheBehavior [ RunTime:0.000406s ]
INFO: [ app_begin ] --END-- [ RunTime:0.000517s ]
SQL: SHOW COLUMNS FROM `ethan_room` [ RunTime:0.0220s ]
SQL: SELECT COUNT(*) AS tp_count FROM `ethan_room` WHERE `status` = 0 LIMIT 1   [ RunTime:0.0298s ]
SQL: SELECT * FROM `ethan_room` WHERE `status` = 0 ORDER BY `sort` desc,`id` desc  [ RunTime:0.0232s ]
SQL: SHOW COLUMNS FROM `ethan_book` [ RunTime:0.0247s ]
SQL: SELECT COUNT(*) AS tp_count FROM `ethan_book` LIMIT 1   [ RunTime:0.0244s ]
SQL: SELECT * FROM `ethan_book` WHERE ( (`begin_time` < '1451836800' AND `end_time` > '1451836800') OR (`begin_time` >= '1451836800' AND `begin_time` < '1451923200') ) AND `status` = 0 ORDER BY `id` desc  [ RunTime:0.0227s ]
NOTIC: [8] Undefined offset: 9 /Applications/XAMPP/xamppfiles/htdocs/Ethan-Wechat/Application/Room/Logic/RoomLogic.class.php 第 91 行.
NOTIC: [2] Invalid argument supplied for foreach() /Applications/XAMPP/xamppfiles/htdocs/Ethan-Wechat/Application/Room/Logic/RoomLogic.class.php 第 91 行.
NOTIC: [8] Undefined offset: 8 /Applications/XAMPP/xamppfiles/htdocs/Ethan-Wechat/Application/Room/Logic/RoomLogic.class.php 第 91 行.
NOTIC: [2] Invalid argument supplied for foreach() /Applications/XAMPP/xamppfiles/htdocs/Ethan-Wechat/Application/Room/Logic/RoomLogic.class.php 第 91 行.
NOTIC: [8] Undefined offset: 7 /Applications/XAMPP/xamppfiles/htdocs/Ethan-Wechat/Application/Room/Logic/RoomLogic.class.php 第 91 行.
NOTIC: [2] Invalid argument supplied for foreach() /Applications/XAMPP/xamppfiles/htdocs/Ethan-Wechat/Application/Room/Logic/RoomLogic.class.php 第 91 行.
NOTIC: [8] Undefined offset: 6 /Applications/XAMPP/xamppfiles/htdocs/Ethan-Wechat/Application/Room/Logic/RoomLogic.class.php 第 91 行.
NOTIC: [2] Invalid argument supplied for foreach() /Applications/XAMPP/xamppfiles/htdocs/Ethan-Wechat/Application/Room/Logic/RoomLogic.class.php 第 91 行.
NOTIC: [8] Undefined offset: 5 /Applications/XAMPP/xamppfiles/htdocs/Ethan-Wechat/Application/Room/Logic/RoomLogic.class.php 第 91 行.
NOTIC: [2] Invalid argument supplied for foreach() /Applications/XAMPP/xamppfiles/htdocs/Ethan-Wechat/Application/Room/Logic/RoomLogic.class.php 第 91 行.
NOTIC: [8] Undefined offset: 3 /Applications/XAMPP/xamppfiles/htdocs/Ethan-Wechat/Application/Room/Logic/RoomLogic.class.php 第 91 行.
NOTIC: [2] Invalid argument supplied for foreach() /Applications/XAMPP/xamppfiles/htdocs/Ethan-Wechat/Application/Room/Logic/RoomLogic.class.php 第 91 行.
INFO: [ app_end ] --START--
INFO: Run Behavior\ShowPageTraceBehavior [ RunTime:0.000652s ]
INFO: [ app_end ] --END-- [ RunTime:0.000774s ]

[ 2016-01-04T08:42:43+08:00 ] 127.0.0.1 /ethan-wechat/Public/api.php/Room/getrooms
INFO: [ app_init ] --START--
INFO: Run Behavior\BuildLiteBehavior [ RunTime:0.000018s ]
INFO: [ app_init ] --END-- [ RunTime:0.000317s ]
INFO: [ app_begin ] --START--
INFO: Run Behavior\ReadHtmlCacheBehavior [ RunTime:0.000294s ]
INFO: [ app_begin ] --END-- [ RunTime:0.000363s ]
SQL: SHOW COLUMNS FROM `ethan_room` [ RunTime:0.0312s ]
SQL: SELECT COUNT(*) AS tp_count FROM `ethan_room` WHERE `status` = 0 LIMIT 1   [ RunTime:0.0308s ]
SQL: SELECT * FROM `ethan_room` WHERE `status` = 0 ORDER BY `sort` desc,`id` desc  [ RunTime:0.3907s ]
SQL: SHOW COLUMNS FROM `ethan_book` [ RunTime:0.0273s ]
SQL: SELECT COUNT(*) AS tp_count FROM `ethan_book` LIMIT 1   [ RunTime:0.0259s ]
SQL: SELECT * FROM `ethan_book` WHERE ( (`begin_time` < '1451836800' AND `end_time` > '1451836800') OR (`begin_time` >= '1451836800' AND `begin_time` < '1451923200') ) AND `status` = 0 ORDER BY `id` desc  [ RunTime:0.0312s ]
NOTIC: [8] Undefined offset: 9 /Applications/XAMPP/xamppfiles/htdocs/Ethan-Wechat/Application/Room/Logic/RoomLogic.class.php 第 91 行.
NOTIC: [2] Invalid argument supplied for foreach() /Applications/XAMPP/xamppfiles/htdocs/Ethan-Wechat/Application/Room/Logic/RoomLogic.class.php 第 91 行.
NOTIC: [8] Undefined offset: 8 /Applications/XAMPP/xamppfiles/htdocs/Ethan-Wechat/Application/Room/Logic/RoomLogic.class.php 第 91 行.
NOTIC: [2] Invalid argument supplied for foreach() /Applications/XAMPP/xamppfiles/htdocs/Ethan-Wechat/Application/Room/Logic/RoomLogic.class.php 第 91 行.
NOTIC: [8] Undefined offset: 7 /Applications/XAMPP/xamppfiles/htdocs/Ethan-Wechat/Application/Room/Logic/RoomLogic.class.php 第 91 行.
NOTIC: [2] Invalid argument supplied for foreach() /Applications/XAMPP/xamppfiles/htdocs/Ethan-Wechat/Application/Room/Logic/RoomLogic.class.php 第 91 行.
NOTIC: [8] Undefined offset: 6 /Applications/XAMPP/xamppfiles/htdocs/Ethan-Wechat/Application/Room/Logic/RoomLogic.class.php 第 91 行.
NOTIC: [2] Invalid argument supplied for foreach() /Applications/XAMPP/xamppfiles/htdocs/Ethan-Wechat/Application/Room/Logic/RoomLogic.class.php 第 91 行.
NOTIC: [8] Undefined offset: 5 /Applications/XAMPP/xamppfiles/htdocs/Ethan-Wechat/Application/Room/Logic/RoomLogic.class.php 第 91 行.
NOTIC: [2] Invalid argument supplied for foreach() /Applications/XAMPP/xamppfiles/htdocs/Ethan-Wechat/Application/Room/Logic/RoomLogic.class.php 第 91 行.
NOTIC: [8] Undefined offset: 3 /Applications/XAMPP/xamppfiles/htdocs/Ethan-Wechat/Application/Room/Logic/RoomLogic.class.php 第 91 行.
NOTIC: [2] Invalid argument supplied for foreach() /Applications/XAMPP/xamppfiles/htdocs/Ethan-Wechat/Application/Room/Logic/RoomLogic.class.php 第 91 行.
INFO: [ app_end ] --START--
INFO: Run Behavior\ShowPageTraceBehavior [ RunTime:0.001056s ]
INFO: [ app_end ] --END-- [ RunTime:0.001302s ]

[ 2016-01-04T08:43:08+08:00 ] 127.0.0.1 /ethan-wechat/Public/api.php/Room/getrooms
INFO: [ app_init ] --START--
INFO: Run Behavior\BuildLiteBehavior [ RunTime:0.000018s ]
INFO: [ app_init ] --END-- [ RunTime:0.000285s ]
INFO: [ app_begin ] --START--
INFO: Run Behavior\ReadHtmlCacheBehavior [ RunTime:0.000292s ]
INFO: [ app_begin ] --END-- [ RunTime:0.000360s ]
SQL: SHOW COLUMNS FROM `ethan_room` [ RunTime:0.0236s ]
SQL: SELECT COUNT(*) AS tp_count FROM `ethan_room` WHERE `status` = 0 LIMIT 1   [ RunTime:0.0258s ]
SQL: SELECT * FROM `ethan_room` WHERE `status` = 0 ORDER BY `sort` desc,`id` desc  [ RunTime:0.0380s ]
SQL: SHOW COLUMNS FROM `ethan_book` [ RunTime:0.0729s ]
SQL: SELECT COUNT(*) AS tp_count FROM `ethan_book` LIMIT 1   [ RunTime:0.0281s ]
SQL: SELECT * FROM `ethan_book` WHERE ( (`begin_time` < '1451836800' AND `end_time` > '1451836800') OR (`begin_time` >= '1451836800' AND `begin_time` < '1451923200') ) AND `status` = 0 ORDER BY `id` desc  [ RunTime:0.0304s ]
NOTIC: [8] Undefined offset: 9 /Applications/XAMPP/xamppfiles/htdocs/Ethan-Wechat/Application/Room/Logic/RoomLogic.class.php 第 91 行.
NOTIC: [2] Invalid argument supplied for foreach() /Applications/XAMPP/xamppfiles/htdocs/Ethan-Wechat/Application/Room/Logic/RoomLogic.class.php 第 91 行.
NOTIC: [8] Undefined offset: 8 /Applications/XAMPP/xamppfiles/htdocs/Ethan-Wechat/Application/Room/Logic/RoomLogic.class.php 第 91 行.
NOTIC: [2] Invalid argument supplied for foreach() /Applications/XAMPP/xamppfiles/htdocs/Ethan-Wechat/Application/Room/Logic/RoomLogic.class.php 第 91 行.
NOTIC: [8] Undefined offset: 7 /Applications/XAMPP/xamppfiles/htdocs/Ethan-Wechat/Application/Room/Logic/RoomLogic.class.php 第 91 行.
NOTIC: [2] Invalid argument supplied for foreach() /Applications/XAMPP/xamppfiles/htdocs/Ethan-Wechat/Application/Room/Logic/RoomLogic.class.php 第 91 行.
NOTIC: [8] Undefined offset: 6 /Applications/XAMPP/xamppfiles/htdocs/Ethan-Wechat/Application/Room/Logic/RoomLogic.class.php 第 91 行.
NOTIC: [2] Invalid argument supplied for foreach() /Applications/XAMPP/xamppfiles/htdocs/Ethan-Wechat/Application/Room/Logic/RoomLogic.class.php 第 91 行.
NOTIC: [8] Undefined offset: 5 /Applications/XAMPP/xamppfiles/htdocs/Ethan-Wechat/Application/Room/Logic/RoomLogic.class.php 第 91 行.
NOTIC: [2] Invalid argument supplied for foreach() /Applications/XAMPP/xamppfiles/htdocs/Ethan-Wechat/Application/Room/Logic/RoomLogic.class.php 第 91 行.
NOTIC: [8] Undefined offset: 3 /Applications/XAMPP/xamppfiles/htdocs/Ethan-Wechat/Application/Room/Logic/RoomLogic.class.php 第 91 行.
NOTIC: [2] Invalid argument supplied for foreach() /Applications/XAMPP/xamppfiles/htdocs/Ethan-Wechat/Application/Room/Logic/RoomLogic.class.php 第 91 行.

[ 2016-01-04T08:43:12+08:00 ] 127.0.0.1 /ethan-wechat/Public/api.php/Room/getrooms
INFO: [ app_init ] --START--
INFO: Run Behavior\BuildLiteBehavior [ RunTime:0.000017s ]
INFO: [ app_init ] --END-- [ RunTime:0.000258s ]
INFO: [ app_begin ] --START--
INFO: Run Behavior\ReadHtmlCacheBehavior [ RunTime:0.000372s ]
INFO: [ app_begin ] --END-- [ RunTime:0.000438s ]
SQL: SHOW COLUMNS FROM `ethan_room` [ RunTime:0.0202s ]
SQL: SELECT COUNT(*) AS tp_count FROM `ethan_room` WHERE `status` = 0 LIMIT 1   [ RunTime:0.0259s ]
SQL: SELECT * FROM `ethan_room` WHERE `status` = 0 ORDER BY `sort` desc,`id` desc  [ RunTime:0.3906s ]
SQL: SHOW COLUMNS FROM `ethan_book` [ RunTime:0.0264s ]
SQL: SELECT COUNT(*) AS tp_count FROM `ethan_book` LIMIT 1   [ RunTime:0.0294s ]
SQL: SELECT * FROM `ethan_book` WHERE ( (`begin_time` < '1451836800' AND `end_time` > '1451836800') OR (`begin_time` >= '1451836800' AND `begin_time` < '1451923200') ) AND `status` = 0 ORDER BY `id` desc  [ RunTime:0.0179s ]
NOTIC: [8] Undefined offset: 9 /Applications/XAMPP/xamppfiles/htdocs/Ethan-Wechat/Application/Room/Logic/RoomLogic.class.php 第 91 行.
NOTIC: [2] Invalid argument supplied for foreach() /Applications/XAMPP/xamppfiles/htdocs/Ethan-Wechat/Application/Room/Logic/RoomLogic.class.php 第 91 行.
NOTIC: [8] Undefined offset: 8 /Applications/XAMPP/xamppfiles/htdocs/Ethan-Wechat/Application/Room/Logic/RoomLogic.class.php 第 91 行.
NOTIC: [2] Invalid argument supplied for foreach() /Applications/XAMPP/xamppfiles/htdocs/Ethan-Wechat/Application/Room/Logic/RoomLogic.class.php 第 91 行.
NOTIC: [8] Undefined offset: 7 /Applications/XAMPP/xamppfiles/htdocs/Ethan-Wechat/Application/Room/Logic/RoomLogic.class.php 第 91 行.
NOTIC: [2] Invalid argument supplied for foreach() /Applications/XAMPP/xamppfiles/htdocs/Ethan-Wechat/Application/Room/Logic/RoomLogic.class.php 第 91 行.
NOTIC: [8] Undefined offset: 6 /Applications/XAMPP/xamppfiles/htdocs/Ethan-Wechat/Application/Room/Logic/RoomLogic.class.php 第 91 行.
NOTIC: [2] Invalid argument supplied for foreach() /Applications/XAMPP/xamppfiles/htdocs/Ethan-Wechat/Application/Room/Logic/RoomLogic.class.php 第 91 行.
NOTIC: [8] Undefined offset: 5 /Applications/XAMPP/xamppfiles/htdocs/Ethan-Wechat/Application/Room/Logic/RoomLogic.class.php 第 91 行.
NOTIC: [2] Invalid argument supplied for foreach() /Applications/XAMPP/xamppfiles/htdocs/Ethan-Wechat/Application/Room/Logic/RoomLogic.class.php 第 91 行.
NOTIC: [8] Undefined offset: 3 /Applications/XAMPP/xamppfiles/htdocs/Ethan-Wechat/Application/Room/Logic/RoomLogic.class.php 第 91 行.
NOTIC: [2] Invalid argument supplied for foreach() /Applications/XAMPP/xamppfiles/htdocs/Ethan-Wechat/Application/Room/Logic/RoomLogic.class.php 第 91 行.

[ 2016-01-04T09:13:44+08:00 ] 127.0.0.1 /ethan-wechat/Public/api.php/
INFO: [ app_init ] --START--
INFO: Run Behavior\BuildLiteBehavior [ RunTime:0.000018s ]
INFO: [ app_init ] --END-- [ RunTime:0.000332s ]
INFO: [ app_begin ] --START--
INFO: Run Behavior\ReadHtmlCacheBehavior [ RunTime:0.000332s ]
INFO: [ app_begin ] --END-- [ RunTime:0.000414s ]
ERR: 非法操作:index

[ 2016-01-04T09:13:53+08:00 ] 127.0.0.1 /ethan-wechat/Public/api.php/Room/getRooms
INFO: [ app_init ] --START--
INFO: Run Behavior\BuildLiteBehavior [ RunTime:0.000148s ]
INFO: [ app_init ] --END-- [ RunTime:0.001998s ]
INFO: [ app_begin ] --START--
INFO: Run Behavior\ReadHtmlCacheBehavior [ RunTime:0.000522s ]
INFO: [ app_begin ] --END-- [ RunTime:0.000635s ]
SQL: SHOW COLUMNS FROM `ethan_room` [ RunTime:0.0206s ]
SQL: SELECT COUNT(*) AS tp_count FROM `ethan_room` WHERE `status` = 0 LIMIT 1   [ RunTime:0.0190s ]
SQL: SELECT * FROM `ethan_room` WHERE `status` = 0 ORDER BY `sort` desc,`id` desc  [ RunTime:0.0164s ]
SQL: SHOW COLUMNS FROM `ethan_book` [ RunTime:0.0139s ]
SQL: SELECT COUNT(*) AS tp_count FROM `ethan_book` LIMIT 1   [ RunTime:0.0162s ]
SQL: SELECT * FROM `ethan_book` WHERE ( (`begin_time` < '1451836800' AND `end_time` > '1451836800') OR (`begin_time` >= '1451836800' AND `begin_time` < '1451923200') ) AND `status` = 0 ORDER BY `id` desc  [ RunTime:0.0125s ]
NOTIC: [8] Undefined offset: 9 /Applications/XAMPP/xamppfiles/htdocs/Ethan-Wechat/Application/Room/Logic/RoomLogic.class.php 第 93 行.
NOTIC: [2] Invalid argument supplied for foreach() /Applications/XAMPP/xamppfiles/htdocs/Ethan-Wechat/Application/Room/Logic/RoomLogic.class.php 第 93 行.
NOTIC: [8] Undefined offset: 8 /Applications/XAMPP/xamppfiles/htdocs/Ethan-Wechat/Application/Room/Logic/RoomLogic.class.php 第 93 行.
NOTIC: [2] Invalid argument supplied for foreach() /Applications/XAMPP/xamppfiles/htdocs/Ethan-Wechat/Application/Room/Logic/RoomLogic.class.php 第 93 行.
NOTIC: [8] Undefined offset: 7 /Applications/XAMPP/xamppfiles/htdocs/Ethan-Wechat/Application/Room/Logic/RoomLogic.class.php 第 93 行.
NOTIC: [2] Invalid argument supplied for foreach() /Applications/XAMPP/xamppfiles/htdocs/Ethan-Wechat/Application/Room/Logic/RoomLogic.class.php 第 93 行.
NOTIC: [8] Undefined offset: 6 /Applications/XAMPP/xamppfiles/htdocs/Ethan-Wechat/Application/Room/Logic/RoomLogic.class.php 第 93 行.
NOTIC: [2] Invalid argument supplied for foreach() /Applications/XAMPP/xamppfiles/htdocs/Ethan-Wechat/Application/Room/Logic/RoomLogic.class.php 第 93 行.
NOTIC: [8] Undefined offset: 5 /Applications/XAMPP/xamppfiles/htdocs/Ethan-Wechat/Application/Room/Logic/RoomLogic.class.php 第 93 行.
NOTIC: [2] Invalid argument supplied for foreach() /Applications/XAMPP/xamppfiles/htdocs/Ethan-Wechat/Application/Room/Logic/RoomLogic.class.php 第 93 行.
NOTIC: [8] Undefined offset: 3 /Applications/XAMPP/xamppfiles/htdocs/Ethan-Wechat/Application/Room/Logic/RoomLogic.class.php 第 93 行.
NOTIC: [2] Invalid argument supplied for foreach() /Applications/XAMPP/xamppfiles/htdocs/Ethan-Wechat/Application/Room/Logic/RoomLogic.class.php 第 93 行.

[ 2016-01-04T09:13:58+08:00 ] 127.0.0.1 /ethan-wechat/Public/api.php/Room/getRooms
INFO: [ app_init ] --START--
INFO: Run Behavior\BuildLiteBehavior [ RunTime:0.000015s ]
INFO: [ app_init ] --END-- [ RunTime:0.000249s ]
INFO: [ app_begin ] --START--
INFO: Run Behavior\ReadHtmlCacheBehavior [ RunTime:0.000265s ]
INFO: [ app_begin ] --END-- [ RunTime:0.000334s ]
SQL: SHOW COLUMNS FROM `ethan_room` [ RunTime:0.0231s ]
SQL: SELECT COUNT(*) AS tp_count FROM `ethan_room` WHERE `status` = 0 LIMIT 1   [ RunTime:0.0139s ]
SQL: SELECT * FROM `ethan_room` WHERE `status` = 0 ORDER BY `sort` desc,`id` desc  [ RunTime:0.0101s ]
SQL: SHOW COLUMNS FROM `ethan_book` [ RunTime:0.0148s ]
SQL: SELECT COUNT(*) AS tp_count FROM `ethan_book` LIMIT 1   [ RunTime:0.0103s ]
SQL: SELECT * FROM `ethan_book` WHERE ( (`begin_time` < '1451836800' AND `end_time` > '1451836800') OR (`begin_time` >= '1451836800' AND `begin_time` < '1451923200') ) AND `status` = 0 ORDER BY `id` desc  [ RunTime:0.0121s ]
NOTIC: [8] Undefined offset: 9 /Applications/XAMPP/xamppfiles/htdocs/Ethan-Wechat/Application/Room/Logic/RoomLogic.class.php 第 93 行.
NOTIC: [2] Invalid argument supplied for foreach() /Applications/XAMPP/xamppfiles/htdocs/Ethan-Wechat/Application/Room/Logic/RoomLogic.class.php 第 93 行.
NOTIC: [8] Undefined offset: 8 /Applications/XAMPP/xamppfiles/htdocs/Ethan-Wechat/Application/Room/Logic/RoomLogic.class.php 第 93 行.
NOTIC: [2] Invalid argument supplied for foreach() /Applications/XAMPP/xamppfiles/htdocs/Ethan-Wechat/Application/Room/Logic/RoomLogic.class.php 第 93 行.
NOTIC: [8] Undefined offset: 7 /Applications/XAMPP/xamppfiles/htdocs/Ethan-Wechat/Application/Room/Logic/RoomLogic.class.php 第 93 行.
NOTIC: [2] Invalid argument supplied for foreach() /Applications/XAMPP/xamppfiles/htdocs/Ethan-Wechat/Application/Room/Logic/RoomLogic.class.php 第 93 行.
NOTIC: [8] Undefined offset: 6 /Applications/XAMPP/xamppfiles/htdocs/Ethan-Wechat/Application/Room/Logic/RoomLogic.class.php 第 93 行.
NOTIC: [2] Invalid argument supplied for foreach() /Applications/XAMPP/xamppfiles/htdocs/Ethan-Wechat/Application/Room/Logic/RoomLogic.class.php 第 93 行.
NOTIC: [8] Undefined offset: 5 /Applications/XAMPP/xamppfiles/htdocs/Ethan-Wechat/Application/Room/Logic/RoomLogic.class.php 第 93 行.
NOTIC: [2] Invalid argument supplied for foreach() /Applications/XAMPP/xamppfiles/htdocs/Ethan-Wechat/Application/Room/Logic/RoomLogic.class.php 第 93 行.
NOTIC: [8] Undefined offset: 3 /Applications/XAMPP/xamppfiles/htdocs/Ethan-Wechat/Application/Room/Logic/RoomLogic.class.php 第 93 行.
NOTIC: [2] Invalid argument supplied for foreach() /Applications/XAMPP/xamppfiles/htdocs/Ethan-Wechat/Application/Room/Logic/RoomLogic.class.php 第 93 行.

